07-02 20:49:03 model_name: IBN
07-02 20:49:03 source: CWRU
07-02 20:49:03 target: MFPT
07-02 20:49:03 data_dir: ./datasets
07-02 20:49:03 train_mode: single_source
07-02 20:49:03 cuda_device: 0
07-02 20:49:03 save_dir: ./ckpt
07-02 20:49:03 max_epoch: 30
07-02 20:49:03 batch_size: 64
07-02 20:49:03 num_workers: 4
07-02 20:49:03 signal_size: 1024
07-02 20:49:03 random_state: 1
07-02 20:49:03 normlizetype: -1-1
07-02 20:49:03 opt: sgd
07-02 20:49:03 lr: 0.01
07-02 20:49:03 momentum: 0.9
07-02 20:49:03 betas: (0.9, 0.999)
07-02 20:49:03 weight_decay: 0.0005
07-02 20:49:03 lr_scheduler: stepLR
07-02 20:49:03 gamma: 0.2
07-02 20:49:03 steps: 10
07-02 20:49:03 tradeoff: ['exp', 'exp', 'exp']
07-02 20:49:03 dropout: 0.0
07-02 20:49:03 save: True
07-02 20:49:03 load_path: 
07-02 20:49:03 save_path: ./ckpt\IBN\single_source\[CWRU]To[MFPT]_0702-204903
07-02 20:49:03 Detect 3 classes: ['inner', 'normal', 'outer']
07-02 20:49:03 using 1 / 1 gpus
07-02 20:49:08 Source set CWRU number of samples 26187.
07-02 20:49:08 Training set number of samples 2973.
07-02 20:49:08 Validation set number of samples 745.
07-02 20:49:53 -----Epoch 1/30-----
07-02 20:49:53 current lr: [0.01]
07-02 20:49:59 Train-Loss Source Classifier: 0.6698
07-02 20:49:59 Train-Acc Source Data: 0.6974
07-02 20:50:16 Val-Acc Target Data: 0.1591
07-02 20:50:16 The best model epoch 1, val-acc 0.1591
07-02 20:50:16 -----Epoch 2/30-----
07-02 20:50:16 current lr: [0.01]
07-02 20:50:21 Train-Loss Source Classifier: 0.2451
07-02 20:50:21 Train-Acc Source Data: 0.8913
07-02 20:50:40 Val-Acc Target Data: 0.1960
07-02 20:50:41 The best model epoch 2, val-acc 0.1960
07-02 20:50:41 -----Epoch 3/30-----
07-02 20:50:41 current lr: [0.01]
07-02 20:50:46 Train-Loss Source Classifier: 0.1500
07-02 20:50:46 Train-Acc Source Data: 0.9467
07-02 20:51:05 Val-Acc Target Data: 0.1903
07-02 20:51:06 The best model epoch 2, val-acc 0.1960
07-02 20:51:06 -----Epoch 4/30-----
07-02 20:51:06 current lr: [0.01]
07-02 20:51:11 Train-Loss Source Classifier: 0.0996
07-02 20:51:11 Train-Acc Source Data: 0.9616
07-02 20:51:43 Val-Acc Target Data: 0.1918
07-02 20:51:44 The best model epoch 2, val-acc 0.1960
07-02 20:51:44 -----Epoch 5/30-----
07-02 20:51:44 current lr: [0.01]
07-02 20:51:50 Train-Loss Source Classifier: 0.0838
07-02 20:51:50 Train-Acc Source Data: 0.9721
07-02 20:52:37 Val-Acc Target Data: 0.4844
07-02 20:52:37 The best model epoch 5, val-acc 0.4844
07-02 20:52:37 -----Epoch 6/30-----
07-02 20:52:37 current lr: [0.01]
07-02 20:52:43 Train-Loss Source Classifier: 0.1059
07-02 20:52:43 Train-Acc Source Data: 0.9592
07-02 20:53:00 Val-Acc Target Data: 0.2685
07-02 20:53:00 The best model epoch 5, val-acc 0.4844
07-02 20:53:00 -----Epoch 7/30-----
07-02 20:53:00 current lr: [0.01]
07-02 20:53:07 Train-Loss Source Classifier: 0.0679
07-02 20:53:07 Train-Acc Source Data: 0.9783
07-02 20:53:26 Val-Acc Target Data: 0.5384
07-02 20:53:27 The best model epoch 7, val-acc 0.5384
07-02 20:53:27 -----Epoch 8/30-----
07-02 20:53:27 current lr: [0.01]
07-02 20:53:41 Train-Loss Source Classifier: 0.0606
07-02 20:53:41 Train-Acc Source Data: 0.9810
07-02 20:54:00 Val-Acc Target Data: 0.7131
07-02 20:54:01 The best model epoch 8, val-acc 0.7131
07-02 20:54:01 -----Epoch 9/30-----
07-02 20:54:01 current lr: [0.01]
07-02 20:54:29 Train-Loss Source Classifier: 0.0465
07-02 20:54:29 Train-Acc Source Data: 0.9840
07-02 20:54:48 Val-Acc Target Data: 0.7145
07-02 20:54:49 The best model epoch 9, val-acc 0.7145
07-02 20:54:49 -----Epoch 10/30-----
07-02 20:54:49 current lr: [0.01]
07-02 20:54:57 Train-Loss Source Classifier: 0.0476
07-02 20:54:57 Train-Acc Source Data: 0.9837
07-02 20:55:15 Val-Acc Target Data: 0.3338
07-02 20:55:16 The best model epoch 9, val-acc 0.7145
07-02 20:55:16 -----Epoch 11/30-----
07-02 20:55:16 current lr: [0.002]
07-02 20:55:32 Train-Loss Source Classifier: 0.0314
07-02 20:55:32 Train-Acc Source Data: 0.9895
07-02 20:55:51 Val-Acc Target Data: 0.5085
07-02 20:55:52 The best model epoch 9, val-acc 0.7145
07-02 20:55:52 -----Epoch 12/30-----
07-02 20:55:52 current lr: [0.002]
07-02 20:56:01 Train-Loss Source Classifier: 0.0205
07-02 20:56:01 Train-Acc Source Data: 0.9932
07-02 20:56:21 Val-Acc Target Data: 0.5185
07-02 20:56:22 The best model epoch 9, val-acc 0.7145
07-02 20:56:22 -----Epoch 13/30-----
07-02 20:56:22 current lr: [0.002]
07-02 20:56:41 Train-Loss Source Classifier: 0.0138
07-02 20:56:41 Train-Acc Source Data: 0.9963
07-02 20:57:00 Val-Acc Target Data: 0.4531
07-02 20:57:01 The best model epoch 9, val-acc 0.7145
07-02 20:57:01 -----Epoch 14/30-----
07-02 20:57:01 current lr: [0.002]
07-02 20:57:12 Train-Loss Source Classifier: 0.0181
07-02 20:57:12 Train-Acc Source Data: 0.9932
07-02 20:57:32 Val-Acc Target Data: 0.5994
07-02 20:57:33 The best model epoch 9, val-acc 0.7145
07-02 20:57:33 -----Epoch 15/30-----
07-02 20:57:33 current lr: [0.002]
07-02 20:58:06 Train-Loss Source Classifier: 0.0163
07-02 20:58:06 Train-Acc Source Data: 0.9946
07-02 20:58:26 Val-Acc Target Data: 0.5156
07-02 20:58:27 The best model epoch 9, val-acc 0.7145
07-02 20:58:27 -----Epoch 16/30-----
07-02 20:58:27 current lr: [0.002]
07-02 20:58:56 Train-Loss Source Classifier: 0.0171
07-02 20:58:56 Train-Acc Source Data: 0.9939
07-02 20:59:17 Val-Acc Target Data: 0.6392
07-02 20:59:18 The best model epoch 9, val-acc 0.7145
07-02 20:59:18 -----Epoch 17/30-----
07-02 20:59:18 current lr: [0.002]
07-02 20:59:45 Train-Loss Source Classifier: 0.0141
07-02 20:59:45 Train-Acc Source Data: 0.9946
07-02 21:00:03 Val-Acc Target Data: 0.4233
07-02 21:00:04 The best model epoch 9, val-acc 0.7145
07-02 21:00:04 -----Epoch 18/30-----
07-02 21:00:04 current lr: [0.002]
07-02 21:00:38 Train-Loss Source Classifier: 0.0100
07-02 21:00:38 Train-Acc Source Data: 0.9959
07-02 21:00:55 Val-Acc Target Data: 0.3736
07-02 21:00:56 The best model epoch 9, val-acc 0.7145
07-02 21:00:56 -----Epoch 19/30-----
07-02 21:00:56 current lr: [0.002]
07-02 21:01:06 Train-Loss Source Classifier: 0.0085
07-02 21:01:06 Train-Acc Source Data: 0.9980
07-02 21:01:26 Val-Acc Target Data: 0.4943
07-02 21:01:27 The best model epoch 9, val-acc 0.7145
07-02 21:01:27 -----Epoch 20/30-----
07-02 21:01:27 current lr: [0.002]
07-02 21:02:02 Train-Loss Source Classifier: 0.0106
07-02 21:02:02 Train-Acc Source Data: 0.9969
07-02 21:02:27 Val-Acc Target Data: 0.6321
07-02 21:02:28 The best model epoch 9, val-acc 0.7145
07-02 21:02:28 -----Epoch 21/30-----
07-02 21:02:28 current lr: [0.0004]
07-02 21:03:03 Train-Loss Source Classifier: 0.0059
07-02 21:03:03 Train-Acc Source Data: 0.9983
07-02 21:03:48 Val-Acc Target Data: 0.5966
07-02 21:03:49 The best model epoch 9, val-acc 0.7145
07-02 21:03:49 -----Epoch 22/30-----
07-02 21:03:49 current lr: [0.0004]
07-02 21:03:55 Train-Loss Source Classifier: 0.0078
07-02 21:03:55 Train-Acc Source Data: 0.9980
07-02 21:04:17 Val-Acc Target Data: 0.5582
07-02 21:04:18 The best model epoch 9, val-acc 0.7145
07-02 21:04:18 -----Epoch 23/30-----
07-02 21:04:18 current lr: [0.0004]
07-02 21:05:02 Train-Loss Source Classifier: 0.0143
07-02 21:05:02 Train-Acc Source Data: 0.9956
07-02 21:05:21 Val-Acc Target Data: 0.5071
07-02 21:05:22 The best model epoch 9, val-acc 0.7145
07-02 21:05:22 -----Epoch 24/30-----
07-02 21:05:22 current lr: [0.0004]
07-02 21:06:06 Train-Loss Source Classifier: 0.0046
07-02 21:06:06 Train-Acc Source Data: 0.9990
07-02 21:06:24 Val-Acc Target Data: 0.5440
07-02 21:06:25 The best model epoch 9, val-acc 0.7145
07-02 21:06:25 -----Epoch 25/30-----
07-02 21:06:25 current lr: [0.0004]
07-02 21:06:54 Train-Loss Source Classifier: 0.0066
07-02 21:06:54 Train-Acc Source Data: 0.9966
07-02 21:07:15 Val-Acc Target Data: 0.5355
07-02 21:07:16 The best model epoch 9, val-acc 0.7145
07-02 21:07:16 -----Epoch 26/30-----
07-02 21:07:16 current lr: [0.0004]
07-02 21:07:43 Train-Loss Source Classifier: 0.0063
07-02 21:07:43 Train-Acc Source Data: 0.9983
07-02 21:08:03 Val-Acc Target Data: 0.4759
07-02 21:08:04 The best model epoch 9, val-acc 0.7145
07-02 21:08:04 -----Epoch 27/30-----
07-02 21:08:04 current lr: [0.0004]
07-02 21:08:54 Train-Loss Source Classifier: 0.0119
07-02 21:08:54 Train-Acc Source Data: 0.9963
07-02 21:09:16 Val-Acc Target Data: 0.4901
07-02 21:09:16 The best model epoch 9, val-acc 0.7145
07-02 21:09:16 -----Epoch 28/30-----
07-02 21:09:16 current lr: [0.0004]
07-02 21:09:38 Train-Loss Source Classifier: 0.0073
07-02 21:09:38 Train-Acc Source Data: 0.9980
07-02 21:10:07 Val-Acc Target Data: 0.4645
07-02 21:10:08 The best model epoch 9, val-acc 0.7145
07-02 21:10:08 -----Epoch 29/30-----
07-02 21:10:08 current lr: [0.0004]
07-02 21:10:13 Train-Loss Source Classifier: 0.0066
07-02 21:10:13 Train-Acc Source Data: 0.9980
07-02 21:10:31 Val-Acc Target Data: 0.5398
07-02 21:10:31 The best model epoch 9, val-acc 0.7145
07-02 21:10:31 -----Epoch 30/30-----
07-02 21:10:31 current lr: [0.0004]
07-02 21:11:09 Train-Loss Source Classifier: 0.0053
07-02 21:11:09 Train-Acc Source Data: 0.9986
07-02 21:11:35 Val-Acc Target Data: 0.5156
07-02 21:11:36 The best model epoch 9, val-acc 0.7145
07-02 21:11:36 Model saved to ./ckpt\IBN\single_source\[CWRU]To[MFPT]_0702-204903.pth
