07-02 21:34:15 model_name: IBN
07-02 21:34:15 source: MFPT
07-02 21:34:15 target: CWRU
07-02 21:34:15 data_dir: ./datasets
07-02 21:34:15 train_mode: single_source
07-02 21:34:15 cuda_device: 0
07-02 21:34:15 save_dir: ./ckpt
07-02 21:34:15 max_epoch: 30
07-02 21:34:15 batch_size: 64
07-02 21:34:15 num_workers: 4
07-02 21:34:15 signal_size: 1024
07-02 21:34:15 random_state: 1
07-02 21:34:15 normlizetype: -1-1
07-02 21:34:15 opt: sgd
07-02 21:34:15 lr: 0.01
07-02 21:34:15 momentum: 0.9
07-02 21:34:15 betas: (0.9, 0.999)
07-02 21:34:15 weight_decay: 0.0005
07-02 21:34:15 lr_scheduler: stepLR
07-02 21:34:15 gamma: 0.2
07-02 21:34:15 steps: 10
07-02 21:34:15 tradeoff: ['exp', 'exp', 'exp']
07-02 21:34:15 dropout: 0.0
07-02 21:34:15 save: True
07-02 21:34:15 load_path: 
07-02 21:34:15 save_path: ./ckpt\IBN\single_source\[MFPT]To[CWRU]_0702-213415
07-02 21:34:15 Detect 3 classes: ['inner', 'normal', 'outer']
07-02 21:34:15 using 1 / 1 gpus
07-02 21:34:16 Source set MFPT number of samples 3718.
07-02 21:34:16 Training set number of samples 20948.
07-02 21:34:16 Validation set number of samples 5239.
07-02 21:35:13 -----Epoch 1/30-----
07-02 21:35:13 current lr: [0.01]
07-02 21:39:37 Train-Loss Source Classifier: 0.0726
07-02 21:39:37 Train-Acc Source Data: 0.9691
07-02 21:40:13 Val-Acc Target Data: 0.4865
07-02 21:40:14 The best model epoch 1, val-acc 0.4865
07-02 21:40:14 -----Epoch 2/30-----
07-02 21:40:14 current lr: [0.01]
07-02 21:44:42 Train-Loss Source Classifier: 0.0002
07-02 21:44:42 Train-Acc Source Data: 1.0000
07-02 21:45:04 Val-Acc Target Data: 0.5066
07-02 21:45:04 The best model epoch 2, val-acc 0.5066
07-02 21:45:04 -----Epoch 3/30-----
07-02 21:45:04 current lr: [0.01]
07-02 21:49:51 Train-Loss Source Classifier: 0.0001
07-02 21:49:51 Train-Acc Source Data: 1.0000
07-02 21:50:18 Val-Acc Target Data: 0.4988
07-02 21:50:19 The best model epoch 2, val-acc 0.5066
07-02 21:50:19 -----Epoch 4/30-----
07-02 21:50:19 current lr: [0.01]
07-02 21:55:28 Train-Loss Source Classifier: 0.0001
07-02 21:55:28 Train-Acc Source Data: 1.0000
07-02 21:56:05 Val-Acc Target Data: 0.5014
07-02 21:56:06 The best model epoch 2, val-acc 0.5066
07-02 21:56:06 -----Epoch 5/30-----
07-02 21:56:06 current lr: [0.01]
07-02 22:00:37 Train-Loss Source Classifier: 0.0001
07-02 22:00:37 Train-Acc Source Data: 1.0000
07-02 22:01:00 Val-Acc Target Data: 0.5031
07-02 22:01:01 The best model epoch 2, val-acc 0.5066
07-02 22:01:01 -----Epoch 6/30-----
07-02 22:01:01 current lr: [0.01]
07-02 22:05:46 Train-Loss Source Classifier: 0.0001
07-02 22:05:46 Train-Acc Source Data: 1.0000
07-02 22:06:17 Val-Acc Target Data: 0.5056
07-02 22:06:17 The best model epoch 2, val-acc 0.5066
07-02 22:06:17 -----Epoch 7/30-----
07-02 22:06:17 current lr: [0.01]
07-02 22:09:57 Train-Loss Source Classifier: 0.0001
07-02 22:09:57 Train-Acc Source Data: 1.0000
07-02 22:10:21 Val-Acc Target Data: 0.5166
07-02 22:10:22 The best model epoch 7, val-acc 0.5166
07-02 22:10:22 -----Epoch 8/30-----
07-02 22:10:22 current lr: [0.01]
07-02 22:15:07 Train-Loss Source Classifier: 0.0001
07-02 22:15:07 Train-Acc Source Data: 1.0000
07-02 22:15:36 Val-Acc Target Data: 0.5095
07-02 22:15:37 The best model epoch 7, val-acc 0.5166
07-02 22:15:37 -----Epoch 9/30-----
07-02 22:15:37 current lr: [0.01]
07-02 22:20:30 Train-Loss Source Classifier: 0.0001
07-02 22:20:30 Train-Acc Source Data: 1.0000
07-02 22:20:59 Val-Acc Target Data: 0.5176
07-02 22:20:59 The best model epoch 9, val-acc 0.5176
07-02 22:20:59 -----Epoch 10/30-----
07-02 22:20:59 current lr: [0.01]
07-02 22:26:01 Train-Loss Source Classifier: 0.0001
07-02 22:26:01 Train-Acc Source Data: 1.0000
07-02 22:26:43 Val-Acc Target Data: 0.5066
07-02 22:26:44 The best model epoch 9, val-acc 0.5176
07-02 22:26:44 -----Epoch 11/30-----
07-02 22:26:44 current lr: [0.002]
07-02 22:31:57 Train-Loss Source Classifier: 0.0001
07-02 22:31:57 Train-Acc Source Data: 1.0000
07-02 22:32:20 Val-Acc Target Data: 0.5102
07-02 22:32:21 The best model epoch 9, val-acc 0.5176
07-02 22:32:21 -----Epoch 12/30-----
07-02 22:32:21 current lr: [0.002]
07-02 22:37:24 Train-Loss Source Classifier: 0.0001
07-02 22:37:24 Train-Acc Source Data: 1.0000
07-02 22:37:52 Val-Acc Target Data: 0.5135
07-02 22:37:53 The best model epoch 9, val-acc 0.5176
07-02 22:37:53 -----Epoch 13/30-----
07-02 22:37:53 current lr: [0.002]
07-02 22:42:11 Train-Loss Source Classifier: 0.0001
07-02 22:42:11 Train-Acc Source Data: 1.0000
07-02 22:42:34 Val-Acc Target Data: 0.5133
07-02 22:42:34 The best model epoch 9, val-acc 0.5176
07-02 22:42:34 -----Epoch 14/30-----
07-02 22:42:34 current lr: [0.002]
07-02 22:46:16 Train-Loss Source Classifier: 0.0001
07-02 22:46:16 Train-Acc Source Data: 1.0000
07-02 22:46:43 Val-Acc Target Data: 0.5147
07-02 22:46:44 The best model epoch 9, val-acc 0.5176
07-02 22:46:44 -----Epoch 15/30-----
07-02 22:46:44 current lr: [0.002]
07-02 22:50:08 Train-Loss Source Classifier: 0.0001
07-02 22:50:08 Train-Acc Source Data: 1.0000
07-02 22:50:36 Val-Acc Target Data: 0.5143
07-02 22:50:37 The best model epoch 9, val-acc 0.5176
07-02 22:50:37 -----Epoch 16/30-----
07-02 22:50:37 current lr: [0.002]
07-02 22:54:18 Train-Loss Source Classifier: 0.0001
07-02 22:54:18 Train-Acc Source Data: 1.0000
07-02 22:54:47 Val-Acc Target Data: 0.5131
07-02 22:54:48 The best model epoch 9, val-acc 0.5176
07-02 22:54:48 -----Epoch 17/30-----
07-02 22:54:48 current lr: [0.002]
07-02 22:58:55 Train-Loss Source Classifier: 0.0001
07-02 22:58:55 Train-Acc Source Data: 1.0000
07-02 22:59:33 Val-Acc Target Data: 0.5139
07-02 22:59:33 The best model epoch 9, val-acc 0.5176
07-02 22:59:33 -----Epoch 18/30-----
07-02 22:59:33 current lr: [0.002]
07-02 23:04:20 Train-Loss Source Classifier: 0.0001
07-02 23:04:20 Train-Acc Source Data: 1.0000
07-02 23:04:47 Val-Acc Target Data: 0.5147
07-02 23:04:48 The best model epoch 9, val-acc 0.5176
07-02 23:04:48 -----Epoch 19/30-----
07-02 23:04:48 current lr: [0.002]
07-02 23:08:00 Train-Loss Source Classifier: 0.0001
07-02 23:08:00 Train-Acc Source Data: 1.0000
07-02 23:08:27 Val-Acc Target Data: 0.5185
07-02 23:08:28 The best model epoch 19, val-acc 0.5185
07-02 23:08:28 -----Epoch 20/30-----
07-02 23:08:28 current lr: [0.002]
07-02 23:12:54 Train-Loss Source Classifier: 0.0001
07-02 23:12:54 Train-Acc Source Data: 1.0000
07-02 23:13:24 Val-Acc Target Data: 0.5168
07-02 23:13:24 The best model epoch 19, val-acc 0.5185
07-02 23:13:24 -----Epoch 21/30-----
07-02 23:13:24 current lr: [0.0004]
07-02 23:16:39 Train-Loss Source Classifier: 0.0001
07-02 23:16:39 Train-Acc Source Data: 1.0000
07-02 23:17:10 Val-Acc Target Data: 0.5160
07-02 23:17:11 The best model epoch 19, val-acc 0.5185
07-02 23:17:11 -----Epoch 22/30-----
07-02 23:17:11 current lr: [0.0004]
07-02 23:20:24 Train-Loss Source Classifier: 0.0001
07-02 23:20:24 Train-Acc Source Data: 1.0000
07-02 23:20:51 Val-Acc Target Data: 0.5183
07-02 23:20:52 The best model epoch 19, val-acc 0.5185
07-02 23:20:52 -----Epoch 23/30-----
07-02 23:20:52 current lr: [0.0004]
07-02 23:23:38 Train-Loss Source Classifier: 0.0001
07-02 23:23:38 Train-Acc Source Data: 1.0000
07-02 23:24:06 Val-Acc Target Data: 0.5158
07-02 23:24:07 The best model epoch 19, val-acc 0.5185
07-02 23:24:07 -----Epoch 24/30-----
07-02 23:24:07 current lr: [0.0004]
07-02 23:28:57 Train-Loss Source Classifier: 0.0001
07-02 23:28:57 Train-Acc Source Data: 1.0000
07-02 23:29:29 Val-Acc Target Data: 0.5154
07-02 23:29:30 The best model epoch 19, val-acc 0.5185
07-02 23:29:30 -----Epoch 25/30-----
07-02 23:29:30 current lr: [0.0004]
07-02 23:33:11 Train-Loss Source Classifier: 0.0001
07-02 23:33:11 Train-Acc Source Data: 1.0000
07-02 23:33:40 Val-Acc Target Data: 0.5166
07-02 23:33:40 The best model epoch 19, val-acc 0.5185
07-02 23:33:40 -----Epoch 26/30-----
07-02 23:33:40 current lr: [0.0004]
07-02 23:36:55 Train-Loss Source Classifier: 0.0001
07-02 23:36:55 Train-Acc Source Data: 1.0000
07-02 23:37:23 Val-Acc Target Data: 0.5149
07-02 23:37:23 The best model epoch 19, val-acc 0.5185
07-02 23:37:23 -----Epoch 27/30-----
07-02 23:37:23 current lr: [0.0004]
07-02 23:40:36 Train-Loss Source Classifier: 0.0001
07-02 23:40:36 Train-Acc Source Data: 1.0000
07-02 23:41:04 Val-Acc Target Data: 0.5104
07-02 23:41:04 The best model epoch 19, val-acc 0.5185
07-02 23:41:04 -----Epoch 28/30-----
07-02 23:41:04 current lr: [0.0004]
07-02 23:43:52 Train-Loss Source Classifier: 0.0001
07-02 23:43:52 Train-Acc Source Data: 1.0000
07-02 23:44:20 Val-Acc Target Data: 0.5160
07-02 23:44:21 The best model epoch 19, val-acc 0.5185
07-02 23:44:21 -----Epoch 29/30-----
07-02 23:44:21 current lr: [0.0004]
07-02 23:48:43 Train-Loss Source Classifier: 0.0001
07-02 23:48:43 Train-Acc Source Data: 1.0000
07-02 23:49:10 Val-Acc Target Data: 0.5135
07-02 23:49:11 The best model epoch 19, val-acc 0.5185
07-02 23:49:11 -----Epoch 30/30-----
07-02 23:49:11 current lr: [0.0004]
07-02 23:53:50 Train-Loss Source Classifier: 0.0001
07-02 23:53:50 Train-Acc Source Data: 1.0000
07-02 23:54:11 Val-Acc Target Data: 0.5197
07-02 23:54:12 The best model epoch 30, val-acc 0.5197
07-02 23:54:12 Model saved to ./ckpt\IBN\single_source\[MFPT]To[CWRU]_0702-213415.pth
