07-02 09:21:57 model_name: MixStyle
07-02 09:21:57 source: CWRU_1,CWRU_2,CWRU_3
07-02 09:21:57 target: CWRU_0
07-02 09:21:57 data_dir: ./datasets
07-02 09:21:57 train_mode: multi_source
07-02 09:21:57 cuda_device: 0
07-02 09:21:57 save_dir: ./ckpt
07-02 09:21:57 max_epoch: 30
07-02 09:21:57 batch_size: 64
07-02 09:21:57 num_workers: 4
07-02 09:21:57 signal_size: 1024
07-02 09:21:57 random_state: 1
07-02 09:21:57 normlizetype: -1-1
07-02 09:21:57 opt: sgd
07-02 09:21:57 lr: 0.01
07-02 09:21:57 momentum: 0.9
07-02 09:21:57 betas: (0.9, 0.999)
07-02 09:21:57 weight_decay: 0.0005
07-02 09:21:57 lr_scheduler: stepLR
07-02 09:21:57 gamma: 0.2
07-02 09:21:57 steps: 10
07-02 09:21:57 tradeoff: ['exp', 'exp', 'exp']
07-02 09:21:57 dropout: 0.0
07-02 09:21:57 save: True
07-02 09:21:57 load_path: 
07-02 09:21:57 save_path: ./ckpt\MixStyle\multi_source\[CWRU_1CWRU_2CWRU_3]To[CWRU_0]_0702-092157
07-02 09:21:57 Detect 10 classes: ['B007', 'B014', 'B021', 'IR007', 'IR014', 'IR021', 'Normal', 'OR007', 'OR014', 'OR021']
07-02 09:21:57 using 1 / 1 gpus
07-02 09:21:59 Source set CWRU_1 number of samples 9374.
07-02 09:21:59 Source set CWRU_2 number of samples 9488.
07-02 09:21:59 Source set CWRU_3 number of samples 9492.
07-02 09:22:00 Training set number of samples 4532.
07-02 09:22:00 Validation set number of samples 1136.
07-02 09:23:35 -----Epoch 1/30-----
07-02 09:23:35 current lr: [0.01, 0.01]
07-02 09:23:53 Train-Loss Source Classifier: 1.7648
07-02 09:23:53 Train-Acc Source Data: 0.3690
07-02 09:24:11 Val-Acc Target Data: 0.4311
07-02 09:24:12 The best model epoch 1, val-acc 0.4311
07-02 09:24:12 -----Epoch 2/30-----
07-02 09:24:12 current lr: [0.01, 0.01]
07-02 09:24:35 Train-Loss Source Classifier: 1.0976
07-02 09:24:35 Train-Acc Source Data: 0.5973
07-02 09:24:52 Val-Acc Target Data: 0.5285
07-02 09:24:53 The best model epoch 2, val-acc 0.5285
07-02 09:24:53 -----Epoch 3/30-----
07-02 09:24:53 current lr: [0.01, 0.01]
07-02 09:25:19 Train-Loss Source Classifier: 0.7090
07-02 09:25:19 Train-Acc Source Data: 0.7308
07-02 09:25:37 Val-Acc Target Data: 0.5119
07-02 09:25:38 The best model epoch 2, val-acc 0.5285
07-02 09:25:38 -----Epoch 4/30-----
07-02 09:25:38 current lr: [0.01, 0.01]
07-02 09:26:23 Train-Loss Source Classifier: 0.5547
07-02 09:26:23 Train-Acc Source Data: 0.7879
07-02 09:26:47 Val-Acc Target Data: 0.5165
07-02 09:26:48 The best model epoch 2, val-acc 0.5285
07-02 09:26:48 -----Epoch 5/30-----
07-02 09:26:48 current lr: [0.01, 0.01]
07-02 09:26:56 Train-Loss Source Classifier: 0.4021
07-02 09:26:56 Train-Acc Source Data: 0.8464
07-02 09:27:22 Val-Acc Target Data: 0.6121
07-02 09:27:23 The best model epoch 5, val-acc 0.6121
07-02 09:27:23 -----Epoch 6/30-----
07-02 09:27:23 current lr: [0.01, 0.01]
07-02 09:27:31 Train-Loss Source Classifier: 0.3270
07-02 09:27:31 Train-Acc Source Data: 0.8783
07-02 09:28:03 Val-Acc Target Data: 0.6360
07-02 09:28:04 The best model epoch 6, val-acc 0.6360
07-02 09:28:04 -----Epoch 7/30-----
07-02 09:28:04 current lr: [0.01, 0.01]
07-02 09:28:40 Train-Loss Source Classifier: 0.2194
07-02 09:28:40 Train-Acc Source Data: 0.9161
07-02 09:29:05 Val-Acc Target Data: 0.7142
07-02 09:29:06 The best model epoch 7, val-acc 0.7142
07-02 09:29:06 -----Epoch 8/30-----
07-02 09:29:06 current lr: [0.01, 0.01]
07-02 09:29:14 Train-Loss Source Classifier: 0.2085
07-02 09:29:14 Train-Acc Source Data: 0.9248
07-02 09:29:39 Val-Acc Target Data: 0.6875
07-02 09:29:40 The best model epoch 7, val-acc 0.7142
07-02 09:29:40 -----Epoch 9/30-----
07-02 09:29:40 current lr: [0.01, 0.01]
07-02 09:29:49 Train-Loss Source Classifier: 0.1907
07-02 09:29:49 Train-Acc Source Data: 0.9292
07-02 09:30:13 Val-Acc Target Data: 0.8235
07-02 09:30:14 The best model epoch 9, val-acc 0.8235
07-02 09:30:14 -----Epoch 10/30-----
07-02 09:30:14 current lr: [0.01, 0.01]
07-02 09:30:22 Train-Loss Source Classifier: 0.1469
07-02 09:30:22 Train-Acc Source Data: 0.9489
07-02 09:30:52 Val-Acc Target Data: 0.7509
07-02 09:30:53 The best model epoch 9, val-acc 0.8235
07-02 09:30:53 -----Epoch 11/30-----
07-02 09:30:53 current lr: [0.002, 0.002]
07-02 09:31:01 Train-Loss Source Classifier: 0.0910
07-02 09:31:01 Train-Acc Source Data: 0.9665
07-02 09:31:28 Val-Acc Target Data: 0.8199
07-02 09:31:29 The best model epoch 9, val-acc 0.8235
07-02 09:31:29 -----Epoch 12/30-----
07-02 09:31:29 current lr: [0.002, 0.002]
07-02 09:31:38 Train-Loss Source Classifier: 0.0656
07-02 09:31:38 Train-Acc Source Data: 0.9752
07-02 09:32:02 Val-Acc Target Data: 0.8392
07-02 09:32:03 The best model epoch 12, val-acc 0.8392
07-02 09:32:03 -----Epoch 13/30-----
07-02 09:32:03 current lr: [0.002, 0.002]
07-02 09:32:40 Train-Loss Source Classifier: 0.0692
07-02 09:32:40 Train-Acc Source Data: 0.9768
07-02 09:33:05 Val-Acc Target Data: 0.8300
07-02 09:33:06 The best model epoch 12, val-acc 0.8392
07-02 09:33:06 -----Epoch 14/30-----
07-02 09:33:06 current lr: [0.002, 0.002]
07-02 09:33:14 Train-Loss Source Classifier: 0.0536
07-02 09:33:14 Train-Acc Source Data: 0.9808
07-02 09:33:39 Val-Acc Target Data: 0.8355
07-02 09:33:40 The best model epoch 12, val-acc 0.8392
07-02 09:33:40 -----Epoch 15/30-----
07-02 09:33:40 current lr: [0.002, 0.002]
07-02 09:33:48 Train-Loss Source Classifier: 0.0470
07-02 09:33:48 Train-Acc Source Data: 0.9830
07-02 09:34:13 Val-Acc Target Data: 0.8143
07-02 09:34:14 The best model epoch 12, val-acc 0.8392
07-02 09:34:14 -----Epoch 16/30-----
07-02 09:34:14 current lr: [0.002, 0.002]
07-02 09:34:22 Train-Loss Source Classifier: 0.0498
07-02 09:34:22 Train-Acc Source Data: 0.9839
07-02 09:34:47 Val-Acc Target Data: 0.8318
07-02 09:34:48 The best model epoch 12, val-acc 0.8392
07-02 09:34:48 -----Epoch 17/30-----
07-02 09:34:48 current lr: [0.002, 0.002]
07-02 09:34:55 Train-Loss Source Classifier: 0.0462
07-02 09:34:55 Train-Acc Source Data: 0.9864
07-02 09:35:21 Val-Acc Target Data: 0.8382
07-02 09:35:21 The best model epoch 12, val-acc 0.8392
07-02 09:35:21 -----Epoch 18/30-----
07-02 09:35:21 current lr: [0.002, 0.002]
07-02 09:35:29 Train-Loss Source Classifier: 0.0429
07-02 09:35:29 Train-Acc Source Data: 0.9853
07-02 09:35:55 Val-Acc Target Data: 0.8465
07-02 09:35:55 The best model epoch 18, val-acc 0.8465
07-02 09:35:55 -----Epoch 19/30-----
07-02 09:35:55 current lr: [0.002, 0.002]
07-02 09:36:32 Train-Loss Source Classifier: 0.0380
07-02 09:36:32 Train-Acc Source Data: 0.9882
07-02 09:36:57 Val-Acc Target Data: 0.8382
07-02 09:36:58 The best model epoch 18, val-acc 0.8465
07-02 09:36:58 -----Epoch 20/30-----
07-02 09:36:58 current lr: [0.002, 0.002]
07-02 09:37:06 Train-Loss Source Classifier: 0.0365
07-02 09:37:06 Train-Acc Source Data: 0.9877
07-02 09:37:30 Val-Acc Target Data: 0.8401
07-02 09:37:31 The best model epoch 18, val-acc 0.8465
07-02 09:37:31 -----Epoch 21/30-----
07-02 09:37:31 current lr: [0.0004, 0.0004]
07-02 09:37:39 Train-Loss Source Classifier: 0.0313
07-02 09:37:39 Train-Acc Source Data: 0.9895
07-02 09:38:05 Val-Acc Target Data: 0.8428
07-02 09:38:06 The best model epoch 18, val-acc 0.8465
07-02 09:38:06 -----Epoch 22/30-----
07-02 09:38:06 current lr: [0.0004, 0.0004]
07-02 09:38:14 Train-Loss Source Classifier: 0.0318
07-02 09:38:14 Train-Acc Source Data: 0.9891
07-02 09:38:39 Val-Acc Target Data: 0.8456
07-02 09:38:40 The best model epoch 18, val-acc 0.8465
07-02 09:38:40 -----Epoch 23/30-----
07-02 09:38:40 current lr: [0.0004, 0.0004]
07-02 09:38:48 Train-Loss Source Classifier: 0.0315
07-02 09:38:48 Train-Acc Source Data: 0.9915
07-02 09:39:13 Val-Acc Target Data: 0.8474
07-02 09:39:14 The best model epoch 23, val-acc 0.8474
07-02 09:39:14 -----Epoch 24/30-----
07-02 09:39:14 current lr: [0.0004, 0.0004]
07-02 09:39:21 Train-Loss Source Classifier: 0.0315
07-02 09:39:21 Train-Acc Source Data: 0.9911
07-02 09:39:46 Val-Acc Target Data: 0.8401
07-02 09:39:47 The best model epoch 23, val-acc 0.8474
07-02 09:39:47 -----Epoch 25/30-----
07-02 09:39:47 current lr: [0.0004, 0.0004]
07-02 09:39:56 Train-Loss Source Classifier: 0.0332
07-02 09:39:56 Train-Acc Source Data: 0.9891
07-02 09:40:21 Val-Acc Target Data: 0.8419
07-02 09:40:22 The best model epoch 23, val-acc 0.8474
07-02 09:40:22 -----Epoch 26/30-----
07-02 09:40:22 current lr: [0.0004, 0.0004]
07-02 09:40:57 Train-Loss Source Classifier: 0.0226
07-02 09:40:57 Train-Acc Source Data: 0.9944
07-02 09:41:22 Val-Acc Target Data: 0.8511
07-02 09:41:23 The best model epoch 26, val-acc 0.8511
07-02 09:41:23 -----Epoch 27/30-----
07-02 09:41:23 current lr: [0.0004, 0.0004]
07-02 09:41:31 Train-Loss Source Classifier: 0.0311
07-02 09:41:31 Train-Acc Source Data: 0.9908
07-02 09:41:56 Val-Acc Target Data: 0.8456
07-02 09:41:56 The best model epoch 26, val-acc 0.8511
07-02 09:41:56 -----Epoch 28/30-----
07-02 09:41:56 current lr: [0.0004, 0.0004]
07-02 09:42:04 Train-Loss Source Classifier: 0.0286
07-02 09:42:04 Train-Acc Source Data: 0.9911
07-02 09:42:30 Val-Acc Target Data: 0.8447
07-02 09:42:31 The best model epoch 26, val-acc 0.8511
07-02 09:42:31 -----Epoch 29/30-----
07-02 09:42:31 current lr: [0.0004, 0.0004]
07-02 09:42:39 Train-Loss Source Classifier: 0.0257
07-02 09:42:39 Train-Acc Source Data: 0.9902
07-02 09:43:04 Val-Acc Target Data: 0.8438
07-02 09:43:05 The best model epoch 26, val-acc 0.8511
07-02 09:43:05 -----Epoch 30/30-----
07-02 09:43:05 current lr: [0.0004, 0.0004]
07-02 09:43:13 Train-Loss Source Classifier: 0.0259
07-02 09:43:13 Train-Acc Source Data: 0.9931
07-02 09:43:37 Val-Acc Target Data: 0.8392
07-02 09:43:38 The best model epoch 26, val-acc 0.8511
07-02 09:43:38 Model saved to ./ckpt\MixStyle\multi_source\[CWRU_1CWRU_2CWRU_3]To[CWRU_0]_0702-092157.pth
