06-30 20:29:37 model_name: MixStyle
06-30 20:29:37 source: CWRU_0,CWRU_1,CWRU_2
06-30 20:29:37 target: CWRU_3
06-30 20:29:37 data_dir: ./datasets
06-30 20:29:37 train_mode: multi_source
06-30 20:29:37 cuda_device: 0
06-30 20:29:37 save_dir: ./ckpt
06-30 20:29:37 max_epoch: 30
06-30 20:29:37 batch_size: 64
06-30 20:29:37 num_workers: 4
06-30 20:29:37 signal_size: 1024
06-30 20:29:37 random_state: 1
06-30 20:29:37 normlizetype: -1-1
06-30 20:29:37 opt: sgd
06-30 20:29:37 lr: 0.01
06-30 20:29:37 momentum: 0.9
06-30 20:29:37 betas: (0.9, 0.999)
06-30 20:29:37 weight_decay: 0.0005
06-30 20:29:37 lr_scheduler: stepLR
06-30 20:29:37 gamma: 0.2
06-30 20:29:37 steps: 10
06-30 20:29:37 tradeoff: ['exp', 'exp', 'exp']
06-30 20:29:37 dropout: 0.0
06-30 20:29:37 save: True
06-30 20:29:37 load_path: 
06-30 20:29:37 save_path: ./ckpt\MixStyle\multi_source\[CWRU_0CWRU_1CWRU_2]To[CWRU_3]_0630-202937
06-30 20:29:37 Detect 10 classes: ['B007', 'B014', 'B021', 'IR007', 'IR014', 'IR021', 'Normal', 'OR007', 'OR014', 'OR021']
06-30 20:29:37 using 1 / 1 gpus
06-30 20:29:42 Source set CWRU_0 number of samples 5668.
06-30 20:29:42 Source set CWRU_1 number of samples 9374.
06-30 20:29:42 Source set CWRU_2 number of samples 9488.
06-30 20:29:42 Training set number of samples 7590.
06-30 20:29:42 Validation set number of samples 1902.
06-30 20:31:42 -----Epoch 1/30-----
06-30 20:31:42 current lr: [0.01, 0.01]
06-30 20:31:57 Train-Loss Source Classifier: 1.5670
06-30 20:31:57 Train-Acc Source Data: 0.4396
06-30 20:32:21 Val-Acc Target Data: 0.6589
06-30 20:32:22 The best model epoch 1, val-acc 0.6589
06-30 20:32:22 -----Epoch 2/30-----
06-30 20:32:22 current lr: [0.01, 0.01]
06-30 20:32:46 Train-Loss Source Classifier: 0.7879
06-30 20:32:46 Train-Acc Source Data: 0.7038
06-30 20:33:07 Val-Acc Target Data: 0.7662
06-30 20:33:08 The best model epoch 2, val-acc 0.7662
06-30 20:33:08 -----Epoch 3/30-----
06-30 20:33:08 current lr: [0.01, 0.01]
06-30 20:33:38 Train-Loss Source Classifier: 0.4787
06-30 20:33:38 Train-Acc Source Data: 0.8238
06-30 20:34:02 Val-Acc Target Data: 0.7425
06-30 20:34:03 The best model epoch 2, val-acc 0.7662
06-30 20:34:03 -----Epoch 4/30-----
06-30 20:34:03 current lr: [0.01, 0.01]
06-30 20:34:49 Train-Loss Source Classifier: 0.3389
06-30 20:34:49 Train-Acc Source Data: 0.8791
06-30 20:35:09 Val-Acc Target Data: 0.7306
06-30 20:35:10 The best model epoch 2, val-acc 0.7662
06-30 20:35:10 -----Epoch 5/30-----
06-30 20:35:10 current lr: [0.01, 0.01]
06-30 20:35:50 Train-Loss Source Classifier: 0.2549
06-30 20:35:50 Train-Acc Source Data: 0.9111
06-30 20:36:11 Val-Acc Target Data: 0.8599
06-30 20:36:11 The best model epoch 5, val-acc 0.8599
06-30 20:36:11 -----Epoch 6/30-----
06-30 20:36:11 current lr: [0.01, 0.01]
06-30 20:36:56 Train-Loss Source Classifier: 0.1997
06-30 20:36:56 Train-Acc Source Data: 0.9289
06-30 20:37:19 Val-Acc Target Data: 0.8033
06-30 20:37:20 The best model epoch 5, val-acc 0.8599
06-30 20:37:20 -----Epoch 7/30-----
06-30 20:37:20 current lr: [0.01, 0.01]
06-30 20:38:47 Train-Loss Source Classifier: 0.1627
06-30 20:38:47 Train-Acc Source Data: 0.9412
06-30 20:39:09 Val-Acc Target Data: 0.8605
06-30 20:39:10 The best model epoch 7, val-acc 0.8605
06-30 20:39:10 -----Epoch 8/30-----
06-30 20:39:10 current lr: [0.01, 0.01]
06-30 20:40:10 Train-Loss Source Classifier: 0.1263
06-30 20:40:10 Train-Acc Source Data: 0.9526
06-30 20:40:42 Val-Acc Target Data: 0.8922
06-30 20:40:43 The best model epoch 8, val-acc 0.8922
06-30 20:40:43 -----Epoch 9/30-----
06-30 20:40:43 current lr: [0.01, 0.01]
06-30 20:41:23 Train-Loss Source Classifier: 0.1276
06-30 20:41:23 Train-Acc Source Data: 0.9534
06-30 20:41:44 Val-Acc Target Data: 0.8917
06-30 20:41:45 The best model epoch 8, val-acc 0.8922
06-30 20:41:45 -----Epoch 10/30-----
06-30 20:41:45 current lr: [0.01, 0.01]
06-30 20:43:22 Train-Loss Source Classifier: 0.1015
06-30 20:43:22 Train-Acc Source Data: 0.9627
06-30 20:43:49 Val-Acc Target Data: 0.9095
06-30 20:43:50 The best model epoch 10, val-acc 0.9095
06-30 20:43:50 -----Epoch 11/30-----
06-30 20:43:50 current lr: [0.002, 0.002]
06-30 20:44:47 Train-Loss Source Classifier: 0.0661
06-30 20:44:47 Train-Acc Source Data: 0.9731
06-30 20:45:28 Val-Acc Target Data: 0.9434
06-30 20:45:29 The best model epoch 11, val-acc 0.9434
06-30 20:45:29 -----Epoch 12/30-----
06-30 20:45:29 current lr: [0.002, 0.002]
06-30 20:46:28 Train-Loss Source Classifier: 0.0530
06-30 20:46:28 Train-Acc Source Data: 0.9771
06-30 20:46:48 Val-Acc Target Data: 0.9262
06-30 20:46:48 The best model epoch 11, val-acc 0.9434
06-30 20:46:48 -----Epoch 13/30-----
06-30 20:46:48 current lr: [0.002, 0.002]
06-30 20:48:09 Train-Loss Source Classifier: 0.0506
06-30 20:48:09 Train-Acc Source Data: 0.9787
06-30 20:48:31 Val-Acc Target Data: 0.9230
06-30 20:48:32 The best model epoch 11, val-acc 0.9434
06-30 20:48:32 -----Epoch 14/30-----
06-30 20:48:32 current lr: [0.002, 0.002]
06-30 20:49:16 Train-Loss Source Classifier: 0.0474
06-30 20:49:16 Train-Acc Source Data: 0.9775
06-30 20:49:39 Val-Acc Target Data: 0.9283
06-30 20:49:40 The best model epoch 11, val-acc 0.9434
06-30 20:49:40 -----Epoch 15/30-----
06-30 20:49:40 current lr: [0.002, 0.002]
06-30 20:50:06 Train-Loss Source Classifier: 0.0450
06-30 20:50:06 Train-Acc Source Data: 0.9776
06-30 20:50:43 Val-Acc Target Data: 0.9477
06-30 20:50:46 The best model epoch 15, val-acc 0.9477
06-30 20:50:46 -----Epoch 16/30-----
06-30 20:50:46 current lr: [0.002, 0.002]
06-30 20:51:01 Train-Loss Source Classifier: 0.0440
06-30 20:51:01 Train-Acc Source Data: 0.9795
06-30 20:51:43 Val-Acc Target Data: 0.9370
06-30 20:51:44 The best model epoch 15, val-acc 0.9477
06-30 20:51:44 -----Epoch 17/30-----
06-30 20:51:44 current lr: [0.002, 0.002]
06-30 20:53:25 Train-Loss Source Classifier: 0.0415
06-30 20:53:25 Train-Acc Source Data: 0.9792
06-30 20:53:49 Val-Acc Target Data: 0.9402
06-30 20:53:50 The best model epoch 15, val-acc 0.9477
06-30 20:53:50 -----Epoch 18/30-----
06-30 20:53:50 current lr: [0.002, 0.002]
06-30 20:54:29 Train-Loss Source Classifier: 0.0387
06-30 20:54:29 Train-Acc Source Data: 0.9812
06-30 20:54:51 Val-Acc Target Data: 0.9472
06-30 20:54:51 The best model epoch 15, val-acc 0.9477
06-30 20:54:51 -----Epoch 19/30-----
06-30 20:54:51 current lr: [0.002, 0.002]
06-30 20:55:26 Train-Loss Source Classifier: 0.0397
06-30 20:55:26 Train-Acc Source Data: 0.9797
06-30 20:56:06 Val-Acc Target Data: 0.9181
06-30 20:56:08 The best model epoch 15, val-acc 0.9477
06-30 20:56:08 -----Epoch 20/30-----
06-30 20:56:08 current lr: [0.002, 0.002]
06-30 20:57:12 Train-Loss Source Classifier: 0.0366
06-30 20:57:12 Train-Acc Source Data: 0.9813
06-30 20:57:59 Val-Acc Target Data: 0.9370
06-30 20:58:00 The best model epoch 15, val-acc 0.9477
06-30 20:58:00 -----Epoch 21/30-----
06-30 20:58:00 current lr: [0.0004, 0.0004]
06-30 20:58:14 Train-Loss Source Classifier: 0.0366
06-30 20:58:14 Train-Acc Source Data: 0.9828
06-30 20:58:50 Val-Acc Target Data: 0.9359
06-30 20:58:51 The best model epoch 15, val-acc 0.9477
06-30 20:58:51 -----Epoch 22/30-----
06-30 20:58:51 current lr: [0.0004, 0.0004]
06-30 20:59:05 Train-Loss Source Classifier: 0.0332
06-30 20:59:05 Train-Acc Source Data: 0.9841
06-30 20:59:41 Val-Acc Target Data: 0.9380
06-30 20:59:42 The best model epoch 15, val-acc 0.9477
06-30 20:59:42 -----Epoch 23/30-----
06-30 20:59:42 current lr: [0.0004, 0.0004]
06-30 21:00:36 Train-Loss Source Classifier: 0.0358
06-30 21:00:36 Train-Acc Source Data: 0.9820
06-30 21:01:11 Val-Acc Target Data: 0.9332
06-30 21:01:12 The best model epoch 15, val-acc 0.9477
06-30 21:01:12 -----Epoch 24/30-----
06-30 21:01:12 current lr: [0.0004, 0.0004]
06-30 21:01:27 Train-Loss Source Classifier: 0.0297
06-30 21:01:27 Train-Acc Source Data: 0.9853
06-30 21:01:59 Val-Acc Target Data: 0.9364
06-30 21:02:00 The best model epoch 15, val-acc 0.9477
06-30 21:02:00 -----Epoch 25/30-----
06-30 21:02:00 current lr: [0.0004, 0.0004]
06-30 21:02:19 Train-Loss Source Classifier: 0.0351
06-30 21:02:19 Train-Acc Source Data: 0.9800
06-30 21:02:40 Val-Acc Target Data: 0.9343
06-30 21:02:41 The best model epoch 15, val-acc 0.9477
06-30 21:02:41 -----Epoch 26/30-----
06-30 21:02:41 current lr: [0.0004, 0.0004]
06-30 21:03:44 Train-Loss Source Classifier: 0.0316
06-30 21:03:44 Train-Acc Source Data: 0.9849
06-30 21:04:07 Val-Acc Target Data: 0.9375
06-30 21:04:08 The best model epoch 15, val-acc 0.9477
06-30 21:04:08 -----Epoch 27/30-----
06-30 21:04:08 current lr: [0.0004, 0.0004]
06-30 21:04:38 Train-Loss Source Classifier: 0.0315
06-30 21:04:38 Train-Acc Source Data: 0.9844
06-30 21:04:57 Val-Acc Target Data: 0.9364
06-30 21:04:58 The best model epoch 15, val-acc 0.9477
06-30 21:04:58 -----Epoch 28/30-----
06-30 21:04:58 current lr: [0.0004, 0.0004]
06-30 21:05:38 Train-Loss Source Classifier: 0.0293
06-30 21:05:38 Train-Acc Source Data: 0.9838
06-30 21:05:58 Val-Acc Target Data: 0.9391
06-30 21:05:58 The best model epoch 15, val-acc 0.9477
06-30 21:05:58 -----Epoch 29/30-----
06-30 21:05:58 current lr: [0.0004, 0.0004]
06-30 21:06:25 Train-Loss Source Classifier: 0.0360
06-30 21:06:25 Train-Acc Source Data: 0.9795
06-30 21:06:58 Val-Acc Target Data: 0.9429
06-30 21:06:59 The best model epoch 15, val-acc 0.9477
06-30 21:06:59 -----Epoch 30/30-----
06-30 21:06:59 current lr: [0.0004, 0.0004]
06-30 21:07:56 Train-Loss Source Classifier: 0.0290
06-30 21:07:56 Train-Acc Source Data: 0.9854
06-30 21:08:36 Val-Acc Target Data: 0.9386
06-30 21:08:37 The best model epoch 15, val-acc 0.9477
06-30 21:08:37 Model saved to ./ckpt\MixStyle\multi_source\[CWRU_0CWRU_1CWRU_2]To[CWRU_3]_0630-202937.pth
