06-30 22:32:29 model_name: MixStyle
06-30 22:32:29 source: CWRU_0,CWRU_1,CWRU_3
06-30 22:32:29 target: CWRU_1
06-30 22:32:29 data_dir: ./datasets
06-30 22:32:29 train_mode: multi_source
06-30 22:32:29 cuda_device: 0
06-30 22:32:29 save_dir: ./ckpt
06-30 22:32:29 max_epoch: 30
06-30 22:32:29 batch_size: 64
06-30 22:32:29 num_workers: 4
06-30 22:32:29 signal_size: 1024
06-30 22:32:29 random_state: 1
06-30 22:32:29 normlizetype: -1-1
06-30 22:32:29 opt: sgd
06-30 22:32:29 lr: 0.01
06-30 22:32:29 momentum: 0.9
06-30 22:32:29 betas: (0.9, 0.999)
06-30 22:32:29 weight_decay: 0.0005
06-30 22:32:29 lr_scheduler: stepLR
06-30 22:32:29 gamma: 0.2
06-30 22:32:29 steps: 10
06-30 22:32:29 tradeoff: ['exp', 'exp', 'exp']
06-30 22:32:29 dropout: 0.0
06-30 22:32:29 save: True
06-30 22:32:29 load_path: 
06-30 22:32:29 save_path: ./ckpt\MixStyle\multi_source\[CWRU_0CWRU_1CWRU_3]To[CWRU_1]_0630-223229
06-30 22:32:29 Detect 10 classes: ['B007', 'B014', 'B021', 'IR007', 'IR014', 'IR021', 'Normal', 'OR007', 'OR014', 'OR021']
06-30 22:32:29 using 1 / 1 gpus
06-30 22:32:30 Source set CWRU_0 number of samples 5668.
06-30 22:32:30 Source set CWRU_1 number of samples 9374.
06-30 22:32:30 Source set CWRU_3 number of samples 9492.
06-30 22:32:31 Training set number of samples 7495.
06-30 22:32:31 Validation set number of samples 1879.
06-30 22:34:02 -----Epoch 1/30-----
06-30 22:34:02 current lr: [0.01, 0.01]
06-30 22:34:18 Train-Loss Source Classifier: 1.6032
06-30 22:34:18 Train-Acc Source Data: 0.4324
06-30 22:34:36 Val-Acc Target Data: 0.6148
06-30 22:34:37 The best model epoch 1, val-acc 0.6148
06-30 22:34:37 -----Epoch 2/30-----
06-30 22:34:37 current lr: [0.01, 0.01]
06-30 22:35:14 Train-Loss Source Classifier: 0.8622
06-30 22:35:14 Train-Acc Source Data: 0.6747
06-30 22:35:32 Val-Acc Target Data: 0.7441
06-30 22:35:33 The best model epoch 2, val-acc 0.7441
06-30 22:35:33 -----Epoch 3/30-----
06-30 22:35:33 current lr: [0.01, 0.01]
06-30 22:35:52 Train-Loss Source Classifier: 0.6005
06-30 22:35:52 Train-Acc Source Data: 0.7772
06-30 22:36:10 Val-Acc Target Data: 0.8486
06-30 22:36:11 The best model epoch 3, val-acc 0.8486
06-30 22:36:11 -----Epoch 4/30-----
06-30 22:36:11 current lr: [0.01, 0.01]
06-30 22:36:49 Train-Loss Source Classifier: 0.4576
06-30 22:36:49 Train-Acc Source Data: 0.8283
06-30 22:37:07 Val-Acc Target Data: 0.8631
06-30 22:37:08 The best model epoch 4, val-acc 0.8631
06-30 22:37:08 -----Epoch 5/30-----
06-30 22:37:08 current lr: [0.01, 0.01]
06-30 22:37:28 Train-Loss Source Classifier: 0.2797
06-30 22:37:28 Train-Acc Source Data: 0.8965
06-30 22:37:48 Val-Acc Target Data: 0.9208
06-30 22:37:48 The best model epoch 5, val-acc 0.9208
06-30 22:37:48 -----Epoch 6/30-----
06-30 22:37:48 current lr: [0.01, 0.01]
06-30 22:38:18 Train-Loss Source Classifier: 0.2354
06-30 22:38:18 Train-Acc Source Data: 0.9133
06-30 22:38:37 Val-Acc Target Data: 0.9240
06-30 22:38:37 The best model epoch 6, val-acc 0.9240
06-30 22:38:37 -----Epoch 7/30-----
06-30 22:38:37 current lr: [0.01, 0.01]
06-30 22:39:19 Train-Loss Source Classifier: 0.2067
06-30 22:39:19 Train-Acc Source Data: 0.9221
06-30 22:39:39 Val-Acc Target Data: 0.9278
06-30 22:39:39 The best model epoch 7, val-acc 0.9278
06-30 22:39:39 -----Epoch 8/30-----
06-30 22:39:39 current lr: [0.01, 0.01]
06-30 22:40:02 Train-Loss Source Classifier: 0.1510
06-30 22:40:02 Train-Acc Source Data: 0.9410
06-30 22:40:20 Val-Acc Target Data: 0.9661
06-30 22:40:21 The best model epoch 8, val-acc 0.9661
06-30 22:40:21 -----Epoch 9/30-----
06-30 22:40:21 current lr: [0.01, 0.01]
06-30 22:41:02 Train-Loss Source Classifier: 0.1451
06-30 22:41:02 Train-Acc Source Data: 0.9442
06-30 22:41:21 Val-Acc Target Data: 0.9558
06-30 22:41:21 The best model epoch 8, val-acc 0.9661
06-30 22:41:21 -----Epoch 10/30-----
06-30 22:41:21 current lr: [0.01, 0.01]
06-30 22:42:02 Train-Loss Source Classifier: 0.1300
06-30 22:42:02 Train-Acc Source Data: 0.9486
06-30 22:42:21 Val-Acc Target Data: 0.9591
06-30 22:42:21 The best model epoch 8, val-acc 0.9661
06-30 22:42:21 -----Epoch 11/30-----
06-30 22:42:21 current lr: [0.002, 0.002]
06-30 22:43:07 Train-Loss Source Classifier: 0.0799
06-30 22:43:07 Train-Acc Source Data: 0.9675
06-30 22:43:26 Val-Acc Target Data: 0.9919
06-30 22:43:27 The best model epoch 11, val-acc 0.9919
06-30 22:43:27 -----Epoch 12/30-----
06-30 22:43:27 current lr: [0.002, 0.002]
06-30 22:43:58 Train-Loss Source Classifier: 0.0636
06-30 22:43:58 Train-Acc Source Data: 0.9740
06-30 22:44:17 Val-Acc Target Data: 0.9903
06-30 22:44:17 The best model epoch 11, val-acc 0.9919
06-30 22:44:17 -----Epoch 13/30-----
06-30 22:44:17 current lr: [0.002, 0.002]
06-30 22:44:55 Train-Loss Source Classifier: 0.0569
06-30 22:44:55 Train-Acc Source Data: 0.9768
06-30 22:45:22 Val-Acc Target Data: 0.9935
06-30 22:45:23 The best model epoch 13, val-acc 0.9935
06-30 22:45:23 -----Epoch 14/30-----
06-30 22:45:23 current lr: [0.002, 0.002]
06-30 22:46:07 Train-Loss Source Classifier: 0.0526
06-30 22:46:07 Train-Acc Source Data: 0.9770
06-30 22:46:34 Val-Acc Target Data: 0.9935
06-30 22:46:35 The best model epoch 14, val-acc 0.9935
06-30 22:46:35 -----Epoch 15/30-----
06-30 22:46:35 current lr: [0.002, 0.002]
06-30 22:46:49 Train-Loss Source Classifier: 0.0519
06-30 22:46:49 Train-Acc Source Data: 0.9760
06-30 22:47:17 Val-Acc Target Data: 0.9930
06-30 22:47:18 The best model epoch 14, val-acc 0.9935
06-30 22:47:18 -----Epoch 16/30-----
06-30 22:47:18 current lr: [0.002, 0.002]
06-30 22:47:31 Train-Loss Source Classifier: 0.0497
06-30 22:47:31 Train-Acc Source Data: 0.9781
06-30 22:47:59 Val-Acc Target Data: 0.9952
06-30 22:48:00 The best model epoch 16, val-acc 0.9952
06-30 22:48:00 -----Epoch 17/30-----
06-30 22:48:00 current lr: [0.002, 0.002]
06-30 22:48:44 Train-Loss Source Classifier: 0.0475
06-30 22:48:44 Train-Acc Source Data: 0.9772
06-30 22:49:10 Val-Acc Target Data: 0.9941
06-30 22:49:11 The best model epoch 16, val-acc 0.9952
06-30 22:49:11 -----Epoch 18/30-----
06-30 22:49:11 current lr: [0.002, 0.002]
06-30 22:49:24 Train-Loss Source Classifier: 0.0403
06-30 22:49:24 Train-Acc Source Data: 0.9817
06-30 22:49:51 Val-Acc Target Data: 0.9962
06-30 22:49:52 The best model epoch 18, val-acc 0.9962
06-30 22:49:52 -----Epoch 19/30-----
06-30 22:49:52 current lr: [0.002, 0.002]
06-30 22:50:05 Train-Loss Source Classifier: 0.0453
06-30 22:50:05 Train-Acc Source Data: 0.9773
06-30 22:50:33 Val-Acc Target Data: 0.9968
06-30 22:50:34 The best model epoch 19, val-acc 0.9968
06-30 22:50:34 -----Epoch 20/30-----
06-30 22:50:34 current lr: [0.002, 0.002]
06-30 22:51:15 Train-Loss Source Classifier: 0.0482
06-30 22:51:15 Train-Acc Source Data: 0.9785
06-30 22:51:32 Val-Acc Target Data: 0.9973
06-30 22:51:33 The best model epoch 20, val-acc 0.9973
06-30 22:51:33 -----Epoch 21/30-----
06-30 22:51:33 current lr: [0.0004, 0.0004]
06-30 22:52:04 Train-Loss Source Classifier: 0.0366
06-30 22:52:04 Train-Acc Source Data: 0.9826
06-30 22:52:34 Val-Acc Target Data: 0.9978
06-30 22:52:35 The best model epoch 21, val-acc 0.9978
06-30 22:52:35 -----Epoch 22/30-----
06-30 22:52:35 current lr: [0.0004, 0.0004]
06-30 22:52:48 Train-Loss Source Classifier: 0.0389
06-30 22:52:48 Train-Acc Source Data: 0.9806
06-30 22:53:15 Val-Acc Target Data: 0.9978
06-30 22:53:16 The best model epoch 22, val-acc 0.9978
06-30 22:53:16 -----Epoch 23/30-----
06-30 22:53:16 current lr: [0.0004, 0.0004]
06-30 22:54:01 Train-Loss Source Classifier: 0.0401
06-30 22:54:01 Train-Acc Source Data: 0.9809
06-30 22:54:28 Val-Acc Target Data: 0.9968
06-30 22:54:29 The best model epoch 22, val-acc 0.9978
06-30 22:54:29 -----Epoch 24/30-----
06-30 22:54:29 current lr: [0.0004, 0.0004]
06-30 22:54:42 Train-Loss Source Classifier: 0.0354
06-30 22:54:42 Train-Acc Source Data: 0.9818
06-30 22:55:10 Val-Acc Target Data: 0.9984
06-30 22:55:10 The best model epoch 24, val-acc 0.9984
06-30 22:55:10 -----Epoch 25/30-----
06-30 22:55:10 current lr: [0.0004, 0.0004]
06-30 22:55:23 Train-Loss Source Classifier: 0.0398
06-30 22:55:23 Train-Acc Source Data: 0.9788
06-30 22:55:53 Val-Acc Target Data: 0.9984
06-30 22:55:54 The best model epoch 25, val-acc 0.9984
06-30 22:55:54 -----Epoch 26/30-----
06-30 22:55:54 current lr: [0.0004, 0.0004]
06-30 22:56:07 Train-Loss Source Classifier: 0.0372
06-30 22:56:07 Train-Acc Source Data: 0.9812
06-30 22:56:35 Val-Acc Target Data: 0.9984
06-30 22:56:36 The best model epoch 26, val-acc 0.9984
06-30 22:56:36 -----Epoch 27/30-----
06-30 22:56:36 current lr: [0.0004, 0.0004]
06-30 22:57:17 Train-Loss Source Classifier: 0.0347
06-30 22:57:17 Train-Acc Source Data: 0.9825
06-30 22:57:40 Val-Acc Target Data: 0.9995
06-30 22:57:40 The best model epoch 27, val-acc 0.9995
06-30 22:57:40 -----Epoch 28/30-----
06-30 22:57:40 current lr: [0.0004, 0.0004]
06-30 22:58:38 Train-Loss Source Classifier: 0.0354
06-30 22:58:38 Train-Acc Source Data: 0.9822
06-30 22:58:56 Val-Acc Target Data: 0.9984
06-30 22:58:57 The best model epoch 27, val-acc 0.9995
06-30 22:58:57 -----Epoch 29/30-----
06-30 22:58:57 current lr: [0.0004, 0.0004]
06-30 22:59:23 Train-Loss Source Classifier: 0.0363
06-30 22:59:23 Train-Acc Source Data: 0.9826
06-30 22:59:42 Val-Acc Target Data: 0.9973
06-30 22:59:43 The best model epoch 27, val-acc 0.9995
06-30 22:59:43 -----Epoch 30/30-----
06-30 22:59:43 current lr: [0.0004, 0.0004]
06-30 23:00:29 Train-Loss Source Classifier: 0.0362
06-30 23:00:29 Train-Acc Source Data: 0.9826
06-30 23:00:56 Val-Acc Target Data: 0.9978
06-30 23:00:57 The best model epoch 27, val-acc 0.9995
06-30 23:00:57 Model saved to ./ckpt\MixStyle\multi_source\[CWRU_0CWRU_1CWRU_3]To[CWRU_1]_0630-223229.pth
