06-30 21:50:55 model_name: MixStyle
06-30 21:50:55 source: CWRU_0,CWRU_1,CWRU_3
06-30 21:50:55 target: CWRU_1
06-30 21:50:55 data_dir: ./datasets
06-30 21:50:55 train_mode: multi_source
06-30 21:50:55 cuda_device: 0
06-30 21:50:55 save_dir: ./ckpt
06-30 21:50:55 max_epoch: 30
06-30 21:50:55 batch_size: 64
06-30 21:50:55 num_workers: 4
06-30 21:50:55 signal_size: 1024
06-30 21:50:55 random_state: 1
06-30 21:50:55 normlizetype: -1-1
06-30 21:50:55 opt: sgd
06-30 21:50:55 lr: 0.01
06-30 21:50:55 momentum: 0.9
06-30 21:50:55 betas: (0.9, 0.999)
06-30 21:50:55 weight_decay: 0.0005
06-30 21:50:55 lr_scheduler: stepLR
06-30 21:50:55 gamma: 0.2
06-30 21:50:55 steps: 10
06-30 21:50:55 tradeoff: ['exp', 'exp', 'exp']
06-30 21:50:55 dropout: 0.0
06-30 21:50:55 save: True
06-30 21:50:55 load_path: 
06-30 21:50:55 save_path: ./ckpt\MixStyle\multi_source\[CWRU_0CWRU_1CWRU_3]To[CWRU_1]_0630-215055
06-30 21:50:55 Detect 10 classes: ['B007', 'B014', 'B021', 'IR007', 'IR014', 'IR021', 'Normal', 'OR007', 'OR014', 'OR021']
06-30 21:50:55 using 1 / 1 gpus
06-30 21:50:58 Source set CWRU_0 number of samples 5668.
06-30 21:50:58 Source set CWRU_1 number of samples 9374.
06-30 21:50:58 Source set CWRU_3 number of samples 9492.
06-30 21:50:58 Training set number of samples 7495.
06-30 21:50:58 Validation set number of samples 1879.
06-30 21:52:40 -----Epoch 1/30-----
06-30 21:52:40 current lr: [0.01, 0.01]
06-30 21:52:57 Train-Loss Source Classifier: 1.6046
06-30 21:52:57 Train-Acc Source Data: 0.4379
06-30 21:53:16 Val-Acc Target Data: 0.6584
06-30 21:53:17 The best model epoch 1, val-acc 0.6584
06-30 21:53:17 -----Epoch 2/30-----
06-30 21:53:17 current lr: [0.01, 0.01]
06-30 21:53:41 Train-Loss Source Classifier: 0.8192
06-30 21:53:41 Train-Acc Source Data: 0.6970
06-30 21:53:59 Val-Acc Target Data: 0.8578
06-30 21:54:00 The best model epoch 2, val-acc 0.8578
06-30 21:54:00 -----Epoch 3/30-----
06-30 21:54:00 current lr: [0.01, 0.01]
06-30 21:54:36 Train-Loss Source Classifier: 0.5363
06-30 21:54:36 Train-Acc Source Data: 0.8017
06-30 21:54:55 Val-Acc Target Data: 0.8481
06-30 21:54:56 The best model epoch 2, val-acc 0.8578
06-30 21:54:56 -----Epoch 4/30-----
06-30 21:54:56 current lr: [0.01, 0.01]
06-30 21:55:45 Train-Loss Source Classifier: 0.3480
06-30 21:55:45 Train-Acc Source Data: 0.8757
06-30 21:56:07 Val-Acc Target Data: 0.9407
06-30 21:56:08 The best model epoch 4, val-acc 0.9407
06-30 21:56:08 -----Epoch 5/30-----
06-30 21:56:08 current lr: [0.01, 0.01]
06-30 21:56:34 Train-Loss Source Classifier: 0.2504
06-30 21:56:34 Train-Acc Source Data: 0.9100
06-30 21:57:05 Val-Acc Target Data: 0.9289
06-30 21:57:06 The best model epoch 4, val-acc 0.9407
06-30 21:57:06 -----Epoch 6/30-----
06-30 21:57:06 current lr: [0.01, 0.01]
06-30 21:57:20 Train-Loss Source Classifier: 0.2515
06-30 21:57:20 Train-Acc Source Data: 0.9104
06-30 21:57:52 Val-Acc Target Data: 0.9526
06-30 21:57:53 The best model epoch 6, val-acc 0.9526
06-30 21:57:53 -----Epoch 7/30-----
06-30 21:57:53 current lr: [0.01, 0.01]
06-30 21:58:42 Train-Loss Source Classifier: 0.1833
06-30 21:58:42 Train-Acc Source Data: 0.9298
06-30 21:59:12 Val-Acc Target Data: 0.9591
06-30 21:59:13 The best model epoch 7, val-acc 0.9591
06-30 21:59:13 -----Epoch 8/30-----
06-30 21:59:13 current lr: [0.01, 0.01]
06-30 21:59:28 Train-Loss Source Classifier: 0.1576
06-30 21:59:28 Train-Acc Source Data: 0.9410
06-30 22:00:00 Val-Acc Target Data: 0.9483
06-30 22:00:00 The best model epoch 7, val-acc 0.9591
06-30 22:00:00 -----Epoch 9/30-----
06-30 22:00:00 current lr: [0.01, 0.01]
06-30 22:00:18 Train-Loss Source Classifier: 0.1264
06-30 22:00:18 Train-Acc Source Data: 0.9513
06-30 22:00:43 Val-Acc Target Data: 0.9731
06-30 22:00:43 The best model epoch 9, val-acc 0.9731
06-30 22:00:43 -----Epoch 10/30-----
06-30 22:00:43 current lr: [0.01, 0.01]
06-30 22:02:12 Train-Loss Source Classifier: 0.1164
06-30 22:02:12 Train-Acc Source Data: 0.9558
06-30 22:02:33 Val-Acc Target Data: 0.9860
06-30 22:02:34 The best model epoch 10, val-acc 0.9860
06-30 22:02:34 -----Epoch 11/30-----
06-30 22:02:34 current lr: [0.002, 0.002]
06-30 22:03:20 Train-Loss Source Classifier: 0.0650
06-30 22:03:20 Train-Acc Source Data: 0.9725
06-30 22:03:40 Val-Acc Target Data: 0.9935
06-30 22:03:41 The best model epoch 11, val-acc 0.9935
06-30 22:03:41 -----Epoch 12/30-----
06-30 22:03:41 current lr: [0.002, 0.002]
06-30 22:04:27 Train-Loss Source Classifier: 0.0533
06-30 22:04:27 Train-Acc Source Data: 0.9768
06-30 22:04:46 Val-Acc Target Data: 0.9952
06-30 22:04:46 The best model epoch 12, val-acc 0.9952
06-30 22:04:46 -----Epoch 13/30-----
06-30 22:04:46 current lr: [0.002, 0.002]
06-30 22:05:39 Train-Loss Source Classifier: 0.0537
06-30 22:05:39 Train-Acc Source Data: 0.9770
06-30 22:05:58 Val-Acc Target Data: 0.9957
06-30 22:05:59 The best model epoch 13, val-acc 0.9957
06-30 22:05:59 -----Epoch 14/30-----
06-30 22:05:59 current lr: [0.002, 0.002]
06-30 22:06:49 Train-Loss Source Classifier: 0.0503
06-30 22:06:49 Train-Acc Source Data: 0.9762
06-30 22:07:16 Val-Acc Target Data: 0.9957
06-30 22:07:17 The best model epoch 14, val-acc 0.9957
06-30 22:07:17 -----Epoch 15/30-----
06-30 22:07:17 current lr: [0.002, 0.002]
06-30 22:07:31 Train-Loss Source Classifier: 0.0447
06-30 22:07:31 Train-Acc Source Data: 0.9780
06-30 22:07:59 Val-Acc Target Data: 0.9957
06-30 22:08:00 The best model epoch 15, val-acc 0.9957
06-30 22:08:00 -----Epoch 16/30-----
06-30 22:08:00 current lr: [0.002, 0.002]
06-30 22:08:14 Train-Loss Source Classifier: 0.0440
06-30 22:08:14 Train-Acc Source Data: 0.9806
06-30 22:08:42 Val-Acc Target Data: 0.9957
06-30 22:08:43 The best model epoch 16, val-acc 0.9957
06-30 22:08:43 -----Epoch 17/30-----
06-30 22:08:43 current lr: [0.002, 0.002]
06-30 22:09:27 Train-Loss Source Classifier: 0.0417
06-30 22:09:27 Train-Acc Source Data: 0.9805
06-30 22:09:55 Val-Acc Target Data: 0.9946
06-30 22:09:55 The best model epoch 16, val-acc 0.9957
06-30 22:09:55 -----Epoch 18/30-----
06-30 22:09:55 current lr: [0.002, 0.002]
06-30 22:10:11 Train-Loss Source Classifier: 0.0432
06-30 22:10:11 Train-Acc Source Data: 0.9788
06-30 22:10:35 Val-Acc Target Data: 0.9973
06-30 22:10:36 The best model epoch 18, val-acc 0.9973
06-30 22:10:36 -----Epoch 19/30-----
06-30 22:10:36 current lr: [0.002, 0.002]
06-30 22:11:53 Train-Loss Source Classifier: 0.0379
06-30 22:11:53 Train-Acc Source Data: 0.9829
06-30 22:12:11 Val-Acc Target Data: 0.9973
06-30 22:12:12 The best model epoch 19, val-acc 0.9973
06-30 22:12:12 -----Epoch 20/30-----
06-30 22:12:12 current lr: [0.002, 0.002]
06-30 22:13:07 Train-Loss Source Classifier: 0.0407
06-30 22:13:07 Train-Acc Source Data: 0.9817
06-30 22:13:25 Val-Acc Target Data: 0.9978
06-30 22:13:26 The best model epoch 20, val-acc 0.9978
06-30 22:13:26 -----Epoch 21/30-----
06-30 22:13:26 current lr: [0.0004, 0.0004]
06-30 22:14:08 Train-Loss Source Classifier: 0.0349
06-30 22:14:08 Train-Acc Source Data: 0.9837
06-30 22:14:27 Val-Acc Target Data: 0.9995
06-30 22:14:28 The best model epoch 21, val-acc 0.9995
06-30 22:14:28 -----Epoch 22/30-----
06-30 22:14:28 current lr: [0.0004, 0.0004]
06-30 22:14:56 Train-Loss Source Classifier: 0.0334
06-30 22:14:56 Train-Acc Source Data: 0.9840
06-30 22:15:24 Val-Acc Target Data: 0.9989
06-30 22:15:25 The best model epoch 21, val-acc 0.9995
06-30 22:15:25 -----Epoch 23/30-----
06-30 22:15:25 current lr: [0.0004, 0.0004]
06-30 22:16:09 Train-Loss Source Classifier: 0.0341
06-30 22:16:09 Train-Acc Source Data: 0.9802
06-30 22:16:38 Val-Acc Target Data: 0.9989
06-30 22:16:39 The best model epoch 21, val-acc 0.9995
06-30 22:16:39 -----Epoch 24/30-----
06-30 22:16:39 current lr: [0.0004, 0.0004]
06-30 22:16:53 Train-Loss Source Classifier: 0.0317
06-30 22:16:53 Train-Acc Source Data: 0.9834
06-30 22:17:20 Val-Acc Target Data: 0.9984
06-30 22:17:21 The best model epoch 21, val-acc 0.9995
06-30 22:17:21 -----Epoch 25/30-----
06-30 22:17:21 current lr: [0.0004, 0.0004]
06-30 22:17:34 Train-Loss Source Classifier: 0.0353
06-30 22:17:34 Train-Acc Source Data: 0.9826
06-30 22:18:02 Val-Acc Target Data: 0.9995
06-30 22:18:03 The best model epoch 25, val-acc 0.9995
06-30 22:18:03 -----Epoch 26/30-----
06-30 22:18:03 current lr: [0.0004, 0.0004]
06-30 22:18:16 Train-Loss Source Classifier: 0.0348
06-30 22:18:16 Train-Acc Source Data: 0.9812
06-30 22:18:44 Val-Acc Target Data: 0.9984
06-30 22:18:45 The best model epoch 25, val-acc 0.9995
06-30 22:18:45 -----Epoch 27/30-----
06-30 22:18:45 current lr: [0.0004, 0.0004]
06-30 22:19:27 Train-Loss Source Classifier: 0.0304
06-30 22:19:27 Train-Acc Source Data: 0.9850
06-30 22:19:46 Val-Acc Target Data: 0.9995
06-30 22:19:47 The best model epoch 27, val-acc 0.9995
06-30 22:19:47 -----Epoch 28/30-----
06-30 22:19:47 current lr: [0.0004, 0.0004]
06-30 22:20:37 Train-Loss Source Classifier: 0.0343
06-30 22:20:37 Train-Acc Source Data: 0.9810
06-30 22:21:05 Val-Acc Target Data: 0.9984
06-30 22:21:06 The best model epoch 27, val-acc 0.9995
06-30 22:21:06 -----Epoch 29/30-----
06-30 22:21:06 current lr: [0.0004, 0.0004]
06-30 22:21:19 Train-Loss Source Classifier: 0.0340
06-30 22:21:19 Train-Acc Source Data: 0.9820
06-30 22:21:47 Val-Acc Target Data: 0.9984
06-30 22:21:48 The best model epoch 27, val-acc 0.9995
06-30 22:21:48 -----Epoch 30/30-----
06-30 22:21:48 current lr: [0.0004, 0.0004]
06-30 22:22:33 Train-Loss Source Classifier: 0.0340
06-30 22:22:33 Train-Acc Source Data: 0.9806
06-30 22:23:00 Val-Acc Target Data: 0.9995
06-30 22:23:01 The best model epoch 30, val-acc 0.9995
06-30 22:23:01 Model saved to ./ckpt\MixStyle\multi_source\[CWRU_0CWRU_1CWRU_3]To[CWRU_1]_0630-215055.pth
