07-03 16:43:23 model_name: MFSAN
07-03 16:43:23 source: CWRU_0,CWRU_1,CWRU_2
07-03 16:43:23 target: CWRU_3
07-03 16:43:23 data_dir: ./datasets
07-03 16:43:23 train_mode: multi_source
07-03 16:43:23 cuda_device: 0
07-03 16:43:23 save_dir: ./ckpt
07-03 16:43:23 max_epoch: 30
07-03 16:43:23 batch_size: 64
07-03 16:43:23 num_workers: 4
07-03 16:43:23 signal_size: 1024
07-03 16:43:23 random_state: 1
07-03 16:43:23 normlizetype: -1-1
07-03 16:43:23 opt: sgd
07-03 16:43:23 lr: 0.01
07-03 16:43:23 momentum: 0.9
07-03 16:43:23 betas: (0.9, 0.999)
07-03 16:43:23 weight_decay: 0.0005
07-03 16:43:23 lr_scheduler: stepLR
07-03 16:43:23 gamma: 0.2
07-03 16:43:23 steps: 10
07-03 16:43:23 tradeoff: ['exp', 'exp', 'exp']
07-03 16:43:23 dropout: 0.0
07-03 16:43:23 save: True
07-03 16:43:23 load_path: 
07-03 16:43:23 save_path: ./ckpt\MFSAN\multi_source\[CWRU_0CWRU_1CWRU_2]To[CWRU_3]_0703-164323
07-03 16:43:23 Detect 10 classes: ['B007', 'B014', 'B021', 'IR007', 'IR014', 'IR021', 'Normal', 'OR007', 'OR014', 'OR021']
07-03 16:43:23 using 1 / 1 gpus
07-03 16:43:25 Source set CWRU_0 number of samples 5668.
07-03 16:43:25 Source set CWRU_1 number of samples 9374.
07-03 16:43:25 Source set CWRU_2 number of samples 9488.
07-03 16:43:25 Training set number of samples 7590.
07-03 16:43:25 Validation set number of samples 1902.
07-03 16:44:55 -----Epoch 1/30-----
07-03 16:44:55 current lr: [0.01, 0.01]
07-03 16:47:14 Train-Loss Source Classifier: 1.6069
07-03 16:47:14 Train-Loss MMD: 0.1140
07-03 16:47:14 Train-Loss L1: 0.0391
07-03 16:47:14 Train-Acc Source Data: 0.4306
07-03 16:47:57 Val-Acc Target Data: 0.5819
07-03 16:47:58 The best model epoch 1, val-acc 0.5819
07-03 16:47:58 -----Epoch 2/30-----
07-03 16:47:58 current lr: [0.01, 0.01]
07-03 16:50:02 Train-Loss Source Classifier: 0.7196
07-03 16:50:02 Train-Loss MMD: 0.1248
07-03 16:50:02 Train-Loss L1: 0.0530
07-03 16:50:02 Train-Acc Source Data: 0.7300
07-03 16:50:43 Val-Acc Target Data: 0.6880
07-03 16:50:43 The best model epoch 2, val-acc 0.6880
07-03 16:50:43 -----Epoch 3/30-----
07-03 16:50:43 current lr: [0.01, 0.01]
07-03 16:53:52 Train-Loss Source Classifier: 0.4183
07-03 16:53:52 Train-Loss MMD: 0.1199
07-03 16:53:52 Train-Loss L1: 0.0455
07-03 16:53:52 Train-Acc Source Data: 0.8394
07-03 16:54:29 Val-Acc Target Data: 0.8109
07-03 16:54:30 The best model epoch 3, val-acc 0.8109
07-03 16:54:30 -----Epoch 4/30-----
07-03 16:54:30 current lr: [0.01, 0.01]
07-03 16:58:17 Train-Loss Source Classifier: 0.2586
07-03 16:58:17 Train-Loss MMD: 0.1149
07-03 16:58:17 Train-Loss L1: 0.0381
07-03 16:58:17 Train-Acc Source Data: 0.9020
07-03 16:58:53 Val-Acc Target Data: 0.7877
07-03 16:58:54 The best model epoch 3, val-acc 0.8109
07-03 16:58:54 -----Epoch 5/30-----
07-03 16:58:54 current lr: [0.01, 0.01]
07-03 17:03:07 Train-Loss Source Classifier: 0.1809
07-03 17:03:07 Train-Loss MMD: 0.1126
07-03 17:03:07 Train-Loss L1: 0.0310
07-03 17:03:07 Train-Acc Source Data: 0.9281
07-03 17:04:07 Val-Acc Target Data: 0.8863
07-03 17:04:08 The best model epoch 5, val-acc 0.8863
07-03 17:04:08 -----Epoch 6/30-----
07-03 17:04:08 current lr: [0.01, 0.01]
07-03 17:06:25 Train-Loss Source Classifier: 0.1425
07-03 17:06:25 Train-Loss MMD: 0.1122
07-03 17:06:25 Train-Loss L1: 0.0290
07-03 17:06:25 Train-Acc Source Data: 0.9392
07-03 17:07:02 Val-Acc Target Data: 0.8572
07-03 17:07:03 The best model epoch 5, val-acc 0.8863
07-03 17:07:03 -----Epoch 7/30-----
07-03 17:07:03 current lr: [0.01, 0.01]
07-03 17:09:35 Train-Loss Source Classifier: 0.1162
07-03 17:09:35 Train-Loss MMD: 0.1087
07-03 17:09:35 Train-Loss L1: 0.0236
07-03 17:09:35 Train-Acc Source Data: 0.9492
07-03 17:10:10 Val-Acc Target Data: 0.9122
07-03 17:10:11 The best model epoch 7, val-acc 0.9122
07-03 17:10:11 -----Epoch 8/30-----
07-03 17:10:11 current lr: [0.01, 0.01]
