06-10 23:08:16 model_name: ADACL
06-10 23:08:16 source: CWRU
06-10 23:08:16 target: MFPT
06-10 23:08:16 data_dir: ./datasets
06-10 23:08:16 train_mode: single_source
06-10 23:08:16 cuda_device: 0
06-10 23:08:16 save_dir: ./ckpt
06-10 23:08:16 max_epoch: 30
06-10 23:08:16 batch_size: 64
06-10 23:08:16 num_workers: 4
06-10 23:08:16 signal_size: 1024
06-10 23:08:16 random_state: 1
06-10 23:08:16 normlizetype: -1-1
06-10 23:08:16 opt: sgd
06-10 23:08:16 lr: 0.01
06-10 23:08:16 momentum: 0.9
06-10 23:08:16 betas: (0.9, 0.999)
06-10 23:08:16 weight_decay: 0.0005
06-10 23:08:16 lr_scheduler: stepLR
06-10 23:08:16 gamma: 0.2
06-10 23:08:16 steps: 10
06-10 23:08:16 tradeoff: ['exp', 'exp', 'exp']
06-10 23:08:16 dropout: 0.0
06-10 23:08:16 save: True
06-10 23:08:16 load_path: 
06-10 23:08:16 save_path: ./ckpt\ADACL\single_source\[CWRU]To[MFPT]_0610-230816
06-10 23:08:16 Detect 3 classes: ['inner', 'normal', 'outer']
06-10 23:08:16 using 1 / 1 gpus
06-10 23:08:17 Source set CWRU number of samples 26187.
06-10 23:08:18 Training set number of samples 2973.
06-10 23:08:18 Validation set number of samples 745.
06-10 23:09:05 -----Epoch 1/30-----
06-10 23:09:05 current lr: [0.01, 0.01, 0.01]
06-10 23:09:57 Train-Loss Source Classifier: 0.5437
06-10 23:09:57 Train-Loss Discriminator: 0.6982
06-10 23:09:57 Train-Loss L1: 0.0000
06-10 23:09:57 Train-Acc Source Data: 0.7575
06-10 23:09:57 Train-Acc Discriminator: 0.5000
06-10 23:10:15 Val-Acc Target Data: 0.1690
06-10 23:10:15 The best model epoch 1, val-acc 0.1690
06-10 23:10:15 -----Epoch 2/30-----
06-10 23:10:15 current lr: [0.01, 0.01, 0.01]
06-10 23:11:15 Train-Loss Source Classifier: 0.2450
06-10 23:11:15 Train-Loss Discriminator: 0.5297
06-10 23:11:15 Train-Loss L1: 0.0000
06-10 23:11:15 Train-Acc Source Data: 0.9062
06-10 23:11:15 Train-Acc Discriminator: 0.7826
06-10 23:11:47 Val-Acc Target Data: 0.2415
06-10 23:11:47 The best model epoch 2, val-acc 0.2415
06-10 23:11:47 -----Epoch 3/30-----
06-10 23:11:47 current lr: [0.01, 0.01, 0.01]
06-10 23:12:58 Train-Loss Source Classifier: 0.1304
06-10 23:12:58 Train-Loss Discriminator: 0.5579
06-10 23:12:58 Train-Loss L1: 0.0000
06-10 23:12:58 Train-Acc Source Data: 0.9518
06-10 23:12:58 Train-Acc Discriminator: 0.7289
06-10 23:13:29 Val-Acc Target Data: 0.4901
06-10 23:13:30 The best model epoch 3, val-acc 0.4901
06-10 23:13:30 -----Epoch 4/30-----
06-10 23:13:30 current lr: [0.01, 0.01, 0.01]
06-10 23:14:38 Train-Loss Source Classifier: 0.1787
06-10 23:14:38 Train-Loss Discriminator: 0.6051
06-10 23:14:38 Train-Loss L1: 0.0000
06-10 23:14:38 Train-Acc Source Data: 0.9331
06-10 23:14:38 Train-Acc Discriminator: 0.6822
06-10 23:15:12 Val-Acc Target Data: 0.3494
06-10 23:15:13 The best model epoch 3, val-acc 0.4901
06-10 23:15:13 -----Epoch 5/30-----
06-10 23:15:13 current lr: [0.01, 0.01, 0.01]
06-10 23:16:20 Train-Loss Source Classifier: 0.2195
06-10 23:16:20 Train-Loss Discriminator: 0.6509
06-10 23:16:20 Train-Loss L1: 0.0000
06-10 23:16:20 Train-Acc Source Data: 0.9161
06-10 23:16:20 Train-Acc Discriminator: 0.6357
06-10 23:16:54 Val-Acc Target Data: 0.7159
06-10 23:16:54 The best model epoch 5, val-acc 0.7159
06-10 23:16:54 -----Epoch 6/30-----
06-10 23:16:54 current lr: [0.01, 0.01, 0.01]
06-10 23:18:04 Train-Loss Source Classifier: 0.1725
06-10 23:18:04 Train-Loss Discriminator: 0.5795
06-10 23:18:04 Train-Loss L1: 0.0000
06-10 23:18:04 Train-Acc Source Data: 0.9338
06-10 23:18:04 Train-Acc Discriminator: 0.6907
06-10 23:18:37 Val-Acc Target Data: 0.1989
06-10 23:18:38 The best model epoch 5, val-acc 0.7159
06-10 23:18:38 -----Epoch 7/30-----
06-10 23:18:38 current lr: [0.01, 0.01, 0.01]
06-10 23:19:40 Train-Loss Source Classifier: 0.1425
06-10 23:19:40 Train-Loss Discriminator: 0.4313
06-10 23:19:40 Train-Loss L1: 0.0000
06-10 23:19:40 Train-Acc Source Data: 0.9429
06-10 23:19:40 Train-Acc Discriminator: 0.8176
06-10 23:20:08 Val-Acc Target Data: 0.6804
06-10 23:20:09 The best model epoch 5, val-acc 0.7159
06-10 23:20:09 -----Epoch 8/30-----
06-10 23:20:09 current lr: [0.01, 0.01, 0.01]
06-10 23:21:12 Train-Loss Source Classifier: 0.1540
06-10 23:21:12 Train-Loss Discriminator: 0.5796
06-10 23:21:12 Train-Loss L1: 0.0000
06-10 23:21:12 Train-Acc Source Data: 0.9453
06-10 23:21:12 Train-Acc Discriminator: 0.7077
06-10 23:21:39 Val-Acc Target Data: 0.5270
06-10 23:21:40 The best model epoch 5, val-acc 0.7159
06-10 23:21:40 -----Epoch 9/30-----
06-10 23:21:40 current lr: [0.01, 0.01, 0.01]
06-10 23:23:07 Train-Loss Source Classifier: 0.1638
06-10 23:23:07 Train-Loss Discriminator: 0.6077
06-10 23:23:07 Train-Loss L1: 0.0000
06-10 23:23:07 Train-Acc Source Data: 0.9389
06-10 23:23:07 Train-Acc Discriminator: 0.6960
06-10 23:23:26 Val-Acc Target Data: 0.4574
06-10 23:23:26 The best model epoch 5, val-acc 0.7159
06-10 23:23:26 -----Epoch 10/30-----
06-10 23:23:26 current lr: [0.01, 0.01, 0.01]
06-10 23:24:32 Train-Loss Source Classifier: 0.1491
06-10 23:24:32 Train-Loss Discriminator: 0.5837
06-10 23:24:32 Train-Loss L1: 0.0000
06-10 23:24:32 Train-Acc Source Data: 0.9361
06-10 23:24:32 Train-Acc Discriminator: 0.7041
06-10 23:25:01 Val-Acc Target Data: 0.5838
06-10 23:25:02 The best model epoch 5, val-acc 0.7159
06-10 23:25:02 -----Epoch 11/30-----
06-10 23:25:02 current lr: [0.002, 0.002, 0.002]
06-10 23:25:45 Train-Loss Source Classifier: 0.1128
06-10 23:25:45 Train-Loss Discriminator: 0.4726
06-10 23:25:45 Train-Loss L1: 0.0000
06-10 23:25:45 Train-Acc Source Data: 0.9586
06-10 23:25:45 Train-Acc Discriminator: 0.7770
06-10 23:26:13 Val-Acc Target Data: 0.5384
06-10 23:26:14 The best model epoch 5, val-acc 0.7159
06-10 23:26:14 -----Epoch 12/30-----
06-10 23:26:14 current lr: [0.002, 0.002, 0.002]
06-10 23:26:53 Train-Loss Source Classifier: 0.1011
06-10 23:26:53 Train-Loss Discriminator: 0.5779
06-10 23:26:53 Train-Loss L1: 0.0000
06-10 23:26:53 Train-Acc Source Data: 0.9616
06-10 23:26:53 Train-Acc Discriminator: 0.7082
06-10 23:27:22 Val-Acc Target Data: 0.7330
06-10 23:27:23 The best model epoch 12, val-acc 0.7330
06-10 23:27:23 -----Epoch 13/30-----
06-10 23:27:23 current lr: [0.002, 0.002, 0.002]
06-10 23:28:00 Train-Loss Source Classifier: 0.0847
06-10 23:28:00 Train-Loss Discriminator: 0.5170
06-10 23:28:00 Train-Loss L1: 0.0000
06-10 23:28:00 Train-Acc Source Data: 0.9725
06-10 23:28:00 Train-Acc Discriminator: 0.7666
06-10 23:28:17 Val-Acc Target Data: 0.5909
06-10 23:28:17 The best model epoch 12, val-acc 0.7330
06-10 23:28:17 -----Epoch 14/30-----
06-10 23:28:17 current lr: [0.002, 0.002, 0.002]
06-10 23:29:31 Train-Loss Source Classifier: 0.1002
06-10 23:29:31 Train-Loss Discriminator: 0.5348
06-10 23:29:31 Train-Loss L1: 0.0000
06-10 23:29:31 Train-Acc Source Data: 0.9681
06-10 23:29:31 Train-Acc Discriminator: 0.7531
06-10 23:29:49 Val-Acc Target Data: 0.2173
06-10 23:29:50 The best model epoch 12, val-acc 0.7330
06-10 23:29:50 -----Epoch 15/30-----
06-10 23:29:50 current lr: [0.002, 0.002, 0.002]
06-10 23:30:42 Train-Loss Source Classifier: 0.0706
06-10 23:30:42 Train-Loss Discriminator: 0.5055
06-10 23:30:42 Train-Loss L1: 0.0000
06-10 23:30:42 Train-Acc Source Data: 0.9749
06-10 23:30:42 Train-Acc Discriminator: 0.7407
06-10 23:31:01 Val-Acc Target Data: 0.7116
06-10 23:31:01 The best model epoch 12, val-acc 0.7330
06-10 23:31:01 -----Epoch 16/30-----
06-10 23:31:01 current lr: [0.002, 0.002, 0.002]
06-10 23:31:37 Train-Loss Source Classifier: 0.0855
06-10 23:31:37 Train-Loss Discriminator: 0.5805
06-10 23:31:37 Train-Loss L1: 0.0000
06-10 23:31:37 Train-Acc Source Data: 0.9684
06-10 23:31:37 Train-Acc Discriminator: 0.7072
06-10 23:31:55 Val-Acc Target Data: 0.7301
06-10 23:31:56 The best model epoch 12, val-acc 0.7330
06-10 23:31:56 -----Epoch 17/30-----
06-10 23:31:56 current lr: [0.002, 0.002, 0.002]
06-10 23:32:37 Train-Loss Source Classifier: 0.0785
06-10 23:32:37 Train-Loss Discriminator: 0.5244
06-10 23:32:37 Train-Loss L1: 0.0000
06-10 23:32:37 Train-Acc Source Data: 0.9691
06-10 23:32:37 Train-Acc Discriminator: 0.7666
06-10 23:32:56 Val-Acc Target Data: 0.5384
06-10 23:32:57 The best model epoch 12, val-acc 0.7330
06-10 23:32:57 -----Epoch 18/30-----
06-10 23:32:57 current lr: [0.002, 0.002, 0.002]
06-10 23:34:04 Train-Loss Source Classifier: 0.0617
06-10 23:34:04 Train-Loss Discriminator: 0.5171
06-10 23:34:04 Train-Loss L1: 0.0000
06-10 23:34:04 Train-Acc Source Data: 0.9806
06-10 23:34:04 Train-Acc Discriminator: 0.7422
06-10 23:34:23 Val-Acc Target Data: 0.6705
06-10 23:34:24 The best model epoch 12, val-acc 0.7330
06-10 23:34:24 -----Epoch 19/30-----
06-10 23:34:24 current lr: [0.002, 0.002, 0.002]
06-10 23:35:00 Train-Loss Source Classifier: 0.1038
06-10 23:35:00 Train-Loss Discriminator: 0.5499
06-10 23:35:00 Train-Loss L1: 0.0000
06-10 23:35:00 Train-Acc Source Data: 0.9650
06-10 23:35:00 Train-Acc Discriminator: 0.7332
06-10 23:35:33 Val-Acc Target Data: 0.7230
06-10 23:35:35 The best model epoch 12, val-acc 0.7330
06-10 23:35:35 -----Epoch 20/30-----
06-10 23:35:35 current lr: [0.002, 0.002, 0.002]
06-10 23:36:17 Train-Loss Source Classifier: 0.0729
06-10 23:36:17 Train-Loss Discriminator: 0.4431
06-10 23:36:17 Train-Loss L1: 0.0000
06-10 23:36:17 Train-Acc Source Data: 0.9732
06-10 23:36:17 Train-Acc Discriminator: 0.8047
06-10 23:36:44 Val-Acc Target Data: 0.4517
06-10 23:36:45 The best model epoch 12, val-acc 0.7330
06-10 23:36:45 -----Epoch 21/30-----
06-10 23:36:45 current lr: [0.0004, 0.0004, 0.0004]
06-10 23:37:24 Train-Loss Source Classifier: 0.0635
06-10 23:37:24 Train-Loss Discriminator: 0.5836
06-10 23:37:24 Train-Loss L1: 0.0000
06-10 23:37:24 Train-Acc Source Data: 0.9806
06-10 23:37:24 Train-Acc Discriminator: 0.7201
06-10 23:37:53 Val-Acc Target Data: 0.5540
06-10 23:37:54 The best model epoch 12, val-acc 0.7330
06-10 23:37:54 -----Epoch 22/30-----
06-10 23:37:54 current lr: [0.0004, 0.0004, 0.0004]
06-10 23:38:31 Train-Loss Source Classifier: 0.0544
06-10 23:38:31 Train-Loss Discriminator: 0.6375
06-10 23:38:31 Train-Loss L1: 0.0000
06-10 23:38:31 Train-Acc Source Data: 0.9789
06-10 23:38:31 Train-Acc Discriminator: 0.6462
06-10 23:38:50 Val-Acc Target Data: 0.4432
06-10 23:38:50 The best model epoch 12, val-acc 0.7330
06-10 23:38:50 -----Epoch 23/30-----
06-10 23:38:50 current lr: [0.0004, 0.0004, 0.0004]
06-10 23:39:45 Train-Loss Source Classifier: 0.0624
06-10 23:39:45 Train-Loss Discriminator: 0.6378
06-10 23:39:45 Train-Loss L1: 0.0000
06-10 23:39:45 Train-Acc Source Data: 0.9813
06-10 23:39:45 Train-Acc Discriminator: 0.6226
06-10 23:40:04 Val-Acc Target Data: 0.4361
06-10 23:40:05 The best model epoch 12, val-acc 0.7330
06-10 23:40:05 -----Epoch 24/30-----
06-10 23:40:05 current lr: [0.0004, 0.0004, 0.0004]
06-10 23:40:36 Train-Loss Source Classifier: 0.0578
06-10 23:40:36 Train-Loss Discriminator: 0.6013
06-10 23:40:36 Train-Loss L1: 0.0000
06-10 23:40:36 Train-Acc Source Data: 0.9813
06-10 23:40:36 Train-Acc Discriminator: 0.6873
06-10 23:40:54 Val-Acc Target Data: 0.4972
06-10 23:40:54 The best model epoch 12, val-acc 0.7330
06-10 23:40:54 -----Epoch 25/30-----
06-10 23:40:54 current lr: [0.0004, 0.0004, 0.0004]
06-10 23:41:28 Train-Loss Source Classifier: 0.0495
06-10 23:41:28 Train-Loss Discriminator: 0.5301
06-10 23:41:28 Train-Loss L1: 0.0000
06-10 23:41:28 Train-Acc Source Data: 0.9837
06-10 23:41:28 Train-Acc Discriminator: 0.7432
06-10 23:41:46 Val-Acc Target Data: 0.4616
06-10 23:41:47 The best model epoch 12, val-acc 0.7330
06-10 23:41:47 -----Epoch 26/30-----
06-10 23:41:47 current lr: [0.0004, 0.0004, 0.0004]
06-10 23:42:42 Train-Loss Source Classifier: 0.0576
06-10 23:42:42 Train-Loss Discriminator: 0.4660
06-10 23:42:42 Train-Loss L1: 0.0000
06-10 23:42:42 Train-Acc Source Data: 0.9813
06-10 23:42:42 Train-Acc Discriminator: 0.8139
06-10 23:43:11 Val-Acc Target Data: 0.4616
06-10 23:43:12 The best model epoch 12, val-acc 0.7330
06-10 23:43:12 -----Epoch 27/30-----
06-10 23:43:12 current lr: [0.0004, 0.0004, 0.0004]
06-10 23:44:20 Train-Loss Source Classifier: 0.0566
06-10 23:44:20 Train-Loss Discriminator: 0.4396
06-10 23:44:20 Train-Loss L1: 0.0000
06-10 23:44:20 Train-Acc Source Data: 0.9810
06-10 23:44:20 Train-Acc Discriminator: 0.8378
06-10 23:44:37 Val-Acc Target Data: 0.5185
06-10 23:44:37 The best model epoch 12, val-acc 0.7330
06-10 23:44:37 -----Epoch 28/30-----
06-10 23:44:37 current lr: [0.0004, 0.0004, 0.0004]
06-10 23:45:44 Train-Loss Source Classifier: 0.0584
06-10 23:45:44 Train-Loss Discriminator: 0.4813
06-10 23:45:44 Train-Loss L1: 0.0000
06-10 23:45:44 Train-Acc Source Data: 0.9789
06-10 23:45:44 Train-Acc Discriminator: 0.7933
06-10 23:46:03 Val-Acc Target Data: 0.6179
06-10 23:46:03 The best model epoch 12, val-acc 0.7330
06-10 23:46:03 -----Epoch 29/30-----
06-10 23:46:03 current lr: [0.0004, 0.0004, 0.0004]
06-10 23:46:34 Train-Loss Source Classifier: 0.0543
06-10 23:46:34 Train-Loss Discriminator: 0.5612
06-10 23:46:34 Train-Loss L1: 0.0000
06-10 23:46:34 Train-Acc Source Data: 0.9810
06-10 23:46:34 Train-Acc Discriminator: 0.6984
06-10 23:46:53 Val-Acc Target Data: 0.6648
06-10 23:46:54 The best model epoch 12, val-acc 0.7330
06-10 23:46:54 -----Epoch 30/30-----
06-10 23:46:54 current lr: [0.0004, 0.0004, 0.0004]
06-10 23:47:24 Train-Loss Source Classifier: 0.0643
06-10 23:47:24 Train-Loss Discriminator: 0.5331
06-10 23:47:24 Train-Loss L1: 0.0000
06-10 23:47:24 Train-Acc Source Data: 0.9800
06-10 23:47:24 Train-Acc Discriminator: 0.7400
06-10 23:47:45 Val-Acc Target Data: 0.6747
06-10 23:47:45 The best model epoch 12, val-acc 0.7330
06-10 23:47:45 Model saved to ./ckpt\ADACL\single_source\[CWRU]To[MFPT]_0610-230816.pth
