06-11 09:06:03 model_name: ADACL
06-11 09:06:03 source: MFPT
06-11 09:06:03 target: CWRU
06-11 09:06:03 data_dir: ./datasets
06-11 09:06:03 train_mode: single_source
06-11 09:06:03 cuda_device: 0
06-11 09:06:03 save_dir: ./ckpt
06-11 09:06:03 max_epoch: 30
06-11 09:06:03 batch_size: 64
06-11 09:06:03 num_workers: 4
06-11 09:06:03 signal_size: 1024
06-11 09:06:03 random_state: 1
06-11 09:06:03 normlizetype: -1-1
06-11 09:06:03 opt: sgd
06-11 09:06:03 lr: 0.01
06-11 09:06:03 momentum: 0.9
06-11 09:06:03 betas: (0.9, 0.999)
06-11 09:06:03 weight_decay: 0.0005
06-11 09:06:03 lr_scheduler: stepLR
06-11 09:06:03 gamma: 0.2
06-11 09:06:03 steps: 10
06-11 09:06:03 tradeoff: ['exp', 'exp', 'exp']
06-11 09:06:03 dropout: 0.0
06-11 09:06:03 save: True
06-11 09:06:03 load_path: 
06-11 09:06:03 save_path: ./ckpt\ADACL\single_source\[MFPT]To[CWRU]_0611-090603
06-11 09:06:03 Detect 3 classes: ['inner', 'normal', 'outer']
06-11 09:06:03 using 1 / 1 gpus
06-11 09:06:08 Source set MFPT number of samples 3718.
06-11 09:06:10 Training set number of samples 20948.
06-11 09:06:10 Validation set number of samples 5239.
06-11 09:06:59 -----Epoch 1/30-----
06-11 09:06:59 current lr: [0.01, 0.01, 0.01]
06-11 09:10:01 Train-Loss Source Classifier: 0.0739
06-11 09:10:01 Train-Loss Discriminator: 0.6791
06-11 09:10:01 Train-Loss L1: 0.0000
06-11 09:10:01 Train-Acc Source Data: 0.9708
06-11 09:10:01 Train-Acc Discriminator: 0.5233
06-11 09:10:21 Val-Acc Target Data: 0.4747
06-11 09:10:22 The best model epoch 1, val-acc 0.4747
06-11 09:10:22 -----Epoch 2/30-----
06-11 09:10:22 current lr: [0.01, 0.01, 0.01]
06-11 09:16:53 Train-Loss Source Classifier: 0.0121
06-11 09:16:53 Train-Loss Discriminator: 0.5995
06-11 09:16:53 Train-Loss L1: 0.0000
06-11 09:16:53 Train-Acc Source Data: 0.9962
06-11 09:16:53 Train-Acc Discriminator: 0.6885
06-11 09:17:25 Val-Acc Target Data: 0.5829
06-11 09:17:25 The best model epoch 2, val-acc 0.5829
06-11 09:17:25 -----Epoch 3/30-----
06-11 09:17:25 current lr: [0.01, 0.01, 0.01]
06-11 09:23:06 Train-Loss Source Classifier: 0.0188
06-11 09:23:06 Train-Loss Discriminator: 0.5592
06-11 09:23:06 Train-Loss L1: 0.0000
06-11 09:23:06 Train-Acc Source Data: 0.9937
06-11 09:23:06 Train-Acc Discriminator: 0.7227
06-11 09:23:33 Val-Acc Target Data: 0.5939
06-11 09:23:34 The best model epoch 3, val-acc 0.5939
06-11 09:23:34 -----Epoch 4/30-----
06-11 09:23:34 current lr: [0.01, 0.01, 0.01]
06-11 09:32:07 Train-Loss Source Classifier: 0.0243
06-11 09:32:07 Train-Loss Discriminator: 0.5824
06-11 09:32:07 Train-Loss L1: 0.0000
06-11 09:32:07 Train-Acc Source Data: 0.9915
06-11 09:32:07 Train-Acc Discriminator: 0.6983
06-11 09:32:43 Val-Acc Target Data: 0.5330
06-11 09:32:44 The best model epoch 3, val-acc 0.5939
06-11 09:32:44 -----Epoch 5/30-----
06-11 09:32:44 current lr: [0.01, 0.01, 0.01]
06-11 09:37:18 Train-Loss Source Classifier: 0.0263
06-11 09:37:18 Train-Loss Discriminator: 0.5211
06-11 09:37:18 Train-Loss L1: 0.0000
06-11 09:37:18 Train-Acc Source Data: 0.9907
06-11 09:37:18 Train-Acc Discriminator: 0.7579
06-11 09:37:49 Val-Acc Target Data: 0.5696
06-11 09:37:49 The best model epoch 3, val-acc 0.5939
06-11 09:37:49 -----Epoch 6/30-----
06-11 09:37:49 current lr: [0.01, 0.01, 0.01]
06-11 09:41:44 Train-Loss Source Classifier: 0.0349
06-11 09:41:44 Train-Loss Discriminator: 0.4917
06-11 09:41:44 Train-Loss L1: 0.0000
06-11 09:41:44 Train-Acc Source Data: 0.9876
06-11 09:41:44 Train-Acc Discriminator: 0.7656
06-11 09:42:13 Val-Acc Target Data: 0.4414
06-11 09:42:14 The best model epoch 3, val-acc 0.5939
06-11 09:42:14 -----Epoch 7/30-----
06-11 09:42:14 current lr: [0.01, 0.01, 0.01]
06-11 09:46:38 Train-Loss Source Classifier: 0.0247
06-11 09:46:38 Train-Loss Discriminator: 0.5647
06-11 09:46:38 Train-Loss L1: 0.0000
06-11 09:46:38 Train-Acc Source Data: 0.9915
06-11 09:46:38 Train-Acc Discriminator: 0.7162
06-11 09:47:08 Val-Acc Target Data: 0.5212
06-11 09:47:09 The best model epoch 3, val-acc 0.5939
06-11 09:47:09 -----Epoch 8/30-----
06-11 09:47:09 current lr: [0.01, 0.01, 0.01]
06-11 09:51:35 Train-Loss Source Classifier: 0.0238
06-11 09:51:35 Train-Loss Discriminator: 0.5354
06-11 09:51:35 Train-Loss L1: 0.0000
06-11 09:51:35 Train-Acc Source Data: 0.9920
06-11 09:51:35 Train-Acc Discriminator: 0.7317
06-11 09:52:05 Val-Acc Target Data: 0.4938
06-11 09:52:06 The best model epoch 3, val-acc 0.5939
06-11 09:52:06 -----Epoch 9/30-----
06-11 09:52:06 current lr: [0.01, 0.01, 0.01]
06-11 09:56:07 Train-Loss Source Classifier: 0.0184
06-11 09:56:07 Train-Loss Discriminator: 0.5634
06-11 09:56:07 Train-Loss L1: 0.0000
06-11 09:56:07 Train-Acc Source Data: 0.9937
06-11 09:56:07 Train-Acc Discriminator: 0.7158
06-11 09:56:44 Val-Acc Target Data: 0.4959
06-11 09:56:46 The best model epoch 3, val-acc 0.5939
06-11 09:56:46 -----Epoch 10/30-----
06-11 09:56:46 current lr: [0.01, 0.01, 0.01]
06-11 10:03:23 Train-Loss Source Classifier: 0.0162
06-11 10:03:23 Train-Loss Discriminator: 0.6099
06-11 10:03:23 Train-Loss L1: 0.0000
06-11 10:03:23 Train-Acc Source Data: 0.9948
06-11 10:03:23 Train-Acc Discriminator: 0.6705
06-11 10:04:08 Val-Acc Target Data: 0.5357
06-11 10:04:10 The best model epoch 3, val-acc 0.5939
06-11 10:04:10 -----Epoch 11/30-----
06-11 10:04:10 current lr: [0.002, 0.002, 0.002]
06-11 10:12:42 Train-Loss Source Classifier: 0.0022
06-11 10:12:42 Train-Loss Discriminator: 0.6025
06-11 10:12:42 Train-Loss L1: 0.0000
06-11 10:12:42 Train-Acc Source Data: 0.9997
06-11 10:12:42 Train-Acc Discriminator: 0.6911
06-11 10:13:07 Val-Acc Target Data: 0.4998
06-11 10:13:08 The best model epoch 3, val-acc 0.5939
06-11 10:13:08 -----Epoch 12/30-----
06-11 10:13:08 current lr: [0.002, 0.002, 0.002]
06-11 10:20:31 Train-Loss Source Classifier: 0.0034
06-11 10:20:31 Train-Loss Discriminator: 0.5909
06-11 10:20:31 Train-Loss L1: 0.0000
06-11 10:20:31 Train-Acc Source Data: 0.9989
06-11 10:20:31 Train-Acc Discriminator: 0.6932
06-11 10:21:00 Val-Acc Target Data: 0.5044
06-11 10:21:01 The best model epoch 3, val-acc 0.5939
06-11 10:21:01 -----Epoch 13/30-----
06-11 10:21:01 current lr: [0.002, 0.002, 0.002]
06-11 10:25:19 Train-Loss Source Classifier: 0.0047
06-11 10:25:19 Train-Loss Discriminator: 0.5831
06-11 10:25:19 Train-Loss L1: 0.0000
06-11 10:25:19 Train-Acc Source Data: 0.9986
06-11 10:25:19 Train-Acc Discriminator: 0.6878
06-11 10:25:47 Val-Acc Target Data: 0.5044
06-11 10:25:47 The best model epoch 3, val-acc 0.5939
06-11 10:25:47 -----Epoch 14/30-----
06-11 10:25:47 current lr: [0.002, 0.002, 0.002]
06-11 10:29:34 Train-Loss Source Classifier: 0.0062
06-11 10:29:34 Train-Loss Discriminator: 0.5721
06-11 10:29:34 Train-Loss L1: 0.0000
06-11 10:29:34 Train-Acc Source Data: 0.9978
06-11 10:29:34 Train-Acc Discriminator: 0.7056
06-11 10:30:03 Val-Acc Target Data: 0.5031
06-11 10:30:04 The best model epoch 3, val-acc 0.5939
06-11 10:30:04 -----Epoch 15/30-----
06-11 10:30:04 current lr: [0.002, 0.002, 0.002]
06-11 10:34:16 Train-Loss Source Classifier: 0.0061
06-11 10:34:16 Train-Loss Discriminator: 0.5737
06-11 10:34:16 Train-Loss L1: 0.0000
06-11 10:34:16 Train-Acc Source Data: 0.9979
06-11 10:34:16 Train-Acc Discriminator: 0.7036
06-11 10:34:49 Val-Acc Target Data: 0.5268
06-11 10:34:50 The best model epoch 3, val-acc 0.5939
06-11 10:34:50 -----Epoch 16/30-----
06-11 10:34:50 current lr: [0.002, 0.002, 0.002]
06-11 10:39:05 Train-Loss Source Classifier: 0.0062
06-11 10:39:05 Train-Loss Discriminator: 0.5735
06-11 10:39:05 Train-Loss L1: 0.0000
06-11 10:39:05 Train-Acc Source Data: 0.9978
06-11 10:39:05 Train-Acc Discriminator: 0.7019
06-11 10:39:34 Val-Acc Target Data: 0.4697
06-11 10:39:35 The best model epoch 3, val-acc 0.5939
06-11 10:39:35 -----Epoch 17/30-----
06-11 10:39:35 current lr: [0.002, 0.002, 0.002]
06-11 10:44:16 Train-Loss Source Classifier: 0.0062
06-11 10:44:16 Train-Loss Discriminator: 0.5847
06-11 10:44:16 Train-Loss L1: 0.0000
06-11 10:44:16 Train-Acc Source Data: 0.9978
06-11 10:44:16 Train-Acc Discriminator: 0.6938
06-11 10:44:45 Val-Acc Target Data: 0.4597
06-11 10:44:46 The best model epoch 3, val-acc 0.5939
06-11 10:44:46 -----Epoch 18/30-----
06-11 10:44:46 current lr: [0.002, 0.002, 0.002]
06-11 10:49:00 Train-Loss Source Classifier: 0.0073
06-11 10:49:00 Train-Loss Discriminator: 0.5896
06-11 10:49:00 Train-Loss L1: 0.0000
06-11 10:49:00 Train-Acc Source Data: 0.9976
06-11 10:49:00 Train-Acc Discriminator: 0.6845
06-11 10:49:28 Val-Acc Target Data: 0.5093
06-11 10:49:29 The best model epoch 3, val-acc 0.5939
06-11 10:49:29 -----Epoch 19/30-----
06-11 10:49:29 current lr: [0.002, 0.002, 0.002]
06-11 10:53:48 Train-Loss Source Classifier: 0.0082
06-11 10:53:48 Train-Loss Discriminator: 0.5879
06-11 10:53:48 Train-Loss L1: 0.0000
06-11 10:53:48 Train-Acc Source Data: 0.9977
06-11 10:53:48 Train-Acc Discriminator: 0.6878
06-11 10:54:17 Val-Acc Target Data: 0.4915
06-11 10:54:18 The best model epoch 3, val-acc 0.5939
06-11 10:54:18 -----Epoch 20/30-----
06-11 10:54:18 current lr: [0.002, 0.002, 0.002]
06-11 10:58:04 Train-Loss Source Classifier: 0.0061
06-11 10:58:04 Train-Loss Discriminator: 0.6009
06-11 10:58:04 Train-Loss L1: 0.0000
06-11 10:58:04 Train-Acc Source Data: 0.9978
06-11 10:58:04 Train-Acc Discriminator: 0.6732
06-11 10:58:32 Val-Acc Target Data: 0.4761
06-11 10:58:33 The best model epoch 3, val-acc 0.5939
06-11 10:58:33 -----Epoch 21/30-----
06-11 10:58:33 current lr: [0.0004, 0.0004, 0.0004]
06-11 11:02:46 Train-Loss Source Classifier: 0.0032
06-11 11:02:46 Train-Loss Discriminator: 0.6113
06-11 11:02:46 Train-Loss L1: 0.0000
06-11 11:02:46 Train-Acc Source Data: 0.9991
06-11 11:02:46 Train-Acc Discriminator: 0.6667
06-11 11:03:24 Val-Acc Target Data: 0.4819
06-11 11:03:25 The best model epoch 3, val-acc 0.5939
06-11 11:03:25 -----Epoch 22/30-----
06-11 11:03:25 current lr: [0.0004, 0.0004, 0.0004]
