05-27 14:00:07 model_name: MSSA
05-27 14:00:07 source: CWRU_0,CWRU_1,CWRU_2
05-27 14:00:07 target: CWRU_3
05-27 14:00:07 data_dir: ./datasets
05-27 14:00:07 train_mode: multi_source
05-27 14:00:07 cuda_device: 0
05-27 14:00:07 save_dir: ./ckpt
05-27 14:00:07 max_epoch: 30
05-27 14:00:07 batch_size: 64
05-27 14:00:07 num_workers: 4
05-27 14:00:07 signal_size: 1024
05-27 14:00:07 random_state: 1
05-27 14:00:07 normlizetype: -1-1
05-27 14:00:07 opt: sgd
05-27 14:00:07 lr: 0.01
05-27 14:00:07 momentum: 0.9
05-27 14:00:07 betas: (0.9, 0.999)
05-27 14:00:07 weight_decay: 0.0005
05-27 14:00:07 lr_scheduler: stepLR
05-27 14:00:07 gamma: 0.2
05-27 14:00:07 steps: 10
05-27 14:00:07 tradeoff: ['exp', 'exp', 'exp']
05-27 14:00:07 dropout: 0.0
05-27 14:00:07 save: True
05-27 14:00:07 load_path: 
05-27 14:00:07 save_path: ./ckpt\MSSA\multi_source\[CWRU_0CWRU_1CWRU_2]To[CWRU_3]_0527-140007
05-27 14:00:07 Detect 10 classes: ['B007', 'B014', 'B021', 'IR007', 'IR014', 'IR021', 'Normal', 'OR007', 'OR014', 'OR021']
05-27 14:00:07 using 1 / 1 gpus
05-27 14:00:09 Source set CWRU_0 number of samples 5668.
05-27 14:00:09 Source set CWRU_1 number of samples 9374.
05-27 14:00:09 Source set CWRU_2 number of samples 9488.
05-27 14:00:09 Training set number of samples 7590.
05-27 14:00:09 Validation set number of samples 1902.
05-27 14:01:28 -----Epoch 1/30-----
05-27 14:01:28 current lr: [0.01, 0.01]
05-27 14:14:13 Train-Loss Source Classifier: 3.1934
05-27 14:14:13 Train-Loss MMD: 0.3736
05-27 14:14:13 Train-Acc Source Data 0: 0.5861
05-27 14:14:13 Train-Acc Source Data 1: 0.6353
05-27 14:14:13 Train-Acc Source Data 2: 0.6231
05-27 14:14:43 Val-Acc Target Data: 0.7511
05-27 14:14:44 The best model epoch 1, val-acc 0.7511
05-27 14:14:44 -----Epoch 2/30-----
05-27 14:14:44 current lr: [0.01, 0.01]
05-27 14:27:19 Train-Loss Source Classifier: 0.7569
05-27 14:27:19 Train-Loss MMD: 0.3814
05-27 14:27:19 Train-Acc Source Data 0: 0.8795
05-27 14:27:19 Train-Acc Source Data 1: 0.9085
05-27 14:27:19 Train-Acc Source Data 2: 0.9221
05-27 14:27:45 Val-Acc Target Data: 0.8163
05-27 14:27:46 The best model epoch 2, val-acc 0.8163
05-27 14:27:46 -----Epoch 3/30-----
05-27 14:27:46 current lr: [0.01, 0.01]
05-27 14:40:49 Train-Loss Source Classifier: 0.3321
05-27 14:40:49 Train-Loss MMD: 0.3534
05-27 14:40:49 Train-Acc Source Data 0: 0.9202
05-27 14:40:49 Train-Acc Source Data 1: 0.9685
05-27 14:40:49 Train-Acc Source Data 2: 0.9697
05-27 14:41:16 Val-Acc Target Data: 0.8637
05-27 14:41:16 The best model epoch 3, val-acc 0.8637
05-27 14:41:16 -----Epoch 4/30-----
05-27 14:41:16 current lr: [0.01, 0.01]
05-27 14:57:02 Train-Loss Source Classifier: 0.2254
05-27 14:57:02 Train-Loss MMD: 0.3426
05-27 14:57:02 Train-Acc Source Data 0: 0.9318
05-27 14:57:02 Train-Acc Source Data 1: 0.9803
05-27 14:57:02 Train-Acc Source Data 2: 0.9845
05-27 14:57:29 Val-Acc Target Data: 0.9122
05-27 14:57:31 The best model epoch 4, val-acc 0.9122
05-27 14:57:31 -----Epoch 5/30-----
05-27 14:57:31 current lr: [0.01, 0.01]
05-27 15:11:25 Train-Loss Source Classifier: 0.1878
05-27 15:11:25 Train-Loss MMD: 0.3215
05-27 15:11:25 Train-Acc Source Data 0: 0.9351
05-27 15:11:25 Train-Acc Source Data 1: 0.9853
05-27 15:11:25 Train-Acc Source Data 2: 0.9872
05-27 15:11:51 Val-Acc Target Data: 0.8836
05-27 15:11:52 The best model epoch 4, val-acc 0.9122
05-27 15:11:52 -----Epoch 6/30-----
05-27 15:11:52 current lr: [0.01, 0.01]
05-27 15:24:22 Train-Loss Source Classifier: 0.1449
05-27 15:24:22 Train-Loss MMD: 0.3200
05-27 15:24:22 Train-Acc Source Data 0: 0.9335
05-27 15:24:22 Train-Acc Source Data 1: 0.9943
05-27 15:24:22 Train-Acc Source Data 2: 0.9947
05-27 15:24:48 Val-Acc Target Data: 0.9251
05-27 15:24:49 The best model epoch 6, val-acc 0.9251
05-27 15:24:49 -----Epoch 7/30-----
05-27 15:24:49 current lr: [0.01, 0.01]
05-27 15:37:34 Train-Loss Source Classifier: 0.1173
05-27 15:37:34 Train-Loss MMD: 0.3069
05-27 15:37:34 Train-Acc Source Data 0: 0.9274
05-27 15:37:34 Train-Acc Source Data 1: 0.9980
05-27 15:37:34 Train-Acc Source Data 2: 0.9983
05-27 15:38:00 Val-Acc Target Data: 0.9224
05-27 15:38:01 The best model epoch 6, val-acc 0.9251
05-27 15:38:01 -----Epoch 8/30-----
05-27 15:38:01 current lr: [0.01, 0.01]
05-27 15:50:33 Train-Loss Source Classifier: 0.1240
05-27 15:50:33 Train-Loss MMD: 0.3029
05-27 15:50:33 Train-Acc Source Data 0: 0.9345
05-27 15:50:33 Train-Acc Source Data 1: 0.9962
05-27 15:50:33 Train-Acc Source Data 2: 0.9964
05-27 15:51:00 Val-Acc Target Data: 0.9343
05-27 15:51:00 The best model epoch 8, val-acc 0.9343
05-27 15:51:00 -----Epoch 9/30-----
05-27 15:51:00 current lr: [0.01, 0.01]
05-27 16:04:48 Train-Loss Source Classifier: 0.1190
05-27 16:04:48 Train-Loss MMD: 0.2982
05-27 16:04:48 Train-Acc Source Data 0: 0.9374
05-27 16:04:48 Train-Acc Source Data 1: 0.9980
05-27 16:04:48 Train-Acc Source Data 2: 0.9980
05-27 16:05:20 Val-Acc Target Data: 0.9327
05-27 16:05:21 The best model epoch 8, val-acc 0.9343
05-27 16:05:21 -----Epoch 10/30-----
05-27 16:05:21 current lr: [0.01, 0.01]
05-27 16:18:03 Train-Loss Source Classifier: 0.1152
05-27 16:18:03 Train-Loss MMD: 0.2953
05-27 16:18:03 Train-Acc Source Data 0: 0.9286
05-27 16:18:03 Train-Acc Source Data 1: 0.9979
05-27 16:18:03 Train-Acc Source Data 2: 0.9987
05-27 16:18:32 Val-Acc Target Data: 0.9413
05-27 16:18:32 The best model epoch 10, val-acc 0.9413
05-27 16:18:32 -----Epoch 11/30-----
05-27 16:18:32 current lr: [0.002, 0.002]
05-27 16:31:09 Train-Loss Source Classifier: 0.0998
05-27 16:31:09 Train-Loss MMD: 0.2756
05-27 16:31:09 Train-Acc Source Data 0: 0.9358
05-27 16:31:09 Train-Acc Source Data 1: 0.9996
05-27 16:31:09 Train-Acc Source Data 2: 1.0000
05-27 16:31:41 Val-Acc Target Data: 0.9531
05-27 16:31:42 The best model epoch 11, val-acc 0.9531
05-27 16:31:42 -----Epoch 12/30-----
05-27 16:31:42 current lr: [0.002, 0.002]
05-27 16:45:59 Train-Loss Source Classifier: 0.1035
05-27 16:45:59 Train-Loss MMD: 0.2644
05-27 16:45:59 Train-Acc Source Data 0: 0.9352
05-27 16:45:59 Train-Acc Source Data 1: 1.0000
05-27 16:45:59 Train-Acc Source Data 2: 1.0000
05-27 16:46:30 Val-Acc Target Data: 0.9607
05-27 16:46:31 The best model epoch 12, val-acc 0.9607
05-27 16:46:31 -----Epoch 13/30-----
05-27 16:46:31 current lr: [0.002, 0.002]
05-27 17:00:05 Train-Loss Source Classifier: 0.1037
05-27 17:00:05 Train-Loss MMD: 0.2575
05-27 17:00:05 Train-Acc Source Data 0: 0.9333
05-27 17:00:05 Train-Acc Source Data 1: 0.9999
05-27 17:00:05 Train-Acc Source Data 2: 0.9999
05-27 17:00:35 Val-Acc Target Data: 0.9585
05-27 17:00:36 The best model epoch 12, val-acc 0.9607
05-27 17:00:36 -----Epoch 14/30-----
05-27 17:00:36 current lr: [0.002, 0.002]
05-27 17:15:05 Train-Loss Source Classifier: 0.1049
05-27 17:15:05 Train-Loss MMD: 0.2502
05-27 17:15:05 Train-Acc Source Data 0: 0.9356
05-27 17:15:05 Train-Acc Source Data 1: 1.0000
05-27 17:15:05 Train-Acc Source Data 2: 1.0000
05-27 17:15:32 Val-Acc Target Data: 0.9542
05-27 17:15:33 The best model epoch 12, val-acc 0.9607
05-27 17:15:33 -----Epoch 15/30-----
05-27 17:15:33 current lr: [0.002, 0.002]
05-27 17:29:23 Train-Loss Source Classifier: 0.1079
05-27 17:29:23 Train-Loss MMD: 0.2428
05-27 17:29:23 Train-Acc Source Data 0: 0.9349
05-27 17:29:23 Train-Acc Source Data 1: 1.0000
05-27 17:29:23 Train-Acc Source Data 2: 1.0000
05-27 17:29:52 Val-Acc Target Data: 0.9477
05-27 17:29:53 The best model epoch 12, val-acc 0.9607
05-27 17:29:53 -----Epoch 16/30-----
05-27 17:29:53 current lr: [0.002, 0.002]
