07-02 12:23:16 model_name: MSSA
07-02 12:23:16 source: CWRU_0,CWRU_2,CWRU_3
07-02 12:23:16 target: CWRU_1
07-02 12:23:16 data_dir: ./datasets
07-02 12:23:16 train_mode: multi_source
07-02 12:23:16 cuda_device: 0
07-02 12:23:16 save_dir: ./ckpt
07-02 12:23:16 max_epoch: 30
07-02 12:23:16 batch_size: 64
07-02 12:23:16 num_workers: 4
07-02 12:23:16 signal_size: 1024
07-02 12:23:16 random_state: 1
07-02 12:23:16 normlizetype: -1-1
07-02 12:23:16 opt: sgd
07-02 12:23:16 lr: 0.01
07-02 12:23:16 momentum: 0.9
07-02 12:23:16 betas: (0.9, 0.999)
07-02 12:23:16 weight_decay: 0.0005
07-02 12:23:16 lr_scheduler: stepLR
07-02 12:23:16 gamma: 0.2
07-02 12:23:16 steps: 10
07-02 12:23:16 tradeoff: ['exp', 'exp', 'exp']
07-02 12:23:16 dropout: 0.0
07-02 12:23:16 save: True
07-02 12:23:16 load_path: 
07-02 12:23:16 save_path: ./ckpt\MSSA\multi_source\[CWRU_0CWRU_2CWRU_3]To[CWRU_1]_0702-122316
07-02 12:23:16 Detect 10 classes: ['B007', 'B014', 'B021', 'IR007', 'IR014', 'IR021', 'Normal', 'OR007', 'OR014', 'OR021']
07-02 12:23:16 using 1 / 1 gpus
07-02 12:23:17 Source set CWRU_0 number of samples 5668.
07-02 12:23:17 Source set CWRU_2 number of samples 9488.
07-02 12:23:17 Source set CWRU_3 number of samples 9492.
07-02 12:23:18 Training set number of samples 7495.
07-02 12:23:18 Validation set number of samples 1879.
07-02 12:24:40 -----Epoch 1/30-----
07-02 12:24:40 current lr: [0.01, 0.01]
07-02 12:39:46 Train-Loss Source Classifier: 3.2004
07-02 12:39:46 Train-Loss MMD: 0.3764
07-02 12:39:46 Train-Acc Source Data 0: 0.5875
07-02 12:39:46 Train-Acc Source Data 1: 0.6289
07-02 12:39:46 Train-Acc Source Data 2: 0.6314
07-02 12:40:11 Val-Acc Target Data: 0.6794
07-02 12:40:12 The best model epoch 1, val-acc 0.6794
07-02 12:40:12 -----Epoch 2/30-----
07-02 12:40:12 current lr: [0.01, 0.01]
07-02 12:56:21 Train-Loss Source Classifier: 0.6767
07-02 12:56:21 Train-Loss MMD: 0.3780
07-02 12:56:21 Train-Acc Source Data 0: 0.8823
07-02 12:56:21 Train-Acc Source Data 1: 0.9283
07-02 12:56:21 Train-Acc Source Data 2: 0.9314
07-02 12:56:48 Val-Acc Target Data: 0.8998
07-02 12:56:49 The best model epoch 2, val-acc 0.8998
07-02 12:56:49 -----Epoch 3/30-----
07-02 12:56:49 current lr: [0.01, 0.01]
07-02 13:16:17 Train-Loss Source Classifier: 0.2995
07-02 13:16:17 Train-Loss MMD: 0.3560
07-02 13:16:17 Train-Acc Source Data 0: 0.9169
07-02 13:16:17 Train-Acc Source Data 1: 0.9764
07-02 13:16:17 Train-Acc Source Data 2: 0.9761
07-02 13:16:46 Val-Acc Target Data: 0.7872
07-02 13:16:47 The best model epoch 2, val-acc 0.8998
07-02 13:16:47 -----Epoch 4/30-----
07-02 13:16:47 current lr: [0.01, 0.01]
07-02 13:33:21 Train-Loss Source Classifier: 0.2502
07-02 13:33:21 Train-Loss MMD: 0.3362
07-02 13:33:21 Train-Acc Source Data 0: 0.9265
07-02 13:33:21 Train-Acc Source Data 1: 0.9806
07-02 13:33:21 Train-Acc Source Data 2: 0.9800
07-02 13:33:50 Val-Acc Target Data: 0.9116
07-02 13:33:51 The best model epoch 4, val-acc 0.9116
07-02 13:33:51 -----Epoch 5/30-----
07-02 13:33:51 current lr: [0.01, 0.01]
07-02 13:49:20 Train-Loss Source Classifier: 0.1856
07-02 13:49:20 Train-Loss MMD: 0.3220
07-02 13:49:20 Train-Acc Source Data 0: 0.9283
07-02 13:49:20 Train-Acc Source Data 1: 0.9901
07-02 13:49:20 Train-Acc Source Data 2: 0.9869
07-02 13:49:49 Val-Acc Target Data: 0.9321
07-02 13:49:50 The best model epoch 5, val-acc 0.9321
07-02 13:49:50 -----Epoch 6/30-----
07-02 13:49:50 current lr: [0.01, 0.01]
07-02 14:07:00 Train-Loss Source Classifier: 0.1399
07-02 14:07:00 Train-Loss MMD: 0.3119
07-02 14:07:00 Train-Acc Source Data 0: 0.9310
07-02 14:07:00 Train-Acc Source Data 1: 0.9960
07-02 14:07:00 Train-Acc Source Data 2: 0.9931
07-02 14:07:25 Val-Acc Target Data: 0.9434
07-02 14:07:26 The best model epoch 6, val-acc 0.9434
07-02 14:07:26 -----Epoch 7/30-----
07-02 14:07:26 current lr: [0.01, 0.01]
07-02 14:22:00 Train-Loss Source Classifier: 0.1186
07-02 14:22:00 Train-Loss MMD: 0.2978
07-02 14:22:00 Train-Acc Source Data 0: 0.9368
07-02 14:22:00 Train-Acc Source Data 1: 0.9972
07-02 14:22:00 Train-Acc Source Data 2: 0.9977
07-02 14:22:25 Val-Acc Target Data: 0.9504
07-02 14:22:26 The best model epoch 7, val-acc 0.9504
07-02 14:22:26 -----Epoch 8/30-----
07-02 14:22:26 current lr: [0.01, 0.01]
07-02 14:37:35 Train-Loss Source Classifier: 0.1396
07-02 14:37:35 Train-Loss MMD: 0.2980
07-02 14:37:35 Train-Acc Source Data 0: 0.9356
07-02 14:37:35 Train-Acc Source Data 1: 0.9945
07-02 14:37:35 Train-Acc Source Data 2: 0.9947
07-02 14:38:04 Val-Acc Target Data: 0.9488
07-02 14:38:04 The best model epoch 7, val-acc 0.9504
07-02 14:38:04 -----Epoch 9/30-----
07-02 14:38:04 current lr: [0.01, 0.01]
07-02 14:54:47 Train-Loss Source Classifier: 0.1228
07-02 14:54:47 Train-Loss MMD: 0.2758
07-02 14:54:47 Train-Acc Source Data 0: 0.9358
07-02 14:54:47 Train-Acc Source Data 1: 0.9969
07-02 14:54:47 Train-Acc Source Data 2: 0.9981
07-02 14:55:13 Val-Acc Target Data: 0.9553
07-02 14:55:14 The best model epoch 9, val-acc 0.9553
07-02 14:55:14 -----Epoch 10/30-----
07-02 14:55:14 current lr: [0.01, 0.01]
07-02 15:11:01 Train-Loss Source Classifier: 0.1205
07-02 15:11:01 Train-Loss MMD: 0.2500
07-02 15:11:01 Train-Acc Source Data 0: 0.9347
07-02 15:11:01 Train-Acc Source Data 1: 0.9981
07-02 15:11:01 Train-Acc Source Data 2: 0.9979
07-02 15:11:30 Val-Acc Target Data: 0.9580
07-02 15:11:31 The best model epoch 10, val-acc 0.9580
07-02 15:11:31 -----Epoch 11/30-----
07-02 15:11:31 current lr: [0.002, 0.002]
07-02 15:27:45 Train-Loss Source Classifier: 0.1063
07-02 15:27:45 Train-Loss MMD: 0.2195
07-02 15:27:45 Train-Acc Source Data 0: 0.9370
07-02 15:27:45 Train-Acc Source Data 1: 0.9999
07-02 15:27:45 Train-Acc Source Data 2: 0.9999
07-02 15:28:11 Val-Acc Target Data: 0.9591
07-02 15:28:12 The best model epoch 11, val-acc 0.9591
07-02 15:28:12 -----Epoch 12/30-----
07-02 15:28:12 current lr: [0.002, 0.002]
07-02 15:43:16 Train-Loss Source Classifier: 0.1083
07-02 15:43:16 Train-Loss MMD: 0.2146
07-02 15:43:16 Train-Acc Source Data 0: 0.9350
07-02 15:43:16 Train-Acc Source Data 1: 0.9999
07-02 15:43:16 Train-Acc Source Data 2: 0.9999
07-02 15:43:41 Val-Acc Target Data: 0.9617
07-02 15:43:42 The best model epoch 12, val-acc 0.9617
07-02 15:43:42 -----Epoch 13/30-----
07-02 15:43:42 current lr: [0.002, 0.002]
07-02 15:58:42 Train-Loss Source Classifier: 0.1098
07-02 15:58:42 Train-Loss MMD: 0.2013
07-02 15:58:42 Train-Acc Source Data 0: 0.9342
07-02 15:58:42 Train-Acc Source Data 1: 0.9996
07-02 15:58:42 Train-Acc Source Data 2: 0.9999
07-02 15:59:07 Val-Acc Target Data: 0.9607
07-02 15:59:08 The best model epoch 12, val-acc 0.9617
07-02 15:59:08 -----Epoch 14/30-----
07-02 15:59:08 current lr: [0.002, 0.002]
07-02 16:13:56 Train-Loss Source Classifier: 0.1074
07-02 16:13:56 Train-Loss MMD: 0.1988
07-02 16:13:56 Train-Acc Source Data 0: 0.9363
07-02 16:13:56 Train-Acc Source Data 1: 0.9999
07-02 16:13:56 Train-Acc Source Data 2: 1.0000
07-02 16:14:21 Val-Acc Target Data: 0.9612
07-02 16:14:22 The best model epoch 12, val-acc 0.9617
07-02 16:14:22 -----Epoch 15/30-----
07-02 16:14:22 current lr: [0.002, 0.002]
07-02 16:27:47 Train-Loss Source Classifier: 0.1112
07-02 16:27:47 Train-Loss MMD: 0.1917
07-02 16:27:47 Train-Acc Source Data 0: 0.9340
07-02 16:27:47 Train-Acc Source Data 1: 1.0000
07-02 16:27:47 Train-Acc Source Data 2: 1.0000
07-02 16:28:12 Val-Acc Target Data: 0.9623
07-02 16:28:13 The best model epoch 15, val-acc 0.9623
07-02 16:28:13 -----Epoch 16/30-----
07-02 16:28:13 current lr: [0.002, 0.002]
07-02 16:43:12 Train-Loss Source Classifier: 0.1097
07-02 16:43:12 Train-Loss MMD: 0.1830
07-02 16:43:12 Train-Acc Source Data 0: 0.9350
07-02 16:43:12 Train-Acc Source Data 1: 1.0000
07-02 16:43:12 Train-Acc Source Data 2: 1.0000
07-02 16:43:37 Val-Acc Target Data: 0.9639
07-02 16:43:38 The best model epoch 16, val-acc 0.9639
07-02 16:43:38 -----Epoch 17/30-----
07-02 16:43:38 current lr: [0.002, 0.002]
07-02 16:58:13 Train-Loss Source Classifier: 0.1108
07-02 16:58:13 Train-Loss MMD: 0.1783
07-02 16:58:13 Train-Acc Source Data 0: 0.9359
07-02 16:58:13 Train-Acc Source Data 1: 1.0000
07-02 16:58:13 Train-Acc Source Data 2: 0.9999
07-02 16:58:38 Val-Acc Target Data: 0.9628
07-02 16:58:39 The best model epoch 16, val-acc 0.9639
07-02 16:58:39 -----Epoch 18/30-----
07-02 16:58:39 current lr: [0.002, 0.002]
07-02 17:13:11 Train-Loss Source Classifier: 0.1078
07-02 17:13:11 Train-Loss MMD: 0.1752
07-02 17:13:11 Train-Acc Source Data 0: 0.9356
07-02 17:13:11 Train-Acc Source Data 1: 1.0000
07-02 17:13:11 Train-Acc Source Data 2: 0.9999
07-02 17:13:36 Val-Acc Target Data: 0.9644
07-02 17:13:37 The best model epoch 18, val-acc 0.9644
07-02 17:13:37 -----Epoch 19/30-----
07-02 17:13:37 current lr: [0.002, 0.002]
07-02 17:28:12 Train-Loss Source Classifier: 0.1083
07-02 17:28:12 Train-Loss MMD: 0.1668
07-02 17:28:12 Train-Acc Source Data 0: 0.9370
07-02 17:28:12 Train-Acc Source Data 1: 1.0000
07-02 17:28:12 Train-Acc Source Data 2: 1.0000
07-02 17:28:35 Val-Acc Target Data: 0.9650
07-02 17:28:36 The best model epoch 19, val-acc 0.9650
07-02 17:28:36 -----Epoch 20/30-----
07-02 17:28:36 current lr: [0.002, 0.002]
07-02 17:42:05 Train-Loss Source Classifier: 0.1090
07-02 17:42:05 Train-Loss MMD: 0.1685
07-02 17:42:05 Train-Acc Source Data 0: 0.9354
07-02 17:42:05 Train-Acc Source Data 1: 1.0000
07-02 17:42:05 Train-Acc Source Data 2: 1.0000
07-02 17:42:30 Val-Acc Target Data: 0.9628
07-02 17:42:31 The best model epoch 19, val-acc 0.9650
07-02 17:42:31 -----Epoch 21/30-----
07-02 17:42:31 current lr: [0.0004, 0.0004]
07-02 17:56:58 Train-Loss Source Classifier: 0.1083
07-02 17:56:58 Train-Loss MMD: 0.1667
07-02 17:56:58 Train-Acc Source Data 0: 0.9359
07-02 17:56:58 Train-Acc Source Data 1: 0.9999
07-02 17:56:58 Train-Acc Source Data 2: 0.9999
07-02 17:57:23 Val-Acc Target Data: 0.9634
07-02 17:57:24 The best model epoch 19, val-acc 0.9650
07-02 17:57:24 -----Epoch 22/30-----
07-02 17:57:24 current lr: [0.0004, 0.0004]
07-02 18:12:26 Train-Loss Source Classifier: 0.1078
07-02 18:12:26 Train-Loss MMD: 0.1585
07-02 18:12:26 Train-Acc Source Data 0: 0.9359
07-02 18:12:26 Train-Acc Source Data 1: 0.9999
07-02 18:12:26 Train-Acc Source Data 2: 1.0000
07-02 18:12:50 Val-Acc Target Data: 0.9623
07-02 18:12:51 The best model epoch 19, val-acc 0.9650
07-02 18:12:51 -----Epoch 23/30-----
07-02 18:12:51 current lr: [0.0004, 0.0004]
07-02 18:27:41 Train-Loss Source Classifier: 0.1105
07-02 18:27:41 Train-Loss MMD: 0.1581
07-02 18:27:41 Train-Acc Source Data 0: 0.9379
07-02 18:27:41 Train-Acc Source Data 1: 1.0000
07-02 18:27:41 Train-Acc Source Data 2: 0.9996
07-02 18:28:07 Val-Acc Target Data: 0.9650
07-02 18:28:07 The best model epoch 23, val-acc 0.9650
07-02 18:28:07 -----Epoch 24/30-----
07-02 18:28:07 current lr: [0.0004, 0.0004]
07-02 18:41:32 Train-Loss Source Classifier: 0.1044
07-02 18:41:32 Train-Loss MMD: 0.1597
07-02 18:41:32 Train-Acc Source Data 0: 0.9391
07-02 18:41:32 Train-Acc Source Data 1: 1.0000
07-02 18:41:32 Train-Acc Source Data 2: 1.0000
07-02 18:41:58 Val-Acc Target Data: 0.9623
07-02 18:41:58 The best model epoch 23, val-acc 0.9650
07-02 18:41:58 -----Epoch 25/30-----
07-02 18:41:58 current lr: [0.0004, 0.0004]
07-02 18:57:06 Train-Loss Source Classifier: 0.1092
07-02 18:57:06 Train-Loss MMD: 0.1604
07-02 18:57:06 Train-Acc Source Data 0: 0.9338
07-02 18:57:06 Train-Acc Source Data 1: 0.9999
07-02 18:57:06 Train-Acc Source Data 2: 0.9999
07-02 18:57:32 Val-Acc Target Data: 0.9617
07-02 18:57:33 The best model epoch 23, val-acc 0.9650
07-02 18:57:33 -----Epoch 26/30-----
07-02 18:57:33 current lr: [0.0004, 0.0004]
07-02 19:13:08 Train-Loss Source Classifier: 0.1056
07-02 19:13:08 Train-Loss MMD: 0.1588
07-02 19:13:08 Train-Acc Source Data 0: 0.9358
07-02 19:13:08 Train-Acc Source Data 1: 1.0000
07-02 19:13:08 Train-Acc Source Data 2: 1.0000
07-02 19:13:33 Val-Acc Target Data: 0.9634
07-02 19:13:34 The best model epoch 23, val-acc 0.9650
07-02 19:13:34 -----Epoch 27/30-----
07-02 19:13:34 current lr: [0.0004, 0.0004]
07-02 19:29:25 Train-Loss Source Classifier: 0.1063
07-02 19:29:25 Train-Loss MMD: 0.1567
07-02 19:29:25 Train-Acc Source Data 0: 0.9376
07-02 19:29:25 Train-Acc Source Data 1: 1.0000
07-02 19:29:25 Train-Acc Source Data 2: 1.0000
07-02 19:29:50 Val-Acc Target Data: 0.9623
07-02 19:29:51 The best model epoch 23, val-acc 0.9650
07-02 19:29:51 -----Epoch 28/30-----
07-02 19:29:51 current lr: [0.0004, 0.0004]
07-02 19:46:03 Train-Loss Source Classifier: 0.1087
07-02 19:46:03 Train-Loss MMD: 0.1507
07-02 19:46:03 Train-Acc Source Data 0: 0.9356
07-02 19:46:03 Train-Acc Source Data 1: 0.9999
07-02 19:46:03 Train-Acc Source Data 2: 0.9999
07-02 19:46:28 Val-Acc Target Data: 0.9628
07-02 19:46:29 The best model epoch 23, val-acc 0.9650
07-02 19:46:29 -----Epoch 29/30-----
07-02 19:46:29 current lr: [0.0004, 0.0004]
07-02 20:01:10 Train-Loss Source Classifier: 0.1070
07-02 20:01:10 Train-Loss MMD: 0.1489
07-02 20:01:10 Train-Acc Source Data 0: 0.9359
07-02 20:01:10 Train-Acc Source Data 1: 1.0000
07-02 20:01:10 Train-Acc Source Data 2: 0.9999
07-02 20:01:36 Val-Acc Target Data: 0.9650
07-02 20:01:37 The best model epoch 29, val-acc 0.9650
07-02 20:01:37 -----Epoch 30/30-----
07-02 20:01:37 current lr: [0.0004, 0.0004]
07-02 20:17:27 Train-Loss Source Classifier: 0.1069
07-02 20:17:27 Train-Loss MMD: 0.1578
07-02 20:17:27 Train-Acc Source Data 0: 0.9360
07-02 20:17:27 Train-Acc Source Data 1: 0.9999
07-02 20:17:27 Train-Acc Source Data 2: 0.9999
07-02 20:17:52 Val-Acc Target Data: 0.9628
07-02 20:17:53 The best model epoch 29, val-acc 0.9650
07-02 20:17:53 Model saved to ./ckpt\MSSA\multi_source\[CWRU_0CWRU_2CWRU_3]To[CWRU_1]_0702-122316.pth
