05-27 21:47:33 model_name: MSSA
05-27 21:47:33 source: CWRU_0,CWRU_1,CWRU_3
05-27 21:47:33 target: CWRU_1
05-27 21:47:33 data_dir: ./datasets
05-27 21:47:33 train_mode: multi_source
05-27 21:47:33 cuda_device: 0
05-27 21:47:33 save_dir: ./ckpt
05-27 21:47:33 max_epoch: 30
05-27 21:47:33 batch_size: 64
05-27 21:47:33 num_workers: 4
05-27 21:47:33 signal_size: 1024
05-27 21:47:33 random_state: 1
05-27 21:47:33 normlizetype: -1-1
05-27 21:47:33 opt: sgd
05-27 21:47:33 lr: 0.01
05-27 21:47:33 momentum: 0.9
05-27 21:47:33 betas: (0.9, 0.999)
05-27 21:47:33 weight_decay: 0.0005
05-27 21:47:33 lr_scheduler: stepLR
05-27 21:47:33 gamma: 0.2
05-27 21:47:33 steps: 10
05-27 21:47:33 tradeoff: ['exp', 'exp', 'exp']
05-27 21:47:33 dropout: 0.0
05-27 21:47:33 save: True
05-27 21:47:33 load_path: 
05-27 21:47:33 save_path: ./ckpt\MSSA\multi_source\[CWRU_0CWRU_1CWRU_3]To[CWRU_1]_0527-214733
05-27 21:47:33 Detect 10 classes: ['B007', 'B014', 'B021', 'IR007', 'IR014', 'IR021', 'Normal', 'OR007', 'OR014', 'OR021']
05-27 21:47:33 using 1 / 1 gpus
05-27 21:47:37 Source set CWRU_0 number of samples 5668.
05-27 21:47:37 Source set CWRU_1 number of samples 9374.
05-27 21:47:37 Source set CWRU_3 number of samples 9492.
05-27 21:47:37 Training set number of samples 7495.
05-27 21:47:37 Validation set number of samples 1879.
05-27 21:49:14 -----Epoch 1/30-----
05-27 21:49:14 current lr: [0.01, 0.01]
05-27 22:00:38 Train-Loss Source Classifier: 3.1135
05-27 22:00:38 Train-Loss MMD: 0.3740
05-27 22:00:38 Train-Acc Source Data 0: 0.6040
05-27 22:00:38 Train-Acc Source Data 1: 0.6438
05-27 22:00:38 Train-Acc Source Data 2: 0.6317
05-27 22:01:13 Val-Acc Target Data: 0.6988
05-27 22:01:14 The best model epoch 1, val-acc 0.6988
05-27 22:01:14 -----Epoch 2/30-----
05-27 22:01:14 current lr: [0.01, 0.01]
05-27 22:13:38 Train-Loss Source Classifier: 0.7376
05-27 22:13:38 Train-Loss MMD: 0.3653
05-27 22:13:38 Train-Acc Source Data 0: 0.8830
05-27 22:13:38 Train-Acc Source Data 1: 0.9155
05-27 22:13:38 Train-Acc Source Data 2: 0.9155
05-27 22:14:15 Val-Acc Target Data: 0.9041
05-27 22:14:16 The best model epoch 2, val-acc 0.9041
05-27 22:14:16 -----Epoch 3/30-----
05-27 22:14:16 current lr: [0.01, 0.01]
05-27 22:27:34 Train-Loss Source Classifier: 0.3658
05-27 22:27:34 Train-Loss MMD: 0.3430
05-27 22:27:34 Train-Acc Source Data 0: 0.9188
05-27 22:27:34 Train-Acc Source Data 1: 0.9633
05-27 22:27:34 Train-Acc Source Data 2: 0.9694
05-27 22:28:00 Val-Acc Target Data: 0.9359
05-27 22:28:01 The best model epoch 3, val-acc 0.9359
05-27 22:28:01 -----Epoch 4/30-----
05-27 22:28:01 current lr: [0.01, 0.01]
05-27 22:40:42 Train-Loss Source Classifier: 0.2365
05-27 22:40:42 Train-Loss MMD: 0.3285
05-27 22:40:42 Train-Acc Source Data 0: 0.9299
05-27 22:40:42 Train-Acc Source Data 1: 0.9788
05-27 22:40:42 Train-Acc Source Data 2: 0.9804
05-27 22:41:08 Val-Acc Target Data: 0.9752
05-27 22:41:08 The best model epoch 4, val-acc 0.9752
05-27 22:41:08 -----Epoch 5/30-----
05-27 22:41:08 current lr: [0.01, 0.01]
05-27 22:52:48 Train-Loss Source Classifier: 0.2015
05-27 22:52:48 Train-Loss MMD: 0.3176
05-27 22:52:48 Train-Acc Source Data 0: 0.9331
05-27 22:52:48 Train-Acc Source Data 1: 0.9844
05-27 22:52:48 Train-Acc Source Data 2: 0.9858
05-27 22:53:14 Val-Acc Target Data: 0.9844
05-27 22:53:15 The best model epoch 5, val-acc 0.9844
05-27 22:53:15 -----Epoch 6/30-----
05-27 22:53:15 current lr: [0.01, 0.01]
05-27 23:04:57 Train-Loss Source Classifier: 0.1498
05-27 23:04:57 Train-Loss MMD: 0.3091
05-27 23:04:57 Train-Acc Source Data 0: 0.9310
05-27 23:04:57 Train-Acc Source Data 1: 0.9932
05-27 23:04:57 Train-Acc Source Data 2: 0.9936
05-27 23:05:23 Val-Acc Target Data: 0.9693
05-27 23:05:24 The best model epoch 5, val-acc 0.9844
05-27 23:05:24 -----Epoch 7/30-----
05-27 23:05:24 current lr: [0.01, 0.01]
05-27 23:19:36 Train-Loss Source Classifier: 0.1252
05-27 23:19:36 Train-Loss MMD: 0.3023
05-27 23:19:36 Train-Acc Source Data 0: 0.9355
05-27 23:19:36 Train-Acc Source Data 1: 0.9972
05-27 23:19:36 Train-Acc Source Data 2: 0.9965
05-27 23:20:11 Val-Acc Target Data: 0.9908
05-27 23:20:11 The best model epoch 7, val-acc 0.9908
05-27 23:20:11 -----Epoch 8/30-----
05-27 23:20:11 current lr: [0.01, 0.01]
05-27 23:34:41 Train-Loss Source Classifier: 0.1188
05-27 23:34:41 Train-Loss MMD: 0.3038
05-27 23:34:41 Train-Acc Source Data 0: 0.9363
05-27 23:34:41 Train-Acc Source Data 1: 0.9965
05-27 23:34:41 Train-Acc Source Data 2: 0.9975
05-27 23:35:17 Val-Acc Target Data: 0.9741
05-27 23:35:18 The best model epoch 7, val-acc 0.9908
05-27 23:35:18 -----Epoch 9/30-----
05-27 23:35:18 current lr: [0.01, 0.01]
05-27 23:49:57 Train-Loss Source Classifier: 0.1324
05-27 23:49:57 Train-Loss MMD: 0.2828
05-27 23:49:57 Train-Acc Source Data 0: 0.9364
05-27 23:49:57 Train-Acc Source Data 1: 0.9968
05-27 23:49:57 Train-Acc Source Data 2: 0.9939
05-27 23:50:23 Val-Acc Target Data: 0.9925
05-27 23:50:24 The best model epoch 9, val-acc 0.9925
05-27 23:50:24 -----Epoch 10/30-----
05-27 23:50:24 current lr: [0.01, 0.01]
05-28 00:03:52 Train-Loss Source Classifier: 0.1161
05-28 00:03:52 Train-Loss MMD: 0.2645
05-28 00:03:52 Train-Acc Source Data 0: 0.9336
05-28 00:03:52 Train-Acc Source Data 1: 0.9993
05-28 00:03:52 Train-Acc Source Data 2: 0.9989
05-28 00:04:09 Val-Acc Target Data: 0.9736
05-28 00:04:10 The best model epoch 9, val-acc 0.9925
05-28 00:04:10 -----Epoch 11/30-----
05-28 00:04:10 current lr: [0.002, 0.002]
05-28 00:17:21 Train-Loss Source Classifier: 0.1073
05-28 00:17:21 Train-Loss MMD: 0.2378
05-28 00:17:21 Train-Acc Source Data 0: 0.9356
05-28 00:17:21 Train-Acc Source Data 1: 0.9997
05-28 00:17:21 Train-Acc Source Data 2: 0.9999
05-28 00:17:47 Val-Acc Target Data: 0.9984
05-28 00:17:48 The best model epoch 11, val-acc 0.9984
05-28 00:17:48 -----Epoch 12/30-----
05-28 00:17:48 current lr: [0.002, 0.002]
05-28 00:31:17 Train-Loss Source Classifier: 0.1095
05-28 00:31:17 Train-Loss MMD: 0.2269
05-28 00:31:17 Train-Acc Source Data 0: 0.9362
05-28 00:31:17 Train-Acc Source Data 1: 1.0000
05-28 00:31:17 Train-Acc Source Data 2: 1.0000
05-28 00:31:44 Val-Acc Target Data: 0.9978
05-28 00:31:45 The best model epoch 11, val-acc 0.9984
05-28 00:31:45 -----Epoch 13/30-----
05-28 00:31:45 current lr: [0.002, 0.002]
