07-01 23:10:37 model_name: MSSA
07-01 23:10:37 source: CWRU_0,CWRU_2,CWRU_3
07-01 23:10:37 target: CWRU_1
07-01 23:10:37 data_dir: ./datasets
07-01 23:10:37 train_mode: multi_source
07-01 23:10:37 cuda_device: 0
07-01 23:10:37 save_dir: ./ckpt
07-01 23:10:37 max_epoch: 30
07-01 23:10:37 batch_size: 64
07-01 23:10:37 num_workers: 4
07-01 23:10:37 signal_size: 1024
07-01 23:10:37 random_state: 1
07-01 23:10:37 normlizetype: -1-1
07-01 23:10:37 opt: sgd
07-01 23:10:37 lr: 0.01
07-01 23:10:37 momentum: 0.9
07-01 23:10:37 betas: (0.9, 0.999)
07-01 23:10:37 weight_decay: 0.0005
07-01 23:10:37 lr_scheduler: stepLR
07-01 23:10:37 gamma: 0.2
07-01 23:10:37 steps: 10
07-01 23:10:37 tradeoff: ['exp', 'exp', 'exp']
07-01 23:10:37 dropout: 0.0
07-01 23:10:37 save: True
07-01 23:10:37 load_path: 
07-01 23:10:37 save_path: ./ckpt\MSSA\multi_source\[CWRU_0CWRU_2CWRU_3]To[CWRU_1]_0701-231037
07-01 23:10:37 Detect 10 classes: ['B007', 'B014', 'B021', 'IR007', 'IR014', 'IR021', 'Normal', 'OR007', 'OR014', 'OR021']
07-01 23:10:37 using 1 / 1 gpus
07-01 23:10:39 Source set CWRU_0 number of samples 5668.
07-01 23:10:39 Source set CWRU_2 number of samples 9488.
07-01 23:10:39 Source set CWRU_3 number of samples 9492.
07-01 23:10:39 Training set number of samples 7495.
07-01 23:10:39 Validation set number of samples 1879.
07-01 23:11:58 -----Epoch 1/30-----
07-01 23:11:58 current lr: [0.01, 0.01]
07-01 23:24:12 Train-Loss Source Classifier: 3.2004
07-01 23:24:12 Train-Loss MMD: 0.3764
07-01 23:24:12 Train-Acc Source Data 0: 0.5875
07-01 23:24:12 Train-Acc Source Data 1: 0.6289
07-01 23:24:12 Train-Acc Source Data 2: 0.6314
07-01 23:24:38 Val-Acc Target Data: 0.6794
07-01 23:24:39 The best model epoch 1, val-acc 0.6794
07-01 23:24:39 -----Epoch 2/30-----
07-01 23:24:39 current lr: [0.01, 0.01]
07-01 23:37:38 Train-Loss Source Classifier: 0.6767
07-01 23:37:38 Train-Loss MMD: 0.3780
07-01 23:37:38 Train-Acc Source Data 0: 0.8823
07-01 23:37:38 Train-Acc Source Data 1: 0.9283
07-01 23:37:38 Train-Acc Source Data 2: 0.9314
07-01 23:38:04 Val-Acc Target Data: 0.8998
07-01 23:38:05 The best model epoch 2, val-acc 0.8998
07-01 23:38:05 -----Epoch 3/30-----
07-01 23:38:05 current lr: [0.01, 0.01]
07-01 23:50:59 Train-Loss Source Classifier: 0.2995
07-01 23:50:59 Train-Loss MMD: 0.3560
07-01 23:50:59 Train-Acc Source Data 0: 0.9169
07-01 23:50:59 Train-Acc Source Data 1: 0.9764
07-01 23:50:59 Train-Acc Source Data 2: 0.9761
07-01 23:51:26 Val-Acc Target Data: 0.7872
07-01 23:51:26 The best model epoch 2, val-acc 0.8998
07-01 23:51:26 -----Epoch 4/30-----
07-01 23:51:26 current lr: [0.01, 0.01]
