07-01 11:58:53 model_name: VREx
07-01 11:58:53 source: CWRU_0,CWRU_1,CWRU_3
07-01 11:58:53 target: CWRU_2
07-01 11:58:53 data_dir: ./datasets
07-01 11:58:53 train_mode: multi_source
07-01 11:58:53 cuda_device: 0
07-01 11:58:53 save_dir: ./ckpt
07-01 11:58:53 max_epoch: 30
07-01 11:58:53 batch_size: 64
07-01 11:58:53 num_workers: 4
07-01 11:58:53 signal_size: 1024
07-01 11:58:53 random_state: 1
07-01 11:58:53 normlizetype: -1-1
07-01 11:58:53 opt: sgd
07-01 11:58:53 lr: 0.01
07-01 11:58:53 momentum: 0.9
07-01 11:58:53 betas: (0.9, 0.999)
07-01 11:58:53 weight_decay: 0.0005
07-01 11:58:53 lr_scheduler: stepLR
07-01 11:58:53 gamma: 0.2
07-01 11:58:53 steps: 10
07-01 11:58:53 tradeoff: ['exp', 'exp', 'exp']
07-01 11:58:53 dropout: 0.0
07-01 11:58:53 save: True
07-01 11:58:53 load_path: 
07-01 11:58:53 save_path: ./ckpt\VREx\multi_source\[CWRU_0CWRU_1CWRU_3]To[CWRU_2]_0701-115853
07-01 11:58:53 Detect 10 classes: ['B007', 'B014', 'B021', 'IR007', 'IR014', 'IR021', 'Normal', 'OR007', 'OR014', 'OR021']
07-01 11:58:53 using 1 / 1 gpus
07-01 11:58:55 Source set CWRU_0 number of samples 5668.
07-01 11:58:55 Source set CWRU_1 number of samples 9374.
07-01 11:58:55 Source set CWRU_3 number of samples 9492.
07-01 11:58:56 Training set number of samples 7586.
07-01 11:58:56 Validation set number of samples 1902.
07-01 12:00:22 -----Epoch 1/30-----
07-01 12:00:22 current lr: [0.01]
07-01 12:03:14 Train-Loss Source Classifier: 1.1567
07-01 12:03:14 Train-Loss Risk Variance: 0.0086
07-01 12:03:14 Train-Acc Source Data: 0.5837
07-01 12:03:45 Val-Acc Target Data: 0.7581
07-01 12:03:45 The best model epoch 1, val-acc 0.7581
07-01 12:03:45 -----Epoch 2/30-----
07-01 12:03:45 current lr: [0.01]
07-01 12:05:45 Train-Loss Source Classifier: 0.3315
07-01 12:05:45 Train-Loss Risk Variance: 0.0054
07-01 12:05:45 Train-Acc Source Data: 0.8784
07-01 12:06:11 Val-Acc Target Data: 0.8610
07-01 12:06:12 The best model epoch 2, val-acc 0.8610
07-01 12:06:12 -----Epoch 3/30-----
07-01 12:06:12 current lr: [0.01]
07-01 12:08:34 Train-Loss Source Classifier: 0.1669
07-01 12:08:34 Train-Loss Risk Variance: 0.0030
07-01 12:08:34 Train-Acc Source Data: 0.9353
07-01 12:09:00 Val-Acc Target Data: 0.9520
07-01 12:09:01 The best model epoch 3, val-acc 0.9520
07-01 12:09:01 -----Epoch 4/30-----
07-01 12:09:01 current lr: [0.01]
07-01 12:10:59 Train-Loss Source Classifier: 0.0965
07-01 12:10:59 Train-Loss Risk Variance: 0.0023
07-01 12:10:59 Train-Acc Source Data: 0.9604
07-01 12:11:22 Val-Acc Target Data: 0.9553
07-01 12:11:23 The best model epoch 4, val-acc 0.9553
07-01 12:11:23 -----Epoch 5/30-----
07-01 12:11:23 current lr: [0.01]
07-01 12:15:44 Train-Loss Source Classifier: 0.0847
07-01 12:15:44 Train-Loss Risk Variance: 0.0024
07-01 12:15:44 Train-Acc Source Data: 0.9623
07-01 12:16:07 Val-Acc Target Data: 0.8987
07-01 12:16:07 The best model epoch 4, val-acc 0.9553
07-01 12:16:07 -----Epoch 6/30-----
07-01 12:16:07 current lr: [0.01]
07-01 12:18:35 Train-Loss Source Classifier: 0.0700
07-01 12:18:35 Train-Loss Risk Variance: 0.0021
07-01 12:18:35 Train-Acc Source Data: 0.9670
07-01 12:19:02 Val-Acc Target Data: 0.9801
07-01 12:19:03 The best model epoch 6, val-acc 0.9801
07-01 12:19:03 -----Epoch 7/30-----
07-01 12:19:03 current lr: [0.01]
07-01 12:21:04 Train-Loss Source Classifier: 0.0537
07-01 12:21:04 Train-Loss Risk Variance: 0.0023
07-01 12:21:04 Train-Acc Source Data: 0.9733
07-01 12:21:30 Val-Acc Target Data: 0.9720
07-01 12:21:31 The best model epoch 6, val-acc 0.9801
07-01 12:21:31 -----Epoch 8/30-----
07-01 12:21:31 current lr: [0.01]
07-01 12:23:25 Train-Loss Source Classifier: 0.0483
07-01 12:23:25 Train-Loss Risk Variance: 0.0023
07-01 12:23:25 Train-Acc Source Data: 0.9750
07-01 12:23:52 Val-Acc Target Data: 0.9558
07-01 12:23:53 The best model epoch 6, val-acc 0.9801
07-01 12:23:53 -----Epoch 9/30-----
07-01 12:23:53 current lr: [0.01]
07-01 12:26:15 Train-Loss Source Classifier: 0.0541
07-01 12:26:15 Train-Loss Risk Variance: 0.0022
07-01 12:26:15 Train-Acc Source Data: 0.9718
07-01 12:26:40 Val-Acc Target Data: 0.9731
07-01 12:26:41 The best model epoch 6, val-acc 0.9801
07-01 12:26:41 -----Epoch 10/30-----
07-01 12:26:41 current lr: [0.01]
07-01 12:28:10 Train-Loss Source Classifier: 0.0391
07-01 12:28:10 Train-Loss Risk Variance: 0.0022
07-01 12:28:10 Train-Acc Source Data: 0.9765
07-01 12:28:35 Val-Acc Target Data: 0.9844
07-01 12:28:36 The best model epoch 10, val-acc 0.9844
07-01 12:28:36 -----Epoch 11/30-----
07-01 12:28:36 current lr: [0.002]
07-01 12:30:05 Train-Loss Source Classifier: 0.0328
07-01 12:30:05 Train-Loss Risk Variance: 0.0020
07-01 12:30:05 Train-Acc Source Data: 0.9780
07-01 12:30:31 Val-Acc Target Data: 0.9849
07-01 12:30:32 The best model epoch 11, val-acc 0.9849
07-01 12:30:32 -----Epoch 12/30-----
07-01 12:30:32 current lr: [0.002]
07-01 12:32:56 Train-Loss Source Classifier: 0.0329
07-01 12:32:56 Train-Loss Risk Variance: 0.0020
07-01 12:32:56 Train-Acc Source Data: 0.9771
07-01 12:33:23 Val-Acc Target Data: 0.9855
07-01 12:33:23 The best model epoch 12, val-acc 0.9855
07-01 12:33:23 -----Epoch 13/30-----
07-01 12:33:23 current lr: [0.002]
07-01 12:35:26 Train-Loss Source Classifier: 0.0318
07-01 12:35:26 Train-Loss Risk Variance: 0.0019
07-01 12:35:26 Train-Acc Source Data: 0.9800
07-01 12:35:52 Val-Acc Target Data: 0.9828
07-01 12:35:53 The best model epoch 12, val-acc 0.9855
07-01 12:35:53 -----Epoch 14/30-----
07-01 12:35:53 current lr: [0.002]
07-01 12:37:47 Train-Loss Source Classifier: 0.0323
07-01 12:37:47 Train-Loss Risk Variance: 0.0020
07-01 12:37:47 Train-Acc Source Data: 0.9796
07-01 12:38:14 Val-Acc Target Data: 0.9838
07-01 12:38:15 The best model epoch 12, val-acc 0.9855
07-01 12:38:15 -----Epoch 15/30-----
07-01 12:38:15 current lr: [0.002]
07-01 12:40:35 Train-Loss Source Classifier: 0.0331
07-01 12:40:35 Train-Loss Risk Variance: 0.0021
07-01 12:40:35 Train-Acc Source Data: 0.9770
07-01 12:40:54 Val-Acc Target Data: 0.9865
07-01 12:40:54 The best model epoch 15, val-acc 0.9865
07-01 12:40:54 -----Epoch 16/30-----
07-01 12:40:54 current lr: [0.002]
07-01 12:42:44 Train-Loss Source Classifier: 0.0313
07-01 12:42:44 Train-Loss Risk Variance: 0.0019
07-01 12:42:44 Train-Acc Source Data: 0.9784
07-01 12:43:10 Val-Acc Target Data: 0.9860
07-01 12:43:11 The best model epoch 15, val-acc 0.9865
07-01 12:43:11 -----Epoch 17/30-----
07-01 12:43:11 current lr: [0.002]
07-01 12:45:06 Train-Loss Source Classifier: 0.0318
07-01 12:45:06 Train-Loss Risk Variance: 0.0019
07-01 12:45:06 Train-Acc Source Data: 0.9782
07-01 12:45:32 Val-Acc Target Data: 0.9860
07-01 12:45:33 The best model epoch 15, val-acc 0.9865
07-01 12:45:33 -----Epoch 18/30-----
07-01 12:45:33 current lr: [0.002]
07-01 12:47:53 Train-Loss Source Classifier: 0.0311
07-01 12:47:53 Train-Loss Risk Variance: 0.0019
07-01 12:47:53 Train-Acc Source Data: 0.9790
07-01 12:48:18 Val-Acc Target Data: 0.9817
07-01 12:48:19 The best model epoch 15, val-acc 0.9865
07-01 12:48:19 -----Epoch 19/30-----
07-01 12:48:19 current lr: [0.002]
07-01 12:50:19 Train-Loss Source Classifier: 0.0319
07-01 12:50:19 Train-Loss Risk Variance: 0.0020
07-01 12:50:19 Train-Acc Source Data: 0.9775
07-01 12:50:45 Val-Acc Target Data: 0.9844
07-01 12:50:46 The best model epoch 15, val-acc 0.9865
07-01 12:50:46 -----Epoch 20/30-----
07-01 12:50:46 current lr: [0.002]
07-01 12:52:16 Train-Loss Source Classifier: 0.0322
07-01 12:52:16 Train-Loss Risk Variance: 0.0021
07-01 12:52:16 Train-Acc Source Data: 0.9773
07-01 12:52:42 Val-Acc Target Data: 0.9849
07-01 12:52:43 The best model epoch 15, val-acc 0.9865
07-01 12:52:43 -----Epoch 21/30-----
07-01 12:52:43 current lr: [0.0004]
07-01 12:54:37 Train-Loss Source Classifier: 0.0304
07-01 12:54:37 Train-Loss Risk Variance: 0.0018
07-01 12:54:37 Train-Acc Source Data: 0.9781
07-01 12:55:04 Val-Acc Target Data: 0.9838
07-01 12:55:05 The best model epoch 15, val-acc 0.9865
07-01 12:55:05 -----Epoch 22/30-----
07-01 12:55:05 current lr: [0.0004]
07-01 12:56:59 Train-Loss Source Classifier: 0.0311
07-01 12:56:59 Train-Loss Risk Variance: 0.0019
07-01 12:56:59 Train-Acc Source Data: 0.9787
07-01 12:57:24 Val-Acc Target Data: 0.9855
07-01 12:57:25 The best model epoch 15, val-acc 0.9865
07-01 12:57:25 -----Epoch 23/30-----
07-01 12:57:25 current lr: [0.0004]
07-01 12:59:19 Train-Loss Source Classifier: 0.0305
07-01 12:59:19 Train-Loss Risk Variance: 0.0018
07-01 12:59:19 Train-Acc Source Data: 0.9788
07-01 12:59:49 Val-Acc Target Data: 0.9860
07-01 12:59:50 The best model epoch 15, val-acc 0.9865
07-01 12:59:50 -----Epoch 24/30-----
07-01 12:59:50 current lr: [0.0004]
07-01 13:02:16 Train-Loss Source Classifier: 0.0315
07-01 13:02:16 Train-Loss Risk Variance: 0.0020
07-01 13:02:16 Train-Acc Source Data: 0.9770
07-01 13:02:42 Val-Acc Target Data: 0.9860
07-01 13:02:43 The best model epoch 15, val-acc 0.9865
07-01 13:02:43 -----Epoch 25/30-----
07-01 13:02:43 current lr: [0.0004]
07-01 13:04:14 Train-Loss Source Classifier: 0.0303
07-01 13:04:14 Train-Loss Risk Variance: 0.0018
07-01 13:04:14 Train-Acc Source Data: 0.9788
07-01 13:04:43 Val-Acc Target Data: 0.9855
07-01 13:04:44 The best model epoch 15, val-acc 0.9865
07-01 13:04:44 -----Epoch 26/30-----
07-01 13:04:44 current lr: [0.0004]
07-01 13:06:40 Train-Loss Source Classifier: 0.0309
07-01 13:06:40 Train-Loss Risk Variance: 0.0019
07-01 13:06:40 Train-Acc Source Data: 0.9778
07-01 13:07:07 Val-Acc Target Data: 0.9865
07-01 13:07:08 The best model epoch 26, val-acc 0.9865
07-01 13:07:08 -----Epoch 27/30-----
07-01 13:07:08 current lr: [0.0004]
07-01 13:09:01 Train-Loss Source Classifier: 0.0311
07-01 13:09:01 Train-Loss Risk Variance: 0.0019
07-01 13:09:01 Train-Acc Source Data: 0.9787
07-01 13:09:27 Val-Acc Target Data: 0.9865
07-01 13:09:28 The best model epoch 27, val-acc 0.9865
07-01 13:09:28 -----Epoch 28/30-----
07-01 13:09:28 current lr: [0.0004]
07-01 13:11:22 Train-Loss Source Classifier: 0.0302
07-01 13:11:22 Train-Loss Risk Variance: 0.0018
07-01 13:11:22 Train-Acc Source Data: 0.9780
07-01 13:11:51 Val-Acc Target Data: 0.9838
07-01 13:11:52 The best model epoch 27, val-acc 0.9865
07-01 13:11:52 -----Epoch 29/30-----
07-01 13:11:52 current lr: [0.0004]
07-01 13:13:44 Train-Loss Source Classifier: 0.0308
07-01 13:13:44 Train-Loss Risk Variance: 0.0019
07-01 13:13:44 Train-Acc Source Data: 0.9780
07-01 13:14:11 Val-Acc Target Data: 0.9849
07-01 13:14:12 The best model epoch 27, val-acc 0.9865
07-01 13:14:12 -----Epoch 30/30-----
07-01 13:14:12 current lr: [0.0004]
07-01 13:16:06 Train-Loss Source Classifier: 0.0308
07-01 13:16:06 Train-Loss Risk Variance: 0.0019
07-01 13:16:06 Train-Acc Source Data: 0.9779
07-01 13:16:31 Val-Acc Target Data: 0.9860
07-01 13:16:32 The best model epoch 27, val-acc 0.9865
07-01 13:16:32 Model saved to ./ckpt\VREx\multi_source\[CWRU_0CWRU_1CWRU_3]To[CWRU_2]_0701-115853.pth
