07-02 09:44:34 model_name: VREx
07-02 09:44:34 source: CWRU_0,CWRU_2,CWRU_3
07-02 09:44:34 target: CWRU_1
07-02 09:44:34 data_dir: ./datasets
07-02 09:44:34 train_mode: multi_source
07-02 09:44:34 cuda_device: 0
07-02 09:44:34 save_dir: ./ckpt
07-02 09:44:34 max_epoch: 30
07-02 09:44:34 batch_size: 64
07-02 09:44:34 num_workers: 4
07-02 09:44:34 signal_size: 1024
07-02 09:44:34 random_state: 1
07-02 09:44:34 normlizetype: -1-1
07-02 09:44:34 opt: sgd
07-02 09:44:34 lr: 0.01
07-02 09:44:34 momentum: 0.9
07-02 09:44:34 betas: (0.9, 0.999)
07-02 09:44:34 weight_decay: 0.0005
07-02 09:44:34 lr_scheduler: stepLR
07-02 09:44:34 gamma: 0.2
07-02 09:44:34 steps: 10
07-02 09:44:34 tradeoff: ['exp', 'exp', 'exp']
07-02 09:44:34 dropout: 0.0
07-02 09:44:34 save: True
07-02 09:44:34 load_path: 
07-02 09:44:34 save_path: ./ckpt\VREx\multi_source\[CWRU_0CWRU_2CWRU_3]To[CWRU_1]_0702-094434
07-02 09:44:34 Detect 10 classes: ['B007', 'B014', 'B021', 'IR007', 'IR014', 'IR021', 'Normal', 'OR007', 'OR014', 'OR021']
07-02 09:44:34 using 1 / 1 gpus
07-02 09:44:35 Source set CWRU_0 number of samples 5668.
07-02 09:44:35 Source set CWRU_2 number of samples 9488.
07-02 09:44:35 Source set CWRU_3 number of samples 9492.
07-02 09:44:35 Training set number of samples 7495.
07-02 09:44:35 Validation set number of samples 1879.
07-02 09:45:52 -----Epoch 1/30-----
07-02 09:45:52 current lr: [0.01]
07-02 09:48:28 Train-Loss Source Classifier: 1.1826
07-02 09:48:28 Train-Loss Risk Variance: 0.0107
07-02 09:48:28 Train-Acc Source Data: 0.5755
07-02 09:48:47 Val-Acc Target Data: 0.7328
07-02 09:48:47 The best model epoch 1, val-acc 0.7328
07-02 09:48:47 -----Epoch 2/30-----
07-02 09:48:47 current lr: [0.01]
07-02 09:52:39 Train-Loss Source Classifier: 0.3224
07-02 09:52:39 Train-Loss Risk Variance: 0.0054
07-02 09:52:39 Train-Acc Source Data: 0.8796
07-02 09:53:12 Val-Acc Target Data: 0.8341
07-02 09:53:13 The best model epoch 2, val-acc 0.8341
07-02 09:53:13 -----Epoch 3/30-----
07-02 09:53:13 current lr: [0.01]
07-02 09:56:29 Train-Loss Source Classifier: 0.1653
07-02 09:56:29 Train-Loss Risk Variance: 0.0036
07-02 09:56:29 Train-Acc Source Data: 0.9358
07-02 09:56:52 Val-Acc Target Data: 0.9025
07-02 09:56:53 The best model epoch 3, val-acc 0.9025
07-02 09:56:53 -----Epoch 4/30-----
07-02 09:56:53 current lr: [0.01]
07-02 09:59:41 Train-Loss Source Classifier: 0.1083
07-02 09:59:41 Train-Loss Risk Variance: 0.0027
07-02 09:59:41 Train-Acc Source Data: 0.9556
07-02 10:00:06 Val-Acc Target Data: 0.9332
07-02 10:00:07 The best model epoch 4, val-acc 0.9332
07-02 10:00:07 -----Epoch 5/30-----
07-02 10:00:07 current lr: [0.01]
07-02 10:01:16 Train-Loss Source Classifier: 0.0733
07-02 10:01:16 Train-Loss Risk Variance: 0.0020
07-02 10:01:16 Train-Acc Source Data: 0.9670
07-02 10:01:41 Val-Acc Target Data: 0.8750
07-02 10:01:42 The best model epoch 4, val-acc 0.9332
07-02 10:01:42 -----Epoch 6/30-----
07-02 10:01:42 current lr: [0.01]
07-02 10:04:05 Train-Loss Source Classifier: 0.0591
07-02 10:04:05 Train-Loss Risk Variance: 0.0021
07-02 10:04:05 Train-Acc Source Data: 0.9714
07-02 10:04:30 Val-Acc Target Data: 0.9289
07-02 10:04:31 The best model epoch 4, val-acc 0.9332
07-02 10:04:31 -----Epoch 7/30-----
07-02 10:04:31 current lr: [0.01]
07-02 10:07:13 Train-Loss Source Classifier: 0.0481
07-02 10:07:13 Train-Loss Risk Variance: 0.0022
07-02 10:07:13 Train-Acc Source Data: 0.9756
07-02 10:07:38 Val-Acc Target Data: 0.9558
07-02 10:07:39 The best model epoch 7, val-acc 0.9558
07-02 10:07:39 -----Epoch 8/30-----
07-02 10:07:39 current lr: [0.01]
07-02 10:09:32 Train-Loss Source Classifier: 0.0414
07-02 10:09:32 Train-Loss Risk Variance: 0.0024
07-02 10:09:32 Train-Acc Source Data: 0.9760
07-02 10:09:58 Val-Acc Target Data: 0.9537
07-02 10:09:59 The best model epoch 7, val-acc 0.9558
07-02 10:09:59 -----Epoch 9/30-----
07-02 10:09:59 current lr: [0.01]
07-02 10:11:45 Train-Loss Source Classifier: 0.0390
07-02 10:11:45 Train-Loss Risk Variance: 0.0023
07-02 10:11:45 Train-Acc Source Data: 0.9780
07-02 10:12:02 Val-Acc Target Data: 0.9413
07-02 10:12:03 The best model epoch 7, val-acc 0.9558
07-02 10:12:03 -----Epoch 10/30-----
07-02 10:12:03 current lr: [0.01]
07-02 10:15:31 Train-Loss Source Classifier: 0.0389
07-02 10:15:31 Train-Loss Risk Variance: 0.0022
07-02 10:15:31 Train-Acc Source Data: 0.9781
07-02 10:16:01 Val-Acc Target Data: 0.9574
07-02 10:16:02 The best model epoch 10, val-acc 0.9574
07-02 10:16:02 -----Epoch 11/30-----
07-02 10:16:02 current lr: [0.002]
07-02 10:19:06 Train-Loss Source Classifier: 0.0327
07-02 10:19:06 Train-Loss Risk Variance: 0.0020
07-02 10:19:06 Train-Acc Source Data: 0.9782
07-02 10:19:31 Val-Acc Target Data: 0.9612
07-02 10:19:32 The best model epoch 11, val-acc 0.9612
07-02 10:19:32 -----Epoch 12/30-----
07-02 10:19:32 current lr: [0.002]
07-02 10:21:24 Train-Loss Source Classifier: 0.0322
07-02 10:21:24 Train-Loss Risk Variance: 0.0019
07-02 10:21:24 Train-Acc Source Data: 0.9780
07-02 10:21:49 Val-Acc Target Data: 0.9574
07-02 10:21:50 The best model epoch 11, val-acc 0.9612
07-02 10:21:50 -----Epoch 13/30-----
07-02 10:21:50 current lr: [0.002]
07-02 10:24:10 Train-Loss Source Classifier: 0.0318
07-02 10:24:10 Train-Loss Risk Variance: 0.0019
07-02 10:24:10 Train-Acc Source Data: 0.9780
07-02 10:24:33 Val-Acc Target Data: 0.9601
07-02 10:24:33 The best model epoch 11, val-acc 0.9612
07-02 10:24:33 -----Epoch 14/30-----
07-02 10:24:33 current lr: [0.002]
07-02 10:26:50 Train-Loss Source Classifier: 0.0318
07-02 10:26:50 Train-Loss Risk Variance: 0.0020
07-02 10:26:50 Train-Acc Source Data: 0.9792
07-02 10:27:07 Val-Acc Target Data: 0.9585
07-02 10:27:08 The best model epoch 11, val-acc 0.9612
07-02 10:27:08 -----Epoch 15/30-----
07-02 10:27:08 current lr: [0.002]
07-02 10:28:48 Train-Loss Source Classifier: 0.0317
07-02 10:28:48 Train-Loss Risk Variance: 0.0020
07-02 10:28:48 Train-Acc Source Data: 0.9772
07-02 10:29:12 Val-Acc Target Data: 0.9580
07-02 10:29:13 The best model epoch 11, val-acc 0.9612
07-02 10:29:13 -----Epoch 16/30-----
07-02 10:29:13 current lr: [0.002]
07-02 10:32:37 Train-Loss Source Classifier: 0.0312
07-02 10:32:37 Train-Loss Risk Variance: 0.0019
07-02 10:32:37 Train-Acc Source Data: 0.9783
07-02 10:33:00 Val-Acc Target Data: 0.9569
07-02 10:33:01 The best model epoch 11, val-acc 0.9612
07-02 10:33:01 -----Epoch 17/30-----
07-02 10:33:01 current lr: [0.002]
07-02 10:36:17 Train-Loss Source Classifier: 0.0310
07-02 10:36:17 Train-Loss Risk Variance: 0.0019
07-02 10:36:17 Train-Acc Source Data: 0.9786
07-02 10:36:51 Val-Acc Target Data: 0.9601
07-02 10:36:51 The best model epoch 11, val-acc 0.9612
07-02 10:36:51 -----Epoch 18/30-----
07-02 10:36:51 current lr: [0.002]
07-02 10:40:20 Train-Loss Source Classifier: 0.0307
07-02 10:40:20 Train-Loss Risk Variance: 0.0019
07-02 10:40:20 Train-Acc Source Data: 0.9788
07-02 10:40:40 Val-Acc Target Data: 0.9596
07-02 10:40:41 The best model epoch 11, val-acc 0.9612
07-02 10:40:41 -----Epoch 19/30-----
07-02 10:40:41 current lr: [0.002]
07-02 10:45:10 Train-Loss Source Classifier: 0.0311
07-02 10:45:10 Train-Loss Risk Variance: 0.0019
07-02 10:45:10 Train-Acc Source Data: 0.9791
07-02 10:45:42 Val-Acc Target Data: 0.9580
07-02 10:45:43 The best model epoch 11, val-acc 0.9612
07-02 10:45:43 -----Epoch 20/30-----
07-02 10:45:43 current lr: [0.002]
07-02 10:49:22 Train-Loss Source Classifier: 0.0307
07-02 10:49:22 Train-Loss Risk Variance: 0.0019
07-02 10:49:22 Train-Acc Source Data: 0.9778
07-02 10:49:43 Val-Acc Target Data: 0.9574
07-02 10:49:44 The best model epoch 11, val-acc 0.9612
07-02 10:49:44 -----Epoch 21/30-----
07-02 10:49:44 current lr: [0.0004]
07-02 10:52:38 Train-Loss Source Classifier: 0.0312
07-02 10:52:38 Train-Loss Risk Variance: 0.0020
07-02 10:52:38 Train-Acc Source Data: 0.9778
07-02 10:53:11 Val-Acc Target Data: 0.9607
07-02 10:53:12 The best model epoch 11, val-acc 0.9612
07-02 10:53:12 -----Epoch 22/30-----
07-02 10:53:12 current lr: [0.0004]
07-02 10:56:26 Train-Loss Source Classifier: 0.0299
07-02 10:56:26 Train-Loss Risk Variance: 0.0018
07-02 10:56:26 Train-Acc Source Data: 0.9792
07-02 10:56:46 Val-Acc Target Data: 0.9591
07-02 10:56:47 The best model epoch 11, val-acc 0.9612
07-02 10:56:47 -----Epoch 23/30-----
07-02 10:56:47 current lr: [0.0004]
07-02 11:00:12 Train-Loss Source Classifier: 0.0320
07-02 11:00:12 Train-Loss Risk Variance: 0.0021
07-02 11:00:12 Train-Acc Source Data: 0.9777
07-02 11:00:32 Val-Acc Target Data: 0.9601
07-02 11:00:33 The best model epoch 11, val-acc 0.9612
07-02 11:00:33 -----Epoch 24/30-----
07-02 11:00:33 current lr: [0.0004]
07-02 11:04:04 Train-Loss Source Classifier: 0.0290
07-02 11:04:04 Train-Loss Risk Variance: 0.0018
07-02 11:04:04 Train-Acc Source Data: 0.9807
07-02 11:04:29 Val-Acc Target Data: 0.9585
07-02 11:04:30 The best model epoch 11, val-acc 0.9612
07-02 11:04:30 -----Epoch 25/30-----
07-02 11:04:30 current lr: [0.0004]
07-02 11:07:12 Train-Loss Source Classifier: 0.0306
07-02 11:07:12 Train-Loss Risk Variance: 0.0019
07-02 11:07:12 Train-Acc Source Data: 0.9781
07-02 11:07:54 Val-Acc Target Data: 0.9585
07-02 11:07:55 The best model epoch 11, val-acc 0.9612
07-02 11:07:55 -----Epoch 26/30-----
07-02 11:07:55 current lr: [0.0004]
07-02 11:11:15 Train-Loss Source Classifier: 0.0310
07-02 11:11:15 Train-Loss Risk Variance: 0.0019
07-02 11:11:15 Train-Acc Source Data: 0.9774
07-02 11:11:34 Val-Acc Target Data: 0.9585
07-02 11:11:34 The best model epoch 11, val-acc 0.9612
07-02 11:11:34 -----Epoch 27/30-----
07-02 11:11:34 current lr: [0.0004]
07-02 11:14:55 Train-Loss Source Classifier: 0.0303
07-02 11:14:55 Train-Loss Risk Variance: 0.0019
07-02 11:14:55 Train-Acc Source Data: 0.9789
07-02 11:15:25 Val-Acc Target Data: 0.9596
07-02 11:15:25 The best model epoch 11, val-acc 0.9612
07-02 11:15:25 -----Epoch 28/30-----
07-02 11:15:25 current lr: [0.0004]
07-02 11:19:41 Train-Loss Source Classifier: 0.0304
07-02 11:19:41 Train-Loss Risk Variance: 0.0018
07-02 11:19:41 Train-Acc Source Data: 0.9793
07-02 11:20:00 Val-Acc Target Data: 0.9596
07-02 11:20:00 The best model epoch 11, val-acc 0.9612
07-02 11:20:00 -----Epoch 29/30-----
07-02 11:20:00 current lr: [0.0004]
07-02 11:23:35 Train-Loss Source Classifier: 0.0307
07-02 11:23:35 Train-Loss Risk Variance: 0.0019
07-02 11:23:35 Train-Acc Source Data: 0.9783
07-02 11:23:55 Val-Acc Target Data: 0.9596
07-02 11:23:55 The best model epoch 11, val-acc 0.9612
07-02 11:23:55 -----Epoch 30/30-----
07-02 11:23:55 current lr: [0.0004]
07-02 11:27:57 Train-Loss Source Classifier: 0.0304
07-02 11:27:57 Train-Loss Risk Variance: 0.0019
07-02 11:27:57 Train-Acc Source Data: 0.9786
07-02 11:28:16 Val-Acc Target Data: 0.9591
07-02 11:28:17 The best model epoch 11, val-acc 0.9612
07-02 11:28:17 Model saved to ./ckpt\VREx\multi_source\[CWRU_0CWRU_2CWRU_3]To[CWRU_1]_0702-094434.pth
