07-01 13:40:48 model_name: VREx
07-01 13:40:48 source: CWRU_0,CWRU_1,CWRU_3
07-01 13:40:48 target: CWRU_1
07-01 13:40:48 data_dir: ./datasets
07-01 13:40:48 train_mode: multi_source
07-01 13:40:48 cuda_device: 0
07-01 13:40:48 save_dir: ./ckpt
07-01 13:40:48 max_epoch: 30
07-01 13:40:48 batch_size: 64
07-01 13:40:48 num_workers: 4
07-01 13:40:48 signal_size: 1024
07-01 13:40:48 random_state: 1
07-01 13:40:48 normlizetype: -1-1
07-01 13:40:48 opt: sgd
07-01 13:40:48 lr: 0.01
07-01 13:40:48 momentum: 0.9
07-01 13:40:48 betas: (0.9, 0.999)
07-01 13:40:48 weight_decay: 0.0005
07-01 13:40:48 lr_scheduler: stepLR
07-01 13:40:48 gamma: 0.2
07-01 13:40:48 steps: 10
07-01 13:40:48 tradeoff: ['exp', 'exp', 'exp']
07-01 13:40:48 dropout: 0.0
07-01 13:40:48 save: True
07-01 13:40:48 load_path: 
07-01 13:40:48 save_path: ./ckpt\VREx\multi_source\[CWRU_0CWRU_1CWRU_3]To[CWRU_1]_0701-134048
07-01 13:40:48 Detect 10 classes: ['B007', 'B014', 'B021', 'IR007', 'IR014', 'IR021', 'Normal', 'OR007', 'OR014', 'OR021']
07-01 13:40:48 using 1 / 1 gpus
07-01 13:40:50 Source set CWRU_0 number of samples 5668.
07-01 13:40:50 Source set CWRU_1 number of samples 9374.
07-01 13:40:50 Source set CWRU_3 number of samples 9492.
07-01 13:40:50 Training set number of samples 7495.
07-01 13:40:50 Validation set number of samples 1879.
07-01 13:42:05 -----Epoch 1/30-----
07-01 13:42:05 current lr: [0.01]
07-01 13:43:43 Train-Loss Source Classifier: 1.1624
07-01 13:43:43 Train-Loss Risk Variance: 0.0087
07-01 13:43:43 Train-Acc Source Data: 0.5816
07-01 13:44:01 Val-Acc Target Data: 0.7672
07-01 13:44:02 The best model epoch 1, val-acc 0.7672
07-01 13:44:02 -----Epoch 2/30-----
07-01 13:44:02 current lr: [0.01]
07-01 13:47:46 Train-Loss Source Classifier: 0.3362
07-01 13:47:46 Train-Loss Risk Variance: 0.0055
07-01 13:47:46 Train-Acc Source Data: 0.8770
07-01 13:48:20 Val-Acc Target Data: 0.9111
07-01 13:48:21 The best model epoch 2, val-acc 0.9111
07-01 13:48:21 -----Epoch 3/30-----
07-01 13:48:21 current lr: [0.01]
07-01 13:52:12 Train-Loss Source Classifier: 0.1702
07-01 13:52:12 Train-Loss Risk Variance: 0.0031
07-01 13:52:12 Train-Acc Source Data: 0.9359
07-01 13:52:36 Val-Acc Target Data: 0.9666
07-01 13:52:37 The best model epoch 3, val-acc 0.9666
07-01 13:52:37 -----Epoch 4/30-----
07-01 13:52:37 current lr: [0.01]
07-01 13:55:37 Train-Loss Source Classifier: 0.1048
07-01 13:55:37 Train-Loss Risk Variance: 0.0025
07-01 13:55:37 Train-Acc Source Data: 0.9569
07-01 13:55:59 Val-Acc Target Data: 0.9887
07-01 13:55:59 The best model epoch 4, val-acc 0.9887
07-01 13:55:59 -----Epoch 5/30-----
07-01 13:55:59 current lr: [0.01]
07-01 14:00:15 Train-Loss Source Classifier: 0.0797
07-01 14:00:15 Train-Loss Risk Variance: 0.0021
07-01 14:00:15 Train-Acc Source Data: 0.9646
07-01 14:00:33 Val-Acc Target Data: 0.9418
07-01 14:00:33 The best model epoch 4, val-acc 0.9887
07-01 14:00:33 -----Epoch 6/30-----
07-01 14:00:33 current lr: [0.01]
07-01 14:02:25 Train-Loss Source Classifier: 0.0717
07-01 14:02:25 Train-Loss Risk Variance: 0.0023
07-01 14:02:25 Train-Acc Source Data: 0.9665
07-01 14:02:51 Val-Acc Target Data: 0.9887
07-01 14:02:52 The best model epoch 6, val-acc 0.9887
07-01 14:02:52 -----Epoch 7/30-----
07-01 14:02:52 current lr: [0.01]
07-01 14:06:17 Train-Loss Source Classifier: 0.0538
07-01 14:06:17 Train-Loss Risk Variance: 0.0022
07-01 14:06:17 Train-Acc Source Data: 0.9736
07-01 14:06:43 Val-Acc Target Data: 0.9925
07-01 14:06:44 The best model epoch 7, val-acc 0.9925
07-01 14:06:44 -----Epoch 8/30-----
07-01 14:06:44 current lr: [0.01]
07-01 14:08:45 Train-Loss Source Classifier: 0.0508
07-01 14:08:45 Train-Loss Risk Variance: 0.0024
07-01 14:08:45 Train-Acc Source Data: 0.9733
07-01 14:09:23 Val-Acc Target Data: 0.9952
07-01 14:09:24 The best model epoch 8, val-acc 0.9952
07-01 14:09:24 -----Epoch 9/30-----
07-01 14:09:24 current lr: [0.01]
07-01 14:12:14 Train-Loss Source Classifier: 0.0472
07-01 14:12:14 Train-Loss Risk Variance: 0.0022
07-01 14:12:14 Train-Acc Source Data: 0.9746
07-01 14:13:00 Val-Acc Target Data: 0.9984
07-01 14:13:01 The best model epoch 9, val-acc 0.9984
07-01 14:13:01 -----Epoch 10/30-----
07-01 14:13:01 current lr: [0.01]
07-01 14:15:47 Train-Loss Source Classifier: 0.0392
07-01 14:15:47 Train-Loss Risk Variance: 0.0021
07-01 14:15:47 Train-Acc Source Data: 0.9778
07-01 14:16:19 Val-Acc Target Data: 0.9995
07-01 14:16:20 The best model epoch 10, val-acc 0.9995
07-01 14:16:20 -----Epoch 11/30-----
07-01 14:16:20 current lr: [0.002]
07-01 14:17:59 Train-Loss Source Classifier: 0.0337
07-01 14:17:59 Train-Loss Risk Variance: 0.0020
07-01 14:17:59 Train-Acc Source Data: 0.9778
07-01 14:18:30 Val-Acc Target Data: 1.0000
07-01 14:18:31 The best model epoch 11, val-acc 1.0000
07-01 14:18:31 -----Epoch 12/30-----
07-01 14:18:31 current lr: [0.002]
07-01 14:20:42 Train-Loss Source Classifier: 0.0330
07-01 14:20:42 Train-Loss Risk Variance: 0.0019
07-01 14:20:42 Train-Acc Source Data: 0.9771
07-01 14:21:13 Val-Acc Target Data: 1.0000
07-01 14:21:14 The best model epoch 12, val-acc 1.0000
07-01 14:21:14 -----Epoch 13/30-----
07-01 14:21:14 current lr: [0.002]
07-01 14:23:54 Train-Loss Source Classifier: 0.0327
07-01 14:23:54 Train-Loss Risk Variance: 0.0019
07-01 14:23:54 Train-Acc Source Data: 0.9782
07-01 14:24:18 Val-Acc Target Data: 1.0000
07-01 14:24:18 The best model epoch 13, val-acc 1.0000
07-01 14:24:18 -----Epoch 14/30-----
07-01 14:24:18 current lr: [0.002]
07-01 14:28:59 Train-Loss Source Classifier: 0.0323
07-01 14:28:59 Train-Loss Risk Variance: 0.0020
07-01 14:28:59 Train-Acc Source Data: 0.9807
07-01 14:29:28 Val-Acc Target Data: 1.0000
07-01 14:29:29 The best model epoch 14, val-acc 1.0000
07-01 14:29:29 -----Epoch 15/30-----
07-01 14:29:29 current lr: [0.002]
07-01 14:31:17 Train-Loss Source Classifier: 0.0324
07-01 14:31:17 Train-Loss Risk Variance: 0.0020
07-01 14:31:17 Train-Acc Source Data: 0.9771
07-01 14:31:38 Val-Acc Target Data: 1.0000
07-01 14:31:39 The best model epoch 15, val-acc 1.0000
07-01 14:31:39 -----Epoch 16/30-----
07-01 14:31:39 current lr: [0.002]
07-01 14:34:06 Train-Loss Source Classifier: 0.0319
07-01 14:34:06 Train-Loss Risk Variance: 0.0019
07-01 14:34:06 Train-Acc Source Data: 0.9777
07-01 14:35:00 Val-Acc Target Data: 1.0000
07-01 14:35:01 The best model epoch 16, val-acc 1.0000
07-01 14:35:01 -----Epoch 17/30-----
07-01 14:35:01 current lr: [0.002]
07-01 14:37:43 Train-Loss Source Classifier: 0.0317
07-01 14:37:43 Train-Loss Risk Variance: 0.0019
07-01 14:37:43 Train-Acc Source Data: 0.9781
07-01 14:38:07 Val-Acc Target Data: 1.0000
07-01 14:38:08 The best model epoch 17, val-acc 1.0000
07-01 14:38:08 -----Epoch 18/30-----
07-01 14:38:08 current lr: [0.002]
07-01 14:43:13 Train-Loss Source Classifier: 0.0313
07-01 14:43:13 Train-Loss Risk Variance: 0.0019
07-01 14:43:13 Train-Acc Source Data: 0.9784
07-01 14:43:34 Val-Acc Target Data: 1.0000
07-01 14:43:35 The best model epoch 18, val-acc 1.0000
07-01 14:43:35 -----Epoch 19/30-----
07-01 14:43:35 current lr: [0.002]
07-01 14:47:53 Train-Loss Source Classifier: 0.0313
07-01 14:47:53 Train-Loss Risk Variance: 0.0019
07-01 14:47:53 Train-Acc Source Data: 0.9787
07-01 14:48:12 Val-Acc Target Data: 1.0000
07-01 14:48:13 The best model epoch 19, val-acc 1.0000
07-01 14:48:13 -----Epoch 20/30-----
07-01 14:48:13 current lr: [0.002]
07-01 14:52:44 Train-Loss Source Classifier: 0.0317
07-01 14:52:44 Train-Loss Risk Variance: 0.0020
07-01 14:52:44 Train-Acc Source Data: 0.9780
07-01 14:53:03 Val-Acc Target Data: 1.0000
07-01 14:53:03 The best model epoch 20, val-acc 1.0000
07-01 14:53:03 -----Epoch 21/30-----
07-01 14:53:03 current lr: [0.0004]
07-01 14:57:00 Train-Loss Source Classifier: 0.0316
07-01 14:57:00 Train-Loss Risk Variance: 0.0020
07-01 14:57:00 Train-Acc Source Data: 0.9775
07-01 14:57:21 Val-Acc Target Data: 1.0000
07-01 14:57:22 The best model epoch 21, val-acc 1.0000
07-01 14:57:22 -----Epoch 22/30-----
07-01 14:57:22 current lr: [0.0004]
07-01 15:02:08 Train-Loss Source Classifier: 0.0302
07-01 15:02:08 Train-Loss Risk Variance: 0.0018
07-01 15:02:08 Train-Acc Source Data: 0.9792
07-01 15:02:27 Val-Acc Target Data: 1.0000
07-01 15:02:28 The best model epoch 22, val-acc 1.0000
07-01 15:02:28 -----Epoch 23/30-----
07-01 15:02:28 current lr: [0.0004]
07-01 15:07:33 Train-Loss Source Classifier: 0.0305
07-01 15:07:33 Train-Loss Risk Variance: 0.0019
07-01 15:07:33 Train-Acc Source Data: 0.9791
07-01 15:07:56 Val-Acc Target Data: 1.0000
07-01 15:07:56 The best model epoch 23, val-acc 1.0000
07-01 15:07:56 -----Epoch 24/30-----
07-01 15:07:56 current lr: [0.0004]
07-01 15:12:44 Train-Loss Source Classifier: 0.0312
07-01 15:12:44 Train-Loss Risk Variance: 0.0020
07-01 15:12:44 Train-Acc Source Data: 0.9779
07-01 15:13:06 Val-Acc Target Data: 1.0000
07-01 15:13:07 The best model epoch 24, val-acc 1.0000
07-01 15:13:07 -----Epoch 25/30-----
07-01 15:13:07 current lr: [0.0004]
07-01 15:18:28 Train-Loss Source Classifier: 0.0308
07-01 15:18:28 Train-Loss Risk Variance: 0.0018
07-01 15:18:28 Train-Acc Source Data: 0.9792
07-01 15:18:54 Val-Acc Target Data: 1.0000
07-01 15:18:54 The best model epoch 25, val-acc 1.0000
07-01 15:18:54 -----Epoch 26/30-----
07-01 15:18:54 current lr: [0.0004]
07-01 15:23:14 Train-Loss Source Classifier: 0.0312
07-01 15:23:14 Train-Loss Risk Variance: 0.0019
07-01 15:23:14 Train-Acc Source Data: 0.9785
07-01 15:23:39 Val-Acc Target Data: 1.0000
07-01 15:23:40 The best model epoch 26, val-acc 1.0000
07-01 15:23:40 -----Epoch 27/30-----
07-01 15:23:40 current lr: [0.0004]
07-01 15:28:46 Train-Loss Source Classifier: 0.0308
07-01 15:28:46 Train-Loss Risk Variance: 0.0019
07-01 15:28:46 Train-Acc Source Data: 0.9789
07-01 15:29:10 Val-Acc Target Data: 1.0000
07-01 15:29:11 The best model epoch 27, val-acc 1.0000
07-01 15:29:11 -----Epoch 28/30-----
07-01 15:29:11 current lr: [0.0004]
07-01 15:33:34 Train-Loss Source Classifier: 0.0305
07-01 15:33:34 Train-Loss Risk Variance: 0.0019
07-01 15:33:34 Train-Acc Source Data: 0.9781
07-01 15:33:57 Val-Acc Target Data: 1.0000
07-01 15:33:57 The best model epoch 28, val-acc 1.0000
07-01 15:33:57 -----Epoch 29/30-----
07-01 15:33:57 current lr: [0.0004]
07-01 15:38:13 Train-Loss Source Classifier: 0.0313
07-01 15:38:13 Train-Loss Risk Variance: 0.0019
07-01 15:38:13 Train-Acc Source Data: 0.9777
07-01 15:38:32 Val-Acc Target Data: 1.0000
07-01 15:38:33 The best model epoch 29, val-acc 1.0000
07-01 15:38:33 -----Epoch 30/30-----
07-01 15:38:33 current lr: [0.0004]
07-01 15:43:26 Train-Loss Source Classifier: 0.0308
07-01 15:43:26 Train-Loss Risk Variance: 0.0019
07-01 15:43:26 Train-Acc Source Data: 0.9783
07-01 15:43:48 Val-Acc Target Data: 1.0000
07-01 15:43:49 The best model epoch 30, val-acc 1.0000
07-01 15:43:49 Model saved to ./ckpt\VREx\multi_source\[CWRU_0CWRU_1CWRU_3]To[CWRU_1]_0701-134048.pth
