07-01 15:46:29 model_name: VREx
07-01 15:46:29 source: CWRU_0,CWRU_1,CWRU_3
07-01 15:46:29 target: CWRU_1
07-01 15:46:29 data_dir: ./datasets
07-01 15:46:29 train_mode: multi_source
07-01 15:46:29 cuda_device: 0
07-01 15:46:29 save_dir: ./ckpt
07-01 15:46:29 max_epoch: 30
07-01 15:46:29 batch_size: 64
07-01 15:46:29 num_workers: 4
07-01 15:46:29 signal_size: 1024
07-01 15:46:29 random_state: 1
07-01 15:46:29 normlizetype: -1-1
07-01 15:46:29 opt: sgd
07-01 15:46:29 lr: 0.01
07-01 15:46:29 momentum: 0.9
07-01 15:46:29 betas: (0.9, 0.999)
07-01 15:46:29 weight_decay: 0.0005
07-01 15:46:29 lr_scheduler: stepLR
07-01 15:46:29 gamma: 0.2
07-01 15:46:29 steps: 10
07-01 15:46:29 tradeoff: ['exp', 'exp', 'exp']
07-01 15:46:29 dropout: 0.0
07-01 15:46:29 save: True
07-01 15:46:29 load_path: 
07-01 15:46:29 save_path: ./ckpt\VREx\multi_source\[CWRU_0CWRU_1CWRU_3]To[CWRU_1]_0701-154629
07-01 15:46:29 Detect 10 classes: ['B007', 'B014', 'B021', 'IR007', 'IR014', 'IR021', 'Normal', 'OR007', 'OR014', 'OR021']
07-01 15:46:29 using 1 / 1 gpus
07-01 15:46:30 Source set CWRU_0 number of samples 5668.
07-01 15:46:30 Source set CWRU_1 number of samples 9374.
07-01 15:46:30 Source set CWRU_3 number of samples 9492.
07-01 15:46:31 Training set number of samples 7495.
07-01 15:46:31 Validation set number of samples 1879.
07-01 15:48:05 -----Epoch 1/30-----
07-01 15:48:05 current lr: [0.01]
07-01 15:51:07 Train-Loss Source Classifier: 1.1624
07-01 15:51:07 Train-Loss Risk Variance: 0.0087
07-01 15:51:07 Train-Acc Source Data: 0.5816
07-01 15:51:30 Val-Acc Target Data: 0.7672
07-01 15:51:31 The best model epoch 1, val-acc 0.7672
07-01 15:51:31 -----Epoch 2/30-----
07-01 15:51:31 current lr: [0.01]
07-01 15:56:19 Train-Loss Source Classifier: 0.3362
07-01 15:56:19 Train-Loss Risk Variance: 0.0055
07-01 15:56:19 Train-Acc Source Data: 0.8770
07-01 15:56:40 Val-Acc Target Data: 0.9111
07-01 15:56:41 The best model epoch 2, val-acc 0.9111
07-01 15:56:41 -----Epoch 3/30-----
07-01 15:56:41 current lr: [0.01]
07-01 16:01:05 Train-Loss Source Classifier: 0.1702
07-01 16:01:05 Train-Loss Risk Variance: 0.0031
07-01 16:01:05 Train-Acc Source Data: 0.9359
07-01 16:01:27 Val-Acc Target Data: 0.9666
07-01 16:01:27 The best model epoch 3, val-acc 0.9666
07-01 16:01:27 -----Epoch 4/30-----
07-01 16:01:27 current lr: [0.01]
07-01 16:06:04 Train-Loss Source Classifier: 0.1048
07-01 16:06:04 Train-Loss Risk Variance: 0.0025
07-01 16:06:04 Train-Acc Source Data: 0.9569
07-01 16:06:24 Val-Acc Target Data: 0.9887
07-01 16:06:25 The best model epoch 4, val-acc 0.9887
07-01 16:06:25 -----Epoch 5/30-----
07-01 16:06:25 current lr: [0.01]
07-01 16:10:57 Train-Loss Source Classifier: 0.0797
07-01 16:10:57 Train-Loss Risk Variance: 0.0021
07-01 16:10:57 Train-Acc Source Data: 0.9646
07-01 16:11:15 Val-Acc Target Data: 0.9418
07-01 16:11:16 The best model epoch 4, val-acc 0.9887
07-01 16:11:16 -----Epoch 6/30-----
07-01 16:11:16 current lr: [0.01]
07-01 16:16:17 Train-Loss Source Classifier: 0.0717
07-01 16:16:17 Train-Loss Risk Variance: 0.0023
07-01 16:16:17 Train-Acc Source Data: 0.9665
07-01 16:16:42 Val-Acc Target Data: 0.9887
07-01 16:16:43 The best model epoch 6, val-acc 0.9887
07-01 16:16:43 -----Epoch 7/30-----
07-01 16:16:43 current lr: [0.01]
07-01 16:21:34 Train-Loss Source Classifier: 0.0538
07-01 16:21:34 Train-Loss Risk Variance: 0.0022
07-01 16:21:34 Train-Acc Source Data: 0.9736
07-01 16:21:56 Val-Acc Target Data: 0.9925
07-01 16:21:57 The best model epoch 7, val-acc 0.9925
07-01 16:21:57 -----Epoch 8/30-----
07-01 16:21:57 current lr: [0.01]
07-01 16:26:48 Train-Loss Source Classifier: 0.0508
07-01 16:26:48 Train-Loss Risk Variance: 0.0024
07-01 16:26:48 Train-Acc Source Data: 0.9733
07-01 16:27:09 Val-Acc Target Data: 0.9952
07-01 16:27:10 The best model epoch 8, val-acc 0.9952
07-01 16:27:10 -----Epoch 9/30-----
07-01 16:27:10 current lr: [0.01]
07-01 16:31:50 Train-Loss Source Classifier: 0.0472
07-01 16:31:50 Train-Loss Risk Variance: 0.0022
07-01 16:31:50 Train-Acc Source Data: 0.9746
07-01 16:32:11 Val-Acc Target Data: 0.9984
07-01 16:32:12 The best model epoch 9, val-acc 0.9984
07-01 16:32:12 -----Epoch 10/30-----
07-01 16:32:12 current lr: [0.01]
07-01 16:36:13 Train-Loss Source Classifier: 0.0392
07-01 16:36:13 Train-Loss Risk Variance: 0.0021
07-01 16:36:13 Train-Acc Source Data: 0.9778
07-01 16:36:41 Val-Acc Target Data: 0.9995
07-01 16:36:41 The best model epoch 10, val-acc 0.9995
07-01 16:36:41 -----Epoch 11/30-----
07-01 16:36:41 current lr: [0.002]
07-01 16:41:03 Train-Loss Source Classifier: 0.0337
07-01 16:41:03 Train-Loss Risk Variance: 0.0020
07-01 16:41:03 Train-Acc Source Data: 0.9778
07-01 16:41:22 Val-Acc Target Data: 1.0000
07-01 16:41:23 The best model epoch 11, val-acc 1.0000
07-01 16:41:23 -----Epoch 12/30-----
07-01 16:41:23 current lr: [0.002]
07-01 16:45:28 Train-Loss Source Classifier: 0.0330
07-01 16:45:28 Train-Loss Risk Variance: 0.0019
07-01 16:45:28 Train-Acc Source Data: 0.9771
07-01 16:45:48 Val-Acc Target Data: 1.0000
07-01 16:45:49 The best model epoch 12, val-acc 1.0000
07-01 16:45:49 -----Epoch 13/30-----
07-01 16:45:49 current lr: [0.002]
07-01 16:49:40 Train-Loss Source Classifier: 0.0327
07-01 16:49:40 Train-Loss Risk Variance: 0.0019
07-01 16:49:40 Train-Acc Source Data: 0.9782
07-01 16:50:15 Val-Acc Target Data: 1.0000
07-01 16:50:15 The best model epoch 13, val-acc 1.0000
07-01 16:50:15 -----Epoch 14/30-----
07-01 16:50:15 current lr: [0.002]
07-01 16:52:55 Train-Loss Source Classifier: 0.0323
07-01 16:52:55 Train-Loss Risk Variance: 0.0020
07-01 16:52:55 Train-Acc Source Data: 0.9807
07-01 16:53:25 Val-Acc Target Data: 1.0000
07-01 16:53:27 The best model epoch 14, val-acc 1.0000
07-01 16:53:27 -----Epoch 15/30-----
07-01 16:53:27 current lr: [0.002]
07-01 16:55:05 Train-Loss Source Classifier: 0.0324
07-01 16:55:05 Train-Loss Risk Variance: 0.0020
07-01 16:55:05 Train-Acc Source Data: 0.9771
07-01 16:55:22 Val-Acc Target Data: 1.0000
07-01 16:55:23 The best model epoch 15, val-acc 1.0000
07-01 16:55:23 -----Epoch 16/30-----
07-01 16:55:23 current lr: [0.002]
07-01 16:59:42 Train-Loss Source Classifier: 0.0319
07-01 16:59:42 Train-Loss Risk Variance: 0.0019
07-01 16:59:42 Train-Acc Source Data: 0.9777
07-01 17:00:02 Val-Acc Target Data: 1.0000
07-01 17:00:03 The best model epoch 16, val-acc 1.0000
07-01 17:00:03 -----Epoch 17/30-----
07-01 17:00:03 current lr: [0.002]
07-01 17:04:24 Train-Loss Source Classifier: 0.0317
07-01 17:04:24 Train-Loss Risk Variance: 0.0019
07-01 17:04:24 Train-Acc Source Data: 0.9781
07-01 17:04:44 Val-Acc Target Data: 1.0000
07-01 17:04:45 The best model epoch 17, val-acc 1.0000
07-01 17:04:45 -----Epoch 18/30-----
07-01 17:04:45 current lr: [0.002]
07-01 17:09:03 Train-Loss Source Classifier: 0.0313
07-01 17:09:03 Train-Loss Risk Variance: 0.0019
07-01 17:09:03 Train-Acc Source Data: 0.9784
07-01 17:09:22 Val-Acc Target Data: 1.0000
07-01 17:09:22 The best model epoch 18, val-acc 1.0000
07-01 17:09:22 -----Epoch 19/30-----
07-01 17:09:22 current lr: [0.002]
07-01 17:13:37 Train-Loss Source Classifier: 0.0313
07-01 17:13:37 Train-Loss Risk Variance: 0.0019
07-01 17:13:37 Train-Acc Source Data: 0.9787
07-01 17:13:58 Val-Acc Target Data: 1.0000
07-01 17:13:59 The best model epoch 19, val-acc 1.0000
07-01 17:13:59 -----Epoch 20/30-----
07-01 17:13:59 current lr: [0.002]
07-01 17:15:51 Train-Loss Source Classifier: 0.0317
07-01 17:15:51 Train-Loss Risk Variance: 0.0020
07-01 17:15:51 Train-Acc Source Data: 0.9780
07-01 17:16:08 Val-Acc Target Data: 1.0000
07-01 17:16:09 The best model epoch 20, val-acc 1.0000
07-01 17:16:09 -----Epoch 21/30-----
07-01 17:16:09 current lr: [0.0004]
07-01 17:18:20 Train-Loss Source Classifier: 0.0316
07-01 17:18:20 Train-Loss Risk Variance: 0.0020
07-01 17:18:20 Train-Acc Source Data: 0.9775
07-01 17:18:51 Val-Acc Target Data: 1.0000
07-01 17:18:52 The best model epoch 21, val-acc 1.0000
07-01 17:18:52 -----Epoch 22/30-----
07-01 17:18:52 current lr: [0.0004]
07-01 17:21:30 Train-Loss Source Classifier: 0.0302
07-01 17:21:30 Train-Loss Risk Variance: 0.0018
07-01 17:21:30 Train-Acc Source Data: 0.9792
07-01 17:21:58 Val-Acc Target Data: 1.0000
07-01 17:21:59 The best model epoch 22, val-acc 1.0000
07-01 17:21:59 -----Epoch 23/30-----
07-01 17:21:59 current lr: [0.0004]
07-01 17:23:59 Train-Loss Source Classifier: 0.0305
07-01 17:23:59 Train-Loss Risk Variance: 0.0019
07-01 17:23:59 Train-Acc Source Data: 0.9791
07-01 17:24:25 Val-Acc Target Data: 1.0000
07-01 17:24:26 The best model epoch 23, val-acc 1.0000
07-01 17:24:26 -----Epoch 24/30-----
07-01 17:24:26 current lr: [0.0004]
07-01 17:25:54 Train-Loss Source Classifier: 0.0312
07-01 17:25:54 Train-Loss Risk Variance: 0.0020
07-01 17:25:54 Train-Acc Source Data: 0.9779
07-01 17:26:21 Val-Acc Target Data: 1.0000
07-01 17:26:22 The best model epoch 24, val-acc 1.0000
07-01 17:26:22 -----Epoch 25/30-----
07-01 17:26:22 current lr: [0.0004]
07-01 17:29:02 Train-Loss Source Classifier: 0.0308
07-01 17:29:02 Train-Loss Risk Variance: 0.0018
07-01 17:29:02 Train-Acc Source Data: 0.9792
07-01 17:29:30 Val-Acc Target Data: 1.0000
07-01 17:29:32 The best model epoch 25, val-acc 1.0000
07-01 17:29:32 -----Epoch 26/30-----
07-01 17:29:32 current lr: [0.0004]
07-01 17:32:30 Train-Loss Source Classifier: 0.0312
07-01 17:32:30 Train-Loss Risk Variance: 0.0019
07-01 17:32:30 Train-Acc Source Data: 0.9785
07-01 17:32:54 Val-Acc Target Data: 1.0000
07-01 17:32:55 The best model epoch 26, val-acc 1.0000
07-01 17:32:55 -----Epoch 27/30-----
07-01 17:32:55 current lr: [0.0004]
07-01 17:36:54 Train-Loss Source Classifier: 0.0308
07-01 17:36:54 Train-Loss Risk Variance: 0.0019
07-01 17:36:54 Train-Acc Source Data: 0.9789
07-01 17:37:14 Val-Acc Target Data: 1.0000
07-01 17:37:15 The best model epoch 27, val-acc 1.0000
07-01 17:37:15 -----Epoch 28/30-----
07-01 17:37:15 current lr: [0.0004]
07-01 17:41:14 Train-Loss Source Classifier: 0.0305
07-01 17:41:14 Train-Loss Risk Variance: 0.0019
07-01 17:41:14 Train-Acc Source Data: 0.9781
07-01 17:41:33 Val-Acc Target Data: 1.0000
07-01 17:41:34 The best model epoch 28, val-acc 1.0000
07-01 17:41:34 -----Epoch 29/30-----
07-01 17:41:34 current lr: [0.0004]
07-01 17:44:39 Train-Loss Source Classifier: 0.0313
07-01 17:44:39 Train-Loss Risk Variance: 0.0019
07-01 17:44:39 Train-Acc Source Data: 0.9777
07-01 17:45:05 Val-Acc Target Data: 1.0000
07-01 17:45:06 The best model epoch 29, val-acc 1.0000
07-01 17:45:06 -----Epoch 30/30-----
07-01 17:45:06 current lr: [0.0004]
07-01 17:47:05 Train-Loss Source Classifier: 0.0308
07-01 17:47:05 Train-Loss Risk Variance: 0.0019
07-01 17:47:05 Train-Acc Source Data: 0.9783
07-01 17:47:33 Val-Acc Target Data: 1.0000
07-01 17:47:34 The best model epoch 30, val-acc 1.0000
07-01 17:47:35 Model saved to ./ckpt\VREx\multi_source\[CWRU_0CWRU_1CWRU_3]To[CWRU_1]_0701-154629.pth
