07-01 09:52:51 model_name: VREx
07-01 09:52:51 source: CWRU_0,CWRU_1,CWRU_2
07-01 09:52:51 target: CWRU_3
07-01 09:52:51 data_dir: ./datasets
07-01 09:52:51 train_mode: multi_source
07-01 09:52:51 cuda_device: 0
07-01 09:52:51 save_dir: ./ckpt
07-01 09:52:51 max_epoch: 30
07-01 09:52:51 batch_size: 64
07-01 09:52:51 num_workers: 4
07-01 09:52:51 signal_size: 1024
07-01 09:52:51 random_state: 1
07-01 09:52:51 normlizetype: -1-1
07-01 09:52:51 opt: sgd
07-01 09:52:51 lr: 0.01
07-01 09:52:51 momentum: 0.9
07-01 09:52:51 betas: (0.9, 0.999)
07-01 09:52:51 weight_decay: 0.0005
07-01 09:52:51 lr_scheduler: stepLR
07-01 09:52:51 gamma: 0.2
07-01 09:52:51 steps: 10
07-01 09:52:51 tradeoff: ['exp', 'exp', 'exp']
07-01 09:52:51 dropout: 0.0
07-01 09:52:51 save: True
07-01 09:52:51 load_path: 
07-01 09:52:51 save_path: ./ckpt\VREx\multi_source\[CWRU_0CWRU_1CWRU_2]To[CWRU_3]_0701-095251
07-01 09:52:51 Detect 10 classes: ['B007', 'B014', 'B021', 'IR007', 'IR014', 'IR021', 'Normal', 'OR007', 'OR014', 'OR021']
07-01 09:52:52 using 1 / 1 gpus
07-01 09:52:57 Source set CWRU_0 number of samples 5668.
07-01 09:52:57 Source set CWRU_1 number of samples 9374.
07-01 09:52:57 Source set CWRU_2 number of samples 9488.
07-01 09:52:57 Training set number of samples 7590.
07-01 09:52:57 Validation set number of samples 1902.
07-01 09:54:10 -----Epoch 1/30-----
07-01 09:54:10 current lr: [0.01]
07-01 09:55:17 Train-Loss Source Classifier: 1.1475
07-01 09:55:17 Train-Loss Risk Variance: 0.0101
07-01 09:55:17 Train-Acc Source Data: 0.5868
07-01 09:55:35 Val-Acc Target Data: 0.7699
07-01 09:55:36 The best model epoch 1, val-acc 0.7699
07-01 09:55:36 -----Epoch 2/30-----
07-01 09:55:36 current lr: [0.01]
07-01 09:57:49 Train-Loss Source Classifier: 0.3009
07-01 09:57:49 Train-Loss Risk Variance: 0.0051
07-01 09:57:49 Train-Acc Source Data: 0.8885
07-01 09:58:06 Val-Acc Target Data: 0.7624
07-01 09:58:07 The best model epoch 1, val-acc 0.7699
07-01 09:58:07 -----Epoch 3/30-----
07-01 09:58:07 current lr: [0.01]
07-01 10:02:12 Train-Loss Source Classifier: 0.1520
07-01 10:02:12 Train-Loss Risk Variance: 0.0030
07-01 10:02:12 Train-Acc Source Data: 0.9419
07-01 10:02:35 Val-Acc Target Data: 0.8297
07-01 10:02:36 The best model epoch 3, val-acc 0.8297
07-01 10:02:36 -----Epoch 4/30-----
07-01 10:02:36 current lr: [0.01]
07-01 10:06:47 Train-Loss Source Classifier: 0.0928
07-01 10:06:47 Train-Loss Risk Variance: 0.0024
07-01 10:06:47 Train-Acc Source Data: 0.9627
07-01 10:07:22 Val-Acc Target Data: 0.9310
07-01 10:07:23 The best model epoch 4, val-acc 0.9310
07-01 10:07:23 -----Epoch 5/30-----
07-01 10:07:23 current lr: [0.01]
07-01 10:11:04 Train-Loss Source Classifier: 0.0778
07-01 10:11:04 Train-Loss Risk Variance: 0.0026
07-01 10:11:04 Train-Acc Source Data: 0.9659
07-01 10:11:27 Val-Acc Target Data: 0.8319
07-01 10:11:28 The best model epoch 4, val-acc 0.9310
07-01 10:11:28 -----Epoch 6/30-----
07-01 10:11:28 current lr: [0.01]
07-01 10:14:04 Train-Loss Source Classifier: 0.0657
07-01 10:14:04 Train-Loss Risk Variance: 0.0024
07-01 10:14:04 Train-Acc Source Data: 0.9689
07-01 10:14:31 Val-Acc Target Data: 0.8987
07-01 10:14:32 The best model epoch 4, val-acc 0.9310
07-01 10:14:32 -----Epoch 7/30-----
07-01 10:14:32 current lr: [0.01]
07-01 10:16:40 Train-Loss Source Classifier: 0.0526
07-01 10:16:40 Train-Loss Risk Variance: 0.0025
07-01 10:16:40 Train-Acc Source Data: 0.9737
07-01 10:17:00 Val-Acc Target Data: 0.9068
07-01 10:17:01 The best model epoch 4, val-acc 0.9310
07-01 10:17:01 -----Epoch 8/30-----
07-01 10:17:01 current lr: [0.01]
07-01 10:20:37 Train-Loss Source Classifier: 0.0484
07-01 10:20:37 Train-Loss Risk Variance: 0.0024
07-01 10:20:37 Train-Acc Source Data: 0.9755
07-01 10:20:55 Val-Acc Target Data: 0.9262
07-01 10:20:55 The best model epoch 4, val-acc 0.9310
07-01 10:20:55 -----Epoch 9/30-----
07-01 10:20:55 current lr: [0.01]
07-01 10:25:29 Train-Loss Source Classifier: 0.0474
07-01 10:25:29 Train-Loss Risk Variance: 0.0023
07-01 10:25:29 Train-Acc Source Data: 0.9741
07-01 10:25:49 Val-Acc Target Data: 0.9391
07-01 10:25:50 The best model epoch 9, val-acc 0.9391
07-01 10:25:50 -----Epoch 10/30-----
07-01 10:25:50 current lr: [0.01]
07-01 10:28:31 Train-Loss Source Classifier: 0.0391
07-01 10:28:31 Train-Loss Risk Variance: 0.0022
07-01 10:28:31 Train-Acc Source Data: 0.9765
07-01 10:28:57 Val-Acc Target Data: 0.9283
07-01 10:28:58 The best model epoch 9, val-acc 0.9391
07-01 10:28:58 -----Epoch 11/30-----
07-01 10:28:58 current lr: [0.002]
07-01 10:31:44 Train-Loss Source Classifier: 0.0330
07-01 10:31:44 Train-Loss Risk Variance: 0.0021
07-01 10:31:44 Train-Acc Source Data: 0.9779
07-01 10:32:24 Val-Acc Target Data: 0.9429
07-01 10:32:25 The best model epoch 11, val-acc 0.9429
07-01 10:32:25 -----Epoch 12/30-----
07-01 10:32:25 current lr: [0.002]
07-01 10:35:01 Train-Loss Source Classifier: 0.0324
07-01 10:35:01 Train-Loss Risk Variance: 0.0019
07-01 10:35:01 Train-Acc Source Data: 0.9780
07-01 10:35:29 Val-Acc Target Data: 0.9386
07-01 10:35:30 The best model epoch 11, val-acc 0.9429
07-01 10:35:30 -----Epoch 13/30-----
07-01 10:35:30 current lr: [0.002]
07-01 10:37:44 Train-Loss Source Classifier: 0.0318
07-01 10:37:44 Train-Loss Risk Variance: 0.0019
07-01 10:37:44 Train-Acc Source Data: 0.9799
07-01 10:38:23 Val-Acc Target Data: 0.9413
07-01 10:38:24 The best model epoch 11, val-acc 0.9429
07-01 10:38:24 -----Epoch 14/30-----
07-01 10:38:24 current lr: [0.002]
07-01 10:41:23 Train-Loss Source Classifier: 0.0322
07-01 10:41:23 Train-Loss Risk Variance: 0.0020
07-01 10:41:23 Train-Acc Source Data: 0.9792
07-01 10:42:07 Val-Acc Target Data: 0.9434
07-01 10:42:08 The best model epoch 14, val-acc 0.9434
07-01 10:42:08 -----Epoch 15/30-----
07-01 10:42:08 current lr: [0.002]
07-01 10:44:41 Train-Loss Source Classifier: 0.0328
07-01 10:44:41 Train-Loss Risk Variance: 0.0021
07-01 10:44:41 Train-Acc Source Data: 0.9771
07-01 10:45:04 Val-Acc Target Data: 0.9434
07-01 10:45:04 The best model epoch 15, val-acc 0.9434
07-01 10:45:04 -----Epoch 16/30-----
07-01 10:45:04 current lr: [0.002]
07-01 10:47:06 Train-Loss Source Classifier: 0.0312
07-01 10:47:06 Train-Loss Risk Variance: 0.0019
07-01 10:47:06 Train-Acc Source Data: 0.9784
07-01 10:47:40 Val-Acc Target Data: 0.9370
07-01 10:47:41 The best model epoch 15, val-acc 0.9434
07-01 10:47:41 -----Epoch 17/30-----
07-01 10:47:41 current lr: [0.002]
07-01 10:50:33 Train-Loss Source Classifier: 0.0316
07-01 10:50:33 Train-Loss Risk Variance: 0.0019
07-01 10:50:33 Train-Acc Source Data: 0.9783
07-01 10:51:30 Val-Acc Target Data: 0.9391
07-01 10:51:31 The best model epoch 15, val-acc 0.9434
07-01 10:51:31 -----Epoch 18/30-----
07-01 10:51:31 current lr: [0.002]
07-01 10:56:20 Train-Loss Source Classifier: 0.0312
07-01 10:56:20 Train-Loss Risk Variance: 0.0019
07-01 10:56:20 Train-Acc Source Data: 0.9788
07-01 10:56:46 Val-Acc Target Data: 0.9413
07-01 10:56:46 The best model epoch 15, val-acc 0.9434
07-01 10:56:46 -----Epoch 19/30-----
07-01 10:56:46 current lr: [0.002]
07-01 11:00:55 Train-Loss Source Classifier: 0.0320
07-01 11:00:55 Train-Loss Risk Variance: 0.0020
07-01 11:00:55 Train-Acc Source Data: 0.9768
07-01 11:01:23 Val-Acc Target Data: 0.9407
07-01 11:01:24 The best model epoch 15, val-acc 0.9434
07-01 11:01:24 -----Epoch 20/30-----
07-01 11:01:24 current lr: [0.002]
07-01 11:06:14 Train-Loss Source Classifier: 0.0322
07-01 11:06:14 Train-Loss Risk Variance: 0.0021
07-01 11:06:14 Train-Acc Source Data: 0.9771
07-01 11:06:40 Val-Acc Target Data: 0.9450
07-01 11:06:41 The best model epoch 20, val-acc 0.9450
07-01 11:06:41 -----Epoch 21/30-----
07-01 11:06:41 current lr: [0.0004]
07-01 11:12:07 Train-Loss Source Classifier: 0.0302
07-01 11:12:07 Train-Loss Risk Variance: 0.0018
07-01 11:12:07 Train-Acc Source Data: 0.9789
07-01 11:12:35 Val-Acc Target Data: 0.9418
07-01 11:12:36 The best model epoch 20, val-acc 0.9450
07-01 11:12:36 -----Epoch 22/30-----
07-01 11:12:36 current lr: [0.0004]
07-01 11:17:47 Train-Loss Source Classifier: 0.0312
07-01 11:17:47 Train-Loss Risk Variance: 0.0020
07-01 11:17:47 Train-Acc Source Data: 0.9773
07-01 11:18:09 Val-Acc Target Data: 0.9423
07-01 11:18:10 The best model epoch 20, val-acc 0.9450
07-01 11:18:10 -----Epoch 23/30-----
07-01 11:18:10 current lr: [0.0004]
07-01 11:23:54 Train-Loss Source Classifier: 0.0303
07-01 11:23:54 Train-Loss Risk Variance: 0.0018
07-01 11:23:54 Train-Acc Source Data: 0.9791
07-01 11:24:28 Val-Acc Target Data: 0.9402
07-01 11:24:29 The best model epoch 20, val-acc 0.9450
07-01 11:24:29 -----Epoch 24/30-----
07-01 11:24:29 current lr: [0.0004]
07-01 11:29:11 Train-Loss Source Classifier: 0.0313
07-01 11:29:11 Train-Loss Risk Variance: 0.0020
07-01 11:29:11 Train-Acc Source Data: 0.9788
07-01 11:29:36 Val-Acc Target Data: 0.9402
07-01 11:29:36 The best model epoch 20, val-acc 0.9450
07-01 11:29:36 -----Epoch 25/30-----
07-01 11:29:36 current lr: [0.0004]
07-01 11:33:42 Train-Loss Source Classifier: 0.0304
07-01 11:33:42 Train-Loss Risk Variance: 0.0018
07-01 11:33:42 Train-Acc Source Data: 0.9787
07-01 11:34:04 Val-Acc Target Data: 0.9407
07-01 11:34:04 The best model epoch 20, val-acc 0.9450
07-01 11:34:04 -----Epoch 26/30-----
07-01 11:34:04 current lr: [0.0004]
07-01 11:38:30 Train-Loss Source Classifier: 0.0307
07-01 11:38:30 Train-Loss Risk Variance: 0.0019
07-01 11:38:30 Train-Acc Source Data: 0.9779
07-01 11:38:51 Val-Acc Target Data: 0.9375
07-01 11:38:51 The best model epoch 20, val-acc 0.9450
07-01 11:38:51 -----Epoch 27/30-----
07-01 11:38:51 current lr: [0.0004]
07-01 11:43:55 Train-Loss Source Classifier: 0.0313
07-01 11:43:55 Train-Loss Risk Variance: 0.0019
07-01 11:43:55 Train-Acc Source Data: 0.9786
07-01 11:44:20 Val-Acc Target Data: 0.9413
07-01 11:44:20 The best model epoch 20, val-acc 0.9450
07-01 11:44:20 -----Epoch 28/30-----
07-01 11:44:20 current lr: [0.0004]
07-01 11:47:22 Train-Loss Source Classifier: 0.0301
07-01 11:47:22 Train-Loss Risk Variance: 0.0018
07-01 11:47:22 Train-Acc Source Data: 0.9789
07-01 11:47:40 Val-Acc Target Data: 0.9407
07-01 11:47:41 The best model epoch 20, val-acc 0.9450
07-01 11:47:41 -----Epoch 29/30-----
07-01 11:47:41 current lr: [0.0004]
07-01 11:52:26 Train-Loss Source Classifier: 0.0307
07-01 11:52:26 Train-Loss Risk Variance: 0.0019
07-01 11:52:26 Train-Acc Source Data: 0.9787
07-01 11:52:47 Val-Acc Target Data: 0.9434
07-01 11:52:48 The best model epoch 20, val-acc 0.9450
07-01 11:52:48 -----Epoch 30/30-----
07-01 11:52:48 current lr: [0.0004]
07-01 11:58:05 Train-Loss Source Classifier: 0.0305
07-01 11:58:05 Train-Loss Risk Variance: 0.0019
07-01 11:58:05 Train-Acc Source Data: 0.9778
07-01 11:58:23 Val-Acc Target Data: 0.9418
07-01 11:58:24 The best model epoch 20, val-acc 0.9450
07-01 11:58:24 Model saved to ./ckpt\VREx\multi_source\[CWRU_0CWRU_1CWRU_2]To[CWRU_3]_0701-095251.pth
