07-02 11:29:19 model_name: VREx
07-02 11:29:19 source: CWRU_1,CWRU_2,CWRU_3
07-02 11:29:19 target: CWRU_0
07-02 11:29:19 data_dir: ./datasets
07-02 11:29:19 train_mode: multi_source
07-02 11:29:19 cuda_device: 0
07-02 11:29:19 save_dir: ./ckpt
07-02 11:29:19 max_epoch: 30
07-02 11:29:19 batch_size: 64
07-02 11:29:19 num_workers: 4
07-02 11:29:19 signal_size: 1024
07-02 11:29:19 random_state: 1
07-02 11:29:19 normlizetype: -1-1
07-02 11:29:19 opt: sgd
07-02 11:29:19 lr: 0.01
07-02 11:29:19 momentum: 0.9
07-02 11:29:19 betas: (0.9, 0.999)
07-02 11:29:19 weight_decay: 0.0005
07-02 11:29:19 lr_scheduler: stepLR
07-02 11:29:19 gamma: 0.2
07-02 11:29:19 steps: 10
07-02 11:29:19 tradeoff: ['exp', 'exp', 'exp']
07-02 11:29:19 dropout: 0.0
07-02 11:29:19 save: True
07-02 11:29:19 load_path: 
07-02 11:29:19 save_path: ./ckpt\VREx\multi_source\[CWRU_1CWRU_2CWRU_3]To[CWRU_0]_0702-112919
07-02 11:29:19 Detect 10 classes: ['B007', 'B014', 'B021', 'IR007', 'IR014', 'IR021', 'Normal', 'OR007', 'OR014', 'OR021']
07-02 11:29:19 using 1 / 1 gpus
07-02 11:29:22 Source set CWRU_1 number of samples 9374.
07-02 11:29:22 Source set CWRU_2 number of samples 9488.
07-02 11:29:22 Source set CWRU_3 number of samples 9492.
07-02 11:29:23 Training set number of samples 4532.
07-02 11:29:23 Validation set number of samples 1136.
07-02 11:30:55 -----Epoch 1/30-----
07-02 11:30:55 current lr: [0.01]
07-02 11:31:58 Train-Loss Source Classifier: 1.4183
07-02 11:31:58 Train-Loss Risk Variance: 0.0073
07-02 11:31:58 Train-Acc Source Data: 0.5040
07-02 11:32:19 Val-Acc Target Data: 0.5248
07-02 11:32:19 The best model epoch 1, val-acc 0.5248
07-02 11:32:19 -----Epoch 2/30-----
07-02 11:32:19 current lr: [0.01]
07-02 11:34:16 Train-Loss Source Classifier: 0.4674
07-02 11:34:16 Train-Loss Risk Variance: 0.0068
07-02 11:34:16 Train-Acc Source Data: 0.8308
07-02 11:34:37 Val-Acc Target Data: 0.5165
07-02 11:34:37 The best model epoch 1, val-acc 0.5248
07-02 11:34:37 -----Epoch 3/30-----
07-02 11:34:37 current lr: [0.01]
07-02 11:37:37 Train-Loss Source Classifier: 0.2193
07-02 11:37:37 Train-Loss Risk Variance: 0.0042
07-02 11:37:37 Train-Acc Source Data: 0.9217
07-02 11:37:59 Val-Acc Target Data: 0.6590
07-02 11:37:59 The best model epoch 3, val-acc 0.6590
07-02 11:37:59 -----Epoch 4/30-----
07-02 11:37:59 current lr: [0.01]
07-02 11:38:48 Train-Loss Source Classifier: 0.1628
07-02 11:38:48 Train-Loss Risk Variance: 0.0028
07-02 11:38:48 Train-Acc Source Data: 0.9439
07-02 11:39:32 Val-Acc Target Data: 0.6673
07-02 11:39:32 The best model epoch 4, val-acc 0.6673
07-02 11:39:32 -----Epoch 5/30-----
07-02 11:39:32 current lr: [0.01]
07-02 11:41:29 Train-Loss Source Classifier: 0.0895
07-02 11:41:29 Train-Loss Risk Variance: 0.0012
07-02 11:41:29 Train-Acc Source Data: 0.9694
07-02 11:41:50 Val-Acc Target Data: 0.6792
07-02 11:41:50 The best model epoch 5, val-acc 0.6792
07-02 11:41:50 -----Epoch 6/30-----
07-02 11:41:50 current lr: [0.01]
07-02 11:42:40 Train-Loss Source Classifier: 0.0660
07-02 11:42:40 Train-Loss Risk Variance: 0.0015
07-02 11:42:40 Train-Acc Source Data: 0.9764
07-02 11:43:05 Val-Acc Target Data: 0.6958
07-02 11:43:06 The best model epoch 6, val-acc 0.6958
07-02 11:43:06 -----Epoch 7/30-----
07-02 11:43:06 current lr: [0.01]
07-02 11:44:51 Train-Loss Source Classifier: 0.0559
07-02 11:44:51 Train-Loss Risk Variance: 0.0010
07-02 11:44:51 Train-Acc Source Data: 0.9821
07-02 11:45:11 Val-Acc Target Data: 0.7868
07-02 11:45:11 The best model epoch 7, val-acc 0.7868
07-02 11:45:11 -----Epoch 8/30-----
07-02 11:45:11 current lr: [0.01]
07-02 11:45:58 Train-Loss Source Classifier: 0.0397
07-02 11:45:58 Train-Loss Risk Variance: 0.0005
07-02 11:45:58 Train-Acc Source Data: 0.9856
07-02 11:46:23 Val-Acc Target Data: 0.6893
07-02 11:46:24 The best model epoch 7, val-acc 0.7868
07-02 11:46:24 -----Epoch 9/30-----
07-02 11:46:24 current lr: [0.01]
07-02 11:48:04 Train-Loss Source Classifier: 0.0410
07-02 11:48:04 Train-Loss Risk Variance: 0.0008
07-02 11:48:04 Train-Acc Source Data: 0.9862
07-02 11:48:29 Val-Acc Target Data: 0.7500
07-02 11:48:30 The best model epoch 7, val-acc 0.7868
07-02 11:48:30 -----Epoch 10/30-----
07-02 11:48:30 current lr: [0.01]
07-02 11:48:51 Train-Loss Source Classifier: 0.0153
07-02 11:48:51 Train-Loss Risk Variance: 0.0001
07-02 11:48:51 Train-Acc Source Data: 0.9958
07-02 11:49:16 Val-Acc Target Data: 0.7877
07-02 11:49:17 The best model epoch 10, val-acc 0.7877
07-02 11:49:17 -----Epoch 11/30-----
07-02 11:49:17 current lr: [0.002]
07-02 11:50:56 Train-Loss Source Classifier: 0.0079
07-02 11:50:56 Train-Loss Risk Variance: 0.0001
07-02 11:50:56 Train-Acc Source Data: 0.9986
07-02 11:51:22 Val-Acc Target Data: 0.7877
07-02 11:51:22 The best model epoch 11, val-acc 0.7877
07-02 11:51:22 -----Epoch 12/30-----
07-02 11:51:22 current lr: [0.002]
07-02 11:51:43 Train-Loss Source Classifier: 0.0044
07-02 11:51:43 Train-Loss Risk Variance: 0.0000
07-02 11:51:43 Train-Acc Source Data: 0.9996
07-02 11:52:08 Val-Acc Target Data: 0.7895
07-02 11:52:08 The best model epoch 12, val-acc 0.7895
07-02 11:52:08 -----Epoch 13/30-----
07-02 11:52:08 current lr: [0.002]
07-02 11:53:47 Train-Loss Source Classifier: 0.0041
07-02 11:53:47 Train-Loss Risk Variance: 0.0000
07-02 11:53:47 Train-Acc Source Data: 0.9995
07-02 11:54:12 Val-Acc Target Data: 0.7858
07-02 11:54:13 The best model epoch 12, val-acc 0.7895
07-02 11:54:13 -----Epoch 14/30-----
07-02 11:54:13 current lr: [0.002]
07-02 11:54:34 Train-Loss Source Classifier: 0.0038
07-02 11:54:34 Train-Loss Risk Variance: 0.0000
07-02 11:54:34 Train-Acc Source Data: 0.9999
07-02 11:54:59 Val-Acc Target Data: 0.7996
07-02 11:55:00 The best model epoch 14, val-acc 0.7996
07-02 11:55:00 -----Epoch 15/30-----
07-02 11:55:00 current lr: [0.002]
07-02 11:56:40 Train-Loss Source Classifier: 0.0035
07-02 11:56:40 Train-Loss Risk Variance: 0.0000
07-02 11:56:40 Train-Acc Source Data: 0.9997
07-02 11:57:06 Val-Acc Target Data: 0.7978
07-02 11:57:07 The best model epoch 14, val-acc 0.7996
07-02 11:57:07 -----Epoch 16/30-----
07-02 11:57:07 current lr: [0.002]
07-02 11:57:28 Train-Loss Source Classifier: 0.0031
07-02 11:57:28 Train-Loss Risk Variance: 0.0000
07-02 11:57:28 Train-Acc Source Data: 0.9998
07-02 11:57:52 Val-Acc Target Data: 0.7914
07-02 11:57:53 The best model epoch 14, val-acc 0.7996
07-02 11:57:53 -----Epoch 17/30-----
07-02 11:57:53 current lr: [0.002]
07-02 11:59:31 Train-Loss Source Classifier: 0.0027
07-02 11:59:31 Train-Loss Risk Variance: 0.0000
07-02 11:59:31 Train-Acc Source Data: 0.9999
07-02 12:00:02 Val-Acc Target Data: 0.7969
07-02 12:00:03 The best model epoch 14, val-acc 0.7996
07-02 12:00:03 -----Epoch 18/30-----
07-02 12:00:03 current lr: [0.002]
07-02 12:00:24 Train-Loss Source Classifier: 0.0028
07-02 12:00:24 Train-Loss Risk Variance: 0.0000
07-02 12:00:24 Train-Acc Source Data: 0.9998
07-02 12:00:52 Val-Acc Target Data: 0.7950
07-02 12:00:53 The best model epoch 14, val-acc 0.7996
07-02 12:00:53 -----Epoch 19/30-----
07-02 12:00:53 current lr: [0.002]
07-02 12:01:38 Train-Loss Source Classifier: 0.0027
07-02 12:01:38 Train-Loss Risk Variance: 0.0000
07-02 12:01:38 Train-Acc Source Data: 1.0000
07-02 12:02:06 Val-Acc Target Data: 0.7904
07-02 12:02:07 The best model epoch 14, val-acc 0.7996
07-02 12:02:07 -----Epoch 20/30-----
07-02 12:02:07 current lr: [0.002]
07-02 12:04:00 Train-Loss Source Classifier: 0.0025
07-02 12:04:00 Train-Loss Risk Variance: 0.0000
07-02 12:04:00 Train-Acc Source Data: 1.0000
07-02 12:04:21 Val-Acc Target Data: 0.7877
07-02 12:04:21 The best model epoch 14, val-acc 0.7996
07-02 12:04:21 -----Epoch 21/30-----
07-02 12:04:21 current lr: [0.0004]
07-02 12:06:47 Train-Loss Source Classifier: 0.0020
07-02 12:06:47 Train-Loss Risk Variance: 0.0000
07-02 12:06:47 Train-Acc Source Data: 1.0000
07-02 12:07:07 Val-Acc Target Data: 0.7877
07-02 12:07:08 The best model epoch 14, val-acc 0.7996
07-02 12:07:08 -----Epoch 22/30-----
07-02 12:07:08 current lr: [0.0004]
07-02 12:08:35 Train-Loss Source Classifier: 0.0022
07-02 12:08:35 Train-Loss Risk Variance: 0.0000
07-02 12:08:35 Train-Acc Source Data: 1.0000
07-02 12:09:01 Val-Acc Target Data: 0.7895
07-02 12:09:02 The best model epoch 14, val-acc 0.7996
07-02 12:09:02 -----Epoch 23/30-----
07-02 12:09:02 current lr: [0.0004]
07-02 12:09:52 Train-Loss Source Classifier: 0.0021
07-02 12:09:52 Train-Loss Risk Variance: 0.0000
07-02 12:09:52 Train-Acc Source Data: 1.0000
07-02 12:10:20 Val-Acc Target Data: 0.7914
07-02 12:10:21 The best model epoch 14, val-acc 0.7996
07-02 12:10:21 -----Epoch 24/30-----
07-02 12:10:21 current lr: [0.0004]
07-02 12:11:41 Train-Loss Source Classifier: 0.0022
07-02 12:11:41 Train-Loss Risk Variance: 0.0000
07-02 12:11:41 Train-Acc Source Data: 0.9999
07-02 12:12:00 Val-Acc Target Data: 0.7895
07-02 12:12:00 The best model epoch 14, val-acc 0.7996
07-02 12:12:00 -----Epoch 25/30-----
07-02 12:12:00 current lr: [0.0004]
07-02 12:12:47 Train-Loss Source Classifier: 0.0022
07-02 12:12:47 Train-Loss Risk Variance: 0.0000
07-02 12:12:47 Train-Acc Source Data: 0.9999
07-02 12:13:12 Val-Acc Target Data: 0.7914
07-02 12:13:13 The best model epoch 14, val-acc 0.7996
07-02 12:13:13 -----Epoch 26/30-----
07-02 12:13:13 current lr: [0.0004]
07-02 12:14:55 Train-Loss Source Classifier: 0.0021
07-02 12:14:55 Train-Loss Risk Variance: 0.0000
07-02 12:14:55 Train-Acc Source Data: 0.9999
07-02 12:15:15 Val-Acc Target Data: 0.7923
07-02 12:15:15 The best model epoch 14, val-acc 0.7996
07-02 12:15:15 -----Epoch 27/30-----
07-02 12:15:15 current lr: [0.0004]
07-02 12:17:23 Train-Loss Source Classifier: 0.0021
07-02 12:17:23 Train-Loss Risk Variance: 0.0000
07-02 12:17:23 Train-Acc Source Data: 0.9999
07-02 12:17:48 Val-Acc Target Data: 0.7904
07-02 12:17:49 The best model epoch 14, val-acc 0.7996
07-02 12:17:49 -----Epoch 28/30-----
07-02 12:17:49 current lr: [0.0004]
07-02 12:19:29 Train-Loss Source Classifier: 0.0021
07-02 12:19:29 Train-Loss Risk Variance: 0.0000
07-02 12:19:29 Train-Acc Source Data: 1.0000
07-02 12:19:54 Val-Acc Target Data: 0.7923
07-02 12:19:55 The best model epoch 14, val-acc 0.7996
07-02 12:19:55 -----Epoch 29/30-----
07-02 12:19:55 current lr: [0.0004]
07-02 12:20:16 Train-Loss Source Classifier: 0.0019
07-02 12:20:16 Train-Loss Risk Variance: 0.0000
07-02 12:20:16 Train-Acc Source Data: 1.0000
07-02 12:20:41 Val-Acc Target Data: 0.7895
07-02 12:20:42 The best model epoch 14, val-acc 0.7996
07-02 12:20:42 -----Epoch 30/30-----
07-02 12:20:42 current lr: [0.0004]
07-02 12:22:15 Train-Loss Source Classifier: 0.0019
07-02 12:22:15 Train-Loss Risk Variance: 0.0000
07-02 12:22:15 Train-Acc Source Data: 1.0000
07-02 12:22:32 Val-Acc Target Data: 0.7932
07-02 12:22:33 The best model epoch 14, val-acc 0.7996
07-02 12:22:33 Model saved to ./ckpt\VREx\multi_source\[CWRU_1CWRU_2CWRU_3]To[CWRU_0]_0702-112919.pth
