07-01 18:23:38 model_name: MixStyle
07-01 18:23:38 source: CWRU
07-01 18:23:38 target: MFPT
07-01 18:23:38 data_dir: ./datasets
07-01 18:23:38 train_mode: single_source
07-01 18:23:38 cuda_device: 0
07-01 18:23:38 save_dir: ./ckpt
07-01 18:23:38 max_epoch: 30
07-01 18:23:38 batch_size: 64
07-01 18:23:38 num_workers: 4
07-01 18:23:38 signal_size: 1024
07-01 18:23:38 random_state: 1
07-01 18:23:38 normlizetype: -1-1
07-01 18:23:38 opt: sgd
07-01 18:23:38 lr: 0.01
07-01 18:23:38 momentum: 0.9
07-01 18:23:38 betas: (0.9, 0.999)
07-01 18:23:38 weight_decay: 0.0005
07-01 18:23:38 lr_scheduler: stepLR
07-01 18:23:38 gamma: 0.2
07-01 18:23:38 steps: 10
07-01 18:23:38 tradeoff: ['exp', 'exp', 'exp']
07-01 18:23:38 dropout: 0.0
07-01 18:23:38 save: True
07-01 18:23:38 load_path: 
07-01 18:23:38 save_path: ./ckpt\MixStyle\single_source\[CWRU]To[MFPT]_0701-182338
07-01 18:23:38 Detect 3 classes: ['inner', 'normal', 'outer']
07-01 18:23:38 using 1 / 1 gpus
07-01 18:23:42 Source set CWRU number of samples 26187.
07-01 18:23:43 Training set number of samples 2973.
07-01 18:23:43 Validation set number of samples 745.
07-01 18:24:48 -----Epoch 1/30-----
07-01 18:24:48 current lr: [0.01, 0.01]
07-01 18:24:54 Train-Loss Source Classifier: 0.6990
07-01 18:24:54 Train-Acc Source Data: 0.6838
07-01 18:25:16 Val-Acc Target Data: 0.2202
07-01 18:25:16 The best model epoch 1, val-acc 0.2202
07-01 18:25:16 -----Epoch 2/30-----
07-01 18:25:16 current lr: [0.01, 0.01]
07-01 18:25:21 Train-Loss Source Classifier: 0.3629
07-01 18:25:21 Train-Acc Source Data: 0.8434
07-01 18:25:37 Val-Acc Target Data: 0.3281
07-01 18:25:38 The best model epoch 2, val-acc 0.3281
07-01 18:25:38 -----Epoch 3/30-----
07-01 18:25:38 current lr: [0.01, 0.01]
07-01 18:25:43 Train-Loss Source Classifier: 0.2147
07-01 18:25:43 Train-Acc Source Data: 0.9127
07-01 18:26:04 Val-Acc Target Data: 0.2315
07-01 18:26:05 The best model epoch 2, val-acc 0.3281
07-01 18:26:05 -----Epoch 4/30-----
07-01 18:26:05 current lr: [0.01, 0.01]
07-01 18:26:10 Train-Loss Source Classifier: 0.1615
07-01 18:26:10 Train-Acc Source Data: 0.9368
07-01 18:26:35 Val-Acc Target Data: 0.4616
07-01 18:26:35 The best model epoch 4, val-acc 0.4616
07-01 18:26:35 -----Epoch 5/30-----
07-01 18:26:35 current lr: [0.01, 0.01]
07-01 18:26:41 Train-Loss Source Classifier: 0.1410
07-01 18:26:41 Train-Acc Source Data: 0.9477
07-01 18:27:04 Val-Acc Target Data: 0.7344
07-01 18:27:05 The best model epoch 5, val-acc 0.7344
07-01 18:27:05 -----Epoch 6/30-----
07-01 18:27:05 current lr: [0.01, 0.01]
07-01 18:27:10 Train-Loss Source Classifier: 0.1239
07-01 18:27:10 Train-Acc Source Data: 0.9535
07-01 18:27:33 Val-Acc Target Data: 0.6818
07-01 18:27:34 The best model epoch 5, val-acc 0.7344
07-01 18:27:34 -----Epoch 7/30-----
07-01 18:27:34 current lr: [0.01, 0.01]
07-01 18:27:39 Train-Loss Source Classifier: 0.0954
07-01 18:27:39 Train-Acc Source Data: 0.9650
07-01 18:28:02 Val-Acc Target Data: 0.6932
07-01 18:28:03 The best model epoch 5, val-acc 0.7344
07-01 18:28:03 -----Epoch 8/30-----
07-01 18:28:03 current lr: [0.01, 0.01]
07-01 18:28:08 Train-Loss Source Classifier: 0.0716
07-01 18:28:08 Train-Acc Source Data: 0.9783
07-01 18:28:32 Val-Acc Target Data: 0.3281
07-01 18:28:33 The best model epoch 5, val-acc 0.7344
07-01 18:28:33 -----Epoch 9/30-----
07-01 18:28:33 current lr: [0.01, 0.01]
07-01 18:29:05 Train-Loss Source Classifier: 0.0814
07-01 18:29:05 Train-Acc Source Data: 0.9698
07-01 18:29:28 Val-Acc Target Data: 0.2741
07-01 18:29:29 The best model epoch 5, val-acc 0.7344
07-01 18:29:29 -----Epoch 10/30-----
07-01 18:29:29 current lr: [0.01, 0.01]
07-01 18:29:34 Train-Loss Source Classifier: 0.0720
07-01 18:29:34 Train-Acc Source Data: 0.9735
07-01 18:29:59 Val-Acc Target Data: 0.7131
07-01 18:30:00 The best model epoch 5, val-acc 0.7344
07-01 18:30:00 -----Epoch 11/30-----
07-01 18:30:00 current lr: [0.002, 0.002]
07-01 18:30:07 Train-Loss Source Classifier: 0.0588
07-01 18:30:07 Train-Acc Source Data: 0.9823
07-01 18:30:44 Val-Acc Target Data: 0.7330
07-01 18:30:45 The best model epoch 5, val-acc 0.7344
07-01 18:30:45 -----Epoch 12/30-----
07-01 18:30:45 current lr: [0.002, 0.002]
07-01 18:30:50 Train-Loss Source Classifier: 0.0370
07-01 18:30:50 Train-Acc Source Data: 0.9895
07-01 18:31:24 Val-Acc Target Data: 0.7244
07-01 18:31:25 The best model epoch 5, val-acc 0.7344
07-01 18:31:25 -----Epoch 13/30-----
07-01 18:31:25 current lr: [0.002, 0.002]
07-01 18:31:30 Train-Loss Source Classifier: 0.0334
07-01 18:31:30 Train-Acc Source Data: 0.9888
07-01 18:31:55 Val-Acc Target Data: 0.7202
07-01 18:31:56 The best model epoch 5, val-acc 0.7344
07-01 18:31:56 -----Epoch 14/30-----
07-01 18:31:56 current lr: [0.002, 0.002]
07-01 18:32:01 Train-Loss Source Classifier: 0.0305
07-01 18:32:01 Train-Acc Source Data: 0.9895
07-01 18:32:25 Val-Acc Target Data: 0.7259
07-01 18:32:25 The best model epoch 5, val-acc 0.7344
07-01 18:32:25 -----Epoch 15/30-----
07-01 18:32:25 current lr: [0.002, 0.002]
07-01 18:32:30 Train-Loss Source Classifier: 0.0322
07-01 18:32:30 Train-Acc Source Data: 0.9891
07-01 18:33:00 Val-Acc Target Data: 0.7202
07-01 18:33:01 The best model epoch 5, val-acc 0.7344
07-01 18:33:01 -----Epoch 16/30-----
07-01 18:33:01 current lr: [0.002, 0.002]
07-01 18:33:06 Train-Loss Source Classifier: 0.0281
07-01 18:33:06 Train-Acc Source Data: 0.9912
07-01 18:33:30 Val-Acc Target Data: 0.7031
07-01 18:33:31 The best model epoch 5, val-acc 0.7344
07-01 18:33:31 -----Epoch 17/30-----
07-01 18:33:31 current lr: [0.002, 0.002]
07-01 18:33:36 Train-Loss Source Classifier: 0.0369
07-01 18:33:36 Train-Acc Source Data: 0.9888
07-01 18:33:59 Val-Acc Target Data: 0.6918
07-01 18:34:00 The best model epoch 5, val-acc 0.7344
07-01 18:34:00 -----Epoch 18/30-----
07-01 18:34:00 current lr: [0.002, 0.002]
07-01 18:34:32 Train-Loss Source Classifier: 0.0260
07-01 18:34:32 Train-Acc Source Data: 0.9915
07-01 18:35:08 Val-Acc Target Data: 0.7116
07-01 18:35:08 The best model epoch 5, val-acc 0.7344
07-01 18:35:08 -----Epoch 19/30-----
07-01 18:35:08 current lr: [0.002, 0.002]
07-01 18:35:14 Train-Loss Source Classifier: 0.0227
07-01 18:35:14 Train-Acc Source Data: 0.9929
07-01 18:35:33 Val-Acc Target Data: 0.7159
07-01 18:35:33 The best model epoch 5, val-acc 0.7344
07-01 18:35:33 -----Epoch 20/30-----
07-01 18:35:33 current lr: [0.002, 0.002]
07-01 18:36:11 Train-Loss Source Classifier: 0.0234
07-01 18:36:11 Train-Acc Source Data: 0.9898
07-01 18:36:29 Val-Acc Target Data: 0.7088
07-01 18:36:30 The best model epoch 5, val-acc 0.7344
07-01 18:36:30 -----Epoch 21/30-----
07-01 18:36:30 current lr: [0.0004, 0.0004]
07-01 18:37:10 Train-Loss Source Classifier: 0.0274
07-01 18:37:10 Train-Acc Source Data: 0.9901
07-01 18:37:27 Val-Acc Target Data: 0.7287
07-01 18:37:28 The best model epoch 5, val-acc 0.7344
07-01 18:37:28 -----Epoch 22/30-----
07-01 18:37:28 current lr: [0.0004, 0.0004]
07-01 18:37:46 Train-Loss Source Classifier: 0.0166
07-01 18:37:46 Train-Acc Source Data: 0.9949
07-01 18:38:05 Val-Acc Target Data: 0.7116
07-01 18:38:06 The best model epoch 5, val-acc 0.7344
07-01 18:38:06 -----Epoch 23/30-----
07-01 18:38:06 current lr: [0.0004, 0.0004]
07-01 18:38:44 Train-Loss Source Classifier: 0.0256
07-01 18:38:44 Train-Acc Source Data: 0.9922
07-01 18:39:08 Val-Acc Target Data: 0.7088
07-01 18:39:08 The best model epoch 5, val-acc 0.7344
07-01 18:39:08 -----Epoch 24/30-----
07-01 18:39:08 current lr: [0.0004, 0.0004]
07-01 18:39:14 Train-Loss Source Classifier: 0.0155
07-01 18:39:14 Train-Acc Source Data: 0.9956
07-01 18:39:49 Val-Acc Target Data: 0.7131
07-01 18:39:50 The best model epoch 5, val-acc 0.7344
07-01 18:39:50 -----Epoch 25/30-----
07-01 18:39:50 current lr: [0.0004, 0.0004]
07-01 18:39:56 Train-Loss Source Classifier: 0.0150
07-01 18:39:56 Train-Acc Source Data: 0.9959
07-01 18:40:53 Val-Acc Target Data: 0.7116
07-01 18:40:55 The best model epoch 5, val-acc 0.7344
07-01 18:40:55 -----Epoch 26/30-----
07-01 18:40:55 current lr: [0.0004, 0.0004]
07-01 18:41:03 Train-Loss Source Classifier: 0.0252
07-01 18:41:03 Train-Acc Source Data: 0.9912
07-01 18:42:08 Val-Acc Target Data: 0.7060
07-01 18:42:09 The best model epoch 5, val-acc 0.7344
07-01 18:42:09 -----Epoch 27/30-----
07-01 18:42:09 current lr: [0.0004, 0.0004]
07-01 18:42:47 Train-Loss Source Classifier: 0.0222
07-01 18:42:47 Train-Acc Source Data: 0.9918
07-01 18:43:06 Val-Acc Target Data: 0.7088
07-01 18:43:07 The best model epoch 5, val-acc 0.7344
07-01 18:43:07 -----Epoch 28/30-----
07-01 18:43:07 current lr: [0.0004, 0.0004]
07-01 18:43:51 Train-Loss Source Classifier: 0.0176
07-01 18:43:51 Train-Acc Source Data: 0.9935
07-01 18:44:08 Val-Acc Target Data: 0.7116
07-01 18:44:09 The best model epoch 5, val-acc 0.7344
07-01 18:44:09 -----Epoch 29/30-----
07-01 18:44:09 current lr: [0.0004, 0.0004]
07-01 18:44:39 Train-Loss Source Classifier: 0.0175
07-01 18:44:39 Train-Acc Source Data: 0.9939
07-01 18:44:56 Val-Acc Target Data: 0.7116
07-01 18:44:57 The best model epoch 5, val-acc 0.7344
07-01 18:44:57 -----Epoch 30/30-----
07-01 18:44:57 current lr: [0.0004, 0.0004]
07-01 18:45:28 Train-Loss Source Classifier: 0.0156
07-01 18:45:28 Train-Acc Source Data: 0.9942
07-01 18:45:45 Val-Acc Target Data: 0.7060
07-01 18:45:45 The best model epoch 5, val-acc 0.7344
07-01 18:45:45 Model saved to ./ckpt\MixStyle\single_source\[CWRU]To[MFPT]_0701-182338.pth
