07-03 15:51:04 model_name: MixStyle
07-03 15:51:04 source: CWRU
07-03 15:51:04 target: MFPT
07-03 15:51:04 data_dir: ./datasets
07-03 15:51:04 train_mode: single_source
07-03 15:51:04 cuda_device: 0
07-03 15:51:04 save_dir: ./ckpt
07-03 15:51:04 max_epoch: 30
07-03 15:51:04 batch_size: 64
07-03 15:51:04 num_workers: 4
07-03 15:51:04 signal_size: 1024
07-03 15:51:04 random_state: 1
07-03 15:51:04 normlizetype: -1-1
07-03 15:51:04 opt: sgd
07-03 15:51:04 lr: 0.01
07-03 15:51:04 momentum: 0.9
07-03 15:51:04 betas: (0.9, 0.999)
07-03 15:51:04 weight_decay: 0.0005
07-03 15:51:04 lr_scheduler: stepLR
07-03 15:51:04 gamma: 0.2
07-03 15:51:04 steps: 10
07-03 15:51:04 tradeoff: ['exp', 'exp', 'exp']
07-03 15:51:04 dropout: 0.0
07-03 15:51:04 save: True
07-03 15:51:04 load_path: 
07-03 15:51:04 save_path: ./ckpt\MixStyle\single_source\[CWRU]To[MFPT]_0703-155104
07-03 15:51:04 Detect 3 classes: ['inner', 'normal', 'outer']
07-03 15:51:04 using 1 / 1 gpus
07-03 15:51:07 Source set CWRU number of samples 26187.
07-03 15:51:07 Training set number of samples 2973.
07-03 15:51:07 Validation set number of samples 745.
07-03 15:52:43 -----Epoch 1/30-----
07-03 15:52:43 current lr: [0.01, 0.01]
07-03 15:52:54 Train-Loss Source Classifier: 0.7029
07-03 15:52:54 Train-Acc Source Data: 0.6838
07-03 15:53:19 Val-Acc Target Data: 0.1733
07-03 15:53:19 The best model epoch 1, val-acc 0.1733
07-03 15:53:19 -----Epoch 2/30-----
07-03 15:53:19 current lr: [0.01, 0.01]
07-03 15:54:07 Train-Loss Source Classifier: 0.3634
07-03 15:54:07 Train-Acc Source Data: 0.8407
