07-01 18:46:40 model_name: MixStyle
07-01 18:46:40 source: MFPT
07-01 18:46:40 target: CWRU
07-01 18:46:40 data_dir: ./datasets
07-01 18:46:40 train_mode: single_source
07-01 18:46:40 cuda_device: 0
07-01 18:46:40 save_dir: ./ckpt
07-01 18:46:40 max_epoch: 30
07-01 18:46:40 batch_size: 64
07-01 18:46:40 num_workers: 4
07-01 18:46:40 signal_size: 1024
07-01 18:46:40 random_state: 1
07-01 18:46:40 normlizetype: -1-1
07-01 18:46:40 opt: sgd
07-01 18:46:40 lr: 0.01
07-01 18:46:40 momentum: 0.9
07-01 18:46:40 betas: (0.9, 0.999)
07-01 18:46:40 weight_decay: 0.0005
07-01 18:46:40 lr_scheduler: stepLR
07-01 18:46:40 gamma: 0.2
07-01 18:46:40 steps: 10
07-01 18:46:40 tradeoff: ['exp', 'exp', 'exp']
07-01 18:46:40 dropout: 0.0
07-01 18:46:40 save: True
07-01 18:46:40 load_path: 
07-01 18:46:40 save_path: ./ckpt\MixStyle\single_source\[MFPT]To[CWRU]_0701-184640
07-01 18:46:40 Detect 3 classes: ['inner', 'normal', 'outer']
07-01 18:46:40 using 1 / 1 gpus
07-01 18:46:41 Source set MFPT number of samples 3718.
07-01 18:46:42 Training set number of samples 20948.
07-01 18:46:42 Validation set number of samples 5239.
07-01 18:47:46 -----Epoch 1/30-----
07-01 18:47:46 current lr: [0.01, 0.01]
07-01 18:51:37 Train-Loss Source Classifier: 0.1031
07-01 18:51:37 Train-Acc Source Data: 0.9562
07-01 18:52:04 Val-Acc Target Data: 0.5228
07-01 18:52:05 The best model epoch 1, val-acc 0.5228
07-01 18:52:05 -----Epoch 2/30-----
07-01 18:52:05 current lr: [0.01, 0.01]
07-01 18:55:19 Train-Loss Source Classifier: 0.0078
07-01 18:55:19 Train-Acc Source Data: 0.9971
07-01 18:55:47 Val-Acc Target Data: 0.5301
07-01 18:55:48 The best model epoch 2, val-acc 0.5301
07-01 18:55:48 -----Epoch 3/30-----
07-01 18:55:48 current lr: [0.01, 0.01]
07-01 18:58:34 Train-Loss Source Classifier: 0.0011
07-01 18:58:34 Train-Acc Source Data: 0.9997
07-01 18:59:01 Val-Acc Target Data: 0.4813
07-01 18:59:02 The best model epoch 2, val-acc 0.5301
07-01 18:59:02 -----Epoch 4/30-----
07-01 18:59:02 current lr: [0.01, 0.01]
07-01 19:02:15 Train-Loss Source Classifier: 0.0002
07-01 19:02:15 Train-Acc Source Data: 0.9999
07-01 19:02:42 Val-Acc Target Data: 0.4666
07-01 19:02:43 The best model epoch 2, val-acc 0.5301
07-01 19:02:43 -----Epoch 5/30-----
07-01 19:02:43 current lr: [0.01, 0.01]
07-01 19:06:02 Train-Loss Source Classifier: 0.0002
07-01 19:06:02 Train-Acc Source Data: 1.0000
07-01 19:06:34 Val-Acc Target Data: 0.4637
07-01 19:06:35 The best model epoch 2, val-acc 0.5301
07-01 19:06:35 -----Epoch 6/30-----
07-01 19:06:35 current lr: [0.01, 0.01]
07-01 19:11:28 Train-Loss Source Classifier: 0.0001
07-01 19:11:28 Train-Acc Source Data: 1.0000
07-01 19:12:01 Val-Acc Target Data: 0.4606
07-01 19:12:02 The best model epoch 2, val-acc 0.5301
07-01 19:12:02 -----Epoch 7/30-----
07-01 19:12:02 current lr: [0.01, 0.01]
07-01 19:17:26 Train-Loss Source Classifier: 0.0001
07-01 19:17:26 Train-Acc Source Data: 1.0000
07-01 19:18:10 Val-Acc Target Data: 0.4770
07-01 19:18:11 The best model epoch 2, val-acc 0.5301
07-01 19:18:11 -----Epoch 8/30-----
07-01 19:18:11 current lr: [0.01, 0.01]
07-01 19:23:05 Train-Loss Source Classifier: 0.0007
07-01 19:23:05 Train-Acc Source Data: 0.9998
07-01 19:23:44 Val-Acc Target Data: 0.4817
07-01 19:23:45 The best model epoch 2, val-acc 0.5301
07-01 19:23:45 -----Epoch 9/30-----
07-01 19:23:45 current lr: [0.01, 0.01]
07-01 19:28:07 Train-Loss Source Classifier: 0.0004
07-01 19:28:07 Train-Acc Source Data: 0.9999
07-01 19:28:35 Val-Acc Target Data: 0.4660
07-01 19:28:36 The best model epoch 2, val-acc 0.5301
07-01 19:28:36 -----Epoch 10/30-----
07-01 19:28:36 current lr: [0.01, 0.01]
07-01 19:32:11 Train-Loss Source Classifier: 0.0001
07-01 19:32:11 Train-Acc Source Data: 1.0000
07-01 19:32:43 Val-Acc Target Data: 0.4724
07-01 19:32:44 The best model epoch 2, val-acc 0.5301
07-01 19:32:44 -----Epoch 11/30-----
07-01 19:32:44 current lr: [0.002, 0.002]
07-01 19:37:01 Train-Loss Source Classifier: 0.0001
07-01 19:37:01 Train-Acc Source Data: 1.0000
07-01 19:37:24 Val-Acc Target Data: 0.4709
07-01 19:37:25 The best model epoch 2, val-acc 0.5301
07-01 19:37:25 -----Epoch 12/30-----
07-01 19:37:25 current lr: [0.002, 0.002]
07-01 19:42:49 Train-Loss Source Classifier: 0.0001
07-01 19:42:49 Train-Acc Source Data: 1.0000
07-01 19:43:29 Val-Acc Target Data: 0.4699
07-01 19:43:30 The best model epoch 2, val-acc 0.5301
07-01 19:43:30 -----Epoch 13/30-----
07-01 19:43:30 current lr: [0.002, 0.002]
07-01 19:48:28 Train-Loss Source Classifier: 0.0001
07-01 19:48:28 Train-Acc Source Data: 1.0000
07-01 19:48:52 Val-Acc Target Data: 0.4603
07-01 19:48:52 The best model epoch 2, val-acc 0.5301
07-01 19:48:52 -----Epoch 14/30-----
07-01 19:48:52 current lr: [0.002, 0.002]
07-01 19:54:08 Train-Loss Source Classifier: 0.0001
07-01 19:54:08 Train-Acc Source Data: 1.0000
07-01 19:54:38 Val-Acc Target Data: 0.4645
07-01 19:54:38 The best model epoch 2, val-acc 0.5301
07-01 19:54:38 -----Epoch 15/30-----
07-01 19:54:38 current lr: [0.002, 0.002]
07-01 19:59:32 Train-Loss Source Classifier: 0.0001
07-01 19:59:32 Train-Acc Source Data: 1.0000
07-01 20:00:05 Val-Acc Target Data: 0.4635
07-01 20:00:06 The best model epoch 2, val-acc 0.5301
07-01 20:00:06 -----Epoch 16/30-----
07-01 20:00:06 current lr: [0.002, 0.002]
07-01 20:03:52 Train-Loss Source Classifier: 0.0001
07-01 20:03:52 Train-Acc Source Data: 1.0000
07-01 20:04:24 Val-Acc Target Data: 0.4641
07-01 20:04:25 The best model epoch 2, val-acc 0.5301
07-01 20:04:25 -----Epoch 17/30-----
07-01 20:04:25 current lr: [0.002, 0.002]
07-01 20:08:49 Train-Loss Source Classifier: 0.0001
07-01 20:08:49 Train-Acc Source Data: 1.0000
07-01 20:09:20 Val-Acc Target Data: 0.4633
07-01 20:09:21 The best model epoch 2, val-acc 0.5301
07-01 20:09:21 -----Epoch 18/30-----
07-01 20:09:21 current lr: [0.002, 0.002]
07-01 20:13:05 Train-Loss Source Classifier: 0.0001
07-01 20:13:05 Train-Acc Source Data: 1.0000
07-01 20:13:37 Val-Acc Target Data: 0.4732
07-01 20:13:37 The best model epoch 2, val-acc 0.5301
07-01 20:13:37 -----Epoch 19/30-----
07-01 20:13:37 current lr: [0.002, 0.002]
07-01 20:17:20 Train-Loss Source Classifier: 0.0001
07-01 20:17:20 Train-Acc Source Data: 1.0000
07-01 20:17:53 Val-Acc Target Data: 0.4659
07-01 20:17:54 The best model epoch 2, val-acc 0.5301
07-01 20:17:54 -----Epoch 20/30-----
07-01 20:17:54 current lr: [0.002, 0.002]
07-01 20:21:06 Train-Loss Source Classifier: 0.0001
07-01 20:21:06 Train-Acc Source Data: 1.0000
07-01 20:21:35 Val-Acc Target Data: 0.4680
07-01 20:21:36 The best model epoch 2, val-acc 0.5301
07-01 20:21:36 -----Epoch 21/30-----
07-01 20:21:36 current lr: [0.0004, 0.0004]
