06-10 20:56:33 model_name: DANN
06-10 20:56:33 source: CWRU
06-10 20:56:33 target: MFPT
06-10 20:56:33 data_dir: ./datasets
06-10 20:56:33 train_mode: single_source
06-10 20:56:33 cuda_device: 0
06-10 20:56:33 save_dir: ./ckpt
06-10 20:56:33 max_epoch: 30
06-10 20:56:33 batch_size: 64
06-10 20:56:33 num_workers: 4
06-10 20:56:33 signal_size: 1024
06-10 20:56:33 random_state: 1
06-10 20:56:33 normlizetype: -1-1
06-10 20:56:33 opt: sgd
06-10 20:56:33 lr: 0.01
06-10 20:56:33 momentum: 0.9
06-10 20:56:33 betas: (0.9, 0.999)
06-10 20:56:33 weight_decay: 0.0005
06-10 20:56:33 lr_scheduler: stepLR
06-10 20:56:33 gamma: 0.2
06-10 20:56:33 steps: 10
06-10 20:56:33 tradeoff: ['exp', 'exp', 'exp']
06-10 20:56:33 dropout: 0.0
06-10 20:56:33 save: True
06-10 20:56:33 load_path: 
06-10 20:56:33 save_path: ./ckpt\DANN\single_source\[CWRU]To[MFPT]_0610-205633
06-10 20:56:33 Detect 3 classes: ['inner', 'normal', 'outer']
06-10 20:56:33 using 1 / 1 gpus
06-10 20:56:35 Source set CWRU number of samples 26187.
06-10 20:56:36 Training set number of samples 2973.
06-10 20:56:36 Validation set number of samples 745.
06-10 20:57:31 -----Epoch 1/30-----
06-10 20:57:31 current lr: [0.01, 0.01]
06-10 20:57:41 Train-Loss Source Classifier: 0.6342
06-10 20:57:41 Train-Loss Discriminator: 0.6865
06-10 20:57:41 Train-Acc Source Data: 0.7096
06-10 20:57:41 Train-Acc Discriminator: 58.8315
06-10 20:58:00 Val-Acc Target Data: 0.1321
06-10 20:58:01 The best model epoch 1, val-acc 0.1321
06-10 20:58:01 -----Epoch 2/30-----
06-10 20:58:01 current lr: [0.01, 0.01]
06-10 20:58:32 Train-Loss Source Classifier: 0.2808
06-10 20:58:32 Train-Loss Discriminator: 0.5331
06-10 20:58:32 Train-Acc Source Data: 0.8767
06-10 20:58:32 Train-Acc Discriminator: 78.7534
06-10 20:58:51 Val-Acc Target Data: 0.2812
06-10 20:58:52 The best model epoch 2, val-acc 0.2812
06-10 20:58:52 -----Epoch 3/30-----
06-10 20:58:52 current lr: [0.01, 0.01]
06-10 20:59:29 Train-Loss Source Classifier: 0.1583
06-10 20:59:29 Train-Loss Discriminator: 0.5776
06-10 20:59:29 Train-Acc Source Data: 0.9395
06-10 20:59:29 Train-Acc Discriminator: 71.8750
06-10 20:59:51 Val-Acc Target Data: 0.6705
06-10 20:59:52 The best model epoch 3, val-acc 0.6705
06-10 20:59:52 -----Epoch 4/30-----
06-10 20:59:52 current lr: [0.01, 0.01]
06-10 21:00:43 Train-Loss Source Classifier: 0.1810
06-10 21:00:43 Train-Loss Discriminator: 0.6505
06-10 21:00:43 Train-Acc Source Data: 0.9344
06-10 21:00:43 Train-Acc Discriminator: 64.4871
06-10 21:01:14 Val-Acc Target Data: 0.2628
06-10 21:01:15 The best model epoch 3, val-acc 0.6705
06-10 21:01:15 -----Epoch 5/30-----
06-10 21:01:15 current lr: [0.01, 0.01]
06-10 21:01:57 Train-Loss Source Classifier: 0.1739
06-10 21:01:57 Train-Loss Discriminator: 0.5731
06-10 21:01:57 Train-Acc Source Data: 0.9310
06-10 21:01:57 Train-Acc Discriminator: 71.8241
06-10 21:02:28 Val-Acc Target Data: 0.6548
06-10 21:02:28 The best model epoch 3, val-acc 0.6705
06-10 21:02:28 -----Epoch 6/30-----
06-10 21:02:28 current lr: [0.01, 0.01]
06-10 21:03:22 Train-Loss Source Classifier: 0.1702
06-10 21:03:22 Train-Loss Discriminator: 0.6572
06-10 21:03:22 Train-Acc Source Data: 0.9358
06-10 21:03:22 Train-Acc Discriminator: 63.9606
06-10 21:03:45 Val-Acc Target Data: 0.1804
06-10 21:03:46 The best model epoch 3, val-acc 0.6705
06-10 21:03:46 -----Epoch 7/30-----
06-10 21:03:46 current lr: [0.01, 0.01]
06-10 21:04:20 Train-Loss Source Classifier: 0.1320
06-10 21:04:20 Train-Loss Discriminator: 0.5941
06-10 21:04:20 Train-Acc Source Data: 0.9487
06-10 21:04:20 Train-Acc Discriminator: 66.7969
06-10 21:04:40 Val-Acc Target Data: 0.5085
06-10 21:04:40 The best model epoch 3, val-acc 0.6705
06-10 21:04:40 -----Epoch 8/30-----
06-10 21:04:40 current lr: [0.01, 0.01]
06-10 21:05:13 Train-Loss Source Classifier: 0.1264
06-10 21:05:13 Train-Loss Discriminator: 0.6643
06-10 21:05:13 Train-Acc Source Data: 0.9484
06-10 21:05:13 Train-Acc Discriminator: 62.6868
06-10 21:05:32 Val-Acc Target Data: 0.6562
06-10 21:05:33 The best model epoch 3, val-acc 0.6705
06-10 21:05:33 -----Epoch 9/30-----
06-10 21:05:33 current lr: [0.01, 0.01]
06-10 21:06:27 Train-Loss Source Classifier: 0.1246
06-10 21:06:27 Train-Loss Discriminator: 0.4623
06-10 21:06:27 Train-Acc Source Data: 0.9535
06-10 21:06:27 Train-Acc Discriminator: 78.0571
06-10 21:06:45 Val-Acc Target Data: 0.3821
06-10 21:06:46 The best model epoch 3, val-acc 0.6705
06-10 21:06:46 -----Epoch 10/30-----
06-10 21:06:46 current lr: [0.01, 0.01]
06-10 21:07:44 Train-Loss Source Classifier: 0.1587
06-10 21:07:44 Train-Loss Discriminator: 0.6103
06-10 21:07:44 Train-Acc Source Data: 0.9419
06-10 21:07:44 Train-Acc Discriminator: 70.0917
06-10 21:08:14 Val-Acc Target Data: 0.3537
06-10 21:08:15 The best model epoch 3, val-acc 0.6705
06-10 21:08:15 -----Epoch 11/30-----
06-10 21:08:15 current lr: [0.002, 0.002]
06-10 21:08:58 Train-Loss Source Classifier: 0.1148
06-10 21:08:58 Train-Loss Discriminator: 0.5617
06-10 21:08:58 Train-Acc Source Data: 0.9562
06-10 21:08:58 Train-Acc Discriminator: 72.3845
06-10 21:09:26 Val-Acc Target Data: 0.4261
06-10 21:09:27 The best model epoch 3, val-acc 0.6705
06-10 21:09:27 -----Epoch 12/30-----
06-10 21:09:27 current lr: [0.002, 0.002]
06-10 21:10:02 Train-Loss Source Classifier: 0.0963
06-10 21:10:02 Train-Loss Discriminator: 0.6938
06-10 21:10:02 Train-Acc Source Data: 0.9671
06-10 21:10:02 Train-Acc Discriminator: 56.5048
06-10 21:10:29 Val-Acc Target Data: 0.7003
06-10 21:10:30 The best model epoch 12, val-acc 0.7003
06-10 21:10:30 -----Epoch 13/30-----
06-10 21:10:30 current lr: [0.002, 0.002]
06-10 21:11:06 Train-Loss Source Classifier: 0.0780
06-10 21:11:06 Train-Loss Discriminator: 0.6108
06-10 21:11:06 Train-Acc Source Data: 0.9732
06-10 21:11:06 Train-Acc Discriminator: 71.6712
06-10 21:11:32 Val-Acc Target Data: 0.6548
06-10 21:11:33 The best model epoch 12, val-acc 0.7003
06-10 21:11:33 -----Epoch 14/30-----
06-10 21:11:33 current lr: [0.002, 0.002]
06-10 21:12:09 Train-Loss Source Classifier: 0.0681
06-10 21:12:09 Train-Loss Discriminator: 0.6143
06-10 21:12:09 Train-Acc Source Data: 0.9772
06-10 21:12:09 Train-Acc Discriminator: 69.2086
06-10 21:12:34 Val-Acc Target Data: 0.3580
06-10 21:12:35 The best model epoch 12, val-acc 0.7003
06-10 21:12:35 -----Epoch 15/30-----
06-10 21:12:35 current lr: [0.002, 0.002]
06-10 21:13:13 Train-Loss Source Classifier: 0.0842
06-10 21:13:13 Train-Loss Discriminator: 0.5489
06-10 21:13:13 Train-Acc Source Data: 0.9715
06-10 21:13:13 Train-Acc Discriminator: 76.0530
06-10 21:13:38 Val-Acc Target Data: 0.7145
06-10 21:13:39 The best model epoch 15, val-acc 0.7145
06-10 21:13:39 -----Epoch 16/30-----
06-10 21:13:39 current lr: [0.002, 0.002]
06-10 21:14:15 Train-Loss Source Classifier: 0.0753
06-10 21:14:15 Train-Loss Discriminator: 0.5719
06-10 21:14:15 Train-Acc Source Data: 0.9759
06-10 21:14:15 Train-Acc Discriminator: 72.2317
06-10 21:14:41 Val-Acc Target Data: 0.7202
06-10 21:14:41 The best model epoch 16, val-acc 0.7202
06-10 21:14:41 -----Epoch 17/30-----
06-10 21:14:41 current lr: [0.002, 0.002]
06-10 21:15:23 Train-Loss Source Classifier: 0.1110
06-10 21:15:23 Train-Loss Discriminator: 0.6679
06-10 21:15:23 Train-Acc Source Data: 0.9654
06-10 21:15:23 Train-Acc Discriminator: 60.4110
06-10 21:15:40 Val-Acc Target Data: 0.4602
06-10 21:15:41 The best model epoch 16, val-acc 0.7202
06-10 21:15:41 -----Epoch 18/30-----
06-10 21:15:41 current lr: [0.002, 0.002]
06-10 21:16:49 Train-Loss Source Classifier: 0.0915
06-10 21:16:49 Train-Loss Discriminator: 0.5151
06-10 21:16:49 Train-Acc Source Data: 0.9664
06-10 21:16:49 Train-Acc Discriminator: 74.5584
06-10 21:17:15 Val-Acc Target Data: 0.7031
06-10 21:17:16 The best model epoch 16, val-acc 0.7202
06-10 21:17:16 -----Epoch 19/30-----
06-10 21:17:16 current lr: [0.002, 0.002]
06-10 21:17:54 Train-Loss Source Classifier: 0.0701
06-10 21:17:54 Train-Loss Discriminator: 0.4597
06-10 21:17:54 Train-Acc Source Data: 0.9749
06-10 21:17:54 Train-Acc Discriminator: 80.5367
06-10 21:18:21 Val-Acc Target Data: 0.5000
06-10 21:18:22 The best model epoch 16, val-acc 0.7202
06-10 21:18:22 -----Epoch 20/30-----
06-10 21:18:22 current lr: [0.002, 0.002]
06-10 21:18:57 Train-Loss Source Classifier: 0.0836
06-10 21:18:57 Train-Loss Discriminator: 0.5485
06-10 21:18:57 Train-Acc Source Data: 0.9759
06-10 21:18:57 Train-Acc Discriminator: 72.2996
06-10 21:19:14 Val-Acc Target Data: 0.7060
06-10 21:19:14 The best model epoch 16, val-acc 0.7202
06-10 21:19:14 -----Epoch 21/30-----
06-10 21:19:14 current lr: [0.0004, 0.0004]
06-10 21:20:04 Train-Loss Source Classifier: 0.0811
06-10 21:20:04 Train-Loss Discriminator: 0.5289
06-10 21:20:04 Train-Acc Source Data: 0.9732
06-10 21:20:04 Train-Acc Discriminator: 71.3995
06-10 21:20:31 Val-Acc Target Data: 0.6733
06-10 21:20:32 The best model epoch 16, val-acc 0.7202
06-10 21:20:32 -----Epoch 22/30-----
06-10 21:20:32 current lr: [0.0004, 0.0004]
06-10 21:21:10 Train-Loss Source Classifier: 0.0687
06-10 21:21:10 Train-Loss Discriminator: 0.5960
06-10 21:21:10 Train-Acc Source Data: 0.9776
06-10 21:21:10 Train-Acc Discriminator: 65.7269
06-10 21:21:35 Val-Acc Target Data: 0.6349
06-10 21:21:36 The best model epoch 16, val-acc 0.7202
06-10 21:21:36 -----Epoch 23/30-----
06-10 21:21:36 current lr: [0.0004, 0.0004]
06-10 21:22:12 Train-Loss Source Classifier: 0.0656
06-10 21:22:12 Train-Loss Discriminator: 0.5419
06-10 21:22:12 Train-Acc Source Data: 0.9796
06-10 21:22:12 Train-Acc Discriminator: 74.6773
06-10 21:22:38 Val-Acc Target Data: 0.6009
06-10 21:22:39 The best model epoch 16, val-acc 0.7202
06-10 21:22:39 -----Epoch 24/30-----
06-10 21:22:39 current lr: [0.0004, 0.0004]
06-10 21:23:15 Train-Loss Source Classifier: 0.0638
06-10 21:23:15 Train-Loss Discriminator: 0.5009
06-10 21:23:15 Train-Acc Source Data: 0.9783
06-10 21:23:15 Train-Acc Discriminator: 79.0591
06-10 21:23:40 Val-Acc Target Data: 0.6520
06-10 21:23:41 The best model epoch 16, val-acc 0.7202
06-10 21:23:41 -----Epoch 25/30-----
06-10 21:23:41 current lr: [0.0004, 0.0004]
06-10 21:24:17 Train-Loss Source Classifier: 0.0591
06-10 21:24:17 Train-Loss Discriminator: 0.5126
06-10 21:24:17 Train-Acc Source Data: 0.9803
06-10 21:24:17 Train-Acc Discriminator: 78.1929
06-10 21:24:42 Val-Acc Target Data: 0.6875
06-10 21:24:43 The best model epoch 16, val-acc 0.7202
06-10 21:24:43 -----Epoch 26/30-----
06-10 21:24:43 current lr: [0.0004, 0.0004]
06-10 21:25:20 Train-Loss Source Classifier: 0.0555
06-10 21:25:20 Train-Loss Discriminator: 0.5367
06-10 21:25:20 Train-Acc Source Data: 0.9803
06-10 21:25:20 Train-Acc Discriminator: 73.5904
06-10 21:25:45 Val-Acc Target Data: 0.6932
06-10 21:25:46 The best model epoch 16, val-acc 0.7202
06-10 21:25:46 -----Epoch 27/30-----
06-10 21:25:46 current lr: [0.0004, 0.0004]
06-10 21:26:49 Train-Loss Source Classifier: 0.0504
06-10 21:26:49 Train-Loss Discriminator: 0.5588
06-10 21:26:49 Train-Acc Source Data: 0.9857
06-10 21:26:49 Train-Acc Discriminator: 69.6501
06-10 21:27:06 Val-Acc Target Data: 0.6463
06-10 21:27:07 The best model epoch 16, val-acc 0.7202
06-10 21:27:07 -----Epoch 28/30-----
06-10 21:27:07 current lr: [0.0004, 0.0004]
06-10 21:28:21 Train-Loss Source Classifier: 0.0478
06-10 21:28:21 Train-Loss Discriminator: 0.5817
06-10 21:28:21 Train-Acc Source Data: 0.9871
06-10 21:28:21 Train-Acc Discriminator: 69.7520
06-10 21:28:40 Val-Acc Target Data: 0.6349
06-10 21:28:40 The best model epoch 16, val-acc 0.7202
06-10 21:28:40 -----Epoch 29/30-----
06-10 21:28:40 current lr: [0.0004, 0.0004]
06-10 21:29:10 Train-Loss Source Classifier: 0.0572
06-10 21:29:10 Train-Loss Discriminator: 0.5221
06-10 21:29:10 Train-Acc Source Data: 0.9830
06-10 21:29:10 Train-Acc Discriminator: 77.9552
06-10 21:29:28 Val-Acc Target Data: 0.5767
06-10 21:29:29 The best model epoch 16, val-acc 0.7202
06-10 21:29:29 -----Epoch 30/30-----
06-10 21:29:29 current lr: [0.0004, 0.0004]
06-10 21:30:01 Train-Loss Source Classifier: 0.0469
06-10 21:30:01 Train-Loss Discriminator: 0.4872
06-10 21:30:01 Train-Acc Source Data: 0.9857
06-10 21:30:01 Train-Acc Discriminator: 81.5897
06-10 21:30:19 Val-Acc Target Data: 0.5668
06-10 21:30:20 The best model epoch 16, val-acc 0.7202
06-10 21:30:20 Model saved to ./ckpt\DANN\single_source\[CWRU]To[MFPT]_0610-205633.pth
