05-27 10:19:42 model_name: ADACL
05-27 10:19:42 source: CWRU_0,CWRU_1,CWRU_3
05-27 10:19:42 target: CWRU_2
05-27 10:19:42 data_dir: ./datasets
05-27 10:19:42 train_mode: multi_source
05-27 10:19:42 cuda_device: 0
05-27 10:19:42 save_dir: ./ckpt
05-27 10:19:42 max_epoch: 30
05-27 10:19:42 batch_size: 64
05-27 10:19:42 num_workers: 4
05-27 10:19:42 signal_size: 1024
05-27 10:19:42 random_state: 1
05-27 10:19:42 normlizetype: -1-1
05-27 10:19:42 opt: sgd
05-27 10:19:42 lr: 0.01
05-27 10:19:42 momentum: 0.9
05-27 10:19:42 betas: (0.9, 0.999)
05-27 10:19:42 weight_decay: 0.0005
05-27 10:19:42 lr_scheduler: stepLR
05-27 10:19:42 gamma: 0.2
05-27 10:19:42 steps: 10
05-27 10:19:42 tradeoff: ['exp', 'exp', 'exp']
05-27 10:19:42 dropout: 0.0
05-27 10:19:42 save: True
05-27 10:19:42 load_path: 
05-27 10:19:42 save_path: ./ckpt\ADACL\multi_source\[CWRU_0CWRU_1CWRU_3]To[CWRU_2]_0527-101942
05-27 10:19:42 Detect 10 classes: ['B007', 'B014', 'B021', 'IR007', 'IR014', 'IR021', 'Normal', 'OR007', 'OR014', 'OR021']
05-27 10:19:42 using 1 / 1 gpus
05-27 10:19:43 Source set CWRU_0 number of samples 5668.
05-27 10:19:43 Source set CWRU_1 number of samples 9374.
05-27 10:19:43 Source set CWRU_3 number of samples 9492.
05-27 10:19:44 Training set number of samples 7586.
05-27 10:19:44 Validation set number of samples 1902.
05-27 10:21:10 -----Epoch 1/30-----
05-27 10:21:10 current lr: [0.01, 0.01, 0.01]
05-27 10:22:20 Train-Loss Source Classifier: 1.6114
05-27 10:22:20 Train-Loss Discriminator: 1.4468
05-27 10:22:20 Train-Loss L1: 0.0428
05-27 10:22:20 Train-Acc Source Data: 0.4319
05-27 10:22:20 Train-Acc Discriminator: 0.1688
