05-27 10:24:08 model_name: ADACL
05-27 10:24:08 source: CWRU_0,CWRU_1,CWRU_3
05-27 10:24:08 target: CWRU_2
05-27 10:24:08 data_dir: ./datasets
05-27 10:24:08 train_mode: multi_source
05-27 10:24:08 cuda_device: 0
05-27 10:24:08 save_dir: ./ckpt
05-27 10:24:08 max_epoch: 30
05-27 10:24:08 batch_size: 64
05-27 10:24:08 num_workers: 4
05-27 10:24:08 signal_size: 1024
05-27 10:24:08 random_state: 1
05-27 10:24:08 normlizetype: -1-1
05-27 10:24:08 opt: sgd
05-27 10:24:08 lr: 0.01
05-27 10:24:08 momentum: 0.9
05-27 10:24:08 betas: (0.9, 0.999)
05-27 10:24:08 weight_decay: 0.0005
05-27 10:24:08 lr_scheduler: stepLR
05-27 10:24:08 gamma: 0.2
05-27 10:24:08 steps: 10
05-27 10:24:08 tradeoff: ['exp', 'exp', 'exp']
05-27 10:24:08 dropout: 0.0
05-27 10:24:08 save: True
05-27 10:24:08 load_path: 
05-27 10:24:08 save_path: ./ckpt\ADACL\multi_source\[CWRU_0CWRU_1CWRU_3]To[CWRU_2]_0527-102408
05-27 10:24:08 Detect 10 classes: ['B007', 'B014', 'B021', 'IR007', 'IR014', 'IR021', 'Normal', 'OR007', 'OR014', 'OR021']
05-27 10:24:08 using 1 / 1 gpus
05-27 10:24:09 Source set CWRU_0 number of samples 5668.
05-27 10:24:09 Source set CWRU_1 number of samples 9374.
05-27 10:24:09 Source set CWRU_3 number of samples 9492.
05-27 10:24:09 Training set number of samples 7586.
05-27 10:24:09 Validation set number of samples 1902.
05-27 10:25:30 -----Epoch 1/30-----
05-27 10:25:30 current lr: [0.01, 0.01, 0.01]
05-27 10:26:30 Train-Loss Source Classifier: 1.6114
05-27 10:26:30 Train-Loss Discriminator: 1.4468
05-27 10:26:30 Train-Loss L1: 0.0428
05-27 10:26:30 Train-Acc Source Data: 0.4319
05-27 10:26:30 Train-Acc Discriminator: 0.1688
05-27 10:26:49 Val-Acc Target Data: 0.6638
05-27 10:26:50 The best model epoch 1, val-acc 0.6638
05-27 10:26:50 -----Epoch 2/30-----
05-27 10:26:50 current lr: [0.01, 0.01, 0.01]
05-27 10:28:16 Train-Loss Source Classifier: 0.7403
05-27 10:28:16 Train-Loss Discriminator: 1.2508
05-27 10:28:16 Train-Loss L1: 0.0515
05-27 10:28:16 Train-Acc Source Data: 0.7287
05-27 10:28:16 Train-Acc Discriminator: 0.4842
05-27 10:28:43 Val-Acc Target Data: 0.7645
05-27 10:28:44 The best model epoch 2, val-acc 0.7645
05-27 10:28:44 -----Epoch 3/30-----
05-27 10:28:44 current lr: [0.01, 0.01, 0.01]
05-27 10:30:47 Train-Loss Source Classifier: 0.4138
05-27 10:30:47 Train-Loss Discriminator: 1.2234
05-27 10:30:47 Train-Loss L1: 0.0422
05-27 10:30:47 Train-Acc Source Data: 0.8488
05-27 10:30:47 Train-Acc Discriminator: 0.5000
05-27 10:31:11 Val-Acc Target Data: 0.8572
05-27 10:31:11 The best model epoch 3, val-acc 0.8572
05-27 10:31:11 -----Epoch 4/30-----
05-27 10:31:11 current lr: [0.01, 0.01, 0.01]
05-27 10:33:47 Train-Loss Source Classifier: 0.2589
05-27 10:33:47 Train-Loss Discriminator: 1.1990
05-27 10:33:47 Train-Loss L1: 0.0361
05-27 10:33:47 Train-Acc Source Data: 0.8994
05-27 10:33:47 Train-Acc Discriminator: 0.5044
05-27 10:34:16 Val-Acc Target Data: 0.8890
05-27 10:34:17 The best model epoch 4, val-acc 0.8890
05-27 10:34:17 -----Epoch 5/30-----
05-27 10:34:17 current lr: [0.01, 0.01, 0.01]
05-27 10:36:15 Train-Loss Source Classifier: 0.2180
05-27 10:36:15 Train-Loss Discriminator: 1.1831
05-27 10:36:15 Train-Loss L1: 0.0336
05-27 10:36:15 Train-Acc Source Data: 0.9174
05-27 10:36:15 Train-Acc Discriminator: 0.5124
05-27 10:36:39 Val-Acc Target Data: 0.9111
05-27 10:36:40 The best model epoch 5, val-acc 0.9111
05-27 10:36:40 -----Epoch 6/30-----
05-27 10:36:40 current lr: [0.01, 0.01, 0.01]
05-27 10:38:03 Train-Loss Source Classifier: 0.1760
05-27 10:38:03 Train-Loss Discriminator: 1.1813
05-27 10:38:03 Train-Loss L1: 0.0289
05-27 10:38:03 Train-Acc Source Data: 0.9329
05-27 10:38:03 Train-Acc Discriminator: 0.5152
05-27 10:38:38 Val-Acc Target Data: 0.9370
05-27 10:38:38 The best model epoch 6, val-acc 0.9370
05-27 10:38:38 -----Epoch 7/30-----
05-27 10:38:38 current lr: [0.01, 0.01, 0.01]
05-27 10:41:13 Train-Loss Source Classifier: 0.1674
05-27 10:41:13 Train-Loss Discriminator: 1.1820
05-27 10:41:13 Train-Loss L1: 0.0263
05-27 10:41:13 Train-Acc Source Data: 0.9351
05-27 10:41:13 Train-Acc Discriminator: 0.5168
05-27 10:41:52 Val-Acc Target Data: 0.9073
05-27 10:41:52 The best model epoch 6, val-acc 0.9370
05-27 10:41:52 -----Epoch 8/30-----
05-27 10:41:52 current lr: [0.01, 0.01, 0.01]
05-27 10:44:35 Train-Loss Source Classifier: 0.1529
05-27 10:44:35 Train-Loss Discriminator: 1.1858
05-27 10:44:35 Train-Loss L1: 0.0243
05-27 10:44:35 Train-Acc Source Data: 0.9367
05-27 10:44:35 Train-Acc Discriminator: 0.5103
05-27 10:45:09 Val-Acc Target Data: 0.9359
05-27 10:45:10 The best model epoch 6, val-acc 0.9370
05-27 10:45:10 -----Epoch 9/30-----
05-27 10:45:10 current lr: [0.01, 0.01, 0.01]
05-27 10:47:53 Train-Loss Source Classifier: 0.1358
05-27 10:47:53 Train-Loss Discriminator: 1.1899
05-27 10:47:53 Train-Loss L1: 0.0223
05-27 10:47:53 Train-Acc Source Data: 0.9435
05-27 10:47:53 Train-Acc Discriminator: 0.5085
05-27 10:48:22 Val-Acc Target Data: 0.9564
05-27 10:48:23 The best model epoch 9, val-acc 0.9564
05-27 10:48:23 -----Epoch 10/30-----
05-27 10:48:23 current lr: [0.01, 0.01, 0.01]
05-27 10:50:20 Train-Loss Source Classifier: 0.1315
05-27 10:50:20 Train-Loss Discriminator: 1.1908
05-27 10:50:20 Train-Loss L1: 0.0208
05-27 10:50:20 Train-Acc Source Data: 0.9453
05-27 10:50:20 Train-Acc Discriminator: 0.5114
05-27 10:50:59 Val-Acc Target Data: 0.9418
05-27 10:51:00 The best model epoch 9, val-acc 0.9564
05-27 10:51:00 -----Epoch 11/30-----
05-27 10:51:00 current lr: [0.002, 0.002, 0.002]
05-27 10:52:19 Train-Loss Source Classifier: 0.0792
05-27 10:52:19 Train-Loss Discriminator: 1.1681
05-27 10:52:19 Train-Loss L1: 0.0154
05-27 10:52:19 Train-Acc Source Data: 0.9640
05-27 10:52:19 Train-Acc Discriminator: 0.5136
05-27 10:52:52 Val-Acc Target Data: 0.9677
05-27 10:52:52 The best model epoch 11, val-acc 0.9677
05-27 10:52:52 -----Epoch 12/30-----
05-27 10:52:52 current lr: [0.002, 0.002, 0.002]
05-27 10:55:21 Train-Loss Source Classifier: 0.0695
05-27 10:55:21 Train-Loss Discriminator: 1.1760
05-27 10:55:21 Train-Loss L1: 0.0146
05-27 10:55:21 Train-Acc Source Data: 0.9656
05-27 10:55:21 Train-Acc Discriminator: 0.5102
05-27 10:56:01 Val-Acc Target Data: 0.9704
05-27 10:56:01 The best model epoch 12, val-acc 0.9704
05-27 10:56:01 -----Epoch 13/30-----
05-27 10:56:01 current lr: [0.002, 0.002, 0.002]
05-27 10:58:01 Train-Loss Source Classifier: 0.0620
05-27 10:58:01 Train-Loss Discriminator: 1.1771
05-27 10:58:01 Train-Loss L1: 0.0144
05-27 10:58:01 Train-Acc Source Data: 0.9722
05-27 10:58:01 Train-Acc Discriminator: 0.5135
05-27 10:58:37 Val-Acc Target Data: 0.9644
05-27 10:58:38 The best model epoch 12, val-acc 0.9704
05-27 10:58:38 -----Epoch 14/30-----
05-27 10:58:38 current lr: [0.002, 0.002, 0.002]
05-27 11:00:42 Train-Loss Source Classifier: 0.0645
05-27 11:00:42 Train-Loss Discriminator: 1.1749
05-27 11:00:42 Train-Loss L1: 0.0131
05-27 11:00:42 Train-Acc Source Data: 0.9693
05-27 11:00:42 Train-Acc Discriminator: 0.5109
05-27 11:01:17 Val-Acc Target Data: 0.9666
05-27 11:01:18 The best model epoch 12, val-acc 0.9704
05-27 11:01:18 -----Epoch 15/30-----
05-27 11:01:18 current lr: [0.002, 0.002, 0.002]
05-27 11:03:20 Train-Loss Source Classifier: 0.0725
05-27 11:03:20 Train-Loss Discriminator: 1.1868
05-27 11:03:20 Train-Loss L1: 0.0134
05-27 11:03:20 Train-Acc Source Data: 0.9670
05-27 11:03:20 Train-Acc Discriminator: 0.5067
05-27 11:03:40 Val-Acc Target Data: 0.9709
05-27 11:03:41 The best model epoch 15, val-acc 0.9709
05-27 11:03:41 -----Epoch 16/30-----
05-27 11:03:41 current lr: [0.002, 0.002, 0.002]
05-27 11:06:24 Train-Loss Source Classifier: 0.0630
05-27 11:06:24 Train-Loss Discriminator: 1.1940
05-27 11:06:24 Train-Loss L1: 0.0135
05-27 11:06:24 Train-Acc Source Data: 0.9699
05-27 11:06:24 Train-Acc Discriminator: 0.5068
05-27 11:06:46 Val-Acc Target Data: 0.9682
05-27 11:06:47 The best model epoch 15, val-acc 0.9709
05-27 11:06:47 -----Epoch 17/30-----
05-27 11:06:47 current lr: [0.002, 0.002, 0.002]
05-27 11:08:24 Train-Loss Source Classifier: 0.0587
05-27 11:08:24 Train-Loss Discriminator: 1.1923
05-27 11:08:24 Train-Loss L1: 0.0130
05-27 11:08:24 Train-Acc Source Data: 0.9723
05-27 11:08:24 Train-Acc Discriminator: 0.5101
05-27 11:09:05 Val-Acc Target Data: 0.9758
05-27 11:09:05 The best model epoch 17, val-acc 0.9758
05-27 11:09:05 -----Epoch 18/30-----
05-27 11:09:05 current lr: [0.002, 0.002, 0.002]
05-27 11:11:42 Train-Loss Source Classifier: 0.0618
05-27 11:11:42 Train-Loss Discriminator: 1.1935
05-27 11:11:42 Train-Loss L1: 0.0134
05-27 11:11:42 Train-Acc Source Data: 0.9698
05-27 11:11:42 Train-Acc Discriminator: 0.5078
05-27 11:12:17 Val-Acc Target Data: 0.9774
05-27 11:12:18 The best model epoch 18, val-acc 0.9774
05-27 11:12:18 -----Epoch 19/30-----
05-27 11:12:18 current lr: [0.002, 0.002, 0.002]
05-27 11:15:30 Train-Loss Source Classifier: 0.0569
05-27 11:15:30 Train-Loss Discriminator: 1.1945
05-27 11:15:30 Train-Loss L1: 0.0127
05-27 11:15:30 Train-Acc Source Data: 0.9733
05-27 11:15:30 Train-Acc Discriminator: 0.5051
05-27 11:15:56 Val-Acc Target Data: 0.9698
05-27 11:15:57 The best model epoch 18, val-acc 0.9774
05-27 11:15:57 -----Epoch 20/30-----
05-27 11:15:57 current lr: [0.002, 0.002, 0.002]
05-27 11:18:22 Train-Loss Source Classifier: 0.0590
05-27 11:18:22 Train-Loss Discriminator: 1.1971
05-27 11:18:22 Train-Loss L1: 0.0127
05-27 11:18:22 Train-Acc Source Data: 0.9701
05-27 11:18:22 Train-Acc Discriminator: 0.5061
05-27 11:18:48 Val-Acc Target Data: 0.9725
05-27 11:18:49 The best model epoch 18, val-acc 0.9774
05-27 11:18:49 -----Epoch 21/30-----
05-27 11:18:49 current lr: [0.0004, 0.0004, 0.0004]
05-27 11:21:13 Train-Loss Source Classifier: 0.0510
05-27 11:21:13 Train-Loss Discriminator: 1.1847
05-27 11:21:13 Train-Loss L1: 0.0117
05-27 11:21:13 Train-Acc Source Data: 0.9747
05-27 11:21:13 Train-Acc Discriminator: 0.5095
05-27 11:21:52 Val-Acc Target Data: 0.9779
05-27 11:21:53 The best model epoch 21, val-acc 0.9779
05-27 11:21:53 -----Epoch 22/30-----
05-27 11:21:53 current lr: [0.0004, 0.0004, 0.0004]
05-27 11:24:29 Train-Loss Source Classifier: 0.0544
05-27 11:24:29 Train-Loss Discriminator: 1.1807
05-27 11:24:29 Train-Loss L1: 0.0113
05-27 11:24:29 Train-Acc Source Data: 0.9730
05-27 11:24:29 Train-Acc Discriminator: 0.5079
05-27 11:25:07 Val-Acc Target Data: 0.9774
05-27 11:25:08 The best model epoch 21, val-acc 0.9779
05-27 11:25:08 -----Epoch 23/30-----
05-27 11:25:08 current lr: [0.0004, 0.0004, 0.0004]
05-27 11:28:21 Train-Loss Source Classifier: 0.0502
05-27 11:28:21 Train-Loss Discriminator: 1.1770
05-27 11:28:21 Train-Loss L1: 0.0113
05-27 11:28:21 Train-Acc Source Data: 0.9744
05-27 11:28:21 Train-Acc Discriminator: 0.5093
05-27 11:28:50 Val-Acc Target Data: 0.9752
05-27 11:28:51 The best model epoch 21, val-acc 0.9779
05-27 11:28:51 -----Epoch 24/30-----
05-27 11:28:51 current lr: [0.0004, 0.0004, 0.0004]
05-27 11:31:12 Train-Loss Source Classifier: 0.0483
05-27 11:31:12 Train-Loss Discriminator: 1.1805
05-27 11:31:12 Train-Loss L1: 0.0113
05-27 11:31:12 Train-Acc Source Data: 0.9747
05-27 11:31:12 Train-Acc Discriminator: 0.5085
05-27 11:31:57 Val-Acc Target Data: 0.9779
05-27 11:31:57 The best model epoch 24, val-acc 0.9779
05-27 11:31:57 -----Epoch 25/30-----
05-27 11:31:57 current lr: [0.0004, 0.0004, 0.0004]
05-27 11:34:01 Train-Loss Source Classifier: 0.0471
05-27 11:34:01 Train-Loss Discriminator: 1.1817
05-27 11:34:01 Train-Loss L1: 0.0112
05-27 11:34:01 Train-Acc Source Data: 0.9776
05-27 11:34:01 Train-Acc Discriminator: 0.5100
05-27 11:34:36 Val-Acc Target Data: 0.9758
05-27 11:34:37 The best model epoch 24, val-acc 0.9779
05-27 11:34:37 -----Epoch 26/30-----
05-27 11:34:37 current lr: [0.0004, 0.0004, 0.0004]
05-27 11:37:09 Train-Loss Source Classifier: 0.0513
05-27 11:37:09 Train-Loss Discriminator: 1.1818
05-27 11:37:09 Train-Loss L1: 0.0109
05-27 11:37:09 Train-Acc Source Data: 0.9748
05-27 11:37:09 Train-Acc Discriminator: 0.5103
05-27 11:37:45 Val-Acc Target Data: 0.9741
05-27 11:37:45 The best model epoch 24, val-acc 0.9779
05-27 11:37:45 -----Epoch 27/30-----
05-27 11:37:45 current lr: [0.0004, 0.0004, 0.0004]
05-27 11:40:44 Train-Loss Source Classifier: 0.0506
05-27 11:40:44 Train-Loss Discriminator: 1.1841
05-27 11:40:44 Train-Loss L1: 0.0109
05-27 11:40:44 Train-Acc Source Data: 0.9725
05-27 11:40:44 Train-Acc Discriminator: 0.5109
05-27 11:41:26 Val-Acc Target Data: 0.9763
05-27 11:41:27 The best model epoch 24, val-acc 0.9779
05-27 11:41:27 -----Epoch 28/30-----
05-27 11:41:27 current lr: [0.0004, 0.0004, 0.0004]
05-27 11:44:17 Train-Loss Source Classifier: 0.0477
05-27 11:44:17 Train-Loss Discriminator: 1.1842
05-27 11:44:17 Train-Loss L1: 0.0111
05-27 11:44:17 Train-Acc Source Data: 0.9779
05-27 11:44:17 Train-Acc Discriminator: 0.5097
05-27 11:44:57 Val-Acc Target Data: 0.9774
05-27 11:44:58 The best model epoch 24, val-acc 0.9779
05-27 11:44:58 -----Epoch 29/30-----
05-27 11:44:58 current lr: [0.0004, 0.0004, 0.0004]
05-27 11:47:49 Train-Loss Source Classifier: 0.0462
05-27 11:47:49 Train-Loss Discriminator: 1.1852
05-27 11:47:49 Train-Loss L1: 0.0110
05-27 11:47:49 Train-Acc Source Data: 0.9767
05-27 11:47:49 Train-Acc Discriminator: 0.5077
05-27 11:48:15 Val-Acc Target Data: 0.9768
05-27 11:48:16 The best model epoch 24, val-acc 0.9779
05-27 11:48:16 -----Epoch 30/30-----
05-27 11:48:16 current lr: [0.0004, 0.0004, 0.0004]
05-27 11:50:17 Train-Loss Source Classifier: 0.0522
05-27 11:50:17 Train-Loss Discriminator: 1.1845
05-27 11:50:17 Train-Loss L1: 0.0110
05-27 11:50:17 Train-Acc Source Data: 0.9739
05-27 11:50:17 Train-Acc Discriminator: 0.5089
05-27 11:50:38 Val-Acc Target Data: 0.9774
05-27 11:50:38 The best model epoch 24, val-acc 0.9779
05-27 11:50:38 Model saved to ./ckpt\ADACL\multi_source\[CWRU_0CWRU_1CWRU_3]To[CWRU_2]_0527-102408.pth
