05-27 13:05:08 model_name: ADACL
05-27 13:05:08 source: CWRU_1,CWRU_2,CWRU_3
05-27 13:05:08 target: CWRU_0
05-27 13:05:08 data_dir: ./datasets
05-27 13:05:08 train_mode: multi_source
05-27 13:05:08 cuda_device: 0
05-27 13:05:08 save_dir: ./ckpt
05-27 13:05:08 max_epoch: 30
05-27 13:05:08 batch_size: 64
05-27 13:05:08 num_workers: 4
05-27 13:05:08 signal_size: 1024
05-27 13:05:08 random_state: 1
05-27 13:05:08 normlizetype: -1-1
05-27 13:05:08 opt: sgd
05-27 13:05:08 lr: 0.01
05-27 13:05:08 momentum: 0.9
05-27 13:05:08 betas: (0.9, 0.999)
05-27 13:05:08 weight_decay: 0.0005
05-27 13:05:08 lr_scheduler: stepLR
05-27 13:05:08 gamma: 0.2
05-27 13:05:08 steps: 10
05-27 13:05:08 tradeoff: ['exp', 'exp', 'exp']
05-27 13:05:08 dropout: 0.0
05-27 13:05:08 save: True
05-27 13:05:08 load_path: 
05-27 13:05:08 save_path: ./ckpt\ADACL\multi_source\[CWRU_1CWRU_2CWRU_3]To[CWRU_0]_0527-130508
05-27 13:05:08 Detect 10 classes: ['B007', 'B014', 'B021', 'IR007', 'IR014', 'IR021', 'Normal', 'OR007', 'OR014', 'OR021']
05-27 13:05:08 using 1 / 1 gpus
05-27 13:05:10 Source set CWRU_1 number of samples 9374.
05-27 13:05:10 Source set CWRU_2 number of samples 9488.
05-27 13:05:10 Source set CWRU_3 number of samples 9492.
05-27 13:05:10 Training set number of samples 4532.
05-27 13:05:10 Validation set number of samples 1136.
05-27 13:06:33 -----Epoch 1/30-----
05-27 13:06:33 current lr: [0.01, 0.01, 0.01]
05-27 13:06:56 Train-Loss Source Classifier: 1.8739
05-27 13:06:56 Train-Loss Discriminator: 1.4528
05-27 13:06:56 Train-Loss L1: 0.0338
05-27 13:06:56 Train-Acc Source Data: 0.3471
05-27 13:06:56 Train-Acc Discriminator: 0.1666
05-27 13:07:14 Val-Acc Target Data: 0.4632
05-27 13:07:15 The best model epoch 1, val-acc 0.4632
05-27 13:07:15 -----Epoch 2/30-----
05-27 13:07:15 current lr: [0.01, 0.01, 0.01]
05-27 13:08:25 Train-Loss Source Classifier: 1.0295
05-27 13:08:25 Train-Loss Discriminator: 1.2444
05-27 13:08:25 Train-Loss L1: 0.0518
05-27 13:08:25 Train-Acc Source Data: 0.6328
05-27 13:08:25 Train-Acc Discriminator: 0.4802
05-27 13:08:42 Val-Acc Target Data: 0.5202
05-27 13:08:43 The best model epoch 2, val-acc 0.5202
05-27 13:08:43 -----Epoch 3/30-----
05-27 13:08:43 current lr: [0.01, 0.01, 0.01]
05-27 13:09:48 Train-Loss Source Classifier: 0.6342
05-27 13:09:48 Train-Loss Discriminator: 1.1888
05-27 13:09:48 Train-Loss L1: 0.0482
05-27 13:09:48 Train-Acc Source Data: 0.7665
05-27 13:09:48 Train-Acc Discriminator: 0.5121
05-27 13:10:14 Val-Acc Target Data: 0.5331
05-27 13:10:15 The best model epoch 3, val-acc 0.5331
05-27 13:10:15 -----Epoch 4/30-----
05-27 13:10:15 current lr: [0.01, 0.01, 0.01]
05-27 13:11:00 Train-Loss Source Classifier: 0.4172
05-27 13:11:00 Train-Loss Discriminator: 1.1700
05-27 13:11:00 Train-Loss L1: 0.0422
05-27 13:11:00 Train-Acc Source Data: 0.8484
05-27 13:11:00 Train-Acc Discriminator: 0.5205
05-27 13:11:27 Val-Acc Target Data: 0.6158
05-27 13:11:28 The best model epoch 4, val-acc 0.6158
05-27 13:11:28 -----Epoch 5/30-----
05-27 13:11:28 current lr: [0.01, 0.01, 0.01]
05-27 13:12:14 Train-Loss Source Classifier: 0.3160
05-27 13:12:14 Train-Loss Discriminator: 1.1498
05-27 13:12:14 Train-Loss L1: 0.0389
05-27 13:12:14 Train-Acc Source Data: 0.8882
05-27 13:12:14 Train-Acc Discriminator: 0.5266
05-27 13:12:34 Val-Acc Target Data: 0.6627
05-27 13:12:35 The best model epoch 5, val-acc 0.6627
05-27 13:12:35 -----Epoch 6/30-----
05-27 13:12:35 current lr: [0.01, 0.01, 0.01]
05-27 13:14:03 Train-Loss Source Classifier: 0.2287
05-27 13:14:03 Train-Loss Discriminator: 1.1674
05-27 13:14:03 Train-Loss L1: 0.0344
05-27 13:14:03 Train-Acc Source Data: 0.9208
05-27 13:14:03 Train-Acc Discriminator: 0.5235
05-27 13:14:29 Val-Acc Target Data: 0.6700
05-27 13:14:30 The best model epoch 6, val-acc 0.6700
05-27 13:14:30 -----Epoch 7/30-----
05-27 13:14:30 current lr: [0.01, 0.01, 0.01]
05-27 13:17:05 Train-Loss Source Classifier: 0.1826
05-27 13:17:05 Train-Loss Discriminator: 1.1635
05-27 13:17:05 Train-Loss L1: 0.0285
05-27 13:17:05 Train-Acc Source Data: 0.9350
05-27 13:17:05 Train-Acc Discriminator: 0.5219
05-27 13:17:23 Val-Acc Target Data: 0.7114
05-27 13:17:23 The best model epoch 7, val-acc 0.7114
05-27 13:17:23 -----Epoch 8/30-----
05-27 13:17:23 current lr: [0.01, 0.01, 0.01]
05-27 13:18:23 Train-Loss Source Classifier: 0.2372
05-27 13:18:23 Train-Loss Discriminator: 1.1890
05-27 13:18:23 Train-Loss L1: 0.0305
05-27 13:18:23 Train-Acc Source Data: 0.9179
05-27 13:18:23 Train-Acc Discriminator: 0.5123
05-27 13:18:49 Val-Acc Target Data: 0.6535
05-27 13:18:50 The best model epoch 7, val-acc 0.7114
05-27 13:18:50 -----Epoch 9/30-----
05-27 13:18:50 current lr: [0.01, 0.01, 0.01]
05-27 13:19:33 Train-Loss Source Classifier: 0.1477
05-27 13:19:33 Train-Loss Discriminator: 1.1673
05-27 13:19:33 Train-Loss L1: 0.0219
05-27 13:19:33 Train-Acc Source Data: 0.9560
05-27 13:19:33 Train-Acc Discriminator: 0.5173
05-27 13:19:58 Val-Acc Target Data: 0.7298
05-27 13:19:59 The best model epoch 9, val-acc 0.7298
05-27 13:19:59 -----Epoch 10/30-----
05-27 13:19:59 current lr: [0.01, 0.01, 0.01]
05-27 13:20:41 Train-Loss Source Classifier: 0.1603
05-27 13:20:41 Train-Loss Discriminator: 1.1751
05-27 13:20:41 Train-Loss L1: 0.0240
05-27 13:20:41 Train-Acc Source Data: 0.9440
05-27 13:20:41 Train-Acc Discriminator: 0.5172
05-27 13:21:07 Val-Acc Target Data: 0.7105
05-27 13:21:08 The best model epoch 9, val-acc 0.7298
05-27 13:21:08 -----Epoch 11/30-----
05-27 13:21:08 current lr: [0.002, 0.002, 0.002]
05-27 13:21:50 Train-Loss Source Classifier: 0.0881
05-27 13:21:50 Train-Loss Discriminator: 1.1423
05-27 13:21:50 Train-Loss L1: 0.0150
05-27 13:21:50 Train-Acc Source Data: 0.9754
05-27 13:21:50 Train-Acc Discriminator: 0.5346
05-27 13:22:15 Val-Acc Target Data: 0.7868
05-27 13:22:16 The best model epoch 11, val-acc 0.7868
05-27 13:22:16 -----Epoch 12/30-----
05-27 13:22:16 current lr: [0.002, 0.002, 0.002]
05-27 13:22:58 Train-Loss Source Classifier: 0.0653
05-27 13:22:58 Train-Loss Discriminator: 1.1443
05-27 13:22:58 Train-Loss L1: 0.0113
05-27 13:22:58 Train-Acc Source Data: 0.9810
05-27 13:22:58 Train-Acc Discriminator: 0.5271
05-27 13:23:24 Val-Acc Target Data: 0.7702
05-27 13:23:24 The best model epoch 11, val-acc 0.7868
05-27 13:23:24 -----Epoch 13/30-----
05-27 13:23:24 current lr: [0.002, 0.002, 0.002]
05-27 13:25:07 Train-Loss Source Classifier: 0.0645
05-27 13:25:07 Train-Loss Discriminator: 1.1531
05-27 13:25:07 Train-Loss L1: 0.0111
05-27 13:25:07 Train-Acc Source Data: 0.9786
05-27 13:25:07 Train-Acc Discriminator: 0.5241
05-27 13:25:26 Val-Acc Target Data: 0.8107
05-27 13:25:26 The best model epoch 13, val-acc 0.8107
05-27 13:25:26 -----Epoch 14/30-----
05-27 13:25:26 current lr: [0.002, 0.002, 0.002]
05-27 13:26:33 Train-Loss Source Classifier: 0.0579
05-27 13:26:33 Train-Loss Discriminator: 1.1550
05-27 13:26:33 Train-Loss L1: 0.0110
05-27 13:26:33 Train-Acc Source Data: 0.9835
05-27 13:26:33 Train-Acc Discriminator: 0.5155
05-27 13:26:51 Val-Acc Target Data: 0.7978
05-27 13:26:51 The best model epoch 13, val-acc 0.8107
05-27 13:26:51 -----Epoch 15/30-----
05-27 13:26:51 current lr: [0.002, 0.002, 0.002]
05-27 13:27:59 Train-Loss Source Classifier: 0.0652
05-27 13:27:59 Train-Loss Discriminator: 1.1483
05-27 13:27:59 Train-Loss L1: 0.0102
05-27 13:27:59 Train-Acc Source Data: 0.9788
05-27 13:27:59 Train-Acc Discriminator: 0.5203
05-27 13:28:25 Val-Acc Target Data: 0.8033
05-27 13:28:26 The best model epoch 13, val-acc 0.8107
05-27 13:28:26 -----Epoch 16/30-----
05-27 13:28:26 current lr: [0.002, 0.002, 0.002]
05-27 13:29:08 Train-Loss Source Classifier: 0.0552
05-27 13:29:08 Train-Loss Discriminator: 1.1567
05-27 13:29:08 Train-Loss L1: 0.0097
05-27 13:29:08 Train-Acc Source Data: 0.9821
05-27 13:29:08 Train-Acc Discriminator: 0.5190
05-27 13:29:34 Val-Acc Target Data: 0.7840
05-27 13:29:35 The best model epoch 13, val-acc 0.8107
05-27 13:29:35 -----Epoch 17/30-----
05-27 13:29:35 current lr: [0.002, 0.002, 0.002]
05-27 13:30:17 Train-Loss Source Classifier: 0.0538
05-27 13:30:17 Train-Loss Discriminator: 1.1499
05-27 13:30:17 Train-Loss L1: 0.0102
05-27 13:30:17 Train-Acc Source Data: 0.9850
05-27 13:30:17 Train-Acc Discriminator: 0.5234
05-27 13:30:43 Val-Acc Target Data: 0.8199
05-27 13:30:44 The best model epoch 17, val-acc 0.8199
05-27 13:30:44 -----Epoch 18/30-----
05-27 13:30:44 current lr: [0.002, 0.002, 0.002]
05-27 13:31:26 Train-Loss Source Classifier: 0.0532
05-27 13:31:26 Train-Loss Discriminator: 1.1634
05-27 13:31:26 Train-Loss L1: 0.0090
05-27 13:31:26 Train-Acc Source Data: 0.9837
05-27 13:31:26 Train-Acc Discriminator: 0.5211
05-27 13:31:51 Val-Acc Target Data: 0.7960
05-27 13:31:52 The best model epoch 17, val-acc 0.8199
05-27 13:31:52 -----Epoch 19/30-----
05-27 13:31:52 current lr: [0.002, 0.002, 0.002]
05-27 13:33:00 Train-Loss Source Classifier: 0.0623
05-27 13:33:00 Train-Loss Discriminator: 1.1631
05-27 13:33:00 Train-Loss L1: 0.0093
05-27 13:33:00 Train-Acc Source Data: 0.9817
05-27 13:33:00 Train-Acc Discriminator: 0.5167
05-27 13:33:19 Val-Acc Target Data: 0.7904
05-27 13:33:20 The best model epoch 17, val-acc 0.8199
05-27 13:33:20 -----Epoch 20/30-----
05-27 13:33:20 current lr: [0.002, 0.002, 0.002]
05-27 13:34:53 Train-Loss Source Classifier: 0.0474
05-27 13:34:53 Train-Loss Discriminator: 1.1482
05-27 13:34:53 Train-Loss L1: 0.0100
05-27 13:34:53 Train-Acc Source Data: 0.9871
05-27 13:34:53 Train-Acc Discriminator: 0.5240
05-27 13:35:19 Val-Acc Target Data: 0.7868
05-27 13:35:20 The best model epoch 17, val-acc 0.8199
05-27 13:35:20 -----Epoch 21/30-----
05-27 13:35:20 current lr: [0.0004, 0.0004, 0.0004]
05-27 13:36:03 Train-Loss Source Classifier: 0.0491
05-27 13:36:03 Train-Loss Discriminator: 1.1414
05-27 13:36:03 Train-Loss L1: 0.0094
05-27 13:36:03 Train-Acc Source Data: 0.9864
05-27 13:36:03 Train-Acc Discriminator: 0.5258
05-27 13:36:29 Val-Acc Target Data: 0.7914
05-27 13:36:30 The best model epoch 17, val-acc 0.8199
05-27 13:36:30 -----Epoch 22/30-----
05-27 13:36:30 current lr: [0.0004, 0.0004, 0.0004]
05-27 13:37:11 Train-Loss Source Classifier: 0.0402
05-27 13:37:11 Train-Loss Discriminator: 1.1276
05-27 13:37:11 Train-Loss L1: 0.0082
05-27 13:37:11 Train-Acc Source Data: 0.9886
05-27 13:37:11 Train-Acc Discriminator: 0.5297
05-27 13:37:37 Val-Acc Target Data: 0.8061
05-27 13:37:38 The best model epoch 17, val-acc 0.8199
05-27 13:37:38 -----Epoch 23/30-----
05-27 13:37:38 current lr: [0.0004, 0.0004, 0.0004]
05-27 13:38:20 Train-Loss Source Classifier: 0.0398
05-27 13:38:20 Train-Loss Discriminator: 1.1260
05-27 13:38:20 Train-Loss L1: 0.0076
05-27 13:38:20 Train-Acc Source Data: 0.9886
05-27 13:38:20 Train-Acc Discriminator: 0.5282
05-27 13:38:45 Val-Acc Target Data: 0.8061
05-27 13:38:46 The best model epoch 17, val-acc 0.8199
05-27 13:38:46 -----Epoch 24/30-----
05-27 13:38:46 current lr: [0.0004, 0.0004, 0.0004]
05-27 13:39:27 Train-Loss Source Classifier: 0.0410
05-27 13:39:27 Train-Loss Discriminator: 1.1383
05-27 13:39:27 Train-Loss L1: 0.0074
05-27 13:39:27 Train-Acc Source Data: 0.9891
05-27 13:39:27 Train-Acc Discriminator: 0.5195
05-27 13:39:53 Val-Acc Target Data: 0.8107
05-27 13:39:54 The best model epoch 17, val-acc 0.8199
05-27 13:39:54 -----Epoch 25/30-----
05-27 13:39:54 current lr: [0.0004, 0.0004, 0.0004]
05-27 13:41:03 Train-Loss Source Classifier: 0.0411
05-27 13:41:03 Train-Loss Discriminator: 1.1419
05-27 13:41:03 Train-Loss L1: 0.0072
05-27 13:41:03 Train-Acc Source Data: 0.9895
05-27 13:41:03 Train-Acc Discriminator: 0.5233
05-27 13:41:20 Val-Acc Target Data: 0.8107
05-27 13:41:21 The best model epoch 17, val-acc 0.8199
05-27 13:41:21 -----Epoch 26/30-----
05-27 13:41:21 current lr: [0.0004, 0.0004, 0.0004]
05-27 13:42:48 Train-Loss Source Classifier: 0.0411
05-27 13:42:48 Train-Loss Discriminator: 1.1459
05-27 13:42:48 Train-Loss L1: 0.0070
05-27 13:42:48 Train-Acc Source Data: 0.9908
05-27 13:42:48 Train-Acc Discriminator: 0.5195
05-27 13:43:06 Val-Acc Target Data: 0.8171
05-27 13:43:06 The best model epoch 17, val-acc 0.8199
05-27 13:43:06 -----Epoch 27/30-----
05-27 13:43:06 current lr: [0.0004, 0.0004, 0.0004]
05-27 13:44:07 Train-Loss Source Classifier: 0.0412
05-27 13:44:07 Train-Loss Discriminator: 1.1416
05-27 13:44:07 Train-Loss L1: 0.0069
05-27 13:44:07 Train-Acc Source Data: 0.9884
05-27 13:44:07 Train-Acc Discriminator: 0.5225
05-27 13:44:33 Val-Acc Target Data: 0.8162
05-27 13:44:34 The best model epoch 17, val-acc 0.8199
05-27 13:44:34 -----Epoch 28/30-----
05-27 13:44:34 current lr: [0.0004, 0.0004, 0.0004]
05-27 13:45:15 Train-Loss Source Classifier: 0.0382
05-27 13:45:15 Train-Loss Discriminator: 1.1377
05-27 13:45:15 Train-Loss L1: 0.0065
05-27 13:45:15 Train-Acc Source Data: 0.9891
05-27 13:45:15 Train-Acc Discriminator: 0.5281
05-27 13:45:41 Val-Acc Target Data: 0.8263
05-27 13:45:42 The best model epoch 28, val-acc 0.8263
05-27 13:45:42 -----Epoch 29/30-----
05-27 13:45:42 current lr: [0.0004, 0.0004, 0.0004]
05-27 13:46:24 Train-Loss Source Classifier: 0.0412
05-27 13:46:24 Train-Loss Discriminator: 1.1421
05-27 13:46:24 Train-Loss L1: 0.0067
05-27 13:46:24 Train-Acc Source Data: 0.9877
05-27 13:46:24 Train-Acc Discriminator: 0.5196
05-27 13:46:49 Val-Acc Target Data: 0.8272
05-27 13:46:50 The best model epoch 29, val-acc 0.8272
05-27 13:46:50 -----Epoch 30/30-----
05-27 13:46:50 current lr: [0.0004, 0.0004, 0.0004]
05-27 13:47:32 Train-Loss Source Classifier: 0.0413
05-27 13:47:32 Train-Loss Discriminator: 1.1581
05-27 13:47:32 Train-Loss L1: 0.0068
05-27 13:47:32 Train-Acc Source Data: 0.9897
05-27 13:47:32 Train-Acc Discriminator: 0.5147
05-27 13:47:57 Val-Acc Target Data: 0.8226
05-27 13:47:58 The best model epoch 29, val-acc 0.8272
05-27 13:47:58 Model saved to ./ckpt\ADACL\multi_source\[CWRU_1CWRU_2CWRU_3]To[CWRU_0]_0527-130508.pth
