05-27 09:08:01 model_name: ADACL
05-27 09:08:01 source: CWRU_0,CWRU_1,CWRU_2
05-27 09:08:01 target: CWRU_3
05-27 09:08:01 data_dir: ./datasets
05-27 09:08:01 train_mode: multi_source
05-27 09:08:01 cuda_device: 0
05-27 09:08:01 save_dir: ./ckpt
05-27 09:08:01 max_epoch: 30
05-27 09:08:01 batch_size: 64
05-27 09:08:01 num_workers: 4
05-27 09:08:01 signal_size: 1024
05-27 09:08:01 random_state: 1
05-27 09:08:01 normlizetype: -1-1
05-27 09:08:01 opt: sgd
05-27 09:08:01 lr: 0.01
05-27 09:08:01 momentum: 0.9
05-27 09:08:01 betas: (0.9, 0.999)
05-27 09:08:01 weight_decay: 0.0005
05-27 09:08:01 lr_scheduler: stepLR
05-27 09:08:01 gamma: 0.2
05-27 09:08:01 steps: 10
05-27 09:08:01 tradeoff: ['exp', 'exp', 'exp']
05-27 09:08:01 dropout: 0.0
05-27 09:08:01 save: True
05-27 09:08:01 load_path: 
05-27 09:08:01 save_path: ./ckpt\ADACL\multi_source\[CWRU_0CWRU_1CWRU_2]To[CWRU_3]_0527-090801
05-27 09:08:01 Detect 10 classes: ['B007', 'B014', 'B021', 'IR007', 'IR014', 'IR021', 'Normal', 'OR007', 'OR014', 'OR021']
05-27 09:08:01 using 1 / 1 gpus
05-27 09:08:05 Source set CWRU_0 number of samples 5668.
05-27 09:08:05 Source set CWRU_1 number of samples 9374.
05-27 09:08:05 Source set CWRU_2 number of samples 9488.
05-27 09:08:06 Training set number of samples 7590.
05-27 09:08:06 Validation set number of samples 1902.
05-27 09:09:32 -----Epoch 1/30-----
05-27 09:09:32 current lr: [0.01, 0.01, 0.01]
05-27 09:09:55 Train-Loss Source Classifier: 1.6260
05-27 09:09:55 Train-Loss Discriminator: 1.4474
05-27 09:09:55 Train-Loss L1: 0.0417
05-27 09:09:55 Train-Acc Source Data: 0.4182
05-27 09:09:55 Train-Acc Discriminator: 0.1721
05-27 09:10:53 Val-Acc Target Data: 0.5377
05-27 09:10:54 The best model epoch 1, val-acc 0.5377
05-27 09:10:54 -----Epoch 2/30-----
05-27 09:10:54 current lr: [0.01, 0.01, 0.01]
05-27 09:12:45 Train-Loss Source Classifier: 0.7640
05-27 09:12:45 Train-Loss Discriminator: 1.2408
05-27 09:12:45 Train-Loss L1: 0.0501
05-27 09:12:45 Train-Acc Source Data: 0.7164
05-27 09:12:45 Train-Acc Discriminator: 0.4854
05-27 09:13:05 Val-Acc Target Data: 0.7290
05-27 09:13:06 The best model epoch 2, val-acc 0.7290
05-27 09:13:06 -----Epoch 3/30-----
05-27 09:13:06 current lr: [0.01, 0.01, 0.01]
05-27 09:14:51 Train-Loss Source Classifier: 0.4222
05-27 09:14:51 Train-Loss Discriminator: 1.2234
05-27 09:14:51 Train-Loss L1: 0.0453
05-27 09:14:51 Train-Acc Source Data: 0.8400
05-27 09:14:51 Train-Acc Discriminator: 0.5003
05-27 09:15:11 Val-Acc Target Data: 0.8324
05-27 09:15:12 The best model epoch 3, val-acc 0.8324
05-27 09:15:12 -----Epoch 4/30-----
05-27 09:15:12 current lr: [0.01, 0.01, 0.01]
05-27 09:17:28 Train-Loss Source Classifier: 0.2816
05-27 09:17:28 Train-Loss Discriminator: 1.2057
05-27 09:17:28 Train-Loss L1: 0.0392
05-27 09:17:28 Train-Acc Source Data: 0.8916
05-27 09:17:28 Train-Acc Discriminator: 0.5054
05-27 09:17:53 Val-Acc Target Data: 0.8939
05-27 09:17:54 The best model epoch 4, val-acc 0.8939
05-27 09:17:54 -----Epoch 5/30-----
05-27 09:17:54 current lr: [0.01, 0.01, 0.01]
05-27 09:20:33 Train-Loss Source Classifier: 0.2036
05-27 09:20:33 Train-Loss Discriminator: 1.1938
05-27 09:20:33 Train-Loss L1: 0.0341
05-27 09:20:33 Train-Acc Source Data: 0.9251
05-27 09:20:33 Train-Acc Discriminator: 0.5164
05-27 09:20:57 Val-Acc Target Data: 0.8394
05-27 09:20:58 The best model epoch 4, val-acc 0.8939
05-27 09:20:58 -----Epoch 6/30-----
05-27 09:20:58 current lr: [0.01, 0.01, 0.01]
05-27 09:22:39 Train-Loss Source Classifier: 0.1721
05-27 09:22:39 Train-Loss Discriminator: 1.2083
05-27 09:22:39 Train-Loss L1: 0.0306
05-27 09:22:39 Train-Acc Source Data: 0.9313
05-27 09:22:39 Train-Acc Discriminator: 0.5051
05-27 09:23:19 Val-Acc Target Data: 0.9256
05-27 09:23:21 The best model epoch 6, val-acc 0.9256
05-27 09:23:21 -----Epoch 7/30-----
05-27 09:23:21 current lr: [0.01, 0.01, 0.01]
05-27 09:25:14 Train-Loss Source Classifier: 0.1498
05-27 09:25:14 Train-Loss Discriminator: 1.1994
05-27 09:25:14 Train-Loss L1: 0.0254
05-27 09:25:14 Train-Acc Source Data: 0.9384
05-27 09:25:14 Train-Acc Discriminator: 0.5093
05-27 09:26:05 Val-Acc Target Data: 0.8723
05-27 09:26:06 The best model epoch 6, val-acc 0.9256
05-27 09:26:06 -----Epoch 8/30-----
05-27 09:26:06 current lr: [0.01, 0.01, 0.01]
05-27 09:28:38 Train-Loss Source Classifier: 0.1229
05-27 09:28:38 Train-Loss Discriminator: 1.1949
05-27 09:28:38 Train-Loss L1: 0.0245
05-27 09:28:38 Train-Acc Source Data: 0.9490
05-27 09:28:38 Train-Acc Discriminator: 0.5087
05-27 09:29:06 Val-Acc Target Data: 0.9208
05-27 09:29:07 The best model epoch 6, val-acc 0.9256
05-27 09:29:07 -----Epoch 9/30-----
05-27 09:29:07 current lr: [0.01, 0.01, 0.01]
05-27 09:30:28 Train-Loss Source Classifier: 0.1113
05-27 09:30:28 Train-Loss Discriminator: 1.1901
05-27 09:30:28 Train-Loss L1: 0.0223
05-27 09:30:28 Train-Acc Source Data: 0.9537
05-27 09:30:28 Train-Acc Discriminator: 0.5105
05-27 09:30:57 Val-Acc Target Data: 0.9219
05-27 09:30:58 The best model epoch 6, val-acc 0.9256
05-27 09:30:58 -----Epoch 10/30-----
05-27 09:30:58 current lr: [0.01, 0.01, 0.01]
05-27 09:31:51 Train-Loss Source Classifier: 0.1162
05-27 09:31:51 Train-Loss Discriminator: 1.1918
05-27 09:31:51 Train-Loss L1: 0.0233
05-27 09:31:51 Train-Acc Source Data: 0.9550
05-27 09:31:51 Train-Acc Discriminator: 0.5133
05-27 09:32:18 Val-Acc Target Data: 0.8621
05-27 09:32:19 The best model epoch 6, val-acc 0.9256
05-27 09:32:19 -----Epoch 11/30-----
05-27 09:32:19 current lr: [0.002, 0.002, 0.002]
05-27 09:33:23 Train-Loss Source Classifier: 0.0786
05-27 09:33:23 Train-Loss Discriminator: 1.1713
05-27 09:33:23 Train-Loss L1: 0.0172
05-27 09:33:23 Train-Acc Source Data: 0.9635
05-27 09:33:23 Train-Acc Discriminator: 0.5136
05-27 09:34:09 Val-Acc Target Data: 0.9343
05-27 09:34:10 The best model epoch 11, val-acc 0.9343
05-27 09:34:10 -----Epoch 12/30-----
05-27 09:34:10 current lr: [0.002, 0.002, 0.002]
05-27 09:36:49 Train-Loss Source Classifier: 0.0632
05-27 09:36:49 Train-Loss Discriminator: 1.1790
05-27 09:36:49 Train-Loss L1: 0.0151
05-27 09:36:49 Train-Acc Source Data: 0.9681
05-27 09:36:49 Train-Acc Discriminator: 0.5068
05-27 09:37:18 Val-Acc Target Data: 0.9321
05-27 09:37:19 The best model epoch 11, val-acc 0.9343
05-27 09:37:19 -----Epoch 13/30-----
05-27 09:37:19 current lr: [0.002, 0.002, 0.002]
05-27 09:38:48 Train-Loss Source Classifier: 0.0642
05-27 09:38:48 Train-Loss Discriminator: 1.1852
05-27 09:38:48 Train-Loss L1: 0.0153
05-27 09:38:48 Train-Acc Source Data: 0.9707
05-27 09:38:48 Train-Acc Discriminator: 0.5064
05-27 09:39:34 Val-Acc Target Data: 0.9450
05-27 09:39:35 The best model epoch 13, val-acc 0.9450
05-27 09:39:35 -----Epoch 14/30-----
05-27 09:39:35 current lr: [0.002, 0.002, 0.002]
05-27 09:41:43 Train-Loss Source Classifier: 0.0623
05-27 09:41:43 Train-Loss Discriminator: 1.1771
05-27 09:41:43 Train-Loss L1: 0.0137
05-27 09:41:43 Train-Acc Source Data: 0.9707
05-27 09:41:43 Train-Acc Discriminator: 0.5115
05-27 09:42:32 Val-Acc Target Data: 0.9445
05-27 09:42:33 The best model epoch 13, val-acc 0.9450
05-27 09:42:33 -----Epoch 15/30-----
05-27 09:42:33 current lr: [0.002, 0.002, 0.002]
05-27 09:45:27 Train-Loss Source Classifier: 0.0620
05-27 09:45:27 Train-Loss Discriminator: 1.1790
05-27 09:45:27 Train-Loss L1: 0.0129
05-27 09:45:27 Train-Acc Source Data: 0.9697
05-27 09:45:27 Train-Acc Discriminator: 0.5130
05-27 09:45:46 Val-Acc Target Data: 0.9456
05-27 09:45:46 The best model epoch 15, val-acc 0.9456
05-27 09:45:46 -----Epoch 16/30-----
05-27 09:45:46 current lr: [0.002, 0.002, 0.002]
05-27 09:47:44 Train-Loss Source Classifier: 0.0578
05-27 09:47:44 Train-Loss Discriminator: 1.1783
05-27 09:47:44 Train-Loss L1: 0.0130
05-27 09:47:44 Train-Acc Source Data: 0.9703
05-27 09:47:44 Train-Acc Discriminator: 0.5114
05-27 09:48:12 Val-Acc Target Data: 0.9434
05-27 09:48:13 The best model epoch 15, val-acc 0.9456
05-27 09:48:13 -----Epoch 17/30-----
05-27 09:48:13 current lr: [0.002, 0.002, 0.002]
05-27 09:49:07 Train-Loss Source Classifier: 0.0612
05-27 09:49:07 Train-Loss Discriminator: 1.1868
05-27 09:49:07 Train-Loss L1: 0.0131
05-27 09:49:07 Train-Acc Source Data: 0.9694
05-27 09:49:07 Train-Acc Discriminator: 0.5089
05-27 09:49:35 Val-Acc Target Data: 0.9413
05-27 09:49:36 The best model epoch 15, val-acc 0.9456
05-27 09:49:36 -----Epoch 18/30-----
05-27 09:49:36 current lr: [0.002, 0.002, 0.002]
05-27 09:50:55 Train-Loss Source Classifier: 0.0608
05-27 09:50:55 Train-Loss Discriminator: 1.1883
05-27 09:50:55 Train-Loss L1: 0.0133
05-27 09:50:55 Train-Acc Source Data: 0.9674
05-27 09:50:55 Train-Acc Discriminator: 0.5085
05-27 09:51:23 Val-Acc Target Data: 0.9434
05-27 09:51:24 The best model epoch 15, val-acc 0.9456
05-27 09:51:24 -----Epoch 19/30-----
05-27 09:51:24 current lr: [0.002, 0.002, 0.002]
05-27 09:53:13 Train-Loss Source Classifier: 0.0597
05-27 09:53:13 Train-Loss Discriminator: 1.1934
05-27 09:53:13 Train-Loss L1: 0.0131
05-27 09:53:13 Train-Acc Source Data: 0.9722
05-27 09:53:13 Train-Acc Discriminator: 0.5087
05-27 09:53:40 Val-Acc Target Data: 0.9380
05-27 09:53:41 The best model epoch 15, val-acc 0.9456
05-27 09:53:41 -----Epoch 20/30-----
05-27 09:53:41 current lr: [0.002, 0.002, 0.002]
05-27 09:55:00 Train-Loss Source Classifier: 0.0561
05-27 09:55:00 Train-Loss Discriminator: 1.1901
05-27 09:55:00 Train-Loss L1: 0.0123
05-27 09:55:00 Train-Acc Source Data: 0.9710
05-27 09:55:00 Train-Acc Discriminator: 0.5071
05-27 09:55:28 Val-Acc Target Data: 0.9391
05-27 09:55:29 The best model epoch 15, val-acc 0.9456
05-27 09:55:29 -----Epoch 21/30-----
05-27 09:55:29 current lr: [0.0004, 0.0004, 0.0004]
05-27 09:57:34 Train-Loss Source Classifier: 0.0492
05-27 09:57:34 Train-Loss Discriminator: 1.1811
05-27 09:57:34 Train-Loss L1: 0.0117
05-27 09:57:34 Train-Acc Source Data: 0.9762
05-27 09:57:34 Train-Acc Discriminator: 0.5088
05-27 09:57:54 Val-Acc Target Data: 0.9504
05-27 09:57:54 The best model epoch 21, val-acc 0.9504
05-27 09:57:54 -----Epoch 22/30-----
05-27 09:57:54 current lr: [0.0004, 0.0004, 0.0004]
05-27 09:59:57 Train-Loss Source Classifier: 0.0539
05-27 09:59:57 Train-Loss Discriminator: 1.1828
05-27 09:59:57 Train-Loss L1: 0.0116
05-27 09:59:57 Train-Acc Source Data: 0.9736
05-27 09:59:57 Train-Acc Discriminator: 0.5070
05-27 10:00:20 Val-Acc Target Data: 0.9456
05-27 10:00:21 The best model epoch 21, val-acc 0.9504
05-27 10:00:21 -----Epoch 23/30-----
05-27 10:00:21 current lr: [0.0004, 0.0004, 0.0004]
05-27 10:02:46 Train-Loss Source Classifier: 0.0543
05-27 10:02:46 Train-Loss Discriminator: 1.1850
05-27 10:02:46 Train-Loss L1: 0.0114
05-27 10:02:46 Train-Acc Source Data: 0.9719
05-27 10:02:46 Train-Acc Discriminator: 0.5058
05-27 10:03:05 Val-Acc Target Data: 0.9450
05-27 10:03:06 The best model epoch 21, val-acc 0.9504
05-27 10:03:06 -----Epoch 24/30-----
05-27 10:03:06 current lr: [0.0004, 0.0004, 0.0004]
05-27 10:04:02 Train-Loss Source Classifier: 0.0505
05-27 10:04:02 Train-Loss Discriminator: 1.1880
05-27 10:04:02 Train-Loss L1: 0.0116
05-27 10:04:02 Train-Acc Source Data: 0.9763
05-27 10:04:02 Train-Acc Discriminator: 0.5061
05-27 10:04:41 Val-Acc Target Data: 0.9407
05-27 10:04:41 The best model epoch 21, val-acc 0.9504
05-27 10:04:41 -----Epoch 25/30-----
05-27 10:04:41 current lr: [0.0004, 0.0004, 0.0004]
05-27 10:06:21 Train-Loss Source Classifier: 0.0505
05-27 10:06:21 Train-Loss Discriminator: 1.1856
05-27 10:06:21 Train-Loss L1: 0.0113
05-27 10:06:21 Train-Acc Source Data: 0.9771
05-27 10:06:21 Train-Acc Discriminator: 0.5071
05-27 10:06:55 Val-Acc Target Data: 0.9450
05-27 10:06:57 The best model epoch 21, val-acc 0.9504
05-27 10:06:57 -----Epoch 26/30-----
05-27 10:06:57 current lr: [0.0004, 0.0004, 0.0004]
05-27 10:07:52 Train-Loss Source Classifier: 0.0543
05-27 10:07:52 Train-Loss Discriminator: 1.1834
05-27 10:07:52 Train-Loss L1: 0.0112
05-27 10:07:52 Train-Acc Source Data: 0.9730
05-27 10:07:52 Train-Acc Discriminator: 0.5084
05-27 10:08:18 Val-Acc Target Data: 0.9472
05-27 10:08:19 The best model epoch 21, val-acc 0.9504
05-27 10:08:19 -----Epoch 27/30-----
05-27 10:08:19 current lr: [0.0004, 0.0004, 0.0004]
05-27 10:10:43 Train-Loss Source Classifier: 0.0523
05-27 10:10:43 Train-Loss Discriminator: 1.1819
05-27 10:10:43 Train-Loss L1: 0.0111
05-27 10:10:43 Train-Acc Source Data: 0.9715
05-27 10:10:43 Train-Acc Discriminator: 0.5079
05-27 10:11:34 Val-Acc Target Data: 0.9456
05-27 10:11:34 The best model epoch 21, val-acc 0.9504
05-27 10:11:34 -----Epoch 28/30-----
05-27 10:11:34 current lr: [0.0004, 0.0004, 0.0004]
05-27 10:13:06 Train-Loss Source Classifier: 0.0488
05-27 10:13:06 Train-Loss Discriminator: 1.1792
05-27 10:13:06 Train-Loss L1: 0.0111
05-27 10:13:06 Train-Acc Source Data: 0.9774
05-27 10:13:06 Train-Acc Discriminator: 0.5087
05-27 10:13:51 Val-Acc Target Data: 0.9418
05-27 10:13:52 The best model epoch 21, val-acc 0.9504
05-27 10:13:52 -----Epoch 29/30-----
05-27 10:13:52 current lr: [0.0004, 0.0004, 0.0004]
05-27 10:15:45 Train-Loss Source Classifier: 0.0490
05-27 10:15:45 Train-Loss Discriminator: 1.1786
05-27 10:15:45 Train-Loss L1: 0.0109
05-27 10:15:45 Train-Acc Source Data: 0.9776
05-27 10:15:45 Train-Acc Discriminator: 0.5068
05-27 10:16:33 Val-Acc Target Data: 0.9456
05-27 10:16:34 The best model epoch 21, val-acc 0.9504
05-27 10:16:34 -----Epoch 30/30-----
05-27 10:16:34 current lr: [0.0004, 0.0004, 0.0004]
05-27 10:18:34 Train-Loss Source Classifier: 0.0512
05-27 10:18:34 Train-Loss Discriminator: 1.1764
05-27 10:18:34 Train-Loss L1: 0.0107
05-27 10:18:34 Train-Acc Source Data: 0.9746
05-27 10:18:34 Train-Acc Discriminator: 0.5106
05-27 10:19:00 Val-Acc Target Data: 0.9440
05-27 10:19:01 The best model epoch 21, val-acc 0.9504
05-27 10:19:01 Model saved to ./ckpt\ADACL\multi_source\[CWRU_0CWRU_1CWRU_2]To[CWRU_3]_0527-090801.pth
