07-02 23:55:21 model_name: MCD
07-02 23:55:21 source: CWRU
07-02 23:55:21 target: MFPT
07-02 23:55:21 data_dir: ./datasets
07-02 23:55:21 train_mode: single_source
07-02 23:55:21 cuda_device: 0
07-02 23:55:21 save_dir: ./ckpt
07-02 23:55:21 max_epoch: 30
07-02 23:55:21 batch_size: 64
07-02 23:55:21 num_workers: 4
07-02 23:55:21 signal_size: 1024
07-02 23:55:21 random_state: 1
07-02 23:55:21 normlizetype: -1-1
07-02 23:55:21 opt: sgd
07-02 23:55:21 lr: 0.01
07-02 23:55:21 momentum: 0.9
07-02 23:55:21 betas: (0.9, 0.999)
07-02 23:55:21 weight_decay: 0.0005
07-02 23:55:21 lr_scheduler: stepLR
07-02 23:55:21 gamma: 0.2
07-02 23:55:21 steps: 10
07-02 23:55:21 tradeoff: ['exp', 'exp', 'exp']
07-02 23:55:21 dropout: 0.0
07-02 23:55:21 save: True
07-02 23:55:21 load_path: 
07-02 23:55:21 save_path: ./ckpt\MCD\single_source\[CWRU]To[MFPT]_0702-235521
07-02 23:55:21 Detect 3 classes: ['inner', 'normal', 'outer']
07-02 23:55:21 using 1 / 1 gpus
07-02 23:55:22 Source set CWRU number of samples 26187.
07-02 23:55:22 Training set number of samples 2973.
07-02 23:55:22 Validation set number of samples 745.
07-02 23:56:14 -----Epoch 1/30-----
07-02 23:56:14 current lr: [0.01]
07-02 23:57:18 Train-Loss Step 1: Source domain: 0.9720
07-02 23:57:18 Train-Loss Step 2: Maximize discrepancy: 0.8658
07-02 23:57:18 Train-Loss Step 3: Minimize discrepancy: 0.0430
07-02 23:57:18 Train-Acc Classifier 1 source train: 0.7755
07-02 23:57:18 Train-Acc Classifier 2 source train: 0.7622
07-02 23:57:44 Val-Acc Classifier 1 Target Data: 0.4659
07-02 23:57:44 Val-Acc Classifier 2 Target Data: 0.5213
07-02 23:57:44 Val-Acc Target Data: 0.4830
07-02 23:57:44 The best model epoch 1, val-acc 0.4830
07-02 23:57:44 -----Epoch 2/30-----
07-02 23:57:44 current lr: [0.01]
07-02 23:58:56 Train-Loss Step 1: Source domain: 0.4041
07-02 23:58:56 Train-Loss Step 2: Maximize discrepancy: 0.3037
07-02 23:58:56 Train-Loss Step 3: Minimize discrepancy: 0.0614
07-02 23:58:56 Train-Acc Classifier 1 source train: 0.9226
07-02 23:58:56 Train-Acc Classifier 2 source train: 0.9256
07-02 23:59:21 Val-Acc Classifier 1 Target Data: 0.5980
07-02 23:59:21 Val-Acc Classifier 2 Target Data: 0.6804
07-02 23:59:21 Val-Acc Target Data: 0.6605
07-02 23:59:22 The best model epoch 2, val-acc 0.6605
07-02 23:59:22 -----Epoch 3/30-----
07-02 23:59:22 current lr: [0.01]
07-03 00:00:33 Train-Loss Step 1: Source domain: 0.3328
07-03 00:00:33 Train-Loss Step 2: Maximize discrepancy: 0.1371
07-03 00:00:33 Train-Loss Step 3: Minimize discrepancy: 0.0953
07-03 00:00:33 Train-Acc Classifier 1 source train: 0.9399
07-03 00:00:33 Train-Acc Classifier 2 source train: 0.9375
07-03 00:00:58 Val-Acc Classifier 1 Target Data: 0.7798
07-03 00:00:58 Val-Acc Classifier 2 Target Data: 0.7500
07-03 00:00:58 Val-Acc Target Data: 0.7656
07-03 00:00:59 The best model epoch 3, val-acc 0.7656
07-03 00:00:59 -----Epoch 4/30-----
07-03 00:00:59 current lr: [0.01]
07-03 00:02:10 Train-Loss Step 1: Source domain: 0.3113
07-03 00:02:10 Train-Loss Step 2: Maximize discrepancy: 0.0173
07-03 00:02:10 Train-Loss Step 3: Minimize discrepancy: 0.1370
07-03 00:02:10 Train-Acc Classifier 1 source train: 0.9361
07-03 00:02:10 Train-Acc Classifier 2 source train: 0.9511
07-03 00:02:37 Val-Acc Classifier 1 Target Data: 0.7628
07-03 00:02:37 Val-Acc Classifier 2 Target Data: 0.8693
07-03 00:02:37 Val-Acc Target Data: 0.8594
07-03 00:02:38 The best model epoch 4, val-acc 0.8594
07-03 00:02:38 -----Epoch 5/30-----
07-03 00:02:38 current lr: [0.01]
07-03 00:03:49 Train-Loss Step 1: Source domain: 0.3308
07-03 00:03:49 Train-Loss Step 2: Maximize discrepancy: -0.0066
07-03 00:03:49 Train-Loss Step 3: Minimize discrepancy: 0.1698
07-03 00:03:49 Train-Acc Classifier 1 source train: 0.9375
07-03 00:03:49 Train-Acc Classifier 2 source train: 0.9477
07-03 00:04:14 Val-Acc Classifier 1 Target Data: 0.5142
07-03 00:04:14 Val-Acc Classifier 2 Target Data: 0.6278
07-03 00:04:14 Val-Acc Target Data: 0.6236
07-03 00:04:15 The best model epoch 4, val-acc 0.8594
07-03 00:04:15 -----Epoch 6/30-----
07-03 00:04:15 current lr: [0.01]
07-03 00:05:26 Train-Loss Step 1: Source domain: 0.3426
07-03 00:05:26 Train-Loss Step 2: Maximize discrepancy: 0.0120
07-03 00:05:26 Train-Loss Step 3: Minimize discrepancy: 0.1467
07-03 00:05:26 Train-Acc Classifier 1 source train: 0.9389
07-03 00:05:26 Train-Acc Classifier 2 source train: 0.9426
07-03 00:05:51 Val-Acc Classifier 1 Target Data: 0.3409
07-03 00:05:51 Val-Acc Classifier 2 Target Data: 0.4361
07-03 00:05:51 Val-Acc Target Data: 0.4219
07-03 00:05:52 The best model epoch 4, val-acc 0.8594
07-03 00:05:52 -----Epoch 7/30-----
07-03 00:05:52 current lr: [0.01]
07-03 00:07:02 Train-Loss Step 1: Source domain: 0.2842
07-03 00:07:02 Train-Loss Step 2: Maximize discrepancy: -0.1166
07-03 00:07:02 Train-Loss Step 3: Minimize discrepancy: 0.1152
07-03 00:07:02 Train-Acc Classifier 1 source train: 0.9453
07-03 00:07:02 Train-Acc Classifier 2 source train: 0.9490
07-03 00:07:30 Val-Acc Classifier 1 Target Data: 0.3494
07-03 00:07:30 Val-Acc Classifier 2 Target Data: 0.3920
07-03 00:07:30 Val-Acc Target Data: 0.3864
07-03 00:07:31 The best model epoch 4, val-acc 0.8594
07-03 00:07:31 -----Epoch 8/30-----
07-03 00:07:31 current lr: [0.01]
07-03 00:08:42 Train-Loss Step 1: Source domain: 0.3236
07-03 00:08:42 Train-Loss Step 2: Maximize discrepancy: -0.1372
07-03 00:08:42 Train-Loss Step 3: Minimize discrepancy: 0.1070
07-03 00:08:42 Train-Acc Classifier 1 source train: 0.9368
07-03 00:08:42 Train-Acc Classifier 2 source train: 0.9419
07-03 00:09:07 Val-Acc Classifier 1 Target Data: 0.3281
07-03 00:09:07 Val-Acc Classifier 2 Target Data: 0.4148
07-03 00:09:07 Val-Acc Target Data: 0.3679
07-03 00:09:08 The best model epoch 4, val-acc 0.8594
07-03 00:09:08 -----Epoch 9/30-----
07-03 00:09:08 current lr: [0.01]
07-03 00:10:46 Train-Loss Step 1: Source domain: 0.3056
07-03 00:10:46 Train-Loss Step 2: Maximize discrepancy: -0.1353
07-03 00:10:46 Train-Loss Step 3: Minimize discrepancy: 0.1253
07-03 00:10:46 Train-Acc Classifier 1 source train: 0.9518
07-03 00:10:46 Train-Acc Classifier 2 source train: 0.9552
07-03 00:11:12 Val-Acc Classifier 1 Target Data: 0.3565
07-03 00:11:12 Val-Acc Classifier 2 Target Data: 0.4048
07-03 00:11:12 Val-Acc Target Data: 0.3722
07-03 00:11:12 The best model epoch 4, val-acc 0.8594
07-03 00:11:12 -----Epoch 10/30-----
07-03 00:11:12 current lr: [0.01]
07-03 00:12:24 Train-Loss Step 1: Source domain: 0.2422
07-03 00:12:24 Train-Loss Step 2: Maximize discrepancy: -0.1422
07-03 00:12:24 Train-Loss Step 3: Minimize discrepancy: 0.1159
07-03 00:12:24 Train-Acc Classifier 1 source train: 0.9599
07-03 00:12:24 Train-Acc Classifier 2 source train: 0.9613
07-03 00:12:49 Val-Acc Classifier 1 Target Data: 0.3736
07-03 00:12:49 Val-Acc Classifier 2 Target Data: 0.4588
07-03 00:12:49 Val-Acc Target Data: 0.4162
07-03 00:12:50 The best model epoch 4, val-acc 0.8594
07-03 00:12:50 -----Epoch 11/30-----
07-03 00:12:50 current lr: [0.002]
07-03 00:14:01 Train-Loss Step 1: Source domain: 0.1942
07-03 00:14:01 Train-Loss Step 2: Maximize discrepancy: -0.2120
07-03 00:14:01 Train-Loss Step 3: Minimize discrepancy: 0.1399
07-03 00:14:01 Train-Acc Classifier 1 source train: 0.9647
07-03 00:14:01 Train-Acc Classifier 2 source train: 0.9708
07-03 00:14:27 Val-Acc Classifier 1 Target Data: 0.4375
07-03 00:14:27 Val-Acc Classifier 2 Target Data: 0.4560
07-03 00:14:27 Val-Acc Target Data: 0.4418
07-03 00:14:28 The best model epoch 4, val-acc 0.8594
07-03 00:14:28 -----Epoch 12/30-----
07-03 00:14:28 current lr: [0.002]
07-03 00:15:39 Train-Loss Step 1: Source domain: 0.2037
07-03 00:15:39 Train-Loss Step 2: Maximize discrepancy: -0.1863
07-03 00:15:39 Train-Loss Step 3: Minimize discrepancy: 0.1459
07-03 00:15:39 Train-Acc Classifier 1 source train: 0.9609
07-03 00:15:39 Train-Acc Classifier 2 source train: 0.9674
07-03 00:16:04 Val-Acc Classifier 1 Target Data: 0.4773
07-03 00:16:04 Val-Acc Classifier 2 Target Data: 0.5014
07-03 00:16:04 Val-Acc Target Data: 0.4872
07-03 00:16:05 The best model epoch 4, val-acc 0.8594
07-03 00:16:05 -----Epoch 13/30-----
07-03 00:16:05 current lr: [0.002]
07-03 00:17:15 Train-Loss Step 1: Source domain: 0.1665
07-03 00:17:15 Train-Loss Step 2: Maximize discrepancy: -0.2103
07-03 00:17:15 Train-Loss Step 3: Minimize discrepancy: 0.1348
07-03 00:17:15 Train-Acc Classifier 1 source train: 0.9718
07-03 00:17:15 Train-Acc Classifier 2 source train: 0.9732
07-03 00:17:42 Val-Acc Classifier 1 Target Data: 0.3906
07-03 00:17:42 Val-Acc Classifier 2 Target Data: 0.4588
07-03 00:17:42 Val-Acc Target Data: 0.4219
07-03 00:17:42 The best model epoch 4, val-acc 0.8594
07-03 00:17:42 -----Epoch 14/30-----
07-03 00:17:42 current lr: [0.002]
07-03 00:18:53 Train-Loss Step 1: Source domain: 0.2322
07-03 00:18:53 Train-Loss Step 2: Maximize discrepancy: -0.1413
07-03 00:18:53 Train-Loss Step 3: Minimize discrepancy: 0.1218
07-03 00:18:53 Train-Acc Classifier 1 source train: 0.9589
07-03 00:18:53 Train-Acc Classifier 2 source train: 0.9684
07-03 00:19:18 Val-Acc Classifier 1 Target Data: 0.4205
07-03 00:19:18 Val-Acc Classifier 2 Target Data: 0.5028
07-03 00:19:18 Val-Acc Target Data: 0.4545
07-03 00:19:19 The best model epoch 4, val-acc 0.8594
07-03 00:19:19 -----Epoch 15/30-----
07-03 00:19:19 current lr: [0.002]
07-03 00:20:31 Train-Loss Step 1: Source domain: 0.2206
07-03 00:20:31 Train-Loss Step 2: Maximize discrepancy: -0.1428
07-03 00:20:31 Train-Loss Step 3: Minimize discrepancy: 0.1200
07-03 00:20:31 Train-Acc Classifier 1 source train: 0.9630
07-03 00:20:31 Train-Acc Classifier 2 source train: 0.9664
07-03 00:20:56 Val-Acc Classifier 1 Target Data: 0.4716
07-03 00:20:56 Val-Acc Classifier 2 Target Data: 0.5185
07-03 00:20:56 Val-Acc Target Data: 0.4716
07-03 00:20:56 The best model epoch 4, val-acc 0.8594
07-03 00:20:56 -----Epoch 16/30-----
07-03 00:20:56 current lr: [0.002]
07-03 00:22:07 Train-Loss Step 1: Source domain: 0.1897
07-03 00:22:07 Train-Loss Step 2: Maximize discrepancy: -0.2261
07-03 00:22:07 Train-Loss Step 3: Minimize discrepancy: 0.1169
07-03 00:22:07 Train-Acc Classifier 1 source train: 0.9643
07-03 00:22:07 Train-Acc Classifier 2 source train: 0.9738
07-03 00:22:33 Val-Acc Classifier 1 Target Data: 0.4247
07-03 00:22:33 Val-Acc Classifier 2 Target Data: 0.4389
07-03 00:22:33 Val-Acc Target Data: 0.4176
07-03 00:22:34 The best model epoch 4, val-acc 0.8594
07-03 00:22:34 -----Epoch 17/30-----
07-03 00:22:34 current lr: [0.002]
07-03 00:23:46 Train-Loss Step 1: Source domain: 0.2020
07-03 00:23:46 Train-Loss Step 2: Maximize discrepancy: -0.2568
07-03 00:23:46 Train-Loss Step 3: Minimize discrepancy: 0.1292
07-03 00:23:46 Train-Acc Classifier 1 source train: 0.9654
07-03 00:23:46 Train-Acc Classifier 2 source train: 0.9715
07-03 00:24:11 Val-Acc Classifier 1 Target Data: 0.3580
07-03 00:24:11 Val-Acc Classifier 2 Target Data: 0.5227
07-03 00:24:11 Val-Acc Target Data: 0.4290
07-03 00:24:12 The best model epoch 4, val-acc 0.8594
07-03 00:24:12 -----Epoch 18/30-----
07-03 00:24:12 current lr: [0.002]
07-03 00:25:50 Train-Loss Step 1: Source domain: 0.1931
07-03 00:25:50 Train-Loss Step 2: Maximize discrepancy: -0.2981
07-03 00:25:50 Train-Loss Step 3: Minimize discrepancy: 0.1299
07-03 00:25:50 Train-Acc Classifier 1 source train: 0.9626
07-03 00:25:50 Train-Acc Classifier 2 source train: 0.9691
07-03 00:26:16 Val-Acc Classifier 1 Target Data: 0.4148
07-03 00:26:16 Val-Acc Classifier 2 Target Data: 0.5298
07-03 00:26:16 Val-Acc Target Data: 0.4659
07-03 00:26:17 The best model epoch 4, val-acc 0.8594
07-03 00:26:17 -----Epoch 19/30-----
07-03 00:26:17 current lr: [0.002]
07-03 00:27:28 Train-Loss Step 1: Source domain: 0.1736
07-03 00:27:28 Train-Loss Step 2: Maximize discrepancy: -0.3030
07-03 00:27:28 Train-Loss Step 3: Minimize discrepancy: 0.1292
07-03 00:27:28 Train-Acc Classifier 1 source train: 0.9650
07-03 00:27:28 Train-Acc Classifier 2 source train: 0.9749
07-03 00:27:53 Val-Acc Classifier 1 Target Data: 0.4631
07-03 00:27:53 Val-Acc Classifier 2 Target Data: 0.4901
07-03 00:27:53 Val-Acc Target Data: 0.4403
07-03 00:27:54 The best model epoch 4, val-acc 0.8594
07-03 00:27:54 -----Epoch 20/30-----
07-03 00:27:54 current lr: [0.002]
07-03 00:29:05 Train-Loss Step 1: Source domain: 0.2107
07-03 00:29:05 Train-Loss Step 2: Maximize discrepancy: -0.2484
07-03 00:29:05 Train-Loss Step 3: Minimize discrepancy: 0.1305
07-03 00:29:05 Train-Acc Classifier 1 source train: 0.9640
07-03 00:29:05 Train-Acc Classifier 2 source train: 0.9725
07-03 00:29:30 Val-Acc Classifier 1 Target Data: 0.3793
07-03 00:29:30 Val-Acc Classifier 2 Target Data: 0.4418
07-03 00:29:30 Val-Acc Target Data: 0.3991
07-03 00:29:31 The best model epoch 4, val-acc 0.8594
07-03 00:29:31 -----Epoch 21/30-----
07-03 00:29:31 current lr: [0.0004]
07-03 00:30:42 Train-Loss Step 1: Source domain: 0.1690
07-03 00:30:42 Train-Loss Step 2: Maximize discrepancy: -0.2488
07-03 00:30:42 Train-Loss Step 3: Minimize discrepancy: 0.1285
07-03 00:30:42 Train-Acc Classifier 1 source train: 0.9738
07-03 00:30:42 Train-Acc Classifier 2 source train: 0.9735
07-03 00:31:08 Val-Acc Classifier 1 Target Data: 0.4247
07-03 00:31:08 Val-Acc Classifier 2 Target Data: 0.5071
07-03 00:31:08 Val-Acc Target Data: 0.4531
07-03 00:31:08 The best model epoch 4, val-acc 0.8594
07-03 00:31:08 -----Epoch 22/30-----
07-03 00:31:08 current lr: [0.0004]
07-03 00:32:18 Train-Loss Step 1: Source domain: 0.1738
07-03 00:32:19 Train-Loss Step 2: Maximize discrepancy: -0.2540
07-03 00:32:19 Train-Loss Step 3: Minimize discrepancy: 0.1256
07-03 00:32:19 Train-Acc Classifier 1 source train: 0.9698
07-03 00:32:19 Train-Acc Classifier 2 source train: 0.9732
07-03 00:32:45 Val-Acc Classifier 1 Target Data: 0.3707
07-03 00:32:45 Val-Acc Classifier 2 Target Data: 0.4844
07-03 00:32:45 Val-Acc Target Data: 0.4304
07-03 00:32:46 The best model epoch 4, val-acc 0.8594
07-03 00:32:46 -----Epoch 23/30-----
07-03 00:32:46 current lr: [0.0004]
07-03 00:33:57 Train-Loss Step 1: Source domain: 0.1360
07-03 00:33:57 Train-Loss Step 2: Maximize discrepancy: -0.2926
07-03 00:33:57 Train-Loss Step 3: Minimize discrepancy: 0.1360
07-03 00:33:57 Train-Acc Classifier 1 source train: 0.9766
07-03 00:33:57 Train-Acc Classifier 2 source train: 0.9800
07-03 00:34:23 Val-Acc Classifier 1 Target Data: 0.3494
07-03 00:34:23 Val-Acc Classifier 2 Target Data: 0.4688
07-03 00:34:23 Val-Acc Target Data: 0.4347
07-03 00:34:24 The best model epoch 4, val-acc 0.8594
07-03 00:34:24 -----Epoch 24/30-----
07-03 00:34:24 current lr: [0.0004]
07-03 00:35:35 Train-Loss Step 1: Source domain: 0.1445
07-03 00:35:35 Train-Loss Step 2: Maximize discrepancy: -0.3095
07-03 00:35:35 Train-Loss Step 3: Minimize discrepancy: 0.1294
07-03 00:35:35 Train-Acc Classifier 1 source train: 0.9793
07-03 00:35:35 Train-Acc Classifier 2 source train: 0.9793
07-03 00:36:00 Val-Acc Classifier 1 Target Data: 0.3338
07-03 00:36:00 Val-Acc Classifier 2 Target Data: 0.4418
07-03 00:36:00 Val-Acc Target Data: 0.3963
07-03 00:36:01 The best model epoch 4, val-acc 0.8594
07-03 00:36:01 -----Epoch 25/30-----
07-03 00:36:01 current lr: [0.0004]
07-03 00:37:12 Train-Loss Step 1: Source domain: 0.1534
07-03 00:37:12 Train-Loss Step 2: Maximize discrepancy: -0.2872
07-03 00:37:12 Train-Loss Step 3: Minimize discrepancy: 0.1143
07-03 00:37:12 Train-Acc Classifier 1 source train: 0.9769
07-03 00:37:12 Train-Acc Classifier 2 source train: 0.9759
07-03 00:37:38 Val-Acc Classifier 1 Target Data: 0.4162
07-03 00:37:38 Val-Acc Classifier 2 Target Data: 0.5014
07-03 00:37:38 Val-Acc Target Data: 0.4602
07-03 00:37:39 The best model epoch 4, val-acc 0.8594
07-03 00:37:39 -----Epoch 26/30-----
07-03 00:37:39 current lr: [0.0004]
07-03 00:38:50 Train-Loss Step 1: Source domain: 0.1383
07-03 00:38:50 Train-Loss Step 2: Maximize discrepancy: -0.3017
07-03 00:38:50 Train-Loss Step 3: Minimize discrepancy: 0.1125
07-03 00:38:50 Train-Acc Classifier 1 source train: 0.9776
07-03 00:38:50 Train-Acc Classifier 2 source train: 0.9830
07-03 00:39:15 Val-Acc Classifier 1 Target Data: 0.4773
07-03 00:39:15 Val-Acc Classifier 2 Target Data: 0.4844
07-03 00:39:15 Val-Acc Target Data: 0.4631
07-03 00:39:16 The best model epoch 4, val-acc 0.8594
07-03 00:39:16 -----Epoch 27/30-----
07-03 00:39:16 current lr: [0.0004]
07-03 00:40:53 Train-Loss Step 1: Source domain: 0.1371
07-03 00:40:53 Train-Loss Step 2: Maximize discrepancy: -0.3238
07-03 00:40:53 Train-Loss Step 3: Minimize discrepancy: 0.1001
07-03 00:40:53 Train-Acc Classifier 1 source train: 0.9766
07-03 00:40:53 Train-Acc Classifier 2 source train: 0.9806
07-03 00:41:19 Val-Acc Classifier 1 Target Data: 0.4261
07-03 00:41:19 Val-Acc Classifier 2 Target Data: 0.4389
07-03 00:41:19 Val-Acc Target Data: 0.4290
07-03 00:41:20 The best model epoch 4, val-acc 0.8594
07-03 00:41:20 -----Epoch 28/30-----
07-03 00:41:20 current lr: [0.0004]
07-03 00:42:32 Train-Loss Step 1: Source domain: 0.1130
07-03 00:42:32 Train-Loss Step 2: Maximize discrepancy: -0.3423
07-03 00:42:32 Train-Loss Step 3: Minimize discrepancy: 0.0917
07-03 00:42:32 Train-Acc Classifier 1 source train: 0.9827
07-03 00:42:32 Train-Acc Classifier 2 source train: 0.9847
07-03 00:42:58 Val-Acc Classifier 1 Target Data: 0.4162
07-03 00:42:58 Val-Acc Classifier 2 Target Data: 0.4489
07-03 00:42:58 Val-Acc Target Data: 0.4361
07-03 00:42:58 The best model epoch 4, val-acc 0.8594
07-03 00:42:58 -----Epoch 29/30-----
07-03 00:42:58 current lr: [0.0004]
07-03 00:44:09 Train-Loss Step 1: Source domain: 0.1536
07-03 00:44:09 Train-Loss Step 2: Maximize discrepancy: -0.2991
07-03 00:44:09 Train-Loss Step 3: Minimize discrepancy: 0.1105
07-03 00:44:09 Train-Acc Classifier 1 source train: 0.9783
07-03 00:44:09 Train-Acc Classifier 2 source train: 0.9766
07-03 00:44:34 Val-Acc Classifier 1 Target Data: 0.4105
07-03 00:44:34 Val-Acc Classifier 2 Target Data: 0.5739
07-03 00:44:34 Val-Acc Target Data: 0.4872
07-03 00:44:34 The best model epoch 4, val-acc 0.8594
07-03 00:44:34 -----Epoch 30/30-----
07-03 00:44:34 current lr: [0.0004]
07-03 00:45:45 Train-Loss Step 1: Source domain: 0.1358
07-03 00:45:45 Train-Loss Step 2: Maximize discrepancy: -0.3271
07-03 00:45:45 Train-Loss Step 3: Minimize discrepancy: 0.1079
07-03 00:45:45 Train-Acc Classifier 1 source train: 0.9806
07-03 00:45:45 Train-Acc Classifier 2 source train: 0.9810
07-03 00:46:13 Val-Acc Classifier 1 Target Data: 0.4091
07-03 00:46:13 Val-Acc Classifier 2 Target Data: 0.4915
07-03 00:46:13 Val-Acc Target Data: 0.4446
07-03 00:46:14 The best model epoch 4, val-acc 0.8594
07-03 00:46:14 Model saved to ./ckpt\MCD\single_source\[CWRU]To[MFPT]_0702-235521.pth
