07-03 08:43:37 model_name: MCD
07-03 08:43:37 source: MFPT
07-03 08:43:37 target: CWRU
07-03 08:43:37 data_dir: ./datasets
07-03 08:43:37 train_mode: single_source
07-03 08:43:37 cuda_device: 0
07-03 08:43:37 save_dir: ./ckpt
07-03 08:43:37 max_epoch: 30
07-03 08:43:37 batch_size: 64
07-03 08:43:37 num_workers: 4
07-03 08:43:37 signal_size: 1024
07-03 08:43:37 random_state: 1
07-03 08:43:37 normlizetype: -1-1
07-03 08:43:37 opt: sgd
07-03 08:43:37 lr: 0.01
07-03 08:43:37 momentum: 0.9
07-03 08:43:37 betas: (0.9, 0.999)
07-03 08:43:37 weight_decay: 0.0005
07-03 08:43:37 lr_scheduler: stepLR
07-03 08:43:37 gamma: 0.2
07-03 08:43:37 steps: 10
07-03 08:43:37 tradeoff: ['exp', 'exp', 'exp']
07-03 08:43:37 dropout: 0.0
07-03 08:43:37 save: True
07-03 08:43:37 load_path: 
07-03 08:43:37 save_path: ./ckpt\MCD\single_source\[MFPT]To[CWRU]_0703-084337
07-03 08:43:37 Detect 3 classes: ['inner', 'normal', 'outer']
07-03 08:43:37 using 1 / 1 gpus
07-03 08:43:42 Source set MFPT number of samples 3718.
07-03 08:43:43 Training set number of samples 20948.
07-03 08:43:43 Validation set number of samples 5239.
07-03 08:44:30 -----Epoch 1/30-----
07-03 08:44:30 current lr: [0.01]
07-03 08:51:29 Train-Loss Step 1: Source domain: 0.1045
07-03 08:51:29 Train-Loss Step 2: Maximize discrepancy: 0.0750
07-03 08:51:29 Train-Loss Step 3: Minimize discrepancy: 0.0148
07-03 08:51:29 Train-Acc Classifier 1 source train: 0.9801
07-03 08:51:29 Train-Acc Classifier 2 source train: 0.9789
07-03 08:51:55 Val-Acc Classifier 1 Target Data: 0.4606
07-03 08:51:55 Val-Acc Classifier 2 Target Data: 0.4635
07-03 08:51:55 Val-Acc Target Data: 0.4628
07-03 08:51:56 The best model epoch 1, val-acc 0.4628
07-03 08:51:56 -----Epoch 2/30-----
07-03 08:51:56 current lr: [0.01]
07-03 09:01:40 Train-Loss Step 1: Source domain: 0.0296
07-03 09:01:40 Train-Loss Step 2: Maximize discrepancy: -0.0306
07-03 09:01:40 Train-Loss Step 3: Minimize discrepancy: 0.0880
07-03 09:01:40 Train-Acc Classifier 1 source train: 0.9947
07-03 09:01:40 Train-Acc Classifier 2 source train: 0.9954
07-03 09:02:13 Val-Acc Classifier 1 Target Data: 0.4983
07-03 09:02:13 Val-Acc Classifier 2 Target Data: 0.4462
07-03 09:02:13 Val-Acc Target Data: 0.5010
07-03 09:02:14 The best model epoch 2, val-acc 0.5010
07-03 09:02:14 -----Epoch 3/30-----
07-03 09:02:14 current lr: [0.01]
07-03 09:09:51 Train-Loss Step 1: Source domain: 0.0292
07-03 09:09:51 Train-Loss Step 2: Maximize discrepancy: -0.0925
07-03 09:09:51 Train-Loss Step 3: Minimize discrepancy: 0.1120
07-03 09:09:51 Train-Acc Classifier 1 source train: 0.9946
07-03 09:09:51 Train-Acc Classifier 2 source train: 0.9970
07-03 09:10:18 Val-Acc Classifier 1 Target Data: 0.4389
07-03 09:10:18 Val-Acc Classifier 2 Target Data: 0.4662
07-03 09:10:18 Val-Acc Target Data: 0.4923
07-03 09:10:18 The best model epoch 2, val-acc 0.5010
07-03 09:10:18 -----Epoch 4/30-----
07-03 09:10:18 current lr: [0.01]
07-03 09:18:28 Train-Loss Step 1: Source domain: 0.0429
07-03 09:18:28 Train-Loss Step 2: Maximize discrepancy: -0.1615
07-03 09:18:28 Train-Loss Step 3: Minimize discrepancy: 0.1380
07-03 09:18:28 Train-Acc Classifier 1 source train: 0.9938
07-03 09:18:28 Train-Acc Classifier 2 source train: 0.9956
07-03 09:18:54 Val-Acc Classifier 1 Target Data: 0.4817
07-03 09:18:54 Val-Acc Classifier 2 Target Data: 0.5733
07-03 09:18:54 Val-Acc Target Data: 0.4823
07-03 09:18:55 The best model epoch 2, val-acc 0.5010
07-03 09:18:55 -----Epoch 5/30-----
07-03 09:18:55 current lr: [0.01]
07-03 09:26:58 Train-Loss Step 1: Source domain: 0.0385
07-03 09:26:58 Train-Loss Step 2: Maximize discrepancy: -0.2211
07-03 09:26:58 Train-Loss Step 3: Minimize discrepancy: 0.1106
07-03 09:26:58 Train-Acc Classifier 1 source train: 0.9955
07-03 09:26:58 Train-Acc Classifier 2 source train: 0.9960
07-03 09:27:26 Val-Acc Classifier 1 Target Data: 0.3515
07-03 09:27:26 Val-Acc Classifier 2 Target Data: 0.5706
07-03 09:27:26 Val-Acc Target Data: 0.4684
07-03 09:27:26 The best model epoch 2, val-acc 0.5010
07-03 09:27:26 -----Epoch 6/30-----
07-03 09:27:26 current lr: [0.01]
07-03 09:35:10 Train-Loss Step 1: Source domain: 0.0466
07-03 09:35:10 Train-Loss Step 2: Maximize discrepancy: -0.2667
07-03 09:35:10 Train-Loss Step 3: Minimize discrepancy: 0.1074
07-03 09:35:10 Train-Acc Classifier 1 source train: 0.9947
07-03 09:35:10 Train-Acc Classifier 2 source train: 0.9952
07-03 09:35:36 Val-Acc Classifier 1 Target Data: 0.4483
07-03 09:35:36 Val-Acc Classifier 2 Target Data: 0.5260
07-03 09:35:36 Val-Acc Target Data: 0.4688
07-03 09:35:37 The best model epoch 2, val-acc 0.5010
07-03 09:35:37 -----Epoch 7/30-----
07-03 09:35:37 current lr: [0.01]
07-03 09:43:51 Train-Loss Step 1: Source domain: 0.0859
07-03 09:43:51 Train-Loss Step 2: Maximize discrepancy: -0.2311
07-03 09:43:51 Train-Loss Step 3: Minimize discrepancy: 0.1034
07-03 09:43:51 Train-Acc Classifier 1 source train: 0.9860
07-03 09:43:51 Train-Acc Classifier 2 source train: 0.9888
07-03 09:44:18 Val-Acc Classifier 1 Target Data: 0.4597
07-03 09:44:18 Val-Acc Classifier 2 Target Data: 0.5087
07-03 09:44:18 Val-Acc Target Data: 0.4647
07-03 09:44:19 The best model epoch 2, val-acc 0.5010
07-03 09:44:19 -----Epoch 8/30-----
07-03 09:44:19 current lr: [0.01]
07-03 09:52:29 Train-Loss Step 1: Source domain: 0.0582
07-03 09:52:29 Train-Loss Step 2: Maximize discrepancy: -0.3207
07-03 09:52:29 Train-Loss Step 3: Minimize discrepancy: 0.1102
07-03 09:52:29 Train-Acc Classifier 1 source train: 0.9903
07-03 09:52:29 Train-Acc Classifier 2 source train: 0.9925
07-03 09:52:56 Val-Acc Classifier 1 Target Data: 0.4691
07-03 09:52:56 Val-Acc Classifier 2 Target Data: 0.4954
07-03 09:52:56 Val-Acc Target Data: 0.4736
07-03 09:52:57 The best model epoch 2, val-acc 0.5010
07-03 09:52:57 -----Epoch 9/30-----
07-03 09:52:57 current lr: [0.01]
07-03 10:02:10 Train-Loss Step 1: Source domain: 0.0526
07-03 10:02:10 Train-Loss Step 2: Maximize discrepancy: -0.2286
07-03 10:02:10 Train-Loss Step 3: Minimize discrepancy: 0.0837
07-03 10:02:10 Train-Acc Classifier 1 source train: 0.9919
07-03 10:02:10 Train-Acc Classifier 2 source train: 0.9938
07-03 10:02:38 Val-Acc Classifier 1 Target Data: 0.4267
07-03 10:02:38 Val-Acc Classifier 2 Target Data: 0.4780
07-03 10:02:38 Val-Acc Target Data: 0.4564
07-03 10:02:39 The best model epoch 2, val-acc 0.5010
07-03 10:02:39 -----Epoch 10/30-----
07-03 10:02:39 current lr: [0.01]
07-03 10:14:55 Train-Loss Step 1: Source domain: 0.0352
07-03 10:14:55 Train-Loss Step 2: Maximize discrepancy: -0.4261
07-03 10:14:55 Train-Loss Step 3: Minimize discrepancy: 0.1061
07-03 10:14:55 Train-Acc Classifier 1 source train: 0.9949
07-03 10:14:55 Train-Acc Classifier 2 source train: 0.9956
07-03 10:15:25 Val-Acc Classifier 1 Target Data: 0.4022
07-03 10:15:25 Val-Acc Classifier 2 Target Data: 0.5438
07-03 10:15:25 Val-Acc Target Data: 0.4637
07-03 10:15:26 The best model epoch 2, val-acc 0.5010
07-03 10:15:26 -----Epoch 11/30-----
07-03 10:15:26 current lr: [0.002]
07-03 10:24:08 Train-Loss Step 1: Source domain: 0.0096
07-03 10:24:08 Train-Loss Step 2: Maximize discrepancy: -0.4991
07-03 10:24:08 Train-Loss Step 3: Minimize discrepancy: 0.1170
07-03 10:24:08 Train-Acc Classifier 1 source train: 0.9998
07-03 10:24:08 Train-Acc Classifier 2 source train: 0.9989
07-03 10:24:40 Val-Acc Classifier 1 Target Data: 0.4693
07-03 10:24:40 Val-Acc Classifier 2 Target Data: 0.4813
07-03 10:24:40 Val-Acc Target Data: 0.4628
07-03 10:24:41 The best model epoch 2, val-acc 0.5010
07-03 10:24:41 -----Epoch 12/30-----
07-03 10:24:41 current lr: [0.002]
07-03 10:32:54 Train-Loss Step 1: Source domain: 0.0143
07-03 10:32:54 Train-Loss Step 2: Maximize discrepancy: -0.4694
07-03 10:32:54 Train-Loss Step 3: Minimize discrepancy: 0.0977
07-03 10:32:54 Train-Acc Classifier 1 source train: 0.9994
07-03 10:32:54 Train-Acc Classifier 2 source train: 0.9992
07-03 10:33:23 Val-Acc Classifier 1 Target Data: 0.4728
07-03 10:33:23 Val-Acc Classifier 2 Target Data: 0.4813
07-03 10:33:23 Val-Acc Target Data: 0.4693
07-03 10:33:24 The best model epoch 2, val-acc 0.5010
07-03 10:33:24 -----Epoch 13/30-----
07-03 10:33:24 current lr: [0.002]
07-03 10:42:02 Train-Loss Step 1: Source domain: 0.0198
07-03 10:42:02 Train-Loss Step 2: Maximize discrepancy: -0.4636
07-03 10:42:02 Train-Loss Step 3: Minimize discrepancy: 0.1182
07-03 10:42:02 Train-Acc Classifier 1 source train: 0.9992
07-03 10:42:02 Train-Acc Classifier 2 source train: 0.9995
07-03 10:42:34 Val-Acc Classifier 1 Target Data: 0.3586
07-03 10:42:34 Val-Acc Classifier 2 Target Data: 0.4799
07-03 10:42:34 Val-Acc Target Data: 0.4672
07-03 10:42:35 The best model epoch 2, val-acc 0.5010
07-03 10:42:35 -----Epoch 14/30-----
07-03 10:42:35 current lr: [0.002]
07-03 10:50:41 Train-Loss Step 1: Source domain: 0.0258
07-03 10:50:41 Train-Loss Step 2: Maximize discrepancy: -0.4703
07-03 10:50:41 Train-Loss Step 3: Minimize discrepancy: 0.1329
07-03 10:50:41 Train-Acc Classifier 1 source train: 0.9963
07-03 10:50:41 Train-Acc Classifier 2 source train: 0.9978
07-03 10:51:12 Val-Acc Classifier 1 Target Data: 0.4769
07-03 10:51:12 Val-Acc Classifier 2 Target Data: 0.5312
07-03 10:51:12 Val-Acc Target Data: 0.4707
07-03 10:51:13 The best model epoch 2, val-acc 0.5010
07-03 10:51:13 -----Epoch 15/30-----
07-03 10:51:13 current lr: [0.002]
07-03 11:00:11 Train-Loss Step 1: Source domain: 0.0093
07-03 11:00:11 Train-Loss Step 2: Maximize discrepancy: -0.5207
07-03 11:00:11 Train-Loss Step 3: Minimize discrepancy: 0.1346
07-03 11:00:11 Train-Acc Classifier 1 source train: 0.9997
07-03 11:00:11 Train-Acc Classifier 2 source train: 0.9993
07-03 11:00:44 Val-Acc Classifier 1 Target Data: 0.4778
07-03 11:00:44 Val-Acc Classifier 2 Target Data: 0.5230
07-03 11:00:44 Val-Acc Target Data: 0.4718
07-03 11:00:45 The best model epoch 2, val-acc 0.5010
07-03 11:00:45 -----Epoch 16/30-----
07-03 11:00:45 current lr: [0.002]
07-03 11:11:42 Train-Loss Step 1: Source domain: 0.0132
07-03 11:11:42 Train-Loss Step 2: Maximize discrepancy: -0.4904
07-03 11:11:42 Train-Loss Step 3: Minimize discrepancy: 0.1056
07-03 11:11:42 Train-Acc Classifier 1 source train: 0.9994
07-03 11:11:42 Train-Acc Classifier 2 source train: 0.9996
07-03 11:12:18 Val-Acc Classifier 1 Target Data: 0.4410
07-03 11:12:18 Val-Acc Classifier 2 Target Data: 0.4805
07-03 11:12:18 Val-Acc Target Data: 0.4720
07-03 11:12:19 The best model epoch 2, val-acc 0.5010
07-03 11:12:19 -----Epoch 17/30-----
07-03 11:12:19 current lr: [0.002]
07-03 11:20:32 Train-Loss Step 1: Source domain: 0.0212
07-03 11:20:32 Train-Loss Step 2: Maximize discrepancy: -0.4727
07-03 11:20:32 Train-Loss Step 3: Minimize discrepancy: 0.0938
07-03 11:20:32 Train-Acc Classifier 1 source train: 0.9987
07-03 11:20:32 Train-Acc Classifier 2 source train: 0.9976
07-03 11:21:09 Val-Acc Classifier 1 Target Data: 0.4734
07-03 11:21:09 Val-Acc Classifier 2 Target Data: 0.4743
07-03 11:21:09 Val-Acc Target Data: 0.4875
07-03 11:21:10 The best model epoch 2, val-acc 0.5010
07-03 11:21:10 -----Epoch 18/30-----
07-03 11:21:10 current lr: [0.002]
07-03 11:32:01 Train-Loss Step 1: Source domain: 0.1105
07-03 11:32:01 Train-Loss Step 2: Maximize discrepancy: -0.1944
07-03 11:32:01 Train-Loss Step 3: Minimize discrepancy: 0.0648
07-03 11:32:01 Train-Acc Classifier 1 source train: 0.9887
07-03 11:32:01 Train-Acc Classifier 2 source train: 0.9954
07-03 11:32:31 Val-Acc Classifier 1 Target Data: 0.4579
07-03 11:32:31 Val-Acc Classifier 2 Target Data: 0.4713
07-03 11:32:31 Val-Acc Target Data: 0.4823
07-03 11:32:32 The best model epoch 2, val-acc 0.5010
07-03 11:32:32 -----Epoch 19/30-----
07-03 11:32:32 current lr: [0.002]
07-03 11:47:00 Train-Loss Step 1: Source domain: 0.0094
07-03 11:47:00 Train-Loss Step 2: Maximize discrepancy: -0.3892
07-03 11:47:00 Train-Loss Step 3: Minimize discrepancy: 0.0368
07-03 11:47:00 Train-Acc Classifier 1 source train: 0.9972
07-03 11:47:00 Train-Acc Classifier 2 source train: 0.9995
07-03 11:47:29 Val-Acc Classifier 1 Target Data: 0.4676
07-03 11:47:29 Val-Acc Classifier 2 Target Data: 0.4786
07-03 11:47:29 Val-Acc Target Data: 0.4734
07-03 11:47:30 The best model epoch 2, val-acc 0.5010
07-03 11:47:30 -----Epoch 20/30-----
07-03 11:47:30 current lr: [0.002]
07-03 11:55:28 Train-Loss Step 1: Source domain: 0.0040
07-03 11:55:28 Train-Loss Step 2: Maximize discrepancy: -0.3958
07-03 11:55:28 Train-Loss Step 3: Minimize discrepancy: 0.0338
07-03 11:55:28 Train-Acc Classifier 1 source train: 0.9993
07-03 11:55:28 Train-Acc Classifier 2 source train: 0.9997
07-03 11:55:55 Val-Acc Classifier 1 Target Data: 0.4797
07-03 11:55:55 Val-Acc Classifier 2 Target Data: 0.4757
07-03 11:55:55 Val-Acc Target Data: 0.4834
07-03 11:55:55 The best model epoch 2, val-acc 0.5010
07-03 11:55:55 -----Epoch 21/30-----
07-03 11:55:55 current lr: [0.0004]
07-03 12:04:13 Train-Loss Step 1: Source domain: 0.0077
07-03 12:04:13 Train-Loss Step 2: Maximize discrepancy: -0.5231
07-03 12:04:13 Train-Loss Step 3: Minimize discrepancy: 0.1325
07-03 12:04:13 Train-Acc Classifier 1 source train: 0.9996
07-03 12:04:13 Train-Acc Classifier 2 source train: 0.9984
07-03 12:04:40 Val-Acc Classifier 1 Target Data: 0.4309
07-03 12:04:40 Val-Acc Classifier 2 Target Data: 0.5841
07-03 12:04:40 Val-Acc Target Data: 0.4821
07-03 12:04:41 The best model epoch 2, val-acc 0.5010
07-03 12:04:41 -----Epoch 22/30-----
07-03 12:04:41 current lr: [0.0004]
07-03 12:13:17 Train-Loss Step 1: Source domain: 0.0069
07-03 12:13:17 Train-Loss Step 2: Maximize discrepancy: -0.6052
07-03 12:13:17 Train-Loss Step 3: Minimize discrepancy: 0.1998
07-03 12:13:17 Train-Acc Classifier 1 source train: 0.9998
07-03 12:13:17 Train-Acc Classifier 2 source train: 0.9989
07-03 12:13:45 Val-Acc Classifier 1 Target Data: 0.4182
07-03 12:13:45 Val-Acc Classifier 2 Target Data: 0.6065
07-03 12:13:45 Val-Acc Target Data: 0.4794
07-03 12:13:46 The best model epoch 2, val-acc 0.5010
07-03 12:13:46 -----Epoch 23/30-----
07-03 12:13:46 current lr: [0.0004]
07-03 12:21:35 Train-Loss Step 1: Source domain: 0.0050
07-03 12:21:35 Train-Loss Step 2: Maximize discrepancy: -0.6099
07-03 12:21:35 Train-Loss Step 3: Minimize discrepancy: 0.1977
07-03 12:21:35 Train-Acc Classifier 1 source train: 0.9998
07-03 12:21:35 Train-Acc Classifier 2 source train: 0.9995
07-03 12:22:02 Val-Acc Classifier 1 Target Data: 0.4662
07-03 12:22:02 Val-Acc Classifier 2 Target Data: 0.5509
07-03 12:22:02 Val-Acc Target Data: 0.4790
07-03 12:22:03 The best model epoch 2, val-acc 0.5010
07-03 12:22:03 -----Epoch 24/30-----
07-03 12:22:03 current lr: [0.0004]
07-03 12:30:10 Train-Loss Step 1: Source domain: 0.0057
07-03 12:30:10 Train-Loss Step 2: Maximize discrepancy: -0.6097
07-03 12:30:10 Train-Loss Step 3: Minimize discrepancy: 0.1960
07-03 12:30:10 Train-Acc Classifier 1 source train: 0.9996
07-03 12:30:10 Train-Acc Classifier 2 source train: 0.9994
07-03 12:30:37 Val-Acc Classifier 1 Target Data: 0.4776
07-03 12:30:37 Val-Acc Classifier 2 Target Data: 0.5490
07-03 12:30:37 Val-Acc Target Data: 0.4755
07-03 12:30:38 The best model epoch 2, val-acc 0.5010
07-03 12:30:38 -----Epoch 25/30-----
07-03 12:30:38 current lr: [0.0004]
07-03 12:38:24 Train-Loss Step 1: Source domain: 0.0057
07-03 12:38:24 Train-Loss Step 2: Maximize discrepancy: -0.6049
07-03 12:38:24 Train-Loss Step 3: Minimize discrepancy: 0.1879
07-03 12:38:24 Train-Acc Classifier 1 source train: 0.9999
07-03 12:38:24 Train-Acc Classifier 2 source train: 0.9994
07-03 12:38:51 Val-Acc Classifier 1 Target Data: 0.4805
07-03 12:38:51 Val-Acc Classifier 2 Target Data: 0.5515
07-03 12:38:51 Val-Acc Target Data: 0.4767
07-03 12:38:52 The best model epoch 2, val-acc 0.5010
07-03 12:38:52 -----Epoch 26/30-----
07-03 12:38:52 current lr: [0.0004]
07-03 12:47:28 Train-Loss Step 1: Source domain: 0.0052
07-03 12:47:28 Train-Loss Step 2: Maximize discrepancy: -0.5932
07-03 12:47:28 Train-Loss Step 3: Minimize discrepancy: 0.1734
07-03 12:47:28 Train-Acc Classifier 1 source train: 0.9999
07-03 12:47:28 Train-Acc Classifier 2 source train: 0.9996
07-03 12:47:55 Val-Acc Classifier 1 Target Data: 0.4252
07-03 12:47:55 Val-Acc Classifier 2 Target Data: 0.5515
07-03 12:47:55 Val-Acc Target Data: 0.4769
07-03 12:47:56 The best model epoch 2, val-acc 0.5010
07-03 12:47:56 -----Epoch 27/30-----
07-03 12:47:56 current lr: [0.0004]
07-03 12:56:02 Train-Loss Step 1: Source domain: 0.0078
07-03 12:56:02 Train-Loss Step 2: Maximize discrepancy: -0.5907
07-03 12:56:02 Train-Loss Step 3: Minimize discrepancy: 0.1721
07-03 12:56:02 Train-Acc Classifier 1 source train: 1.0000
07-03 12:56:02 Train-Acc Classifier 2 source train: 0.9996
07-03 12:56:29 Val-Acc Classifier 1 Target Data: 0.3553
07-03 12:56:29 Val-Acc Classifier 2 Target Data: 0.5608
07-03 12:56:29 Val-Acc Target Data: 0.4740
07-03 12:56:30 The best model epoch 2, val-acc 0.5010
07-03 12:56:30 -----Epoch 28/30-----
07-03 12:56:30 current lr: [0.0004]
07-03 13:04:21 Train-Loss Step 1: Source domain: 0.0052
07-03 13:04:21 Train-Loss Step 2: Maximize discrepancy: -0.5912
07-03 13:04:21 Train-Loss Step 3: Minimize discrepancy: 0.1720
07-03 13:04:21 Train-Acc Classifier 1 source train: 1.0000
07-03 13:04:21 Train-Acc Classifier 2 source train: 0.9995
07-03 13:04:48 Val-Acc Classifier 1 Target Data: 0.4803
07-03 13:04:48 Val-Acc Classifier 2 Target Data: 0.5488
07-03 13:04:48 Val-Acc Target Data: 0.4734
07-03 13:04:48 The best model epoch 2, val-acc 0.5010
07-03 13:04:48 -----Epoch 29/30-----
07-03 13:04:48 current lr: [0.0004]
07-03 13:12:58 Train-Loss Step 1: Source domain: 0.0048
07-03 13:12:58 Train-Loss Step 2: Maximize discrepancy: -0.5847
07-03 13:12:58 Train-Loss Step 3: Minimize discrepancy: 0.1673
07-03 13:12:58 Train-Acc Classifier 1 source train: 0.9999
07-03 13:12:58 Train-Acc Classifier 2 source train: 0.9995
07-03 13:13:24 Val-Acc Classifier 1 Target Data: 0.4705
07-03 13:13:24 Val-Acc Classifier 2 Target Data: 0.5507
07-03 13:13:24 Val-Acc Target Data: 0.4736
07-03 13:13:25 The best model epoch 2, val-acc 0.5010
07-03 13:13:25 -----Epoch 30/30-----
07-03 13:13:25 current lr: [0.0004]
07-03 13:21:35 Train-Loss Step 1: Source domain: 0.0040
07-03 13:21:35 Train-Loss Step 2: Maximize discrepancy: -0.5641
07-03 13:21:35 Train-Loss Step 3: Minimize discrepancy: 0.1506
07-03 13:21:35 Train-Acc Classifier 1 source train: 1.0000
07-03 13:21:35 Train-Acc Classifier 2 source train: 0.9996
07-03 13:22:03 Val-Acc Classifier 1 Target Data: 0.4734
07-03 13:22:03 Val-Acc Classifier 2 Target Data: 0.5421
07-03 13:22:03 Val-Acc Target Data: 0.4734
07-03 13:22:04 The best model epoch 2, val-acc 0.5010
07-03 13:22:04 Model saved to ./ckpt\MCD\single_source\[MFPT]To[CWRU]_0703-084337.pth
